[2025-10-31T23:20:28.466+0000] {local_task_job_runner.py:123} INFO - ::group::Pre task execution logs
[2025-10-31T23:20:28.483+0000] {taskinstance.py:2612} INFO - Dependencies all met for dep_context=non-requeueable deps ti=<TaskInstance: daily_yfinance_stock_ingestion.transform_stock_data scheduled__2025-10-28T00:00:00+00:00 [queued]>
[2025-10-31T23:20:28.493+0000] {taskinstance.py:2612} INFO - Dependencies all met for dep_context=requeueable deps ti=<TaskInstance: daily_yfinance_stock_ingestion.transform_stock_data scheduled__2025-10-28T00:00:00+00:00 [queued]>
[2025-10-31T23:20:28.494+0000] {taskinstance.py:2865} INFO - Starting attempt 1 of 1
[2025-10-31T23:20:28.641+0000] {taskinstance.py:2888} INFO - Executing <Task(_PythonDecoratedOperator): transform_stock_data> on 2025-10-28 00:00:00+00:00
[2025-10-31T23:20:28.652+0000] {logging_mixin.py:190} WARNING - /home/***/.local/lib/python3.12/site-packages/***/task/task_runner/standard_task_runner.py:70 DeprecationWarning: This process (pid=282) is multi-threaded, use of fork() may lead to deadlocks in the child.
[2025-10-31T23:20:28.653+0000] {standard_task_runner.py:72} INFO - Started process 287 to run task
[2025-10-31T23:20:28.651+0000] {standard_task_runner.py:104} INFO - Running: ['***', 'tasks', 'run', 'daily_yfinance_stock_ingestion', 'transform_stock_data', 'scheduled__2025-10-28T00:00:00+00:00', '--job-id', '107', '--raw', '--subdir', 'DAGS_FOLDER/daily_stock_ingestion.py', '--cfg-path', '/tmp/tmp996lm0yj']
[2025-10-31T23:20:28.654+0000] {standard_task_runner.py:105} INFO - Job 107: Subtask transform_stock_data
[2025-10-31T23:20:28.709+0000] {task_command.py:467} INFO - Running <TaskInstance: daily_yfinance_stock_ingestion.transform_stock_data scheduled__2025-10-28T00:00:00+00:00 [running]> on host 5080658c6a7c
[2025-10-31T23:20:28.915+0000] {taskinstance.py:3131} INFO - Exporting env vars: AIRFLOW_CTX_DAG_OWNER='***' AIRFLOW_CTX_DAG_ID='daily_yfinance_stock_ingestion' AIRFLOW_CTX_TASK_ID='transform_stock_data' AIRFLOW_CTX_EXECUTION_DATE='2025-10-28T00:00:00+00:00' AIRFLOW_CTX_TRY_NUMBER='1' AIRFLOW_CTX_DAG_RUN_ID='scheduled__2025-10-28T00:00:00+00:00'
[2025-10-31T23:20:28.917+0000] {taskinstance.py:731} INFO - ::endgroup::
[2025-10-31T23:20:28.929+0000] {python.py:240} INFO - Done. Returned value was:     StockSymbol       Date        Open  ...         Min         Max     Volume
0          AMZN 2025-02-14  229.199997  ...  227.229996  229.889999   27031100
1          GOOG 2025-02-14  186.226905  ...  185.509228  187.542636   12714200
2          AMZN 2025-02-18  228.820007  ...  223.720001  229.300003   42975100
3          GOOG 2025-02-18  186.834931  ...  182.987391  187.173830   19796000
4          AMZN 2025-02-19  225.520004  ...  223.710007  226.830002   28566700
..          ...        ...         ...  ...         ...         ...        ...
355        GOOG 2025-10-29  268.609985  ...  268.429993  275.970001   26287900
356        AMZN 2025-10-30  227.059998  ...  222.750000  228.440002  102252900
357        GOOG 2025-10-30  291.720001  ...  280.450012  291.929993   48570000
358        AMZN 2025-10-31  250.199997  ...  243.979996  250.500000  166088899
359        GOOG 2025-10-31  283.204987  ...  277.523010  286.285004   29889113

[360 rows x 7 columns]
[2025-10-31T23:20:28.975+0000] {taskinstance.py:340} INFO - ::group::Post task execution logs
[2025-10-31T23:20:28.975+0000] {taskinstance.py:352} INFO - Marking task as SUCCESS. dag_id=daily_yfinance_stock_ingestion, task_id=transform_stock_data, run_id=scheduled__2025-10-28T00:00:00+00:00, execution_date=20251028T000000, start_date=20251031T232028, end_date=20251031T232028
[2025-10-31T23:20:29.030+0000] {local_task_job_runner.py:266} INFO - Task exited with return code 0
[2025-10-31T23:20:29.053+0000] {taskinstance.py:3900} INFO - 1 downstream tasks scheduled from follow-on schedule check
[2025-10-31T23:20:29.055+0000] {local_task_job_runner.py:245} INFO - ::endgroup::
