[2025-11-24T19:31:18.639+0000] {local_task_job_runner.py:123} INFO - ::group::Pre task execution logs
[2025-11-24T19:31:18.670+0000] {taskinstance.py:2612} INFO - Dependencies all met for dep_context=non-requeueable deps ti=<TaskInstance: daily_stock_price_forecasting.predict manual__2025-11-24T19:29:40.836264+00:00 [queued]>
[2025-11-24T19:31:18.686+0000] {taskinstance.py:2612} INFO - Dependencies all met for dep_context=requeueable deps ti=<TaskInstance: daily_stock_price_forecasting.predict manual__2025-11-24T19:29:40.836264+00:00 [queued]>
[2025-11-24T19:31:18.688+0000] {taskinstance.py:2865} INFO - Starting attempt 1 of 1
[2025-11-24T19:31:18.715+0000] {taskinstance.py:2888} INFO - Executing <Task(_PythonDecoratedOperator): predict> on 2025-11-24 19:29:40.836264+00:00
[2025-11-24T19:31:18.738+0000] {logging_mixin.py:190} WARNING - /home/***/.local/lib/python3.12/site-packages/***/task/task_runner/standard_task_runner.py:70 DeprecationWarning: This process (pid=1346) is multi-threaded, use of fork() may lead to deadlocks in the child.
[2025-11-24T19:31:18.738+0000] {standard_task_runner.py:104} INFO - Running: ['***', 'tasks', 'run', 'daily_stock_price_forecasting', 'predict', 'manual__2025-11-24T19:29:40.836264+00:00', '--job-id', '249', '--raw', '--subdir', 'DAGS_FOLDER/train_forecast_stock_prices.py', '--cfg-path', '/tmp/tmph5vfzs0g']
[2025-11-24T19:31:18.741+0000] {standard_task_runner.py:72} INFO - Started process 1355 to run task
[2025-11-24T19:31:18.741+0000] {standard_task_runner.py:105} INFO - Job 249: Subtask predict
[2025-11-24T19:31:18.812+0000] {task_command.py:467} INFO - Running <TaskInstance: daily_stock_price_forecasting.predict manual__2025-11-24T19:29:40.836264+00:00 [running]> on host 70570c35513f
[2025-11-24T19:31:18.965+0000] {taskinstance.py:3131} INFO - Exporting env vars: AIRFLOW_CTX_DAG_OWNER='***' AIRFLOW_CTX_DAG_ID='daily_stock_price_forecasting' AIRFLOW_CTX_TASK_ID='predict' AIRFLOW_CTX_EXECUTION_DATE='2025-11-24T19:29:40.836264+00:00' AIRFLOW_CTX_TRY_NUMBER='1' AIRFLOW_CTX_DAG_RUN_ID='manual__2025-11-24T19:29:40.836264+00:00'
[2025-11-24T19:31:18.968+0000] {taskinstance.py:731} INFO - ::endgroup::
[2025-11-24T19:31:39.263+0000] {cursor.py:1156} INFO - Number of results in first chunk: 14
[2025-11-24T19:31:40.202+0000] {cursor.py:1156} INFO - Number of results in first chunk: 1
[2025-11-24T19:31:41.459+0000] {cursor.py:1156} INFO - Number of results in first chunk: 1
[2025-11-24T19:31:41.460+0000] {logging_mixin.py:190} INFO - Forecasting and storing results completed successfully.
[2025-11-24T19:31:41.461+0000] {python.py:240} INFO - Done. Returned value was: None
[2025-11-24T19:31:41.481+0000] {taskinstance.py:340} INFO - ::group::Post task execution logs
[2025-11-24T19:31:41.483+0000] {taskinstance.py:352} INFO - Marking task as SUCCESS. dag_id=daily_stock_price_forecasting, task_id=predict, run_id=manual__2025-11-24T19:29:40.836264+00:00, execution_date=20251124T192940, start_date=20251124T193118, end_date=20251124T193141
[2025-11-24T19:31:41.543+0000] {local_task_job_runner.py:266} INFO - Task exited with return code 0
[2025-11-24T19:31:41.569+0000] {taskinstance.py:3900} INFO - 0 downstream tasks scheduled from follow-on schedule check
[2025-11-24T19:31:41.575+0000] {local_task_job_runner.py:245} INFO - ::endgroup::
