[2025-11-23T23:57:41.452+0000] {local_task_job_runner.py:123} INFO - ::group::Pre task execution logs
[2025-11-23T23:57:41.469+0000] {taskinstance.py:2612} INFO - Dependencies all met for dep_context=non-requeueable deps ti=<TaskInstance: daily_stock_price_forecasting.train manual__2025-11-23T23:57:38.958580+00:00 [queued]>
[2025-11-23T23:57:41.476+0000] {taskinstance.py:2612} INFO - Dependencies all met for dep_context=requeueable deps ti=<TaskInstance: daily_stock_price_forecasting.train manual__2025-11-23T23:57:38.958580+00:00 [queued]>
[2025-11-23T23:57:41.477+0000] {taskinstance.py:2865} INFO - Starting attempt 1 of 1
[2025-11-23T23:57:41.489+0000] {taskinstance.py:2888} INFO - Executing <Task(_PythonDecoratedOperator): train> on 2025-11-23 23:57:38.958580+00:00
[2025-11-23T23:57:41.500+0000] {logging_mixin.py:190} WARNING - /home/***/.local/lib/python3.12/site-packages/***/task/task_runner/standard_task_runner.py:70 DeprecationWarning: This process (pid=844) is multi-threaded, use of fork() may lead to deadlocks in the child.
[2025-11-23T23:57:41.500+0000] {standard_task_runner.py:104} INFO - Running: ['***', 'tasks', 'run', 'daily_stock_price_forecasting', 'train', 'manual__2025-11-23T23:57:38.958580+00:00', '--job-id', '179', '--raw', '--subdir', 'DAGS_FOLDER/train_forecast_stock_prices.py', '--cfg-path', '/tmp/tmpcff184ze']
[2025-11-23T23:57:41.502+0000] {standard_task_runner.py:72} INFO - Started process 847 to run task
[2025-11-23T23:57:41.502+0000] {standard_task_runner.py:105} INFO - Job 179: Subtask train
[2025-11-23T23:57:41.565+0000] {task_command.py:467} INFO - Running <TaskInstance: daily_stock_price_forecasting.train manual__2025-11-23T23:57:38.958580+00:00 [running]> on host 5080658c6a7c
[2025-11-23T23:57:41.657+0000] {taskinstance.py:3131} INFO - Exporting env vars: AIRFLOW_CTX_DAG_OWNER='***' AIRFLOW_CTX_DAG_ID='daily_stock_price_forecasting' AIRFLOW_CTX_TASK_ID='train' AIRFLOW_CTX_EXECUTION_DATE='2025-11-23T23:57:38.958580+00:00' AIRFLOW_CTX_TRY_NUMBER='1' AIRFLOW_CTX_DAG_RUN_ID='manual__2025-11-23T23:57:38.958580+00:00'
[2025-11-23T23:57:41.658+0000] {taskinstance.py:731} INFO - ::endgroup::
[2025-11-23T23:57:41.989+0000] {cursor.py:1156} INFO - Number of results in first chunk: 1
[2025-11-23T23:59:13.490+0000] {cursor.py:1156} INFO - Number of results in first chunk: 1
[2025-11-23T23:59:14.857+0000] {cursor.py:1156} INFO - Number of results in first chunk: 14
[2025-11-23T23:59:14.858+0000] {logging_mixin.py:190} INFO - Model training completed successfully.
[2025-11-23T23:59:14.859+0000] {python.py:240} INFO - Done. Returned value was: None
[2025-11-23T23:59:14.874+0000] {taskinstance.py:340} INFO - ::group::Post task execution logs
[2025-11-23T23:59:14.875+0000] {taskinstance.py:352} INFO - Marking task as SUCCESS. dag_id=daily_stock_price_forecasting, task_id=train, run_id=manual__2025-11-23T23:57:38.958580+00:00, execution_date=20251123T235738, start_date=20251123T235741, end_date=20251123T235914
[2025-11-23T23:59:14.942+0000] {local_task_job_runner.py:266} INFO - Task exited with return code 0
[2025-11-23T23:59:14.951+0000] {local_task_job_runner.py:245} INFO - ::endgroup::
