[2025-11-24T20:27:38.963+0000] {local_task_job_runner.py:123} INFO - ::group::Pre task execution logs
[2025-11-24T20:27:38.980+0000] {taskinstance.py:2612} INFO - Dependencies all met for dep_context=non-requeueable deps ti=<TaskInstance: daily_yfinance_stock_ingestion.trigger_forecast_dag manual__2025-11-24T20:22:15.298688+00:00 [queued]>
[2025-11-24T20:27:38.992+0000] {taskinstance.py:2612} INFO - Dependencies all met for dep_context=requeueable deps ti=<TaskInstance: daily_yfinance_stock_ingestion.trigger_forecast_dag manual__2025-11-24T20:22:15.298688+00:00 [queued]>
[2025-11-24T20:27:38.993+0000] {taskinstance.py:2865} INFO - Starting attempt 1 of 1
[2025-11-24T20:27:39.009+0000] {taskinstance.py:2888} INFO - Executing <Task(TriggerDagRunOperator): trigger_forecast_dag> on 2025-11-24 20:22:15.298688+00:00
[2025-11-24T20:27:39.021+0000] {logging_mixin.py:190} WARNING - /home/***/.local/lib/python3.12/site-packages/***/task/task_runner/standard_task_runner.py:70 DeprecationWarning: This process (pid=3640) is multi-threaded, use of fork() may lead to deadlocks in the child.
[2025-11-24T20:27:39.023+0000] {standard_task_runner.py:72} INFO - Started process 3645 to run task
[2025-11-24T20:27:39.022+0000] {standard_task_runner.py:104} INFO - Running: ['***', 'tasks', 'run', 'daily_yfinance_stock_ingestion', 'trigger_forecast_dag', 'manual__2025-11-24T20:22:15.298688+00:00', '--job-id', '255', '--raw', '--subdir', 'DAGS_FOLDER/daily_stock_ingestion.py', '--cfg-path', '/tmp/tmpec6b774w']
[2025-11-24T20:27:39.025+0000] {standard_task_runner.py:105} INFO - Job 255: Subtask trigger_forecast_dag
[2025-11-24T20:27:39.324+0000] {task_command.py:467} INFO - Running <TaskInstance: daily_yfinance_stock_ingestion.trigger_forecast_dag manual__2025-11-24T20:22:15.298688+00:00 [running]> on host 70570c35513f
[2025-11-24T20:27:39.413+0000] {taskinstance.py:3131} INFO - Exporting env vars: AIRFLOW_CTX_DAG_OWNER='***' AIRFLOW_CTX_DAG_ID='daily_yfinance_stock_ingestion' AIRFLOW_CTX_TASK_ID='trigger_forecast_dag' AIRFLOW_CTX_EXECUTION_DATE='2025-11-24T20:22:15.298688+00:00' AIRFLOW_CTX_TRY_NUMBER='1' AIRFLOW_CTX_DAG_RUN_ID='manual__2025-11-24T20:22:15.298688+00:00'
[2025-11-24T20:27:39.415+0000] {taskinstance.py:731} INFO - ::endgroup::
[2025-11-24T20:27:39.488+0000] {trigger_dagrun.py:257} INFO - Waiting for daily_stock_price_forecasting on 2025-11-24 20:27:39.418263+00:00 to become allowed state ['success'] ...
[2025-11-24T20:28:43.291+0000] {trigger_dagrun.py:257} INFO - Waiting for daily_stock_price_forecasting on 2025-11-24 20:27:39.418263+00:00 to become allowed state ['success'] ...
[2025-11-24T20:29:47.047+0000] {trigger_dagrun.py:271} INFO - daily_stock_price_forecasting finished with allowed state success
[2025-11-24T20:29:47.062+0000] {taskinstance.py:340} INFO - ::group::Post task execution logs
[2025-11-24T20:29:47.063+0000] {taskinstance.py:352} INFO - Marking task as SUCCESS. dag_id=daily_yfinance_stock_ingestion, task_id=trigger_forecast_dag, run_id=manual__2025-11-24T20:22:15.298688+00:00, execution_date=20251124T202215, start_date=20251124T202738, end_date=20251124T202947
[2025-11-24T20:29:47.123+0000] {local_task_job_runner.py:266} INFO - Task exited with return code 0
[2025-11-24T20:29:47.143+0000] {taskinstance.py:3900} INFO - 0 downstream tasks scheduled from follow-on schedule check
[2025-11-24T20:29:47.147+0000] {local_task_job_runner.py:245} INFO - ::endgroup::
