[2025-11-06T20:43:48.691+0000] {local_task_job_runner.py:123} INFO - ::group::Pre task execution logs
[2025-11-06T20:43:48.711+0000] {taskinstance.py:2612} INFO - Dependencies all met for dep_context=non-requeueable deps ti=<TaskInstance: daily_yfinance_stock_ingestion.transform_stock_data scheduled__2025-11-01T00:00:00+00:00 [queued]>
[2025-11-06T20:43:48.724+0000] {taskinstance.py:2612} INFO - Dependencies all met for dep_context=requeueable deps ti=<TaskInstance: daily_yfinance_stock_ingestion.transform_stock_data scheduled__2025-11-01T00:00:00+00:00 [queued]>
[2025-11-06T20:43:48.725+0000] {taskinstance.py:2865} INFO - Starting attempt 1 of 1
[2025-11-06T20:43:48.929+0000] {taskinstance.py:2888} INFO - Executing <Task(_PythonDecoratedOperator): transform_stock_data> on 2025-11-01 00:00:00+00:00
[2025-11-06T20:43:48.941+0000] {logging_mixin.py:190} WARNING - /home/***/.local/lib/python3.12/site-packages/***/task/task_runner/standard_task_runner.py:70 DeprecationWarning: This process (pid=281) is multi-threaded, use of fork() may lead to deadlocks in the child.
[2025-11-06T20:43:48.944+0000] {standard_task_runner.py:72} INFO - Started process 294 to run task
[2025-11-06T20:43:48.941+0000] {standard_task_runner.py:104} INFO - Running: ['***', 'tasks', 'run', 'daily_yfinance_stock_ingestion', 'transform_stock_data', 'scheduled__2025-11-01T00:00:00+00:00', '--job-id', '138', '--raw', '--subdir', 'DAGS_FOLDER/daily_stock_ingestion.py', '--cfg-path', '/tmp/tmpb4fmg74t']
[2025-11-06T20:43:48.945+0000] {standard_task_runner.py:105} INFO - Job 138: Subtask transform_stock_data
[2025-11-06T20:43:49.017+0000] {task_command.py:467} INFO - Running <TaskInstance: daily_yfinance_stock_ingestion.transform_stock_data scheduled__2025-11-01T00:00:00+00:00 [running]> on host 5080658c6a7c
[2025-11-06T20:43:49.309+0000] {taskinstance.py:3131} INFO - Exporting env vars: AIRFLOW_CTX_DAG_OWNER='***' AIRFLOW_CTX_DAG_ID='daily_yfinance_stock_ingestion' AIRFLOW_CTX_TASK_ID='transform_stock_data' AIRFLOW_CTX_EXECUTION_DATE='2025-11-01T00:00:00+00:00' AIRFLOW_CTX_TRY_NUMBER='1' AIRFLOW_CTX_DAG_RUN_ID='scheduled__2025-11-01T00:00:00+00:00'
[2025-11-06T20:43:49.312+0000] {taskinstance.py:731} INFO - ::endgroup::
[2025-11-06T20:43:49.321+0000] {python.py:240} INFO - Done. Returned value was:     StockSymbol       Date        Open  ...         Min         Max    Volume
0          AMZN 2025-02-21  223.279999  ...  214.740005  223.309998  55323900
1          GOOG 2025-02-21  186.685410  ...  180.545306  186.864837  19520800
2          AMZN 2025-02-24  217.449997  ...  212.419998  217.720001  42387600
3          GOOG 2025-02-24  183.206678  ...  180.296106  184.492507  18734000
4          AMZN 2025-02-25  211.630005  ...  204.160004  213.339996  58958000
..          ...        ...         ...  ...         ...         ...       ...
353        GOOG 2025-11-03  282.420013  ...  280.369995  285.940002  19691800
354        AMZN 2025-11-04  250.380005  ...  248.660004  257.010010  51546300
355        GOOG 2025-11-04  277.065002  ...  276.864990  281.834015  18123700
356        AMZN 2025-11-06  249.220001  ...  242.169998  250.380005  32766386
357        GOOG 2025-11-06  285.734985  ...  281.619995  288.809998  17878156

[358 rows x 7 columns]
[2025-11-06T20:43:49.360+0000] {taskinstance.py:340} INFO - ::group::Post task execution logs
[2025-11-06T20:43:49.361+0000] {taskinstance.py:352} INFO - Marking task as SUCCESS. dag_id=daily_yfinance_stock_ingestion, task_id=transform_stock_data, run_id=scheduled__2025-11-01T00:00:00+00:00, execution_date=20251101T000000, start_date=20251106T204348, end_date=20251106T204349
[2025-11-06T20:43:49.403+0000] {local_task_job_runner.py:266} INFO - Task exited with return code 0
[2025-11-06T20:43:49.430+0000] {taskinstance.py:3900} INFO - 1 downstream tasks scheduled from follow-on schedule check
[2025-11-06T20:43:49.433+0000] {local_task_job_runner.py:245} INFO - ::endgroup::
