[2025-10-07T00:15:13.580+0000] {local_task_job_runner.py:123} INFO - ::group::Pre task execution logs
[2025-10-07T00:15:13.608+0000] {taskinstance.py:2612} INFO - Dependencies all met for dep_context=non-requeueable deps ti=<TaskInstance: daily_yfinance_stock_ingestion.extract_stock_prices scheduled__2025-10-06T00:00:00+00:00 [queued]>
[2025-10-07T00:15:13.621+0000] {taskinstance.py:2612} INFO - Dependencies all met for dep_context=requeueable deps ti=<TaskInstance: daily_yfinance_stock_ingestion.extract_stock_prices scheduled__2025-10-06T00:00:00+00:00 [queued]>
[2025-10-07T00:15:13.622+0000] {taskinstance.py:2865} INFO - Starting attempt 1 of 1
[2025-10-07T00:15:13.814+0000] {taskinstance.py:2888} INFO - Executing <Task(_PythonDecoratedOperator): extract_stock_prices> on 2025-10-06 00:00:00+00:00
[2025-10-07T00:15:13.824+0000] {logging_mixin.py:190} WARNING - /home/***/.local/lib/python3.12/site-packages/***/task/task_runner/standard_task_runner.py:70 DeprecationWarning: This process (pid=208) is multi-threaded, use of fork() may lead to deadlocks in the child.
[2025-10-07T00:15:13.825+0000] {standard_task_runner.py:72} INFO - Started process 238 to run task
[2025-10-07T00:15:13.825+0000] {standard_task_runner.py:104} INFO - Running: ['***', 'tasks', 'run', 'daily_yfinance_stock_ingestion', 'extract_stock_prices', 'scheduled__2025-10-06T00:00:00+00:00', '--job-id', '38', '--raw', '--subdir', 'DAGS_FOLDER/daily_stock_ingestion.py', '--cfg-path', '/tmp/tmp4213tjkj']
[2025-10-07T00:15:13.827+0000] {standard_task_runner.py:105} INFO - Job 38: Subtask extract_stock_prices
[2025-10-07T00:15:13.874+0000] {task_command.py:467} INFO - Running <TaskInstance: daily_yfinance_stock_ingestion.extract_stock_prices scheduled__2025-10-06T00:00:00+00:00 [running]> on host 3c693694ef07
[2025-10-07T00:15:13.982+0000] {taskinstance.py:3131} INFO - Exporting env vars: AIRFLOW_CTX_DAG_OWNER='***' AIRFLOW_CTX_DAG_ID='daily_yfinance_stock_ingestion' AIRFLOW_CTX_TASK_ID='extract_stock_prices' AIRFLOW_CTX_EXECUTION_DATE='2025-10-06T00:00:00+00:00' AIRFLOW_CTX_TRY_NUMBER='1' AIRFLOW_CTX_DAG_RUN_ID='scheduled__2025-10-06T00:00:00+00:00'
[2025-10-07T00:15:13.985+0000] {taskinstance.py:731} INFO - ::endgroup::
[2025-10-07T00:15:13.998+0000] {logging_mixin.py:190} WARNING - /opt/***/dags/daily_stock_ingestion.py:34 FutureWarning: YF.download() has changed argument auto_adjust default to True
[2025-10-07T00:15:14.395+0000] {logging_mixin.py:190} WARNING - [                       0%                       ]
[2025-10-07T00:15:14.406+0000] {logging_mixin.py:190} WARNING - [*********************100%***********************]  2 of 2 completed
[2025-10-07T00:15:14.409+0000] {python.py:240} INFO - Done. Returned value was: Ticker            GOOG              ...        AMZN          
Price             Open        High  ...       Close    Volume
Date                                ...                      
2025-01-17  197.410694  198.168235  ...  225.940002  42370100
2025-01-21  199.862729  203.181982  ...  230.710007  39951500
2025-01-22  199.902618  201.467542  ...  235.009995  41448200
2025-01-23  199.334448  201.288128  ...  235.419998  26404400
2025-01-24  199.204890  201.916111  ...  234.850006  25890700
...                ...         ...  ...         ...       ...
2025-09-30  243.059998  243.675003  ...  219.570007  48396400
2025-10-01  241.179993  247.149994  ...  220.630005  43933800
2025-10-02  245.639999  247.634995  ...  222.410004  41258600
2025-10-03  245.229996  247.117996  ...  219.509995  43572100
2025-10-06  246.139999  252.199997  ...  220.899994  42459136

[180 rows x 10 columns]
[2025-10-07T00:15:14.480+0000] {taskinstance.py:340} INFO - ::group::Post task execution logs
[2025-10-07T00:15:14.481+0000] {taskinstance.py:352} INFO - Marking task as SUCCESS. dag_id=daily_yfinance_stock_ingestion, task_id=extract_stock_prices, run_id=scheduled__2025-10-06T00:00:00+00:00, execution_date=20251006T000000, start_date=20251007T001513, end_date=20251007T001514
[2025-10-07T00:15:14.563+0000] {local_task_job_runner.py:266} INFO - Task exited with return code 0
[2025-10-07T00:15:14.599+0000] {taskinstance.py:3900} INFO - 1 downstream tasks scheduled from follow-on schedule check
[2025-10-07T00:15:14.603+0000] {local_task_job_runner.py:245} INFO - ::endgroup::
