[2025-11-06T20:51:16.122+0000] {local_task_job_runner.py:123} INFO - ::group::Pre task execution logs
[2025-11-06T20:51:16.143+0000] {taskinstance.py:2612} INFO - Dependencies all met for dep_context=non-requeueable deps ti=<TaskInstance: daily_stock_price_forecasting.predict manual__2025-11-06T20:49:38.985944+00:00 [queued]>
[2025-11-06T20:51:16.153+0000] {taskinstance.py:2612} INFO - Dependencies all met for dep_context=requeueable deps ti=<TaskInstance: daily_stock_price_forecasting.predict manual__2025-11-06T20:49:38.985944+00:00 [queued]>
[2025-11-06T20:51:16.155+0000] {taskinstance.py:2865} INFO - Starting attempt 1 of 1
[2025-11-06T20:51:16.171+0000] {taskinstance.py:2888} INFO - Executing <Task(_PythonDecoratedOperator): predict> on 2025-11-06 20:49:38.985944+00:00
[2025-11-06T20:51:16.181+0000] {standard_task_runner.py:104} INFO - Running: ['***', 'tasks', 'run', 'daily_stock_price_forecasting', 'predict', 'manual__2025-11-06T20:49:38.985944+00:00', '--job-id', '145', '--raw', '--subdir', 'DAGS_FOLDER/train_forecast_stock_prices.py', '--cfg-path', '/tmp/tmp5jf4ufp1']
[2025-11-06T20:51:16.183+0000] {logging_mixin.py:190} WARNING - /home/***/.local/lib/python3.12/site-packages/***/task/task_runner/standard_task_runner.py:70 DeprecationWarning: This process (pid=611) is multi-threaded, use of fork() may lead to deadlocks in the child.
[2025-11-06T20:51:16.184+0000] {standard_task_runner.py:105} INFO - Job 145: Subtask predict
[2025-11-06T20:51:16.184+0000] {standard_task_runner.py:72} INFO - Started process 614 to run task
[2025-11-06T20:51:16.248+0000] {task_command.py:467} INFO - Running <TaskInstance: daily_stock_price_forecasting.predict manual__2025-11-06T20:49:38.985944+00:00 [running]> on host 5080658c6a7c
[2025-11-06T20:51:16.354+0000] {taskinstance.py:3131} INFO - Exporting env vars: AIRFLOW_CTX_DAG_OWNER='***' AIRFLOW_CTX_DAG_ID='daily_stock_price_forecasting' AIRFLOW_CTX_TASK_ID='predict' AIRFLOW_CTX_EXECUTION_DATE='2025-11-06T20:49:38.985944+00:00' AIRFLOW_CTX_TRY_NUMBER='1' AIRFLOW_CTX_DAG_RUN_ID='manual__2025-11-06T20:49:38.985944+00:00'
[2025-11-06T20:51:16.356+0000] {taskinstance.py:731} INFO - ::endgroup::
[2025-11-06T20:51:36.306+0000] {cursor.py:1156} INFO - Number of results in first chunk: 14
[2025-11-06T20:51:37.567+0000] {cursor.py:1156} INFO - Number of results in first chunk: 1
[2025-11-06T20:51:38.514+0000] {cursor.py:1156} INFO - Number of results in first chunk: 1
[2025-11-06T20:51:38.515+0000] {logging_mixin.py:190} INFO - Forecasting and storing results completed successfully.
[2025-11-06T20:51:38.516+0000] {python.py:240} INFO - Done. Returned value was: None
[2025-11-06T20:51:38.531+0000] {taskinstance.py:340} INFO - ::group::Post task execution logs
[2025-11-06T20:51:38.533+0000] {taskinstance.py:352} INFO - Marking task as SUCCESS. dag_id=daily_stock_price_forecasting, task_id=predict, run_id=manual__2025-11-06T20:49:38.985944+00:00, execution_date=20251106T204938, start_date=20251106T205116, end_date=20251106T205138
[2025-11-06T20:51:38.583+0000] {local_task_job_runner.py:266} INFO - Task exited with return code 0
[2025-11-06T20:51:38.593+0000] {local_task_job_runner.py:245} INFO - ::endgroup::
