[2025-11-14T18:15:50.130+0000] {local_task_job_runner.py:123} INFO - ::group::Pre task execution logs
[2025-11-14T18:15:50.154+0000] {taskinstance.py:2612} INFO - Dependencies all met for dep_context=non-requeueable deps ti=<TaskInstance: daily_yfinance_stock_ingestion.extract_stock_prices scheduled__2025-11-06T00:00:00+00:00 [queued]>
[2025-11-14T18:15:50.164+0000] {taskinstance.py:2612} INFO - Dependencies all met for dep_context=requeueable deps ti=<TaskInstance: daily_yfinance_stock_ingestion.extract_stock_prices scheduled__2025-11-06T00:00:00+00:00 [queued]>
[2025-11-14T18:15:50.165+0000] {taskinstance.py:2865} INFO - Starting attempt 1 of 1
[2025-11-14T18:15:50.339+0000] {taskinstance.py:2888} INFO - Executing <Task(_PythonDecoratedOperator): extract_stock_prices> on 2025-11-06 00:00:00+00:00
[2025-11-14T18:15:50.352+0000] {logging_mixin.py:190} WARNING - /home/***/.local/lib/python3.12/site-packages/***/task/task_runner/standard_task_runner.py:70 DeprecationWarning: This process (pid=211) is multi-threaded, use of fork() may lead to deadlocks in the child.
[2025-11-14T18:15:50.353+0000] {standard_task_runner.py:72} INFO - Started process 233 to run task
[2025-11-14T18:15:50.352+0000] {standard_task_runner.py:104} INFO - Running: ['***', 'tasks', 'run', 'daily_yfinance_stock_ingestion', 'extract_stock_prices', 'scheduled__2025-11-06T00:00:00+00:00', '--job-id', '151', '--raw', '--subdir', 'DAGS_FOLDER/daily_stock_ingestion.py', '--cfg-path', '/tmp/tmpico3a7ee']
[2025-11-14T18:15:50.355+0000] {standard_task_runner.py:105} INFO - Job 151: Subtask extract_stock_prices
[2025-11-14T18:15:50.420+0000] {task_command.py:467} INFO - Running <TaskInstance: daily_yfinance_stock_ingestion.extract_stock_prices scheduled__2025-11-06T00:00:00+00:00 [running]> on host 5080658c6a7c
[2025-11-14T18:15:50.531+0000] {taskinstance.py:3131} INFO - Exporting env vars: AIRFLOW_CTX_DAG_OWNER='***' AIRFLOW_CTX_DAG_ID='daily_yfinance_stock_ingestion' AIRFLOW_CTX_TASK_ID='extract_stock_prices' AIRFLOW_CTX_EXECUTION_DATE='2025-11-06T00:00:00+00:00' AIRFLOW_CTX_TRY_NUMBER='1' AIRFLOW_CTX_DAG_RUN_ID='scheduled__2025-11-06T00:00:00+00:00'
[2025-11-14T18:15:50.533+0000] {taskinstance.py:731} INFO - ::endgroup::
[2025-11-14T18:15:50.546+0000] {logging_mixin.py:190} WARNING - /opt/***/dags/daily_stock_ingestion.py:34 FutureWarning: YF.download() has changed argument auto_adjust default to True
[2025-11-14T18:15:51.025+0000] {logging_mixin.py:190} WARNING - [                       0%                       ]
[2025-11-14T18:15:51.028+0000] {logging_mixin.py:190} WARNING - [*********************100%***********************]  2 of 2 completed
[2025-11-14T18:15:51.036+0000] {python.py:240} INFO - Done. Returned value was: Ticker            GOOG              ...        AMZN          
Price             Open        High  ...       Close    Volume
Date                                ...                      
2025-03-03  173.169181  174.435085  ...  205.020004  42948400
2025-03-04  167.397887  174.599556  ...  203.800003  60853100
2025-03-05  171.763746  175.182666  ...  208.360001  38610100
2025-03-06  171.992999  176.159498  ...  200.699997  49863800
2025-03-07  172.682778  176.328960  ...  199.250000  59802800
...                ...         ...  ...         ...       ...
2025-11-10  285.265015  291.459991  ...  248.399994  36476500
2025-11-11  288.200012  292.339996  ...  249.100006  23564100
2025-11-12  292.084991  292.359985  ...  244.199997  31190100
2025-11-13  282.984985  283.510010  ...  237.580002  41348500
2025-11-14  271.980011  279.149994  ...  236.580002  20396705

[180 rows x 10 columns]
[2025-11-14T18:15:51.139+0000] {taskinstance.py:340} INFO - ::group::Post task execution logs
[2025-11-14T18:15:51.140+0000] {taskinstance.py:352} INFO - Marking task as SUCCESS. dag_id=daily_yfinance_stock_ingestion, task_id=extract_stock_prices, run_id=scheduled__2025-11-06T00:00:00+00:00, execution_date=20251106T000000, start_date=20251114T181550, end_date=20251114T181551
[2025-11-14T18:15:51.172+0000] {local_task_job_runner.py:266} INFO - Task exited with return code 0
[2025-11-14T18:15:51.200+0000] {taskinstance.py:3900} INFO - 1 downstream tasks scheduled from follow-on schedule check
[2025-11-14T18:15:51.204+0000] {local_task_job_runner.py:245} INFO - ::endgroup::
