[2025-11-06T20:43:46.067+0000] {local_task_job_runner.py:123} INFO - ::group::Pre task execution logs
[2025-11-06T20:43:46.087+0000] {taskinstance.py:2612} INFO - Dependencies all met for dep_context=non-requeueable deps ti=<TaskInstance: daily_stock_price_forecasting.train scheduled__2025-11-01T00:30:00+00:00 [queued]>
[2025-11-06T20:43:46.100+0000] {taskinstance.py:2612} INFO - Dependencies all met for dep_context=requeueable deps ti=<TaskInstance: daily_stock_price_forecasting.train scheduled__2025-11-01T00:30:00+00:00 [queued]>
[2025-11-06T20:43:46.101+0000] {taskinstance.py:2865} INFO - Starting attempt 1 of 1
[2025-11-06T20:43:46.123+0000] {taskinstance.py:2888} INFO - Executing <Task(_PythonDecoratedOperator): train> on 2025-11-01 00:30:00+00:00
[2025-11-06T20:43:46.133+0000] {standard_task_runner.py:104} INFO - Running: ['***', 'tasks', 'run', 'daily_stock_price_forecasting', 'train', 'scheduled__2025-11-01T00:30:00+00:00', '--job-id', '135', '--raw', '--subdir', 'DAGS_FOLDER/train_forecast_stock_prices.py', '--cfg-path', '/tmp/tmpck4aeiq7']
[2025-11-06T20:43:46.135+0000] {logging_mixin.py:190} WARNING - /home/***/.local/lib/python3.12/site-packages/***/task/task_runner/standard_task_runner.py:70 DeprecationWarning: This process (pid=211) is multi-threaded, use of fork() may lead to deadlocks in the child.
[2025-11-06T20:43:46.137+0000] {standard_task_runner.py:105} INFO - Job 135: Subtask train
[2025-11-06T20:43:46.137+0000] {standard_task_runner.py:72} INFO - Started process 243 to run task
[2025-11-06T20:43:46.208+0000] {task_command.py:467} INFO - Running <TaskInstance: daily_stock_price_forecasting.train scheduled__2025-11-01T00:30:00+00:00 [running]> on host 5080658c6a7c
[2025-11-06T20:43:46.326+0000] {taskinstance.py:3131} INFO - Exporting env vars: AIRFLOW_CTX_DAG_OWNER='***' AIRFLOW_CTX_DAG_ID='daily_stock_price_forecasting' AIRFLOW_CTX_TASK_ID='train' AIRFLOW_CTX_EXECUTION_DATE='2025-11-01T00:30:00+00:00' AIRFLOW_CTX_TRY_NUMBER='1' AIRFLOW_CTX_DAG_RUN_ID='scheduled__2025-11-01T00:30:00+00:00'
[2025-11-06T20:43:46.327+0000] {taskinstance.py:731} INFO - ::endgroup::
[2025-11-06T20:43:47.643+0000] {cursor.py:1156} INFO - Number of results in first chunk: 1
[2025-11-06T20:45:52.146+0000] {cursor.py:1156} INFO - Number of results in first chunk: 1
[2025-11-06T20:45:55.535+0000] {cursor.py:1156} INFO - Number of results in first chunk: 14
[2025-11-06T20:45:55.536+0000] {logging_mixin.py:190} INFO - Model training completed successfully.
[2025-11-06T20:45:55.537+0000] {python.py:240} INFO - Done. Returned value was: None
[2025-11-06T20:45:55.554+0000] {taskinstance.py:340} INFO - ::group::Post task execution logs
[2025-11-06T20:45:55.555+0000] {taskinstance.py:352} INFO - Marking task as SUCCESS. dag_id=daily_stock_price_forecasting, task_id=train, run_id=scheduled__2025-11-01T00:30:00+00:00, execution_date=20251101T003000, start_date=20251106T204346, end_date=20251106T204555
[2025-11-06T20:45:55.617+0000] {local_task_job_runner.py:266} INFO - Task exited with return code 0
[2025-11-06T20:45:55.628+0000] {local_task_job_runner.py:245} INFO - ::endgroup::
