[2025-11-24T19:13:37.477+0000] {local_task_job_runner.py:123} INFO - ::group::Pre task execution logs
[2025-11-24T19:13:37.495+0000] {taskinstance.py:2612} INFO - Dependencies all met for dep_context=non-requeueable deps ti=<TaskInstance: dbt_elt_pipeline.dbt_run manual__2025-11-24T19:13:36.954690+00:00 [queued]>
[2025-11-24T19:13:37.504+0000] {taskinstance.py:2612} INFO - Dependencies all met for dep_context=requeueable deps ti=<TaskInstance: dbt_elt_pipeline.dbt_run manual__2025-11-24T19:13:36.954690+00:00 [queued]>
[2025-11-24T19:13:37.506+0000] {taskinstance.py:2865} INFO - Starting attempt 1 of 1
[2025-11-24T19:13:37.520+0000] {taskinstance.py:2888} INFO - Executing <Task(BashOperator): dbt_run> on 2025-11-24 19:13:36.954690+00:00
[2025-11-24T19:13:37.529+0000] {standard_task_runner.py:104} INFO - Running: ['***', 'tasks', 'run', 'dbt_elt_pipeline', 'dbt_run', 'manual__2025-11-24T19:13:36.954690+00:00', '--job-id', '238', '--raw', '--subdir', 'DAGS_FOLDER/elt_dbt_stock_pipeline.py', '--cfg-path', '/tmp/tmpqwuju8vd']
[2025-11-24T19:13:37.531+0000] {standard_task_runner.py:105} INFO - Job 238: Subtask dbt_run
[2025-11-24T19:13:37.531+0000] {logging_mixin.py:190} WARNING - /home/***/.local/lib/python3.12/site-packages/***/task/task_runner/standard_task_runner.py:70 DeprecationWarning: This process (pid=473) is multi-threaded, use of fork() may lead to deadlocks in the child.
[2025-11-24T19:13:37.532+0000] {standard_task_runner.py:72} INFO - Started process 474 to run task
[2025-11-24T19:13:37.580+0000] {task_command.py:467} INFO - Running <TaskInstance: dbt_elt_pipeline.dbt_run manual__2025-11-24T19:13:36.954690+00:00 [running]> on host 70570c35513f
[2025-11-24T19:13:37.670+0000] {taskinstance.py:3131} INFO - Exporting env vars: AIRFLOW_CTX_DAG_OWNER='***' AIRFLOW_CTX_DAG_ID='dbt_elt_pipeline' AIRFLOW_CTX_TASK_ID='dbt_run' AIRFLOW_CTX_EXECUTION_DATE='2025-11-24T19:13:36.954690+00:00' AIRFLOW_CTX_TRY_NUMBER='1' AIRFLOW_CTX_DAG_RUN_ID='manual__2025-11-24T19:13:36.954690+00:00'
[2025-11-24T19:13:37.672+0000] {taskinstance.py:731} INFO - ::endgroup::
[2025-11-24T19:13:37.688+0000] {subprocess.py:63} INFO - Tmp dir root location: /tmp
[2025-11-24T19:13:37.690+0000] {subprocess.py:75} INFO - Running command: ['/usr/bin/bash', '-c', 'cd /opt/***/dbt/stock_analytics && dbt run --profiles-dir .']
[2025-11-24T19:13:37.700+0000] {subprocess.py:86} INFO - Output:
[2025-11-24T19:13:39.872+0000] {subprocess.py:93} INFO - [0m19:13:39  Running with dbt=1.8.7
[2025-11-24T19:13:41.094+0000] {subprocess.py:93} INFO - [0m19:13:41  Registered adapter: snowflake=1.8.4
[2025-11-24T19:13:41.402+0000] {subprocess.py:93} INFO - [0m19:13:41  Unable to do partial parsing because of a version mismatch
[2025-11-24T19:13:43.111+0000] {subprocess.py:93} INFO - [0m19:13:43  [[33mWARNING[0m]: Deprecated functionality
[2025-11-24T19:13:43.117+0000] {subprocess.py:93} INFO - The `tests` config has been renamed to `data_tests`. Please see
[2025-11-24T19:13:43.122+0000] {subprocess.py:93} INFO - https://docs.getdbt.com/docs/build/data-tests#new-data_tests-syntax for more
[2025-11-24T19:13:43.127+0000] {subprocess.py:93} INFO - information.
[2025-11-24T19:13:43.802+0000] {subprocess.py:93} INFO - [0m19:13:43  Found 2 models, 1 snapshot, 9 data tests, 1 source, 460 macros
[2025-11-24T19:13:43.805+0000] {subprocess.py:93} INFO - [0m19:13:43
[2025-11-24T19:13:45.429+0000] {subprocess.py:93} INFO - [0m19:13:45  Concurrency: 1 threads (target='dev')
[2025-11-24T19:13:45.430+0000] {subprocess.py:93} INFO - [0m19:13:45
[2025-11-24T19:13:45.453+0000] {subprocess.py:93} INFO - [0m19:13:45  1 of 2 START sql view model ANALYTICS.stg_prices ............................... [RUN]
[2025-11-24T19:13:46.360+0000] {subprocess.py:93} INFO - [0m19:13:46  1 of 2 OK created sql view model ANALYTICS.stg_prices .......................... [[32mSUCCESS 1[0m in 0.90s]
[2025-11-24T19:13:46.367+0000] {subprocess.py:93} INFO - [0m19:13:46  2 of 2 START sql table model ANALYTICS.fact_indicators ......................... [RUN]
[2025-11-24T19:13:47.786+0000] {subprocess.py:93} INFO - [0m19:13:47  2 of 2 OK created sql table model ANALYTICS.fact_indicators .................... [[32mSUCCESS 1[0m in 1.42s]
[2025-11-24T19:13:47.792+0000] {subprocess.py:93} INFO - [0m19:13:47
[2025-11-24T19:13:47.793+0000] {subprocess.py:93} INFO - [0m19:13:47  Finished running 1 view model, 1 table model in 0 hours 0 minutes and 3.99 seconds (3.99s).
[2025-11-24T19:13:47.900+0000] {subprocess.py:93} INFO - [0m19:13:47
[2025-11-24T19:13:47.902+0000] {subprocess.py:93} INFO - [0m19:13:47  [32mCompleted successfully[0m
[2025-11-24T19:13:47.902+0000] {subprocess.py:93} INFO - [0m19:13:47
[2025-11-24T19:13:47.903+0000] {subprocess.py:93} INFO - [0m19:13:47  Done. PASS=2 WARN=0 ERROR=0 SKIP=0 TOTAL=2
[2025-11-24T19:13:49.005+0000] {subprocess.py:97} INFO - Command exited with return code 0
[2025-11-24T19:13:49.040+0000] {taskinstance.py:340} INFO - ::group::Post task execution logs
[2025-11-24T19:13:49.042+0000] {taskinstance.py:352} INFO - Marking task as SUCCESS. dag_id=dbt_elt_pipeline, task_id=dbt_run, run_id=manual__2025-11-24T19:13:36.954690+00:00, execution_date=20251124T191336, start_date=20251124T191337, end_date=20251124T191349
[2025-11-24T19:13:49.086+0000] {local_task_job_runner.py:266} INFO - Task exited with return code 0
[2025-11-24T19:13:49.122+0000] {taskinstance.py:3900} INFO - 1 downstream tasks scheduled from follow-on schedule check
[2025-11-24T19:13:49.126+0000] {local_task_job_runner.py:245} INFO - ::endgroup::
