[2025-11-01T00:06:49.783+0000] {local_task_job_runner.py:123} INFO - ::group::Pre task execution logs
[2025-11-01T00:06:49.800+0000] {taskinstance.py:2612} INFO - Dependencies all met for dep_context=non-requeueable deps ti=<TaskInstance: daily_yfinance_stock_ingestion.trigger_forecast_dag scheduled__2025-10-31T00:00:00+00:00 [queued]>
[2025-11-01T00:06:49.808+0000] {taskinstance.py:2612} INFO - Dependencies all met for dep_context=requeueable deps ti=<TaskInstance: daily_yfinance_stock_ingestion.trigger_forecast_dag scheduled__2025-10-31T00:00:00+00:00 [queued]>
[2025-11-01T00:06:49.809+0000] {taskinstance.py:2865} INFO - Starting attempt 1 of 1
[2025-11-01T00:06:49.996+0000] {taskinstance.py:2888} INFO - Executing <Task(TriggerDagRunOperator): trigger_forecast_dag> on 2025-10-31 00:00:00+00:00
[2025-11-01T00:06:50.015+0000] {logging_mixin.py:190} WARNING - /home/***/.local/lib/python3.12/site-packages/***/task/task_runner/standard_task_runner.py:70 DeprecationWarning: This process (pid=1768) is multi-threaded, use of fork() may lead to deadlocks in the child.
[2025-11-01T00:06:50.017+0000] {standard_task_runner.py:72} INFO - Started process 1771 to run task
[2025-11-01T00:06:50.016+0000] {standard_task_runner.py:104} INFO - Running: ['***', 'tasks', 'run', 'daily_yfinance_stock_ingestion', 'trigger_forecast_dag', 'scheduled__2025-10-31T00:00:00+00:00', '--job-id', '127', '--raw', '--subdir', 'DAGS_FOLDER/daily_stock_ingestion.py', '--cfg-path', '/tmp/tmppe0x510c']
[2025-11-01T00:06:50.020+0000] {standard_task_runner.py:105} INFO - Job 127: Subtask trigger_forecast_dag
[2025-11-01T00:06:50.092+0000] {task_command.py:467} INFO - Running <TaskInstance: daily_yfinance_stock_ingestion.trigger_forecast_dag scheduled__2025-10-31T00:00:00+00:00 [running]> on host 5080658c6a7c
[2025-11-01T00:06:50.222+0000] {taskinstance.py:3131} INFO - Exporting env vars: AIRFLOW_CTX_DAG_OWNER='***' AIRFLOW_CTX_DAG_ID='daily_yfinance_stock_ingestion' AIRFLOW_CTX_TASK_ID='trigger_forecast_dag' AIRFLOW_CTX_EXECUTION_DATE='2025-10-31T00:00:00+00:00' AIRFLOW_CTX_TRY_NUMBER='1' AIRFLOW_CTX_DAG_RUN_ID='scheduled__2025-10-31T00:00:00+00:00'
[2025-11-01T00:06:50.224+0000] {taskinstance.py:731} INFO - ::endgroup::
[2025-11-01T00:06:50.324+0000] {trigger_dagrun.py:257} INFO - Waiting for daily_stock_price_forecasting on 2025-11-01 00:06:50.228376+00:00 to become allowed state ['success'] ...
[2025-11-01T00:07:48.467+0000] {trigger_dagrun.py:257} INFO - Waiting for daily_stock_price_forecasting on 2025-11-01 00:06:50.228376+00:00 to become allowed state ['success'] ...
[2025-11-01T00:08:46.591+0000] {trigger_dagrun.py:257} INFO - Waiting for daily_stock_price_forecasting on 2025-11-01 00:06:50.228376+00:00 to become allowed state ['success'] ...
[2025-11-01T00:09:44.715+0000] {trigger_dagrun.py:271} INFO - daily_stock_price_forecasting finished with allowed state success
[2025-11-01T00:09:44.732+0000] {taskinstance.py:340} INFO - ::group::Post task execution logs
[2025-11-01T00:09:44.733+0000] {taskinstance.py:352} INFO - Marking task as SUCCESS. dag_id=daily_yfinance_stock_ingestion, task_id=trigger_forecast_dag, run_id=scheduled__2025-10-31T00:00:00+00:00, execution_date=20251031T000000, start_date=20251101T000649, end_date=20251101T000944
[2025-11-01T00:09:44.778+0000] {local_task_job_runner.py:266} INFO - Task exited with return code 0
[2025-11-01T00:09:44.800+0000] {taskinstance.py:3900} INFO - 0 downstream tasks scheduled from follow-on schedule check
[2025-11-01T00:09:44.804+0000] {local_task_job_runner.py:245} INFO - ::endgroup::
