[2025-11-24T20:28:09.776+0000] {local_task_job_runner.py:123} INFO - ::group::Pre task execution logs
[2025-11-24T20:28:09.802+0000] {taskinstance.py:2612} INFO - Dependencies all met for dep_context=non-requeueable deps ti=<TaskInstance: dbt_elt_pipeline.dbt_snapshot manual__2025-11-24T20:27:39.417029+00:00 [queued]>
[2025-11-24T20:28:09.816+0000] {taskinstance.py:2612} INFO - Dependencies all met for dep_context=requeueable deps ti=<TaskInstance: dbt_elt_pipeline.dbt_snapshot manual__2025-11-24T20:27:39.417029+00:00 [queued]>
[2025-11-24T20:28:09.818+0000] {taskinstance.py:2865} INFO - Starting attempt 1 of 1
[2025-11-24T20:28:09.841+0000] {taskinstance.py:2888} INFO - Executing <Task(BashOperator): dbt_snapshot> on 2025-11-24 20:27:39.417029+00:00
[2025-11-24T20:28:09.854+0000] {standard_task_runner.py:104} INFO - Running: ['***', 'tasks', 'run', 'dbt_elt_pipeline', 'dbt_snapshot', 'manual__2025-11-24T20:27:39.417029+00:00', '--job-id', '260', '--raw', '--subdir', 'DAGS_FOLDER/elt_dbt_stock_pipeline.py', '--cfg-path', '/tmp/tmpwyk14xa6']
[2025-11-24T20:28:09.858+0000] {logging_mixin.py:190} WARNING - /home/***/.local/lib/python3.12/site-packages/***/task/task_runner/standard_task_runner.py:70 DeprecationWarning: This process (pid=3742) is multi-threaded, use of fork() may lead to deadlocks in the child.
[2025-11-24T20:28:09.858+0000] {standard_task_runner.py:105} INFO - Job 260: Subtask dbt_snapshot
[2025-11-24T20:28:09.859+0000] {standard_task_runner.py:72} INFO - Started process 3743 to run task
[2025-11-24T20:28:09.919+0000] {task_command.py:467} INFO - Running <TaskInstance: dbt_elt_pipeline.dbt_snapshot manual__2025-11-24T20:27:39.417029+00:00 [running]> on host 70570c35513f
[2025-11-24T20:28:10.027+0000] {taskinstance.py:3131} INFO - Exporting env vars: AIRFLOW_CTX_DAG_OWNER='***' AIRFLOW_CTX_DAG_ID='dbt_elt_pipeline' AIRFLOW_CTX_TASK_ID='dbt_snapshot' AIRFLOW_CTX_EXECUTION_DATE='2025-11-24T20:27:39.417029+00:00' AIRFLOW_CTX_TRY_NUMBER='1' AIRFLOW_CTX_DAG_RUN_ID='manual__2025-11-24T20:27:39.417029+00:00'
[2025-11-24T20:28:10.028+0000] {taskinstance.py:731} INFO - ::endgroup::
[2025-11-24T20:28:10.049+0000] {subprocess.py:63} INFO - Tmp dir root location: /tmp
[2025-11-24T20:28:10.051+0000] {subprocess.py:75} INFO - Running command: ['/usr/bin/bash', '-c', 'cd /opt/***/dbt/stock_analytics && dbt snapshot --profiles-dir .']
[2025-11-24T20:28:10.064+0000] {subprocess.py:86} INFO - Output:
[2025-11-24T20:28:12.489+0000] {subprocess.py:93} INFO - [0m20:28:12  Running with dbt=1.8.7
[2025-11-24T20:28:13.619+0000] {subprocess.py:93} INFO - [0m20:28:13  Registered adapter: snowflake=1.8.4
[2025-11-24T20:28:14.675+0000] {subprocess.py:93} INFO - [0m20:28:14  Found 2 models, 1 snapshot, 9 data tests, 1 source, 460 macros
[2025-11-24T20:28:14.679+0000] {subprocess.py:93} INFO - [0m20:28:14
[2025-11-24T20:28:16.197+0000] {subprocess.py:93} INFO - [0m20:28:16  Concurrency: 1 threads (target='dev')
[2025-11-24T20:28:16.199+0000] {subprocess.py:93} INFO - [0m20:28:16
[2025-11-24T20:28:16.213+0000] {subprocess.py:93} INFO - [0m20:28:16  1 of 1 START snapshot ANALYTICS.stg_prices_test_snapshot ....................... [RUN]
[2025-11-24T20:28:20.958+0000] {subprocess.py:93} INFO - [0m20:28:20  1 of 1 OK snapshotted ANALYTICS.stg_prices_test_snapshot ....................... [[32mSUCCESS 0[0m in 4.74s]
[2025-11-24T20:28:20.967+0000] {subprocess.py:93} INFO - [0m20:28:20
[2025-11-24T20:28:20.969+0000] {subprocess.py:93} INFO - [0m20:28:20  Finished running 1 snapshot in 0 hours 0 minutes and 6.29 seconds (6.29s).
[2025-11-24T20:28:21.086+0000] {subprocess.py:93} INFO - [0m20:28:21
[2025-11-24T20:28:21.087+0000] {subprocess.py:93} INFO - [0m20:28:21  [32mCompleted successfully[0m
[2025-11-24T20:28:21.089+0000] {subprocess.py:93} INFO - [0m20:28:21
[2025-11-24T20:28:21.090+0000] {subprocess.py:93} INFO - [0m20:28:21  Done. PASS=1 WARN=0 ERROR=0 SKIP=0 TOTAL=1
[2025-11-24T20:28:22.002+0000] {subprocess.py:97} INFO - Command exited with return code 0
[2025-11-24T20:28:22.033+0000] {taskinstance.py:340} INFO - ::group::Post task execution logs
[2025-11-24T20:28:22.035+0000] {taskinstance.py:352} INFO - Marking task as SUCCESS. dag_id=dbt_elt_pipeline, task_id=dbt_snapshot, run_id=manual__2025-11-24T20:27:39.417029+00:00, execution_date=20251124T202739, start_date=20251124T202809, end_date=20251124T202822
[2025-11-24T20:28:22.082+0000] {local_task_job_runner.py:266} INFO - Task exited with return code 0
[2025-11-24T20:28:22.106+0000] {taskinstance.py:3900} INFO - 0 downstream tasks scheduled from follow-on schedule check
[2025-11-24T20:28:22.109+0000] {local_task_job_runner.py:245} INFO - ::endgroup::
