[2025-10-05T02:59:12.132+0000] {local_task_job_runner.py:123} INFO - ::group::Pre task execution logs
[2025-10-05T02:59:12.150+0000] {taskinstance.py:2612} INFO - Dependencies all met for dep_context=non-requeueable deps ti=<TaskInstance: daily_yfinance_stock_ingestion.transform_stock_data manual__2025-10-05T02:59:09.292850+00:00 [queued]>
[2025-10-05T02:59:12.157+0000] {taskinstance.py:2612} INFO - Dependencies all met for dep_context=requeueable deps ti=<TaskInstance: daily_yfinance_stock_ingestion.transform_stock_data manual__2025-10-05T02:59:09.292850+00:00 [queued]>
[2025-10-05T02:59:12.158+0000] {taskinstance.py:2865} INFO - Starting attempt 1 of 1
[2025-10-05T02:59:12.289+0000] {taskinstance.py:2888} INFO - Executing <Task(_PythonDecoratedOperator): transform_stock_data> on 2025-10-05 02:59:09.292850+00:00
[2025-10-05T02:59:12.298+0000] {logging_mixin.py:190} WARNING - /home/***/.local/lib/python3.12/site-packages/***/task/task_runner/standard_task_runner.py:70 DeprecationWarning: This process (pid=271) is multi-threaded, use of fork() may lead to deadlocks in the child.
[2025-10-05T02:59:12.299+0000] {standard_task_runner.py:72} INFO - Started process 274 to run task
[2025-10-05T02:59:12.300+0000] {standard_task_runner.py:104} INFO - Running: ['***', 'tasks', 'run', 'daily_yfinance_stock_ingestion', 'transform_stock_data', 'manual__2025-10-05T02:59:09.292850+00:00', '--job-id', '30', '--raw', '--subdir', 'DAGS_FOLDER/daily_stock_ingestion.py', '--cfg-path', '/tmp/tmpfl9g0lbr']
[2025-10-05T02:59:12.302+0000] {standard_task_runner.py:105} INFO - Job 30: Subtask transform_stock_data
[2025-10-05T02:59:12.347+0000] {task_command.py:467} INFO - Running <TaskInstance: daily_yfinance_stock_ingestion.transform_stock_data manual__2025-10-05T02:59:09.292850+00:00 [running]> on host 3c693694ef07
[2025-10-05T02:59:12.516+0000] {taskinstance.py:3131} INFO - Exporting env vars: AIRFLOW_CTX_DAG_OWNER='***' AIRFLOW_CTX_DAG_ID='daily_yfinance_stock_ingestion' AIRFLOW_CTX_TASK_ID='transform_stock_data' AIRFLOW_CTX_EXECUTION_DATE='2025-10-05T02:59:09.292850+00:00' AIRFLOW_CTX_TRY_NUMBER='1' AIRFLOW_CTX_DAG_RUN_ID='manual__2025-10-05T02:59:09.292850+00:00'
[2025-10-05T02:59:12.518+0000] {taskinstance.py:731} INFO - ::endgroup::
[2025-10-05T02:59:12.525+0000] {python.py:240} INFO - Done. Returned value was:     StockSymbol       Date        Open  ...         Min         Max    Volume
0          AMZN 2025-01-16  224.419998  ...  220.309998  224.649994  24757300
1          GOOG 2025-01-16  195.192850  ...  193.672779  196.344121  13449600
2          AMZN 2025-01-17  225.839996  ...  223.080002  226.509995  42370100
3          GOOG 2025-01-17  197.410694  ...  194.679533  198.168235  22109100
4          AMZN 2025-01-21  228.899994  ...  226.940002  231.779999  39951500
..          ...        ...         ...  ...         ...         ...       ...
355        GOOG 2025-10-01  241.179993  ...  239.199997  247.149994  23967700
356        AMZN 2025-10-02  221.009995  ...  218.949997  222.809998  41258600
357        GOOG 2025-10-02  245.639999  ...  243.104996  247.634995  20657500
358        AMZN 2025-10-03  223.440002  ...  219.339996  224.199997  43572100
359        GOOG 2025-10-03  245.229996  ...  242.470001  247.117996  19935800

[360 rows x 7 columns]
[2025-10-05T02:59:12.556+0000] {taskinstance.py:340} INFO - ::group::Post task execution logs
[2025-10-05T02:59:12.557+0000] {taskinstance.py:352} INFO - Marking task as SUCCESS. dag_id=daily_yfinance_stock_ingestion, task_id=transform_stock_data, run_id=manual__2025-10-05T02:59:09.292850+00:00, execution_date=20251005T025909, start_date=20251005T025912, end_date=20251005T025912
[2025-10-05T02:59:12.609+0000] {local_task_job_runner.py:266} INFO - Task exited with return code 0
[2025-10-05T02:59:12.628+0000] {taskinstance.py:3900} INFO - 1 downstream tasks scheduled from follow-on schedule check
[2025-10-05T02:59:12.630+0000] {local_task_job_runner.py:245} INFO - ::endgroup::
