[2025-11-01T00:06:53.189+0000] {local_task_job_runner.py:123} INFO - ::group::Pre task execution logs
[2025-11-01T00:06:53.211+0000] {taskinstance.py:2612} INFO - Dependencies all met for dep_context=non-requeueable deps ti=<TaskInstance: daily_stock_price_forecasting.train manual__2025-11-01T00:06:50.228376+00:00 [queued]>
[2025-11-01T00:06:53.223+0000] {taskinstance.py:2612} INFO - Dependencies all met for dep_context=requeueable deps ti=<TaskInstance: daily_stock_price_forecasting.train manual__2025-11-01T00:06:50.228376+00:00 [queued]>
[2025-11-01T00:06:53.225+0000] {taskinstance.py:2865} INFO - Starting attempt 1 of 1
[2025-11-01T00:06:53.244+0000] {taskinstance.py:2888} INFO - Executing <Task(_PythonDecoratedOperator): train> on 2025-11-01 00:06:50.228376+00:00
[2025-11-01T00:06:53.258+0000] {logging_mixin.py:190} WARNING - /home/***/.local/lib/python3.12/site-packages/***/task/task_runner/standard_task_runner.py:70 DeprecationWarning: This process (pid=1773) is multi-threaded, use of fork() may lead to deadlocks in the child.
[2025-11-01T00:06:53.258+0000] {standard_task_runner.py:104} INFO - Running: ['***', 'tasks', 'run', 'daily_stock_price_forecasting', 'train', 'manual__2025-11-01T00:06:50.228376+00:00', '--job-id', '128', '--raw', '--subdir', 'DAGS_FOLDER/train_forecast_stock_prices.py', '--cfg-path', '/tmp/tmp3skvzpp0']
[2025-11-01T00:06:53.261+0000] {standard_task_runner.py:72} INFO - Started process 1776 to run task
[2025-11-01T00:06:53.261+0000] {standard_task_runner.py:105} INFO - Job 128: Subtask train
[2025-11-01T00:06:53.327+0000] {task_command.py:467} INFO - Running <TaskInstance: daily_stock_price_forecasting.train manual__2025-11-01T00:06:50.228376+00:00 [running]> on host 5080658c6a7c
[2025-11-01T00:06:53.442+0000] {taskinstance.py:3131} INFO - Exporting env vars: AIRFLOW_CTX_DAG_OWNER='***' AIRFLOW_CTX_DAG_ID='daily_stock_price_forecasting' AIRFLOW_CTX_TASK_ID='train' AIRFLOW_CTX_EXECUTION_DATE='2025-11-01T00:06:50.228376+00:00' AIRFLOW_CTX_TRY_NUMBER='1' AIRFLOW_CTX_DAG_RUN_ID='manual__2025-11-01T00:06:50.228376+00:00'
[2025-11-01T00:06:53.444+0000] {taskinstance.py:731} INFO - ::endgroup::
[2025-11-01T00:06:54.288+0000] {cursor.py:1156} INFO - Number of results in first chunk: 1
[2025-11-01T00:08:51.101+0000] {cursor.py:1156} INFO - Number of results in first chunk: 1
[2025-11-01T00:08:53.487+0000] {cursor.py:1156} INFO - Number of results in first chunk: 14
[2025-11-01T00:08:53.490+0000] {logging_mixin.py:190} INFO - Model training completed successfully.
[2025-11-01T00:08:53.491+0000] {python.py:240} INFO - Done. Returned value was: None
[2025-11-01T00:08:53.523+0000] {taskinstance.py:340} INFO - ::group::Post task execution logs
[2025-11-01T00:08:53.525+0000] {taskinstance.py:352} INFO - Marking task as SUCCESS. dag_id=daily_stock_price_forecasting, task_id=train, run_id=manual__2025-11-01T00:06:50.228376+00:00, execution_date=20251101T000650, start_date=20251101T000653, end_date=20251101T000853
[2025-11-01T00:08:53.590+0000] {local_task_job_runner.py:266} INFO - Task exited with return code 0
[2025-11-01T00:08:53.608+0000] {local_task_job_runner.py:245} INFO - ::endgroup::
