[2025-11-25T00:07:36.646+0000] {local_task_job_runner.py:123} INFO - ::group::Pre task execution logs
[2025-11-25T00:07:36.661+0000] {taskinstance.py:2612} INFO - Dependencies all met for dep_context=non-requeueable deps ti=<TaskInstance: dbt_elt_pipeline.dbt_run manual__2025-11-25T00:07:36.227870+00:00 [queued]>
[2025-11-25T00:07:36.668+0000] {taskinstance.py:2612} INFO - Dependencies all met for dep_context=requeueable deps ti=<TaskInstance: dbt_elt_pipeline.dbt_run manual__2025-11-25T00:07:36.227870+00:00 [queued]>
[2025-11-25T00:07:36.669+0000] {taskinstance.py:2865} INFO - Starting attempt 1 of 1
[2025-11-25T00:07:36.679+0000] {taskinstance.py:2888} INFO - Executing <Task(BashOperator): dbt_run> on 2025-11-25 00:07:36.227870+00:00
[2025-11-25T00:07:36.688+0000] {logging_mixin.py:190} WARNING - /home/***/.local/lib/python3.12/site-packages/***/task/task_runner/standard_task_runner.py:70 DeprecationWarning: This process (pid=12046) is multi-threaded, use of fork() may lead to deadlocks in the child.
[2025-11-25T00:07:36.687+0000] {standard_task_runner.py:104} INFO - Running: ['***', 'tasks', 'run', 'dbt_elt_pipeline', 'dbt_run', 'manual__2025-11-25T00:07:36.227870+00:00', '--job-id', '287', '--raw', '--subdir', 'DAGS_FOLDER/elt_dbt_stock_pipeline.py', '--cfg-path', '/tmp/tmpinl3jdj2']
[2025-11-25T00:07:36.689+0000] {standard_task_runner.py:72} INFO - Started process 12049 to run task
[2025-11-25T00:07:36.689+0000] {standard_task_runner.py:105} INFO - Job 287: Subtask dbt_run
[2025-11-25T00:07:36.725+0000] {task_command.py:467} INFO - Running <TaskInstance: dbt_elt_pipeline.dbt_run manual__2025-11-25T00:07:36.227870+00:00 [running]> on host 70570c35513f
[2025-11-25T00:07:36.789+0000] {taskinstance.py:3131} INFO - Exporting env vars: AIRFLOW_CTX_DAG_OWNER='***' AIRFLOW_CTX_DAG_ID='dbt_elt_pipeline' AIRFLOW_CTX_TASK_ID='dbt_run' AIRFLOW_CTX_EXECUTION_DATE='2025-11-25T00:07:36.227870+00:00' AIRFLOW_CTX_TRY_NUMBER='1' AIRFLOW_CTX_DAG_RUN_ID='manual__2025-11-25T00:07:36.227870+00:00'
[2025-11-25T00:07:36.790+0000] {taskinstance.py:731} INFO - ::endgroup::
[2025-11-25T00:07:36.802+0000] {subprocess.py:63} INFO - Tmp dir root location: /tmp
[2025-11-25T00:07:36.804+0000] {subprocess.py:75} INFO - Running command: ['/usr/bin/bash', '-c', 'cd /opt/***/dbt/stock_analytics && dbt run --profiles-dir .']
[2025-11-25T00:07:36.813+0000] {subprocess.py:86} INFO - Output:
[2025-11-25T00:07:38.719+0000] {subprocess.py:93} INFO - [0m00:07:38  Running with dbt=1.8.7
[2025-11-25T00:07:39.663+0000] {subprocess.py:93} INFO - [0m00:07:39  Registered adapter: snowflake=1.8.4
[2025-11-25T00:07:40.177+0000] {subprocess.py:93} INFO - [0m00:07:40  Found 2 models, 1 snapshot, 9 data tests, 1 source, 460 macros
[2025-11-25T00:07:40.180+0000] {subprocess.py:93} INFO - [0m00:07:40
[2025-11-25T00:07:41.908+0000] {subprocess.py:93} INFO - [0m00:07:41  Concurrency: 1 threads (target='dev')
[2025-11-25T00:07:41.909+0000] {subprocess.py:93} INFO - [0m00:07:41
[2025-11-25T00:07:41.918+0000] {subprocess.py:93} INFO - [0m00:07:41  1 of 2 START sql view model ANALYTICS.stg_prices ............................... [RUN]
[2025-11-25T00:07:42.815+0000] {subprocess.py:93} INFO - [0m00:07:42  1 of 2 OK created sql view model ANALYTICS.stg_prices .......................... [[32mSUCCESS 1[0m in 0.89s]
[2025-11-25T00:07:42.818+0000] {subprocess.py:93} INFO - [0m00:07:42  2 of 2 START sql table model ANALYTICS.fact_indicators ......................... [RUN]
[2025-11-25T00:07:45.218+0000] {subprocess.py:93} INFO - [0m00:07:45  2 of 2 OK created sql table model ANALYTICS.fact_indicators .................... [[32mSUCCESS 1[0m in 2.40s]
[2025-11-25T00:07:45.221+0000] {subprocess.py:93} INFO - [0m00:07:45
[2025-11-25T00:07:45.222+0000] {subprocess.py:93} INFO - [0m00:07:45  Finished running 1 view model, 1 table model in 0 hours 0 minutes and 5.04 seconds (5.04s).
[2025-11-25T00:07:45.272+0000] {subprocess.py:93} INFO - [0m00:07:45
[2025-11-25T00:07:45.273+0000] {subprocess.py:93} INFO - [0m00:07:45  [32mCompleted successfully[0m
[2025-11-25T00:07:45.273+0000] {subprocess.py:93} INFO - [0m00:07:45
[2025-11-25T00:07:45.274+0000] {subprocess.py:93} INFO - [0m00:07:45  Done. PASS=2 WARN=0 ERROR=0 SKIP=0 TOTAL=2
[2025-11-25T00:07:45.998+0000] {subprocess.py:97} INFO - Command exited with return code 0
[2025-11-25T00:07:46.020+0000] {taskinstance.py:340} INFO - ::group::Post task execution logs
[2025-11-25T00:07:46.021+0000] {taskinstance.py:352} INFO - Marking task as SUCCESS. dag_id=dbt_elt_pipeline, task_id=dbt_run, run_id=manual__2025-11-25T00:07:36.227870+00:00, execution_date=20251125T000736, start_date=20251125T000736, end_date=20251125T000746
[2025-11-25T00:07:46.049+0000] {local_task_job_runner.py:266} INFO - Task exited with return code 0
[2025-11-25T00:07:46.069+0000] {taskinstance.py:3900} INFO - 1 downstream tasks scheduled from follow-on schedule check
[2025-11-25T00:07:46.073+0000] {local_task_job_runner.py:245} INFO - ::endgroup::
