[2025-11-06T20:43:44.650+0000] {processor.py:186} INFO - Started process (PID=230) to work on /opt/airflow/dags/daily_stock_ingestion.py
[2025-11-06T20:43:44.653+0000] {processor.py:914} INFO - Processing file /opt/airflow/dags/daily_stock_ingestion.py for tasks to queue
[2025-11-06T20:43:44.658+0000] {logging_mixin.py:190} INFO - [2025-11-06T20:43:44.658+0000] {dagbag.py:587} INFO - Filling up the DagBag from /opt/airflow/dags/daily_stock_ingestion.py
[2025-11-06T20:43:45.690+0000] {processor.py:925} INFO - DAG(s) 'daily_yfinance_stock_ingestion' retrieved from /opt/airflow/dags/daily_stock_ingestion.py
[2025-11-06T20:43:45.714+0000] {logging_mixin.py:190} INFO - [2025-11-06T20:43:45.713+0000] {dag.py:3229} INFO - Sync 1 DAGs
[2025-11-06T20:43:45.756+0000] {logging_mixin.py:190} INFO - [2025-11-06T20:43:45.756+0000] {dag.py:4156} INFO - Setting next_dagrun for daily_yfinance_stock_ingestion to 2025-11-06 00:00:00+00:00, run_after=2025-11-07 00:00:00+00:00
[2025-11-06T20:43:45.790+0000] {processor.py:208} INFO - Processing /opt/airflow/dags/daily_stock_ingestion.py took 1.157 seconds
[2025-11-06T20:44:16.249+0000] {processor.py:186} INFO - Started process (PID=373) to work on /opt/airflow/dags/daily_stock_ingestion.py
[2025-11-06T20:44:16.251+0000] {processor.py:914} INFO - Processing file /opt/airflow/dags/daily_stock_ingestion.py for tasks to queue
[2025-11-06T20:44:16.254+0000] {logging_mixin.py:190} INFO - [2025-11-06T20:44:16.254+0000] {dagbag.py:587} INFO - Filling up the DagBag from /opt/airflow/dags/daily_stock_ingestion.py
[2025-11-06T20:44:16.843+0000] {processor.py:925} INFO - DAG(s) 'daily_yfinance_stock_ingestion' retrieved from /opt/airflow/dags/daily_stock_ingestion.py
[2025-11-06T20:44:16.864+0000] {logging_mixin.py:190} INFO - [2025-11-06T20:44:16.864+0000] {dag.py:3229} INFO - Sync 1 DAGs
[2025-11-06T20:44:16.899+0000] {logging_mixin.py:190} INFO - [2025-11-06T20:44:16.898+0000] {dag.py:4156} INFO - Setting next_dagrun for daily_yfinance_stock_ingestion to 2025-11-06 00:00:00+00:00, run_after=2025-11-07 00:00:00+00:00
[2025-11-06T20:44:16.929+0000] {processor.py:208} INFO - Processing /opt/airflow/dags/daily_stock_ingestion.py took 0.687 seconds
[2025-11-06T20:44:47.197+0000] {processor.py:186} INFO - Started process (PID=389) to work on /opt/airflow/dags/daily_stock_ingestion.py
[2025-11-06T20:44:47.199+0000] {processor.py:914} INFO - Processing file /opt/airflow/dags/daily_stock_ingestion.py for tasks to queue
[2025-11-06T20:44:47.203+0000] {logging_mixin.py:190} INFO - [2025-11-06T20:44:47.202+0000] {dagbag.py:587} INFO - Filling up the DagBag from /opt/airflow/dags/daily_stock_ingestion.py
[2025-11-06T20:44:47.744+0000] {processor.py:925} INFO - DAG(s) 'daily_yfinance_stock_ingestion' retrieved from /opt/airflow/dags/daily_stock_ingestion.py
[2025-11-06T20:44:47.944+0000] {logging_mixin.py:190} INFO - [2025-11-06T20:44:47.763+0000] {dag.py:3229} INFO - Sync 1 DAGs
[2025-11-06T20:44:47.969+0000] {logging_mixin.py:190} INFO - [2025-11-06T20:44:47.969+0000] {dag.py:4156} INFO - Setting next_dagrun for daily_yfinance_stock_ingestion to 2025-11-06 00:00:00+00:00, run_after=2025-11-07 00:00:00+00:00
[2025-11-06T20:44:47.998+0000] {processor.py:208} INFO - Processing /opt/airflow/dags/daily_stock_ingestion.py took 0.809 seconds
[2025-11-06T20:45:18.289+0000] {processor.py:186} INFO - Started process (PID=405) to work on /opt/airflow/dags/daily_stock_ingestion.py
[2025-11-06T20:45:18.294+0000] {processor.py:914} INFO - Processing file /opt/airflow/dags/daily_stock_ingestion.py for tasks to queue
[2025-11-06T20:45:18.298+0000] {logging_mixin.py:190} INFO - [2025-11-06T20:45:18.298+0000] {dagbag.py:587} INFO - Filling up the DagBag from /opt/airflow/dags/daily_stock_ingestion.py
[2025-11-06T20:45:19.104+0000] {processor.py:925} INFO - DAG(s) 'daily_yfinance_stock_ingestion' retrieved from /opt/airflow/dags/daily_stock_ingestion.py
[2025-11-06T20:45:19.118+0000] {logging_mixin.py:190} INFO - [2025-11-06T20:45:19.117+0000] {dag.py:3229} INFO - Sync 1 DAGs
[2025-11-06T20:45:19.142+0000] {logging_mixin.py:190} INFO - [2025-11-06T20:45:19.142+0000] {dag.py:4156} INFO - Setting next_dagrun for daily_yfinance_stock_ingestion to 2025-11-06 00:00:00+00:00, run_after=2025-11-07 00:00:00+00:00
[2025-11-06T20:45:19.163+0000] {processor.py:208} INFO - Processing /opt/airflow/dags/daily_stock_ingestion.py took 0.883 seconds
[2025-11-06T20:45:49.320+0000] {processor.py:186} INFO - Started process (PID=420) to work on /opt/airflow/dags/daily_stock_ingestion.py
[2025-11-06T20:45:49.322+0000] {processor.py:914} INFO - Processing file /opt/airflow/dags/daily_stock_ingestion.py for tasks to queue
[2025-11-06T20:45:49.326+0000] {logging_mixin.py:190} INFO - [2025-11-06T20:45:49.325+0000] {dagbag.py:587} INFO - Filling up the DagBag from /opt/airflow/dags/daily_stock_ingestion.py
[2025-11-06T20:45:49.860+0000] {processor.py:925} INFO - DAG(s) 'daily_yfinance_stock_ingestion' retrieved from /opt/airflow/dags/daily_stock_ingestion.py
[2025-11-06T20:45:49.879+0000] {logging_mixin.py:190} INFO - [2025-11-06T20:45:49.878+0000] {dag.py:3229} INFO - Sync 1 DAGs
[2025-11-06T20:45:49.907+0000] {logging_mixin.py:190} INFO - [2025-11-06T20:45:49.907+0000] {dag.py:4156} INFO - Setting next_dagrun for daily_yfinance_stock_ingestion to 2025-11-06 00:00:00+00:00, run_after=2025-11-07 00:00:00+00:00
[2025-11-06T20:45:49.930+0000] {processor.py:208} INFO - Processing /opt/airflow/dags/daily_stock_ingestion.py took 0.618 seconds
[2025-11-06T20:46:20.765+0000] {processor.py:186} INFO - Started process (PID=446) to work on /opt/airflow/dags/daily_stock_ingestion.py
[2025-11-06T20:46:20.767+0000] {processor.py:914} INFO - Processing file /opt/airflow/dags/daily_stock_ingestion.py for tasks to queue
[2025-11-06T20:46:20.770+0000] {logging_mixin.py:190} INFO - [2025-11-06T20:46:20.769+0000] {dagbag.py:587} INFO - Filling up the DagBag from /opt/airflow/dags/daily_stock_ingestion.py
[2025-11-06T20:46:21.324+0000] {processor.py:925} INFO - DAG(s) 'daily_yfinance_stock_ingestion' retrieved from /opt/airflow/dags/daily_stock_ingestion.py
[2025-11-06T20:46:21.341+0000] {logging_mixin.py:190} INFO - [2025-11-06T20:46:21.340+0000] {dag.py:3229} INFO - Sync 1 DAGs
[2025-11-06T20:46:21.372+0000] {logging_mixin.py:190} INFO - [2025-11-06T20:46:21.372+0000] {dag.py:4156} INFO - Setting next_dagrun for daily_yfinance_stock_ingestion to 2025-11-06 00:00:00+00:00, run_after=2025-11-07 00:00:00+00:00
[2025-11-06T20:46:21.608+0000] {processor.py:208} INFO - Processing /opt/airflow/dags/daily_stock_ingestion.py took 0.850 seconds
[2025-11-06T20:46:51.991+0000] {processor.py:186} INFO - Started process (PID=463) to work on /opt/airflow/dags/daily_stock_ingestion.py
[2025-11-06T20:46:51.993+0000] {processor.py:914} INFO - Processing file /opt/airflow/dags/daily_stock_ingestion.py for tasks to queue
[2025-11-06T20:46:51.997+0000] {logging_mixin.py:190} INFO - [2025-11-06T20:46:51.996+0000] {dagbag.py:587} INFO - Filling up the DagBag from /opt/airflow/dags/daily_stock_ingestion.py
[2025-11-06T20:46:52.514+0000] {processor.py:925} INFO - DAG(s) 'daily_yfinance_stock_ingestion' retrieved from /opt/airflow/dags/daily_stock_ingestion.py
[2025-11-06T20:46:52.530+0000] {logging_mixin.py:190} INFO - [2025-11-06T20:46:52.529+0000] {dag.py:3229} INFO - Sync 1 DAGs
[2025-11-06T20:46:52.565+0000] {logging_mixin.py:190} INFO - [2025-11-06T20:46:52.564+0000] {dag.py:4156} INFO - Setting next_dagrun for daily_yfinance_stock_ingestion to 2025-11-06 00:00:00+00:00, run_after=2025-11-07 00:00:00+00:00
[2025-11-06T20:46:52.606+0000] {processor.py:208} INFO - Processing /opt/airflow/dags/daily_stock_ingestion.py took 0.623 seconds
[2025-11-06T20:47:23.029+0000] {processor.py:186} INFO - Started process (PID=478) to work on /opt/airflow/dags/daily_stock_ingestion.py
[2025-11-06T20:47:23.030+0000] {processor.py:914} INFO - Processing file /opt/airflow/dags/daily_stock_ingestion.py for tasks to queue
[2025-11-06T20:47:23.034+0000] {logging_mixin.py:190} INFO - [2025-11-06T20:47:23.034+0000] {dagbag.py:587} INFO - Filling up the DagBag from /opt/airflow/dags/daily_stock_ingestion.py
[2025-11-06T20:47:23.580+0000] {processor.py:925} INFO - DAG(s) 'daily_yfinance_stock_ingestion' retrieved from /opt/airflow/dags/daily_stock_ingestion.py
[2025-11-06T20:47:23.842+0000] {logging_mixin.py:190} INFO - [2025-11-06T20:47:23.841+0000] {dag.py:3229} INFO - Sync 1 DAGs
[2025-11-06T20:47:23.864+0000] {logging_mixin.py:190} INFO - [2025-11-06T20:47:23.864+0000] {dag.py:4156} INFO - Setting next_dagrun for daily_yfinance_stock_ingestion to 2025-11-06 00:00:00+00:00, run_after=2025-11-07 00:00:00+00:00
[2025-11-06T20:47:23.879+0000] {processor.py:208} INFO - Processing /opt/airflow/dags/daily_stock_ingestion.py took 0.859 seconds
[2025-11-06T20:47:54.430+0000] {processor.py:186} INFO - Started process (PID=494) to work on /opt/airflow/dags/daily_stock_ingestion.py
[2025-11-06T20:47:54.432+0000] {processor.py:914} INFO - Processing file /opt/airflow/dags/daily_stock_ingestion.py for tasks to queue
[2025-11-06T20:47:54.435+0000] {logging_mixin.py:190} INFO - [2025-11-06T20:47:54.435+0000] {dagbag.py:587} INFO - Filling up the DagBag from /opt/airflow/dags/daily_stock_ingestion.py
[2025-11-06T20:47:55.084+0000] {processor.py:925} INFO - DAG(s) 'daily_yfinance_stock_ingestion' retrieved from /opt/airflow/dags/daily_stock_ingestion.py
[2025-11-06T20:47:55.104+0000] {logging_mixin.py:190} INFO - [2025-11-06T20:47:55.103+0000] {dag.py:3229} INFO - Sync 1 DAGs
[2025-11-06T20:47:55.136+0000] {logging_mixin.py:190} INFO - [2025-11-06T20:47:55.135+0000] {dag.py:4156} INFO - Setting next_dagrun for daily_yfinance_stock_ingestion to 2025-11-06 00:00:00+00:00, run_after=2025-11-07 00:00:00+00:00
[2025-11-06T20:47:55.158+0000] {processor.py:208} INFO - Processing /opt/airflow/dags/daily_stock_ingestion.py took 0.738 seconds
[2025-11-06T20:48:25.417+0000] {processor.py:186} INFO - Started process (PID=510) to work on /opt/airflow/dags/daily_stock_ingestion.py
[2025-11-06T20:48:25.419+0000] {processor.py:914} INFO - Processing file /opt/airflow/dags/daily_stock_ingestion.py for tasks to queue
[2025-11-06T20:48:25.423+0000] {logging_mixin.py:190} INFO - [2025-11-06T20:48:25.422+0000] {dagbag.py:587} INFO - Filling up the DagBag from /opt/airflow/dags/daily_stock_ingestion.py
[2025-11-06T20:48:26.015+0000] {processor.py:925} INFO - DAG(s) 'daily_yfinance_stock_ingestion' retrieved from /opt/airflow/dags/daily_stock_ingestion.py
[2025-11-06T20:48:26.034+0000] {logging_mixin.py:190} INFO - [2025-11-06T20:48:26.033+0000] {dag.py:3229} INFO - Sync 1 DAGs
[2025-11-06T20:48:26.068+0000] {logging_mixin.py:190} INFO - [2025-11-06T20:48:26.068+0000] {dag.py:4156} INFO - Setting next_dagrun for daily_yfinance_stock_ingestion to 2025-11-06 00:00:00+00:00, run_after=2025-11-07 00:00:00+00:00
[2025-11-06T20:48:26.287+0000] {processor.py:208} INFO - Processing /opt/airflow/dags/daily_stock_ingestion.py took 0.876 seconds
[2025-11-06T20:48:56.495+0000] {processor.py:186} INFO - Started process (PID=526) to work on /opt/airflow/dags/daily_stock_ingestion.py
[2025-11-06T20:48:56.497+0000] {processor.py:914} INFO - Processing file /opt/airflow/dags/daily_stock_ingestion.py for tasks to queue
[2025-11-06T20:48:56.501+0000] {logging_mixin.py:190} INFO - [2025-11-06T20:48:56.500+0000] {dagbag.py:587} INFO - Filling up the DagBag from /opt/airflow/dags/daily_stock_ingestion.py
[2025-11-06T20:48:57.094+0000] {processor.py:925} INFO - DAG(s) 'daily_yfinance_stock_ingestion' retrieved from /opt/airflow/dags/daily_stock_ingestion.py
[2025-11-06T20:48:57.112+0000] {logging_mixin.py:190} INFO - [2025-11-06T20:48:57.111+0000] {dag.py:3229} INFO - Sync 1 DAGs
[2025-11-06T20:48:57.146+0000] {logging_mixin.py:190} INFO - [2025-11-06T20:48:57.146+0000] {dag.py:4156} INFO - Setting next_dagrun for daily_yfinance_stock_ingestion to 2025-11-06 00:00:00+00:00, run_after=2025-11-07 00:00:00+00:00
[2025-11-06T20:48:57.171+0000] {processor.py:208} INFO - Processing /opt/airflow/dags/daily_stock_ingestion.py took 0.688 seconds
[2025-11-06T20:49:27.457+0000] {processor.py:186} INFO - Started process (PID=542) to work on /opt/airflow/dags/daily_stock_ingestion.py
[2025-11-06T20:49:27.459+0000] {processor.py:914} INFO - Processing file /opt/airflow/dags/daily_stock_ingestion.py for tasks to queue
[2025-11-06T20:49:27.463+0000] {logging_mixin.py:190} INFO - [2025-11-06T20:49:27.463+0000] {dagbag.py:587} INFO - Filling up the DagBag from /opt/airflow/dags/daily_stock_ingestion.py
[2025-11-06T20:49:27.910+0000] {processor.py:925} INFO - DAG(s) 'daily_yfinance_stock_ingestion' retrieved from /opt/airflow/dags/daily_stock_ingestion.py
[2025-11-06T20:49:28.135+0000] {logging_mixin.py:190} INFO - [2025-11-06T20:49:28.134+0000] {dag.py:3229} INFO - Sync 1 DAGs
[2025-11-06T20:49:28.175+0000] {logging_mixin.py:190} INFO - [2025-11-06T20:49:28.175+0000] {dag.py:4156} INFO - Setting next_dagrun for daily_yfinance_stock_ingestion to 2025-11-06 00:00:00+00:00, run_after=2025-11-07 00:00:00+00:00
[2025-11-06T20:49:28.213+0000] {processor.py:208} INFO - Processing /opt/airflow/dags/daily_stock_ingestion.py took 0.764 seconds
[2025-11-06T20:49:58.581+0000] {processor.py:186} INFO - Started process (PID=568) to work on /opt/airflow/dags/daily_stock_ingestion.py
[2025-11-06T20:49:58.583+0000] {processor.py:914} INFO - Processing file /opt/airflow/dags/daily_stock_ingestion.py for tasks to queue
[2025-11-06T20:49:58.585+0000] {logging_mixin.py:190} INFO - [2025-11-06T20:49:58.585+0000] {dagbag.py:587} INFO - Filling up the DagBag from /opt/airflow/dags/daily_stock_ingestion.py
[2025-11-06T20:49:59.007+0000] {processor.py:925} INFO - DAG(s) 'daily_yfinance_stock_ingestion' retrieved from /opt/airflow/dags/daily_stock_ingestion.py
[2025-11-06T20:49:59.023+0000] {logging_mixin.py:190} INFO - [2025-11-06T20:49:59.022+0000] {dag.py:3229} INFO - Sync 1 DAGs
[2025-11-06T20:49:59.048+0000] {logging_mixin.py:190} INFO - [2025-11-06T20:49:59.048+0000] {dag.py:4156} INFO - Setting next_dagrun for daily_yfinance_stock_ingestion to 2025-11-06 00:00:00+00:00, run_after=2025-11-07 00:00:00+00:00
[2025-11-06T20:49:59.068+0000] {processor.py:208} INFO - Processing /opt/airflow/dags/daily_stock_ingestion.py took 0.495 seconds
[2025-11-06T20:50:29.373+0000] {processor.py:186} INFO - Started process (PID=585) to work on /opt/airflow/dags/daily_stock_ingestion.py
[2025-11-06T20:50:29.376+0000] {processor.py:914} INFO - Processing file /opt/airflow/dags/daily_stock_ingestion.py for tasks to queue
[2025-11-06T20:50:29.382+0000] {logging_mixin.py:190} INFO - [2025-11-06T20:50:29.381+0000] {dagbag.py:587} INFO - Filling up the DagBag from /opt/airflow/dags/daily_stock_ingestion.py
[2025-11-06T20:50:29.913+0000] {processor.py:925} INFO - DAG(s) 'daily_yfinance_stock_ingestion' retrieved from /opt/airflow/dags/daily_stock_ingestion.py
[2025-11-06T20:50:29.929+0000] {logging_mixin.py:190} INFO - [2025-11-06T20:50:29.928+0000] {dag.py:3229} INFO - Sync 1 DAGs
[2025-11-06T20:50:29.960+0000] {logging_mixin.py:190} INFO - [2025-11-06T20:50:29.959+0000] {dag.py:4156} INFO - Setting next_dagrun for daily_yfinance_stock_ingestion to 2025-11-06 00:00:00+00:00, run_after=2025-11-07 00:00:00+00:00
[2025-11-06T20:50:30.175+0000] {processor.py:208} INFO - Processing /opt/airflow/dags/daily_stock_ingestion.py took 0.812 seconds
[2025-11-06T20:51:00.385+0000] {processor.py:186} INFO - Started process (PID=601) to work on /opt/airflow/dags/daily_stock_ingestion.py
[2025-11-06T20:51:00.388+0000] {processor.py:914} INFO - Processing file /opt/airflow/dags/daily_stock_ingestion.py for tasks to queue
[2025-11-06T20:51:00.392+0000] {logging_mixin.py:190} INFO - [2025-11-06T20:51:00.392+0000] {dagbag.py:587} INFO - Filling up the DagBag from /opt/airflow/dags/daily_stock_ingestion.py
[2025-11-06T20:51:00.921+0000] {processor.py:925} INFO - DAG(s) 'daily_yfinance_stock_ingestion' retrieved from /opt/airflow/dags/daily_stock_ingestion.py
[2025-11-06T20:51:00.936+0000] {logging_mixin.py:190} INFO - [2025-11-06T20:51:00.936+0000] {dag.py:3229} INFO - Sync 1 DAGs
[2025-11-06T20:51:00.966+0000] {logging_mixin.py:190} INFO - [2025-11-06T20:51:00.966+0000] {dag.py:4156} INFO - Setting next_dagrun for daily_yfinance_stock_ingestion to 2025-11-06 00:00:00+00:00, run_after=2025-11-07 00:00:00+00:00
[2025-11-06T20:51:00.994+0000] {processor.py:208} INFO - Processing /opt/airflow/dags/daily_stock_ingestion.py took 0.616 seconds
[2025-11-06T20:51:31.234+0000] {processor.py:186} INFO - Started process (PID=622) to work on /opt/airflow/dags/daily_stock_ingestion.py
[2025-11-06T20:51:31.236+0000] {processor.py:914} INFO - Processing file /opt/airflow/dags/daily_stock_ingestion.py for tasks to queue
[2025-11-06T20:51:31.241+0000] {logging_mixin.py:190} INFO - [2025-11-06T20:51:31.240+0000] {dagbag.py:587} INFO - Filling up the DagBag from /opt/airflow/dags/daily_stock_ingestion.py
[2025-11-06T20:51:31.798+0000] {processor.py:925} INFO - DAG(s) 'daily_yfinance_stock_ingestion' retrieved from /opt/airflow/dags/daily_stock_ingestion.py
[2025-11-06T20:51:32.034+0000] {logging_mixin.py:190} INFO - [2025-11-06T20:51:32.033+0000] {dag.py:3229} INFO - Sync 1 DAGs
[2025-11-06T20:51:32.069+0000] {logging_mixin.py:190} INFO - [2025-11-06T20:51:32.069+0000] {dag.py:4156} INFO - Setting next_dagrun for daily_yfinance_stock_ingestion to 2025-11-06 00:00:00+00:00, run_after=2025-11-07 00:00:00+00:00
[2025-11-06T20:51:32.091+0000] {processor.py:208} INFO - Processing /opt/airflow/dags/daily_stock_ingestion.py took 0.868 seconds
[2025-11-06T20:52:02.411+0000] {processor.py:186} INFO - Started process (PID=638) to work on /opt/airflow/dags/daily_stock_ingestion.py
[2025-11-06T20:52:02.415+0000] {processor.py:914} INFO - Processing file /opt/airflow/dags/daily_stock_ingestion.py for tasks to queue
[2025-11-06T20:52:02.418+0000] {logging_mixin.py:190} INFO - [2025-11-06T20:52:02.418+0000] {dagbag.py:587} INFO - Filling up the DagBag from /opt/airflow/dags/daily_stock_ingestion.py
[2025-11-06T20:52:03.005+0000] {processor.py:925} INFO - DAG(s) 'daily_yfinance_stock_ingestion' retrieved from /opt/airflow/dags/daily_stock_ingestion.py
[2025-11-06T20:52:03.020+0000] {logging_mixin.py:190} INFO - [2025-11-06T20:52:03.019+0000] {dag.py:3229} INFO - Sync 1 DAGs
[2025-11-06T20:52:03.050+0000] {logging_mixin.py:190} INFO - [2025-11-06T20:52:03.049+0000] {dag.py:4156} INFO - Setting next_dagrun for daily_yfinance_stock_ingestion to 2025-11-06 00:00:00+00:00, run_after=2025-11-07 00:00:00+00:00
[2025-11-06T20:52:03.074+0000] {processor.py:208} INFO - Processing /opt/airflow/dags/daily_stock_ingestion.py took 0.674 seconds
[2025-11-06T20:52:33.378+0000] {processor.py:186} INFO - Started process (PID=654) to work on /opt/airflow/dags/daily_stock_ingestion.py
[2025-11-06T20:52:33.380+0000] {processor.py:914} INFO - Processing file /opt/airflow/dags/daily_stock_ingestion.py for tasks to queue
[2025-11-06T20:52:33.383+0000] {logging_mixin.py:190} INFO - [2025-11-06T20:52:33.383+0000] {dagbag.py:587} INFO - Filling up the DagBag from /opt/airflow/dags/daily_stock_ingestion.py
[2025-11-06T20:52:33.947+0000] {processor.py:925} INFO - DAG(s) 'daily_yfinance_stock_ingestion' retrieved from /opt/airflow/dags/daily_stock_ingestion.py
[2025-11-06T20:52:33.962+0000] {logging_mixin.py:190} INFO - [2025-11-06T20:52:33.961+0000] {dag.py:3229} INFO - Sync 1 DAGs
[2025-11-06T20:52:33.991+0000] {logging_mixin.py:190} INFO - [2025-11-06T20:52:33.991+0000] {dag.py:4156} INFO - Setting next_dagrun for daily_yfinance_stock_ingestion to 2025-11-06 00:00:00+00:00, run_after=2025-11-07 00:00:00+00:00
[2025-11-06T20:52:34.224+0000] {processor.py:208} INFO - Processing /opt/airflow/dags/daily_stock_ingestion.py took 0.853 seconds
[2025-11-06T20:53:04.346+0000] {processor.py:186} INFO - Started process (PID=670) to work on /opt/airflow/dags/daily_stock_ingestion.py
[2025-11-06T20:53:04.348+0000] {processor.py:914} INFO - Processing file /opt/airflow/dags/daily_stock_ingestion.py for tasks to queue
[2025-11-06T20:53:04.353+0000] {logging_mixin.py:190} INFO - [2025-11-06T20:53:04.352+0000] {dagbag.py:587} INFO - Filling up the DagBag from /opt/airflow/dags/daily_stock_ingestion.py
[2025-11-06T20:53:05.011+0000] {processor.py:925} INFO - DAG(s) 'daily_yfinance_stock_ingestion' retrieved from /opt/airflow/dags/daily_stock_ingestion.py
[2025-11-06T20:53:05.040+0000] {logging_mixin.py:190} INFO - [2025-11-06T20:53:05.038+0000] {dag.py:3229} INFO - Sync 1 DAGs
[2025-11-06T20:53:05.090+0000] {logging_mixin.py:190} INFO - [2025-11-06T20:53:05.089+0000] {dag.py:4156} INFO - Setting next_dagrun for daily_yfinance_stock_ingestion to 2025-11-06 00:00:00+00:00, run_after=2025-11-07 00:00:00+00:00
[2025-11-06T20:53:05.115+0000] {processor.py:208} INFO - Processing /opt/airflow/dags/daily_stock_ingestion.py took 0.779 seconds
[2025-11-06T20:53:36.112+0000] {processor.py:186} INFO - Started process (PID=686) to work on /opt/airflow/dags/daily_stock_ingestion.py
[2025-11-06T20:53:36.113+0000] {processor.py:914} INFO - Processing file /opt/airflow/dags/daily_stock_ingestion.py for tasks to queue
[2025-11-06T20:53:36.116+0000] {logging_mixin.py:190} INFO - [2025-11-06T20:53:36.116+0000] {dagbag.py:587} INFO - Filling up the DagBag from /opt/airflow/dags/daily_stock_ingestion.py
[2025-11-06T20:53:36.657+0000] {processor.py:925} INFO - DAG(s) 'daily_yfinance_stock_ingestion' retrieved from /opt/airflow/dags/daily_stock_ingestion.py
[2025-11-06T20:53:36.889+0000] {logging_mixin.py:190} INFO - [2025-11-06T20:53:36.888+0000] {dag.py:3229} INFO - Sync 1 DAGs
[2025-11-06T20:53:36.921+0000] {logging_mixin.py:190} INFO - [2025-11-06T20:53:36.921+0000] {dag.py:4156} INFO - Setting next_dagrun for daily_yfinance_stock_ingestion to 2025-11-06 00:00:00+00:00, run_after=2025-11-07 00:00:00+00:00
[2025-11-06T20:53:36.952+0000] {processor.py:208} INFO - Processing /opt/airflow/dags/daily_stock_ingestion.py took 0.850 seconds
[2025-11-06T20:54:07.224+0000] {processor.py:186} INFO - Started process (PID=702) to work on /opt/airflow/dags/daily_stock_ingestion.py
[2025-11-06T20:54:07.227+0000] {processor.py:914} INFO - Processing file /opt/airflow/dags/daily_stock_ingestion.py for tasks to queue
[2025-11-06T20:54:07.232+0000] {logging_mixin.py:190} INFO - [2025-11-06T20:54:07.232+0000] {dagbag.py:587} INFO - Filling up the DagBag from /opt/airflow/dags/daily_stock_ingestion.py
[2025-11-06T20:54:07.817+0000] {processor.py:925} INFO - DAG(s) 'daily_yfinance_stock_ingestion' retrieved from /opt/airflow/dags/daily_stock_ingestion.py
[2025-11-06T20:54:07.832+0000] {logging_mixin.py:190} INFO - [2025-11-06T20:54:07.832+0000] {dag.py:3229} INFO - Sync 1 DAGs
[2025-11-06T20:54:07.863+0000] {logging_mixin.py:190} INFO - [2025-11-06T20:54:07.863+0000] {dag.py:4156} INFO - Setting next_dagrun for daily_yfinance_stock_ingestion to 2025-11-06 00:00:00+00:00, run_after=2025-11-07 00:00:00+00:00
[2025-11-06T20:54:07.888+0000] {processor.py:208} INFO - Processing /opt/airflow/dags/daily_stock_ingestion.py took 0.675 seconds
[2025-11-06T20:54:38.491+0000] {processor.py:186} INFO - Started process (PID=718) to work on /opt/airflow/dags/daily_stock_ingestion.py
[2025-11-06T20:54:38.493+0000] {processor.py:914} INFO - Processing file /opt/airflow/dags/daily_stock_ingestion.py for tasks to queue
[2025-11-06T20:54:38.496+0000] {logging_mixin.py:190} INFO - [2025-11-06T20:54:38.496+0000] {dagbag.py:587} INFO - Filling up the DagBag from /opt/airflow/dags/daily_stock_ingestion.py
[2025-11-06T20:54:39.012+0000] {processor.py:925} INFO - DAG(s) 'daily_yfinance_stock_ingestion' retrieved from /opt/airflow/dags/daily_stock_ingestion.py
[2025-11-06T20:54:39.028+0000] {logging_mixin.py:190} INFO - [2025-11-06T20:54:39.027+0000] {dag.py:3229} INFO - Sync 1 DAGs
[2025-11-06T20:54:39.057+0000] {logging_mixin.py:190} INFO - [2025-11-06T20:54:39.056+0000] {dag.py:4156} INFO - Setting next_dagrun for daily_yfinance_stock_ingestion to 2025-11-06 00:00:00+00:00, run_after=2025-11-07 00:00:00+00:00
[2025-11-06T20:54:39.328+0000] {processor.py:208} INFO - Processing /opt/airflow/dags/daily_stock_ingestion.py took 0.844 seconds
[2025-11-06T20:55:09.449+0000] {processor.py:186} INFO - Started process (PID=728) to work on /opt/airflow/dags/daily_stock_ingestion.py
[2025-11-06T20:55:09.450+0000] {processor.py:914} INFO - Processing file /opt/airflow/dags/daily_stock_ingestion.py for tasks to queue
[2025-11-06T20:55:09.455+0000] {logging_mixin.py:190} INFO - [2025-11-06T20:55:09.454+0000] {dagbag.py:587} INFO - Filling up the DagBag from /opt/airflow/dags/daily_stock_ingestion.py
[2025-11-06T20:55:10.050+0000] {processor.py:925} INFO - DAG(s) 'daily_yfinance_stock_ingestion' retrieved from /opt/airflow/dags/daily_stock_ingestion.py
[2025-11-06T20:55:10.065+0000] {logging_mixin.py:190} INFO - [2025-11-06T20:55:10.064+0000] {dag.py:3229} INFO - Sync 1 DAGs
[2025-11-06T20:55:10.091+0000] {logging_mixin.py:190} INFO - [2025-11-06T20:55:10.090+0000] {dag.py:4156} INFO - Setting next_dagrun for daily_yfinance_stock_ingestion to 2025-11-06 00:00:00+00:00, run_after=2025-11-07 00:00:00+00:00
[2025-11-06T20:55:10.110+0000] {processor.py:208} INFO - Processing /opt/airflow/dags/daily_stock_ingestion.py took 0.671 seconds
[2025-11-06T20:55:40.344+0000] {processor.py:186} INFO - Started process (PID=744) to work on /opt/airflow/dags/daily_stock_ingestion.py
[2025-11-06T20:55:40.346+0000] {processor.py:914} INFO - Processing file /opt/airflow/dags/daily_stock_ingestion.py for tasks to queue
[2025-11-06T20:55:40.351+0000] {logging_mixin.py:190} INFO - [2025-11-06T20:55:40.350+0000] {dagbag.py:587} INFO - Filling up the DagBag from /opt/airflow/dags/daily_stock_ingestion.py
[2025-11-06T20:55:41.004+0000] {processor.py:925} INFO - DAG(s) 'daily_yfinance_stock_ingestion' retrieved from /opt/airflow/dags/daily_stock_ingestion.py
[2025-11-06T20:55:41.226+0000] {logging_mixin.py:190} INFO - [2025-11-06T20:55:41.021+0000] {dag.py:3229} INFO - Sync 1 DAGs
[2025-11-06T20:55:41.258+0000] {logging_mixin.py:190} INFO - [2025-11-06T20:55:41.258+0000] {dag.py:4156} INFO - Setting next_dagrun for daily_yfinance_stock_ingestion to 2025-11-06 00:00:00+00:00, run_after=2025-11-07 00:00:00+00:00
[2025-11-06T20:55:41.291+0000] {processor.py:208} INFO - Processing /opt/airflow/dags/daily_stock_ingestion.py took 0.957 seconds
[2025-11-06T20:56:11.492+0000] {processor.py:186} INFO - Started process (PID=770) to work on /opt/airflow/dags/daily_stock_ingestion.py
[2025-11-06T20:56:11.493+0000] {processor.py:914} INFO - Processing file /opt/airflow/dags/daily_stock_ingestion.py for tasks to queue
[2025-11-06T20:56:11.496+0000] {logging_mixin.py:190} INFO - [2025-11-06T20:56:11.496+0000] {dagbag.py:587} INFO - Filling up the DagBag from /opt/airflow/dags/daily_stock_ingestion.py
[2025-11-06T20:56:12.152+0000] {processor.py:925} INFO - DAG(s) 'daily_yfinance_stock_ingestion' retrieved from /opt/airflow/dags/daily_stock_ingestion.py
[2025-11-06T20:56:12.167+0000] {logging_mixin.py:190} INFO - [2025-11-06T20:56:12.166+0000] {dag.py:3229} INFO - Sync 1 DAGs
[2025-11-06T20:56:12.187+0000] {logging_mixin.py:190} INFO - [2025-11-06T20:56:12.187+0000] {dag.py:4156} INFO - Setting next_dagrun for daily_yfinance_stock_ingestion to 2025-11-06 00:00:00+00:00, run_after=2025-11-07 00:00:00+00:00
[2025-11-06T20:56:12.213+0000] {processor.py:208} INFO - Processing /opt/airflow/dags/daily_stock_ingestion.py took 0.727 seconds
[2025-11-06T20:56:42.545+0000] {processor.py:186} INFO - Started process (PID=786) to work on /opt/airflow/dags/daily_stock_ingestion.py
[2025-11-06T20:56:42.548+0000] {processor.py:914} INFO - Processing file /opt/airflow/dags/daily_stock_ingestion.py for tasks to queue
[2025-11-06T20:56:42.552+0000] {logging_mixin.py:190} INFO - [2025-11-06T20:56:42.552+0000] {dagbag.py:587} INFO - Filling up the DagBag from /opt/airflow/dags/daily_stock_ingestion.py
[2025-11-06T20:56:43.227+0000] {processor.py:925} INFO - DAG(s) 'daily_yfinance_stock_ingestion' retrieved from /opt/airflow/dags/daily_stock_ingestion.py
[2025-11-06T20:56:43.253+0000] {logging_mixin.py:190} INFO - [2025-11-06T20:56:43.252+0000] {dag.py:3229} INFO - Sync 1 DAGs
[2025-11-06T20:56:43.295+0000] {logging_mixin.py:190} INFO - [2025-11-06T20:56:43.294+0000] {dag.py:4156} INFO - Setting next_dagrun for daily_yfinance_stock_ingestion to 2025-11-06 00:00:00+00:00, run_after=2025-11-07 00:00:00+00:00
[2025-11-06T20:56:43.635+0000] {processor.py:208} INFO - Processing /opt/airflow/dags/daily_stock_ingestion.py took 1.102 seconds
[2025-11-06T20:57:13.812+0000] {processor.py:186} INFO - Started process (PID=802) to work on /opt/airflow/dags/daily_stock_ingestion.py
[2025-11-06T20:57:13.815+0000] {processor.py:914} INFO - Processing file /opt/airflow/dags/daily_stock_ingestion.py for tasks to queue
[2025-11-06T20:57:13.820+0000] {logging_mixin.py:190} INFO - [2025-11-06T20:57:13.819+0000] {dagbag.py:587} INFO - Filling up the DagBag from /opt/airflow/dags/daily_stock_ingestion.py
[2025-11-06T20:57:14.479+0000] {processor.py:925} INFO - DAG(s) 'daily_yfinance_stock_ingestion' retrieved from /opt/airflow/dags/daily_stock_ingestion.py
[2025-11-06T20:57:14.510+0000] {logging_mixin.py:190} INFO - [2025-11-06T20:57:14.508+0000] {dag.py:3229} INFO - Sync 1 DAGs
[2025-11-06T20:57:14.555+0000] {logging_mixin.py:190} INFO - [2025-11-06T20:57:14.554+0000] {dag.py:4156} INFO - Setting next_dagrun for daily_yfinance_stock_ingestion to 2025-11-06 00:00:00+00:00, run_after=2025-11-07 00:00:00+00:00
[2025-11-06T20:57:14.598+0000] {processor.py:208} INFO - Processing /opt/airflow/dags/daily_stock_ingestion.py took 0.799 seconds
[2025-11-06T20:57:44.789+0000] {processor.py:186} INFO - Started process (PID=823) to work on /opt/airflow/dags/daily_stock_ingestion.py
[2025-11-06T20:57:44.791+0000] {processor.py:914} INFO - Processing file /opt/airflow/dags/daily_stock_ingestion.py for tasks to queue
[2025-11-06T20:57:44.794+0000] {logging_mixin.py:190} INFO - [2025-11-06T20:57:44.794+0000] {dagbag.py:587} INFO - Filling up the DagBag from /opt/airflow/dags/daily_stock_ingestion.py
[2025-11-06T20:57:45.846+0000] {processor.py:925} INFO - DAG(s) 'daily_yfinance_stock_ingestion' retrieved from /opt/airflow/dags/daily_stock_ingestion.py
[2025-11-06T20:57:45.870+0000] {logging_mixin.py:190} INFO - [2025-11-06T20:57:45.870+0000] {dag.py:3229} INFO - Sync 1 DAGs
[2025-11-06T20:57:45.903+0000] {logging_mixin.py:190} INFO - [2025-11-06T20:57:45.903+0000] {dag.py:4156} INFO - Setting next_dagrun for daily_yfinance_stock_ingestion to 2025-11-06 00:00:00+00:00, run_after=2025-11-07 00:00:00+00:00
[2025-11-06T20:57:45.932+0000] {processor.py:208} INFO - Processing /opt/airflow/dags/daily_stock_ingestion.py took 1.153 seconds
[2025-11-06T20:58:16.192+0000] {processor.py:186} INFO - Started process (PID=839) to work on /opt/airflow/dags/daily_stock_ingestion.py
[2025-11-06T20:58:16.194+0000] {processor.py:914} INFO - Processing file /opt/airflow/dags/daily_stock_ingestion.py for tasks to queue
[2025-11-06T20:58:16.198+0000] {logging_mixin.py:190} INFO - [2025-11-06T20:58:16.197+0000] {dagbag.py:587} INFO - Filling up the DagBag from /opt/airflow/dags/daily_stock_ingestion.py
[2025-11-06T20:58:16.855+0000] {processor.py:925} INFO - DAG(s) 'daily_yfinance_stock_ingestion' retrieved from /opt/airflow/dags/daily_stock_ingestion.py
[2025-11-06T20:58:17.088+0000] {logging_mixin.py:190} INFO - [2025-11-06T20:58:17.087+0000] {dag.py:3229} INFO - Sync 1 DAGs
[2025-11-06T20:58:17.115+0000] {logging_mixin.py:190} INFO - [2025-11-06T20:58:17.115+0000] {dag.py:4156} INFO - Setting next_dagrun for daily_yfinance_stock_ingestion to 2025-11-06 00:00:00+00:00, run_after=2025-11-07 00:00:00+00:00
[2025-11-06T20:58:17.141+0000] {processor.py:208} INFO - Processing /opt/airflow/dags/daily_stock_ingestion.py took 0.958 seconds
[2025-11-06T20:58:47.649+0000] {processor.py:186} INFO - Started process (PID=855) to work on /opt/airflow/dags/daily_stock_ingestion.py
[2025-11-06T20:58:47.651+0000] {processor.py:914} INFO - Processing file /opt/airflow/dags/daily_stock_ingestion.py for tasks to queue
[2025-11-06T20:58:47.656+0000] {logging_mixin.py:190} INFO - [2025-11-06T20:58:47.656+0000] {dagbag.py:587} INFO - Filling up the DagBag from /opt/airflow/dags/daily_stock_ingestion.py
[2025-11-06T20:58:48.654+0000] {processor.py:925} INFO - DAG(s) 'daily_yfinance_stock_ingestion' retrieved from /opt/airflow/dags/daily_stock_ingestion.py
[2025-11-06T20:58:48.681+0000] {logging_mixin.py:190} INFO - [2025-11-06T20:58:48.680+0000] {dag.py:3229} INFO - Sync 1 DAGs
[2025-11-06T20:58:48.716+0000] {logging_mixin.py:190} INFO - [2025-11-06T20:58:48.715+0000] {dag.py:4156} INFO - Setting next_dagrun for daily_yfinance_stock_ingestion to 2025-11-06 00:00:00+00:00, run_after=2025-11-07 00:00:00+00:00
[2025-11-06T20:58:48.752+0000] {processor.py:208} INFO - Processing /opt/airflow/dags/daily_stock_ingestion.py took 1.114 seconds
[2025-11-06T20:59:18.922+0000] {processor.py:186} INFO - Started process (PID=871) to work on /opt/airflow/dags/daily_stock_ingestion.py
[2025-11-06T20:59:18.924+0000] {processor.py:914} INFO - Processing file /opt/airflow/dags/daily_stock_ingestion.py for tasks to queue
[2025-11-06T20:59:18.929+0000] {logging_mixin.py:190} INFO - [2025-11-06T20:59:18.928+0000] {dagbag.py:587} INFO - Filling up the DagBag from /opt/airflow/dags/daily_stock_ingestion.py
[2025-11-06T20:59:19.596+0000] {processor.py:925} INFO - DAG(s) 'daily_yfinance_stock_ingestion' retrieved from /opt/airflow/dags/daily_stock_ingestion.py
[2025-11-06T20:59:19.622+0000] {logging_mixin.py:190} INFO - [2025-11-06T20:59:19.621+0000] {dag.py:3229} INFO - Sync 1 DAGs
[2025-11-06T20:59:19.663+0000] {logging_mixin.py:190} INFO - [2025-11-06T20:59:19.662+0000] {dag.py:4156} INFO - Setting next_dagrun for daily_yfinance_stock_ingestion to 2025-11-06 00:00:00+00:00, run_after=2025-11-07 00:00:00+00:00
[2025-11-06T20:59:19.978+0000] {processor.py:208} INFO - Processing /opt/airflow/dags/daily_stock_ingestion.py took 1.068 seconds
[2025-11-06T20:59:51.875+0000] {processor.py:186} INFO - Started process (PID=887) to work on /opt/airflow/dags/daily_stock_ingestion.py
[2025-11-06T20:59:51.877+0000] {processor.py:914} INFO - Processing file /opt/airflow/dags/daily_stock_ingestion.py for tasks to queue
[2025-11-06T20:59:51.880+0000] {logging_mixin.py:190} INFO - [2025-11-06T20:59:51.880+0000] {dagbag.py:587} INFO - Filling up the DagBag from /opt/airflow/dags/daily_stock_ingestion.py
[2025-11-06T20:59:52.626+0000] {processor.py:925} INFO - DAG(s) 'daily_yfinance_stock_ingestion' retrieved from /opt/airflow/dags/daily_stock_ingestion.py
[2025-11-06T20:59:52.651+0000] {logging_mixin.py:190} INFO - [2025-11-06T20:59:52.649+0000] {dag.py:3229} INFO - Sync 1 DAGs
[2025-11-06T20:59:52.838+0000] {logging_mixin.py:190} INFO - [2025-11-06T20:59:52.837+0000] {dag.py:4156} INFO - Setting next_dagrun for daily_yfinance_stock_ingestion to 2025-11-06 00:00:00+00:00, run_after=2025-11-07 00:00:00+00:00
[2025-11-06T20:59:53.094+0000] {processor.py:208} INFO - Processing /opt/airflow/dags/daily_stock_ingestion.py took 1.225 seconds
[2025-11-06T21:00:23.251+0000] {processor.py:186} INFO - Started process (PID=903) to work on /opt/airflow/dags/daily_stock_ingestion.py
[2025-11-06T21:00:23.253+0000] {processor.py:914} INFO - Processing file /opt/airflow/dags/daily_stock_ingestion.py for tasks to queue
[2025-11-06T21:00:23.256+0000] {logging_mixin.py:190} INFO - [2025-11-06T21:00:23.256+0000] {dagbag.py:587} INFO - Filling up the DagBag from /opt/airflow/dags/daily_stock_ingestion.py
[2025-11-06T21:00:23.715+0000] {processor.py:925} INFO - DAG(s) 'daily_yfinance_stock_ingestion' retrieved from /opt/airflow/dags/daily_stock_ingestion.py
[2025-11-06T21:00:23.890+0000] {logging_mixin.py:190} INFO - [2025-11-06T21:00:23.889+0000] {dag.py:3229} INFO - Sync 1 DAGs
[2025-11-06T21:00:23.908+0000] {logging_mixin.py:190} INFO - [2025-11-06T21:00:23.908+0000] {dag.py:4156} INFO - Setting next_dagrun for daily_yfinance_stock_ingestion to 2025-11-06 00:00:00+00:00, run_after=2025-11-07 00:00:00+00:00
[2025-11-06T21:00:23.929+0000] {processor.py:208} INFO - Processing /opt/airflow/dags/daily_stock_ingestion.py took 0.686 seconds
[2025-11-06T21:00:55.518+0000] {processor.py:186} INFO - Started process (PID=919) to work on /opt/airflow/dags/daily_stock_ingestion.py
[2025-11-06T21:00:55.520+0000] {processor.py:914} INFO - Processing file /opt/airflow/dags/daily_stock_ingestion.py for tasks to queue
[2025-11-06T21:00:55.522+0000] {logging_mixin.py:190} INFO - [2025-11-06T21:00:55.522+0000] {dagbag.py:587} INFO - Filling up the DagBag from /opt/airflow/dags/daily_stock_ingestion.py
[2025-11-06T21:00:56.160+0000] {processor.py:925} INFO - DAG(s) 'daily_yfinance_stock_ingestion' retrieved from /opt/airflow/dags/daily_stock_ingestion.py
[2025-11-06T21:00:56.171+0000] {logging_mixin.py:190} INFO - [2025-11-06T21:00:56.171+0000] {dag.py:3229} INFO - Sync 1 DAGs
[2025-11-06T21:00:56.190+0000] {logging_mixin.py:190} INFO - [2025-11-06T21:00:56.190+0000] {dag.py:4156} INFO - Setting next_dagrun for daily_yfinance_stock_ingestion to 2025-11-06 00:00:00+00:00, run_after=2025-11-07 00:00:00+00:00
[2025-11-06T21:00:56.209+0000] {processor.py:208} INFO - Processing /opt/airflow/dags/daily_stock_ingestion.py took 0.698 seconds
[2025-11-06T21:01:27.697+0000] {processor.py:186} INFO - Started process (PID=935) to work on /opt/airflow/dags/daily_stock_ingestion.py
[2025-11-06T21:01:27.699+0000] {processor.py:914} INFO - Processing file /opt/airflow/dags/daily_stock_ingestion.py for tasks to queue
[2025-11-06T21:01:27.706+0000] {logging_mixin.py:190} INFO - [2025-11-06T21:01:27.704+0000] {dagbag.py:587} INFO - Filling up the DagBag from /opt/airflow/dags/daily_stock_ingestion.py
[2025-11-06T21:01:28.338+0000] {processor.py:925} INFO - DAG(s) 'daily_yfinance_stock_ingestion' retrieved from /opt/airflow/dags/daily_stock_ingestion.py
[2025-11-06T21:01:28.359+0000] {logging_mixin.py:190} INFO - [2025-11-06T21:01:28.358+0000] {dag.py:3229} INFO - Sync 1 DAGs
[2025-11-06T21:01:28.398+0000] {logging_mixin.py:190} INFO - [2025-11-06T21:01:28.397+0000] {dag.py:4156} INFO - Setting next_dagrun for daily_yfinance_stock_ingestion to 2025-11-06 00:00:00+00:00, run_after=2025-11-07 00:00:00+00:00
[2025-11-06T21:01:28.664+0000] {processor.py:208} INFO - Processing /opt/airflow/dags/daily_stock_ingestion.py took 0.975 seconds
[2025-11-06T21:02:00.331+0000] {processor.py:186} INFO - Started process (PID=951) to work on /opt/airflow/dags/daily_stock_ingestion.py
[2025-11-06T21:02:00.333+0000] {processor.py:914} INFO - Processing file /opt/airflow/dags/daily_stock_ingestion.py for tasks to queue
[2025-11-06T21:02:00.339+0000] {logging_mixin.py:190} INFO - [2025-11-06T21:02:00.338+0000] {dagbag.py:587} INFO - Filling up the DagBag from /opt/airflow/dags/daily_stock_ingestion.py
[2025-11-06T21:02:00.925+0000] {processor.py:925} INFO - DAG(s) 'daily_yfinance_stock_ingestion' retrieved from /opt/airflow/dags/daily_stock_ingestion.py
[2025-11-06T21:02:00.943+0000] {logging_mixin.py:190} INFO - [2025-11-06T21:02:00.942+0000] {dag.py:3229} INFO - Sync 1 DAGs
[2025-11-06T21:02:01.177+0000] {logging_mixin.py:190} INFO - [2025-11-06T21:02:01.177+0000] {dag.py:4156} INFO - Setting next_dagrun for daily_yfinance_stock_ingestion to 2025-11-06 00:00:00+00:00, run_after=2025-11-07 00:00:00+00:00
[2025-11-06T21:02:01.197+0000] {processor.py:208} INFO - Processing /opt/airflow/dags/daily_stock_ingestion.py took 0.880 seconds
[2025-11-06T21:02:32.863+0000] {processor.py:186} INFO - Started process (PID=967) to work on /opt/airflow/dags/daily_stock_ingestion.py
[2025-11-06T21:02:32.865+0000] {processor.py:914} INFO - Processing file /opt/airflow/dags/daily_stock_ingestion.py for tasks to queue
[2025-11-06T21:02:32.870+0000] {logging_mixin.py:190} INFO - [2025-11-06T21:02:32.870+0000] {dagbag.py:587} INFO - Filling up the DagBag from /opt/airflow/dags/daily_stock_ingestion.py
[2025-11-06T21:02:33.462+0000] {processor.py:925} INFO - DAG(s) 'daily_yfinance_stock_ingestion' retrieved from /opt/airflow/dags/daily_stock_ingestion.py
[2025-11-06T21:02:33.700+0000] {logging_mixin.py:190} INFO - [2025-11-06T21:02:33.699+0000] {dag.py:3229} INFO - Sync 1 DAGs
[2025-11-06T21:02:33.729+0000] {logging_mixin.py:190} INFO - [2025-11-06T21:02:33.728+0000] {dag.py:4156} INFO - Setting next_dagrun for daily_yfinance_stock_ingestion to 2025-11-06 00:00:00+00:00, run_after=2025-11-07 00:00:00+00:00
[2025-11-06T21:02:33.751+0000] {processor.py:208} INFO - Processing /opt/airflow/dags/daily_stock_ingestion.py took 0.898 seconds
[2025-11-06T21:03:04.510+0000] {processor.py:186} INFO - Started process (PID=982) to work on /opt/airflow/dags/daily_stock_ingestion.py
[2025-11-06T21:03:04.513+0000] {processor.py:914} INFO - Processing file /opt/airflow/dags/daily_stock_ingestion.py for tasks to queue
[2025-11-06T21:03:04.519+0000] {logging_mixin.py:190} INFO - [2025-11-06T21:03:04.518+0000] {dagbag.py:587} INFO - Filling up the DagBag from /opt/airflow/dags/daily_stock_ingestion.py
[2025-11-06T21:03:05.242+0000] {processor.py:925} INFO - DAG(s) 'daily_yfinance_stock_ingestion' retrieved from /opt/airflow/dags/daily_stock_ingestion.py
[2025-11-06T21:03:05.255+0000] {logging_mixin.py:190} INFO - [2025-11-06T21:03:05.254+0000] {dag.py:3229} INFO - Sync 1 DAGs
[2025-11-06T21:03:05.279+0000] {logging_mixin.py:190} INFO - [2025-11-06T21:03:05.278+0000] {dag.py:4156} INFO - Setting next_dagrun for daily_yfinance_stock_ingestion to 2025-11-06 00:00:00+00:00, run_after=2025-11-07 00:00:00+00:00
[2025-11-06T21:03:05.299+0000] {processor.py:208} INFO - Processing /opt/airflow/dags/daily_stock_ingestion.py took 0.803 seconds
[2025-11-06T21:03:36.905+0000] {processor.py:186} INFO - Started process (PID=998) to work on /opt/airflow/dags/daily_stock_ingestion.py
[2025-11-06T21:03:36.906+0000] {processor.py:914} INFO - Processing file /opt/airflow/dags/daily_stock_ingestion.py for tasks to queue
[2025-11-06T21:03:36.910+0000] {logging_mixin.py:190} INFO - [2025-11-06T21:03:36.910+0000] {dagbag.py:587} INFO - Filling up the DagBag from /opt/airflow/dags/daily_stock_ingestion.py
[2025-11-06T21:03:37.413+0000] {processor.py:925} INFO - DAG(s) 'daily_yfinance_stock_ingestion' retrieved from /opt/airflow/dags/daily_stock_ingestion.py
[2025-11-06T21:03:37.431+0000] {logging_mixin.py:190} INFO - [2025-11-06T21:03:37.430+0000] {dag.py:3229} INFO - Sync 1 DAGs
[2025-11-06T21:03:37.468+0000] {logging_mixin.py:190} INFO - [2025-11-06T21:03:37.468+0000] {dag.py:4156} INFO - Setting next_dagrun for daily_yfinance_stock_ingestion to 2025-11-06 00:00:00+00:00, run_after=2025-11-07 00:00:00+00:00
[2025-11-06T21:03:37.715+0000] {processor.py:208} INFO - Processing /opt/airflow/dags/daily_stock_ingestion.py took 0.817 seconds
[2025-11-06T21:04:09.537+0000] {processor.py:186} INFO - Started process (PID=1014) to work on /opt/airflow/dags/daily_stock_ingestion.py
[2025-11-06T21:04:09.538+0000] {processor.py:914} INFO - Processing file /opt/airflow/dags/daily_stock_ingestion.py for tasks to queue
[2025-11-06T21:04:09.542+0000] {logging_mixin.py:190} INFO - [2025-11-06T21:04:09.542+0000] {dagbag.py:587} INFO - Filling up the DagBag from /opt/airflow/dags/daily_stock_ingestion.py
[2025-11-06T21:04:10.125+0000] {processor.py:925} INFO - DAG(s) 'daily_yfinance_stock_ingestion' retrieved from /opt/airflow/dags/daily_stock_ingestion.py
[2025-11-06T21:04:10.144+0000] {logging_mixin.py:190} INFO - [2025-11-06T21:04:10.143+0000] {dag.py:3229} INFO - Sync 1 DAGs
[2025-11-06T21:04:10.450+0000] {logging_mixin.py:190} INFO - [2025-11-06T21:04:10.450+0000] {dag.py:4156} INFO - Setting next_dagrun for daily_yfinance_stock_ingestion to 2025-11-06 00:00:00+00:00, run_after=2025-11-07 00:00:00+00:00
[2025-11-06T21:04:10.473+0000] {processor.py:208} INFO - Processing /opt/airflow/dags/daily_stock_ingestion.py took 0.943 seconds
[2025-11-06T21:04:41.194+0000] {processor.py:186} INFO - Started process (PID=1030) to work on /opt/airflow/dags/daily_stock_ingestion.py
[2025-11-06T21:04:41.196+0000] {processor.py:914} INFO - Processing file /opt/airflow/dags/daily_stock_ingestion.py for tasks to queue
[2025-11-06T21:04:41.199+0000] {logging_mixin.py:190} INFO - [2025-11-06T21:04:41.199+0000] {dagbag.py:587} INFO - Filling up the DagBag from /opt/airflow/dags/daily_stock_ingestion.py
[2025-11-06T21:04:41.868+0000] {processor.py:925} INFO - DAG(s) 'daily_yfinance_stock_ingestion' retrieved from /opt/airflow/dags/daily_stock_ingestion.py
[2025-11-06T21:04:41.885+0000] {logging_mixin.py:190} INFO - [2025-11-06T21:04:41.885+0000] {dag.py:3229} INFO - Sync 1 DAGs
[2025-11-06T21:04:41.931+0000] {logging_mixin.py:190} INFO - [2025-11-06T21:04:41.931+0000] {dag.py:4156} INFO - Setting next_dagrun for daily_yfinance_stock_ingestion to 2025-11-06 00:00:00+00:00, run_after=2025-11-07 00:00:00+00:00
[2025-11-06T21:04:41.961+0000] {processor.py:208} INFO - Processing /opt/airflow/dags/daily_stock_ingestion.py took 0.775 seconds
[2025-11-06T21:05:13.640+0000] {processor.py:186} INFO - Started process (PID=1046) to work on /opt/airflow/dags/daily_stock_ingestion.py
[2025-11-06T21:05:13.642+0000] {processor.py:914} INFO - Processing file /opt/airflow/dags/daily_stock_ingestion.py for tasks to queue
[2025-11-06T21:05:13.646+0000] {logging_mixin.py:190} INFO - [2025-11-06T21:05:13.646+0000] {dagbag.py:587} INFO - Filling up the DagBag from /opt/airflow/dags/daily_stock_ingestion.py
[2025-11-06T21:05:14.414+0000] {processor.py:925} INFO - DAG(s) 'daily_yfinance_stock_ingestion' retrieved from /opt/airflow/dags/daily_stock_ingestion.py
[2025-11-06T21:05:14.431+0000] {logging_mixin.py:190} INFO - [2025-11-06T21:05:14.430+0000] {dag.py:3229} INFO - Sync 1 DAGs
[2025-11-06T21:05:14.454+0000] {logging_mixin.py:190} INFO - [2025-11-06T21:05:14.454+0000] {dag.py:4156} INFO - Setting next_dagrun for daily_yfinance_stock_ingestion to 2025-11-06 00:00:00+00:00, run_after=2025-11-07 00:00:00+00:00
[2025-11-06T21:05:14.476+0000] {processor.py:208} INFO - Processing /opt/airflow/dags/daily_stock_ingestion.py took 0.845 seconds
[2025-11-06T21:05:46.164+0000] {processor.py:186} INFO - Started process (PID=1062) to work on /opt/airflow/dags/daily_stock_ingestion.py
[2025-11-06T21:05:46.165+0000] {processor.py:914} INFO - Processing file /opt/airflow/dags/daily_stock_ingestion.py for tasks to queue
[2025-11-06T21:05:46.167+0000] {logging_mixin.py:190} INFO - [2025-11-06T21:05:46.167+0000] {dagbag.py:587} INFO - Filling up the DagBag from /opt/airflow/dags/daily_stock_ingestion.py
[2025-11-06T21:05:46.747+0000] {processor.py:925} INFO - DAG(s) 'daily_yfinance_stock_ingestion' retrieved from /opt/airflow/dags/daily_stock_ingestion.py
[2025-11-06T21:05:46.764+0000] {logging_mixin.py:190} INFO - [2025-11-06T21:05:46.763+0000] {dag.py:3229} INFO - Sync 1 DAGs
[2025-11-06T21:05:46.797+0000] {logging_mixin.py:190} INFO - [2025-11-06T21:05:46.797+0000] {dag.py:4156} INFO - Setting next_dagrun for daily_yfinance_stock_ingestion to 2025-11-06 00:00:00+00:00, run_after=2025-11-07 00:00:00+00:00
[2025-11-06T21:05:46.995+0000] {processor.py:208} INFO - Processing /opt/airflow/dags/daily_stock_ingestion.py took 0.837 seconds
