[2025-11-06T20:43:44.671+0000] {processor.py:186} INFO - Started process (PID=233) to work on /opt/airflow/dags/train_forecast_stock_prices.py
[2025-11-06T20:43:44.679+0000] {processor.py:914} INFO - Processing file /opt/airflow/dags/train_forecast_stock_prices.py for tasks to queue
[2025-11-06T20:43:44.685+0000] {logging_mixin.py:190} INFO - [2025-11-06T20:43:44.684+0000] {dagbag.py:587} INFO - Filling up the DagBag from /opt/airflow/dags/train_forecast_stock_prices.py
[2025-11-06T20:43:44.810+0000] {logging_mixin.py:190} INFO - [2025-11-06T20:43:44.810+0000] {base.py:84} INFO - Retrieving connection 'snowflake_conn'
[2025-11-06T20:43:44.812+0000] {logging_mixin.py:190} INFO - [2025-11-06T20:43:44.811+0000] {connection.py:413} INFO - Snowflake Connector for Python Version: 3.12.1, Python Version: 3.12.5, Platform: Linux-5.15.167.4-microsoft-standard-WSL2-x86_64-with-glibc2.36
[2025-11-06T20:43:44.813+0000] {logging_mixin.py:190} INFO - [2025-11-06T20:43:44.813+0000] {connection.py:1196} INFO - Connecting to GLOBAL Snowflake domain
[2025-11-06T20:43:44.814+0000] {logging_mixin.py:190} INFO - [2025-11-06T20:43:44.814+0000] {connection.py:1277} INFO - This connection is in OCSP Fail Open Mode. TLS Certificates would be checked for validity and revocation status. Any other Certificate Revocation related exceptions or OCSP Responder failures would be disregarded in favor of connectivity.
[2025-11-06T20:43:46.665+0000] {processor.py:925} INFO - DAG(s) 'daily_stock_price_forecasting' retrieved from /opt/airflow/dags/train_forecast_stock_prices.py
[2025-11-06T20:43:46.799+0000] {logging_mixin.py:190} INFO - [2025-11-06T20:43:46.799+0000] {dag.py:3229} INFO - Sync 1 DAGs
[2025-11-06T20:43:46.822+0000] {logging_mixin.py:190} INFO - [2025-11-06T20:43:46.822+0000] {dag.py:4156} INFO - Setting next_dagrun for daily_stock_price_forecasting to 2025-11-06 00:30:00+00:00, run_after=2025-11-07 00:30:00+00:00
[2025-11-06T20:43:46.850+0000] {processor.py:208} INFO - Processing /opt/airflow/dags/train_forecast_stock_prices.py took 2.195 seconds
[2025-11-06T20:44:17.001+0000] {processor.py:186} INFO - Started process (PID=378) to work on /opt/airflow/dags/train_forecast_stock_prices.py
[2025-11-06T20:44:17.002+0000] {processor.py:914} INFO - Processing file /opt/airflow/dags/train_forecast_stock_prices.py for tasks to queue
[2025-11-06T20:44:17.006+0000] {logging_mixin.py:190} INFO - [2025-11-06T20:44:17.006+0000] {dagbag.py:587} INFO - Filling up the DagBag from /opt/airflow/dags/train_forecast_stock_prices.py
[2025-11-06T20:44:17.052+0000] {logging_mixin.py:190} INFO - [2025-11-06T20:44:17.052+0000] {base.py:84} INFO - Retrieving connection 'snowflake_conn'
[2025-11-06T20:44:17.054+0000] {logging_mixin.py:190} INFO - [2025-11-06T20:44:17.054+0000] {connection.py:413} INFO - Snowflake Connector for Python Version: 3.12.1, Python Version: 3.12.5, Platform: Linux-5.15.167.4-microsoft-standard-WSL2-x86_64-with-glibc2.36
[2025-11-06T20:44:17.055+0000] {logging_mixin.py:190} INFO - [2025-11-06T20:44:17.055+0000] {connection.py:1196} INFO - Connecting to GLOBAL Snowflake domain
[2025-11-06T20:44:17.056+0000] {logging_mixin.py:190} INFO - [2025-11-06T20:44:17.056+0000] {connection.py:1277} INFO - This connection is in OCSP Fail Open Mode. TLS Certificates would be checked for validity and revocation status. Any other Certificate Revocation related exceptions or OCSP Responder failures would be disregarded in favor of connectivity.
[2025-11-06T20:44:17.616+0000] {processor.py:925} INFO - DAG(s) 'daily_stock_price_forecasting' retrieved from /opt/airflow/dags/train_forecast_stock_prices.py
[2025-11-06T20:44:17.736+0000] {logging_mixin.py:190} INFO - [2025-11-06T20:44:17.735+0000] {dag.py:3229} INFO - Sync 1 DAGs
[2025-11-06T20:44:17.764+0000] {logging_mixin.py:190} INFO - [2025-11-06T20:44:17.763+0000] {dag.py:4156} INFO - Setting next_dagrun for daily_stock_price_forecasting to 2025-11-06 00:30:00+00:00, run_after=2025-11-07 00:30:00+00:00
[2025-11-06T20:44:17.788+0000] {processor.py:208} INFO - Processing /opt/airflow/dags/train_forecast_stock_prices.py took 0.794 seconds
[2025-11-06T20:44:48.079+0000] {processor.py:186} INFO - Started process (PID=394) to work on /opt/airflow/dags/train_forecast_stock_prices.py
[2025-11-06T20:44:48.081+0000] {processor.py:914} INFO - Processing file /opt/airflow/dags/train_forecast_stock_prices.py for tasks to queue
[2025-11-06T20:44:48.084+0000] {logging_mixin.py:190} INFO - [2025-11-06T20:44:48.083+0000] {dagbag.py:587} INFO - Filling up the DagBag from /opt/airflow/dags/train_forecast_stock_prices.py
[2025-11-06T20:44:48.133+0000] {logging_mixin.py:190} INFO - [2025-11-06T20:44:48.133+0000] {base.py:84} INFO - Retrieving connection 'snowflake_conn'
[2025-11-06T20:44:48.135+0000] {logging_mixin.py:190} INFO - [2025-11-06T20:44:48.135+0000] {connection.py:413} INFO - Snowflake Connector for Python Version: 3.12.1, Python Version: 3.12.5, Platform: Linux-5.15.167.4-microsoft-standard-WSL2-x86_64-with-glibc2.36
[2025-11-06T20:44:48.137+0000] {logging_mixin.py:190} INFO - [2025-11-06T20:44:48.136+0000] {connection.py:1196} INFO - Connecting to GLOBAL Snowflake domain
[2025-11-06T20:44:48.137+0000] {logging_mixin.py:190} INFO - [2025-11-06T20:44:48.137+0000] {connection.py:1277} INFO - This connection is in OCSP Fail Open Mode. TLS Certificates would be checked for validity and revocation status. Any other Certificate Revocation related exceptions or OCSP Responder failures would be disregarded in favor of connectivity.
[2025-11-06T20:44:48.703+0000] {processor.py:925} INFO - DAG(s) 'daily_stock_price_forecasting' retrieved from /opt/airflow/dags/train_forecast_stock_prices.py
[2025-11-06T20:44:48.830+0000] {logging_mixin.py:190} INFO - [2025-11-06T20:44:48.829+0000] {dag.py:3229} INFO - Sync 1 DAGs
[2025-11-06T20:44:48.855+0000] {logging_mixin.py:190} INFO - [2025-11-06T20:44:48.855+0000] {dag.py:4156} INFO - Setting next_dagrun for daily_stock_price_forecasting to 2025-11-06 00:30:00+00:00, run_after=2025-11-07 00:30:00+00:00
[2025-11-06T20:44:48.879+0000] {processor.py:208} INFO - Processing /opt/airflow/dags/train_forecast_stock_prices.py took 0.809 seconds
[2025-11-06T20:45:19.227+0000] {processor.py:186} INFO - Started process (PID=410) to work on /opt/airflow/dags/train_forecast_stock_prices.py
[2025-11-06T20:45:19.228+0000] {processor.py:914} INFO - Processing file /opt/airflow/dags/train_forecast_stock_prices.py for tasks to queue
[2025-11-06T20:45:19.231+0000] {logging_mixin.py:190} INFO - [2025-11-06T20:45:19.230+0000] {dagbag.py:587} INFO - Filling up the DagBag from /opt/airflow/dags/train_forecast_stock_prices.py
[2025-11-06T20:45:19.276+0000] {logging_mixin.py:190} INFO - [2025-11-06T20:45:19.276+0000] {base.py:84} INFO - Retrieving connection 'snowflake_conn'
[2025-11-06T20:45:19.278+0000] {logging_mixin.py:190} INFO - [2025-11-06T20:45:19.278+0000] {connection.py:413} INFO - Snowflake Connector for Python Version: 3.12.1, Python Version: 3.12.5, Platform: Linux-5.15.167.4-microsoft-standard-WSL2-x86_64-with-glibc2.36
[2025-11-06T20:45:19.279+0000] {logging_mixin.py:190} INFO - [2025-11-06T20:45:19.279+0000] {connection.py:1196} INFO - Connecting to GLOBAL Snowflake domain
[2025-11-06T20:45:19.280+0000] {logging_mixin.py:190} INFO - [2025-11-06T20:45:19.280+0000] {connection.py:1277} INFO - This connection is in OCSP Fail Open Mode. TLS Certificates would be checked for validity and revocation status. Any other Certificate Revocation related exceptions or OCSP Responder failures would be disregarded in favor of connectivity.
[2025-11-06T20:45:19.754+0000] {processor.py:925} INFO - DAG(s) 'daily_stock_price_forecasting' retrieved from /opt/airflow/dags/train_forecast_stock_prices.py
[2025-11-06T20:45:19.852+0000] {logging_mixin.py:190} INFO - [2025-11-06T20:45:19.851+0000] {dag.py:3229} INFO - Sync 1 DAGs
[2025-11-06T20:45:19.877+0000] {logging_mixin.py:190} INFO - [2025-11-06T20:45:19.877+0000] {dag.py:4156} INFO - Setting next_dagrun for daily_stock_price_forecasting to 2025-11-06 00:30:00+00:00, run_after=2025-11-07 00:30:00+00:00
[2025-11-06T20:45:19.901+0000] {processor.py:208} INFO - Processing /opt/airflow/dags/train_forecast_stock_prices.py took 0.680 seconds
[2025-11-06T20:45:49.987+0000] {processor.py:186} INFO - Started process (PID=425) to work on /opt/airflow/dags/train_forecast_stock_prices.py
[2025-11-06T20:45:49.988+0000] {processor.py:914} INFO - Processing file /opt/airflow/dags/train_forecast_stock_prices.py for tasks to queue
[2025-11-06T20:45:49.991+0000] {logging_mixin.py:190} INFO - [2025-11-06T20:45:49.991+0000] {dagbag.py:587} INFO - Filling up the DagBag from /opt/airflow/dags/train_forecast_stock_prices.py
[2025-11-06T20:45:50.028+0000] {logging_mixin.py:190} INFO - [2025-11-06T20:45:50.028+0000] {base.py:84} INFO - Retrieving connection 'snowflake_conn'
[2025-11-06T20:45:50.030+0000] {logging_mixin.py:190} INFO - [2025-11-06T20:45:50.030+0000] {connection.py:413} INFO - Snowflake Connector for Python Version: 3.12.1, Python Version: 3.12.5, Platform: Linux-5.15.167.4-microsoft-standard-WSL2-x86_64-with-glibc2.36
[2025-11-06T20:45:50.032+0000] {logging_mixin.py:190} INFO - [2025-11-06T20:45:50.032+0000] {connection.py:1196} INFO - Connecting to GLOBAL Snowflake domain
[2025-11-06T20:45:50.033+0000] {logging_mixin.py:190} INFO - [2025-11-06T20:45:50.033+0000] {connection.py:1277} INFO - This connection is in OCSP Fail Open Mode. TLS Certificates would be checked for validity and revocation status. Any other Certificate Revocation related exceptions or OCSP Responder failures would be disregarded in favor of connectivity.
[2025-11-06T20:45:50.410+0000] {processor.py:925} INFO - DAG(s) 'daily_stock_price_forecasting' retrieved from /opt/airflow/dags/train_forecast_stock_prices.py
[2025-11-06T20:45:50.517+0000] {logging_mixin.py:190} INFO - [2025-11-06T20:45:50.517+0000] {dag.py:3229} INFO - Sync 1 DAGs
[2025-11-06T20:45:50.543+0000] {logging_mixin.py:190} INFO - [2025-11-06T20:45:50.542+0000] {dag.py:4156} INFO - Setting next_dagrun for daily_stock_price_forecasting to 2025-11-06 00:30:00+00:00, run_after=2025-11-07 00:30:00+00:00
[2025-11-06T20:45:50.566+0000] {processor.py:208} INFO - Processing /opt/airflow/dags/train_forecast_stock_prices.py took 0.586 seconds
[2025-11-06T20:46:20.769+0000] {processor.py:186} INFO - Started process (PID=449) to work on /opt/airflow/dags/train_forecast_stock_prices.py
[2025-11-06T20:46:20.770+0000] {processor.py:914} INFO - Processing file /opt/airflow/dags/train_forecast_stock_prices.py for tasks to queue
[2025-11-06T20:46:20.773+0000] {logging_mixin.py:190} INFO - [2025-11-06T20:46:20.773+0000] {dagbag.py:587} INFO - Filling up the DagBag from /opt/airflow/dags/train_forecast_stock_prices.py
[2025-11-06T20:46:20.821+0000] {logging_mixin.py:190} INFO - [2025-11-06T20:46:20.821+0000] {base.py:84} INFO - Retrieving connection 'snowflake_conn'
[2025-11-06T20:46:20.823+0000] {logging_mixin.py:190} INFO - [2025-11-06T20:46:20.822+0000] {connection.py:413} INFO - Snowflake Connector for Python Version: 3.12.1, Python Version: 3.12.5, Platform: Linux-5.15.167.4-microsoft-standard-WSL2-x86_64-with-glibc2.36
[2025-11-06T20:46:20.824+0000] {logging_mixin.py:190} INFO - [2025-11-06T20:46:20.824+0000] {connection.py:1196} INFO - Connecting to GLOBAL Snowflake domain
[2025-11-06T20:46:20.825+0000] {logging_mixin.py:190} INFO - [2025-11-06T20:46:20.825+0000] {connection.py:1277} INFO - This connection is in OCSP Fail Open Mode. TLS Certificates would be checked for validity and revocation status. Any other Certificate Revocation related exceptions or OCSP Responder failures would be disregarded in favor of connectivity.
[2025-11-06T20:46:21.533+0000] {processor.py:925} INFO - DAG(s) 'daily_stock_price_forecasting' retrieved from /opt/airflow/dags/train_forecast_stock_prices.py
[2025-11-06T20:46:21.649+0000] {logging_mixin.py:190} INFO - [2025-11-06T20:46:21.648+0000] {dag.py:3229} INFO - Sync 1 DAGs
[2025-11-06T20:46:21.683+0000] {logging_mixin.py:190} INFO - [2025-11-06T20:46:21.683+0000] {dag.py:4156} INFO - Setting next_dagrun for daily_stock_price_forecasting to 2025-11-06 00:30:00+00:00, run_after=2025-11-07 00:30:00+00:00
[2025-11-06T20:46:21.713+0000] {processor.py:208} INFO - Processing /opt/airflow/dags/train_forecast_stock_prices.py took 0.952 seconds
[2025-11-06T20:46:52.006+0000] {processor.py:186} INFO - Started process (PID=466) to work on /opt/airflow/dags/train_forecast_stock_prices.py
[2025-11-06T20:46:52.007+0000] {processor.py:914} INFO - Processing file /opt/airflow/dags/train_forecast_stock_prices.py for tasks to queue
[2025-11-06T20:46:52.010+0000] {logging_mixin.py:190} INFO - [2025-11-06T20:46:52.009+0000] {dagbag.py:587} INFO - Filling up the DagBag from /opt/airflow/dags/train_forecast_stock_prices.py
[2025-11-06T20:46:52.070+0000] {logging_mixin.py:190} INFO - [2025-11-06T20:46:52.070+0000] {base.py:84} INFO - Retrieving connection 'snowflake_conn'
[2025-11-06T20:46:52.076+0000] {logging_mixin.py:190} INFO - [2025-11-06T20:46:52.076+0000] {connection.py:413} INFO - Snowflake Connector for Python Version: 3.12.1, Python Version: 3.12.5, Platform: Linux-5.15.167.4-microsoft-standard-WSL2-x86_64-with-glibc2.36
[2025-11-06T20:46:52.078+0000] {logging_mixin.py:190} INFO - [2025-11-06T20:46:52.078+0000] {connection.py:1196} INFO - Connecting to GLOBAL Snowflake domain
[2025-11-06T20:46:52.079+0000] {logging_mixin.py:190} INFO - [2025-11-06T20:46:52.079+0000] {connection.py:1277} INFO - This connection is in OCSP Fail Open Mode. TLS Certificates would be checked for validity and revocation status. Any other Certificate Revocation related exceptions or OCSP Responder failures would be disregarded in favor of connectivity.
[2025-11-06T20:46:52.563+0000] {processor.py:925} INFO - DAG(s) 'daily_stock_price_forecasting' retrieved from /opt/airflow/dags/train_forecast_stock_prices.py
[2025-11-06T20:46:52.671+0000] {logging_mixin.py:190} INFO - [2025-11-06T20:46:52.671+0000] {dag.py:3229} INFO - Sync 1 DAGs
[2025-11-06T20:46:52.695+0000] {logging_mixin.py:190} INFO - [2025-11-06T20:46:52.695+0000] {dag.py:4156} INFO - Setting next_dagrun for daily_stock_price_forecasting to 2025-11-06 00:30:00+00:00, run_after=2025-11-07 00:30:00+00:00
[2025-11-06T20:46:52.722+0000] {processor.py:208} INFO - Processing /opt/airflow/dags/train_forecast_stock_prices.py took 0.723 seconds
[2025-11-06T20:47:23.042+0000] {processor.py:186} INFO - Started process (PID=481) to work on /opt/airflow/dags/train_forecast_stock_prices.py
[2025-11-06T20:47:23.043+0000] {processor.py:914} INFO - Processing file /opt/airflow/dags/train_forecast_stock_prices.py for tasks to queue
[2025-11-06T20:47:23.046+0000] {logging_mixin.py:190} INFO - [2025-11-06T20:47:23.046+0000] {dagbag.py:587} INFO - Filling up the DagBag from /opt/airflow/dags/train_forecast_stock_prices.py
[2025-11-06T20:47:23.102+0000] {logging_mixin.py:190} INFO - [2025-11-06T20:47:23.101+0000] {base.py:84} INFO - Retrieving connection 'snowflake_conn'
[2025-11-06T20:47:23.103+0000] {logging_mixin.py:190} INFO - [2025-11-06T20:47:23.103+0000] {connection.py:413} INFO - Snowflake Connector for Python Version: 3.12.1, Python Version: 3.12.5, Platform: Linux-5.15.167.4-microsoft-standard-WSL2-x86_64-with-glibc2.36
[2025-11-06T20:47:23.105+0000] {logging_mixin.py:190} INFO - [2025-11-06T20:47:23.104+0000] {connection.py:1196} INFO - Connecting to GLOBAL Snowflake domain
[2025-11-06T20:47:23.105+0000] {logging_mixin.py:190} INFO - [2025-11-06T20:47:23.105+0000] {connection.py:1277} INFO - This connection is in OCSP Fail Open Mode. TLS Certificates would be checked for validity and revocation status. Any other Certificate Revocation related exceptions or OCSP Responder failures would be disregarded in favor of connectivity.
[2025-11-06T20:47:23.668+0000] {processor.py:925} INFO - DAG(s) 'daily_stock_price_forecasting' retrieved from /opt/airflow/dags/train_forecast_stock_prices.py
[2025-11-06T20:47:23.807+0000] {logging_mixin.py:190} INFO - [2025-11-06T20:47:23.806+0000] {dag.py:3229} INFO - Sync 1 DAGs
[2025-11-06T20:47:23.833+0000] {logging_mixin.py:190} INFO - [2025-11-06T20:47:23.833+0000] {dag.py:4156} INFO - Setting next_dagrun for daily_stock_price_forecasting to 2025-11-06 00:30:00+00:00, run_after=2025-11-07 00:30:00+00:00
[2025-11-06T20:47:23.852+0000] {processor.py:208} INFO - Processing /opt/airflow/dags/train_forecast_stock_prices.py took 0.818 seconds
[2025-11-06T20:47:54.440+0000] {processor.py:186} INFO - Started process (PID=497) to work on /opt/airflow/dags/train_forecast_stock_prices.py
[2025-11-06T20:47:54.442+0000] {processor.py:914} INFO - Processing file /opt/airflow/dags/train_forecast_stock_prices.py for tasks to queue
[2025-11-06T20:47:54.446+0000] {logging_mixin.py:190} INFO - [2025-11-06T20:47:54.445+0000] {dagbag.py:587} INFO - Filling up the DagBag from /opt/airflow/dags/train_forecast_stock_prices.py
[2025-11-06T20:47:54.523+0000] {logging_mixin.py:190} INFO - [2025-11-06T20:47:54.522+0000] {base.py:84} INFO - Retrieving connection 'snowflake_conn'
[2025-11-06T20:47:54.525+0000] {logging_mixin.py:190} INFO - [2025-11-06T20:47:54.524+0000] {connection.py:413} INFO - Snowflake Connector for Python Version: 3.12.1, Python Version: 3.12.5, Platform: Linux-5.15.167.4-microsoft-standard-WSL2-x86_64-with-glibc2.36
[2025-11-06T20:47:54.526+0000] {logging_mixin.py:190} INFO - [2025-11-06T20:47:54.526+0000] {connection.py:1196} INFO - Connecting to GLOBAL Snowflake domain
[2025-11-06T20:47:54.528+0000] {logging_mixin.py:190} INFO - [2025-11-06T20:47:54.527+0000] {connection.py:1277} INFO - This connection is in OCSP Fail Open Mode. TLS Certificates would be checked for validity and revocation status. Any other Certificate Revocation related exceptions or OCSP Responder failures would be disregarded in favor of connectivity.
[2025-11-06T20:47:54.988+0000] {processor.py:925} INFO - DAG(s) 'daily_stock_price_forecasting' retrieved from /opt/airflow/dags/train_forecast_stock_prices.py
[2025-11-06T20:47:55.131+0000] {logging_mixin.py:190} INFO - [2025-11-06T20:47:55.130+0000] {dag.py:3229} INFO - Sync 1 DAGs
[2025-11-06T20:47:55.161+0000] {logging_mixin.py:190} INFO - [2025-11-06T20:47:55.160+0000] {dag.py:4156} INFO - Setting next_dagrun for daily_stock_price_forecasting to 2025-11-06 00:30:00+00:00, run_after=2025-11-07 00:30:00+00:00
[2025-11-06T20:47:55.190+0000] {processor.py:208} INFO - Processing /opt/airflow/dags/train_forecast_stock_prices.py took 0.756 seconds
[2025-11-06T20:48:25.428+0000] {processor.py:186} INFO - Started process (PID=513) to work on /opt/airflow/dags/train_forecast_stock_prices.py
[2025-11-06T20:48:25.430+0000] {processor.py:914} INFO - Processing file /opt/airflow/dags/train_forecast_stock_prices.py for tasks to queue
[2025-11-06T20:48:25.433+0000] {logging_mixin.py:190} INFO - [2025-11-06T20:48:25.433+0000] {dagbag.py:587} INFO - Filling up the DagBag from /opt/airflow/dags/train_forecast_stock_prices.py
[2025-11-06T20:48:25.498+0000] {logging_mixin.py:190} INFO - [2025-11-06T20:48:25.498+0000] {base.py:84} INFO - Retrieving connection 'snowflake_conn'
[2025-11-06T20:48:25.500+0000] {logging_mixin.py:190} INFO - [2025-11-06T20:48:25.500+0000] {connection.py:413} INFO - Snowflake Connector for Python Version: 3.12.1, Python Version: 3.12.5, Platform: Linux-5.15.167.4-microsoft-standard-WSL2-x86_64-with-glibc2.36
[2025-11-06T20:48:25.504+0000] {logging_mixin.py:190} INFO - [2025-11-06T20:48:25.503+0000] {connection.py:1196} INFO - Connecting to GLOBAL Snowflake domain
[2025-11-06T20:48:25.506+0000] {logging_mixin.py:190} INFO - [2025-11-06T20:48:25.506+0000] {connection.py:1277} INFO - This connection is in OCSP Fail Open Mode. TLS Certificates would be checked for validity and revocation status. Any other Certificate Revocation related exceptions or OCSP Responder failures would be disregarded in favor of connectivity.
[2025-11-06T20:48:25.949+0000] {processor.py:925} INFO - DAG(s) 'daily_stock_price_forecasting' retrieved from /opt/airflow/dags/train_forecast_stock_prices.py
[2025-11-06T20:48:26.067+0000] {logging_mixin.py:190} INFO - [2025-11-06T20:48:26.066+0000] {dag.py:3229} INFO - Sync 1 DAGs
[2025-11-06T20:48:26.096+0000] {logging_mixin.py:190} INFO - [2025-11-06T20:48:26.096+0000] {dag.py:4156} INFO - Setting next_dagrun for daily_stock_price_forecasting to 2025-11-06 00:30:00+00:00, run_after=2025-11-07 00:30:00+00:00
[2025-11-06T20:48:26.120+0000] {processor.py:208} INFO - Processing /opt/airflow/dags/train_forecast_stock_prices.py took 0.697 seconds
[2025-11-06T20:48:56.512+0000] {processor.py:186} INFO - Started process (PID=529) to work on /opt/airflow/dags/train_forecast_stock_prices.py
[2025-11-06T20:48:56.513+0000] {processor.py:914} INFO - Processing file /opt/airflow/dags/train_forecast_stock_prices.py for tasks to queue
[2025-11-06T20:48:56.517+0000] {logging_mixin.py:190} INFO - [2025-11-06T20:48:56.516+0000] {dagbag.py:587} INFO - Filling up the DagBag from /opt/airflow/dags/train_forecast_stock_prices.py
[2025-11-06T20:48:56.573+0000] {logging_mixin.py:190} INFO - [2025-11-06T20:48:56.573+0000] {base.py:84} INFO - Retrieving connection 'snowflake_conn'
[2025-11-06T20:48:56.575+0000] {logging_mixin.py:190} INFO - [2025-11-06T20:48:56.574+0000] {connection.py:413} INFO - Snowflake Connector for Python Version: 3.12.1, Python Version: 3.12.5, Platform: Linux-5.15.167.4-microsoft-standard-WSL2-x86_64-with-glibc2.36
[2025-11-06T20:48:56.576+0000] {logging_mixin.py:190} INFO - [2025-11-06T20:48:56.576+0000] {connection.py:1196} INFO - Connecting to GLOBAL Snowflake domain
[2025-11-06T20:48:56.577+0000] {logging_mixin.py:190} INFO - [2025-11-06T20:48:56.577+0000] {connection.py:1277} INFO - This connection is in OCSP Fail Open Mode. TLS Certificates would be checked for validity and revocation status. Any other Certificate Revocation related exceptions or OCSP Responder failures would be disregarded in favor of connectivity.
[2025-11-06T20:48:57.021+0000] {processor.py:925} INFO - DAG(s) 'daily_stock_price_forecasting' retrieved from /opt/airflow/dags/train_forecast_stock_prices.py
[2025-11-06T20:48:57.145+0000] {logging_mixin.py:190} INFO - [2025-11-06T20:48:57.144+0000] {dag.py:3229} INFO - Sync 1 DAGs
[2025-11-06T20:48:57.173+0000] {logging_mixin.py:190} INFO - [2025-11-06T20:48:57.173+0000] {dag.py:4156} INFO - Setting next_dagrun for daily_stock_price_forecasting to 2025-11-06 00:30:00+00:00, run_after=2025-11-07 00:30:00+00:00
[2025-11-06T20:48:57.199+0000] {processor.py:208} INFO - Processing /opt/airflow/dags/train_forecast_stock_prices.py took 0.694 seconds
[2025-11-06T20:49:27.469+0000] {processor.py:186} INFO - Started process (PID=545) to work on /opt/airflow/dags/train_forecast_stock_prices.py
[2025-11-06T20:49:27.470+0000] {processor.py:914} INFO - Processing file /opt/airflow/dags/train_forecast_stock_prices.py for tasks to queue
[2025-11-06T20:49:27.474+0000] {logging_mixin.py:190} INFO - [2025-11-06T20:49:27.473+0000] {dagbag.py:587} INFO - Filling up the DagBag from /opt/airflow/dags/train_forecast_stock_prices.py
[2025-11-06T20:49:27.542+0000] {logging_mixin.py:190} INFO - [2025-11-06T20:49:27.542+0000] {base.py:84} INFO - Retrieving connection 'snowflake_conn'
[2025-11-06T20:49:27.544+0000] {logging_mixin.py:190} INFO - [2025-11-06T20:49:27.544+0000] {connection.py:413} INFO - Snowflake Connector for Python Version: 3.12.1, Python Version: 3.12.5, Platform: Linux-5.15.167.4-microsoft-standard-WSL2-x86_64-with-glibc2.36
[2025-11-06T20:49:27.546+0000] {logging_mixin.py:190} INFO - [2025-11-06T20:49:27.546+0000] {connection.py:1196} INFO - Connecting to GLOBAL Snowflake domain
[2025-11-06T20:49:27.547+0000] {logging_mixin.py:190} INFO - [2025-11-06T20:49:27.547+0000] {connection.py:1277} INFO - This connection is in OCSP Fail Open Mode. TLS Certificates would be checked for validity and revocation status. Any other Certificate Revocation related exceptions or OCSP Responder failures would be disregarded in favor of connectivity.
[2025-11-06T20:49:28.040+0000] {processor.py:925} INFO - DAG(s) 'daily_stock_price_forecasting' retrieved from /opt/airflow/dags/train_forecast_stock_prices.py
[2025-11-06T20:49:28.174+0000] {logging_mixin.py:190} INFO - [2025-11-06T20:49:28.174+0000] {dag.py:3229} INFO - Sync 1 DAGs
[2025-11-06T20:49:28.216+0000] {logging_mixin.py:190} INFO - [2025-11-06T20:49:28.216+0000] {dag.py:4156} INFO - Setting next_dagrun for daily_stock_price_forecasting to 2025-11-06 00:30:00+00:00, run_after=2025-11-07 00:30:00+00:00
[2025-11-06T20:49:28.252+0000] {processor.py:208} INFO - Processing /opt/airflow/dags/train_forecast_stock_prices.py took 0.790 seconds
[2025-11-06T20:49:58.597+0000] {processor.py:186} INFO - Started process (PID=571) to work on /opt/airflow/dags/train_forecast_stock_prices.py
[2025-11-06T20:49:58.599+0000] {processor.py:914} INFO - Processing file /opt/airflow/dags/train_forecast_stock_prices.py for tasks to queue
[2025-11-06T20:49:58.601+0000] {logging_mixin.py:190} INFO - [2025-11-06T20:49:58.601+0000] {dagbag.py:587} INFO - Filling up the DagBag from /opt/airflow/dags/train_forecast_stock_prices.py
[2025-11-06T20:49:58.642+0000] {logging_mixin.py:190} INFO - [2025-11-06T20:49:58.642+0000] {base.py:84} INFO - Retrieving connection 'snowflake_conn'
[2025-11-06T20:49:58.644+0000] {logging_mixin.py:190} INFO - [2025-11-06T20:49:58.644+0000] {connection.py:413} INFO - Snowflake Connector for Python Version: 3.12.1, Python Version: 3.12.5, Platform: Linux-5.15.167.4-microsoft-standard-WSL2-x86_64-with-glibc2.36
[2025-11-06T20:49:58.645+0000] {logging_mixin.py:190} INFO - [2025-11-06T20:49:58.645+0000] {connection.py:1196} INFO - Connecting to GLOBAL Snowflake domain
[2025-11-06T20:49:58.646+0000] {logging_mixin.py:190} INFO - [2025-11-06T20:49:58.646+0000] {connection.py:1277} INFO - This connection is in OCSP Fail Open Mode. TLS Certificates would be checked for validity and revocation status. Any other Certificate Revocation related exceptions or OCSP Responder failures would be disregarded in favor of connectivity.
[2025-11-06T20:49:59.105+0000] {processor.py:925} INFO - DAG(s) 'daily_stock_price_forecasting' retrieved from /opt/airflow/dags/train_forecast_stock_prices.py
[2025-11-06T20:49:59.205+0000] {logging_mixin.py:190} INFO - [2025-11-06T20:49:59.204+0000] {dag.py:3229} INFO - Sync 1 DAGs
[2025-11-06T20:49:59.227+0000] {logging_mixin.py:190} INFO - [2025-11-06T20:49:59.227+0000] {dag.py:4156} INFO - Setting next_dagrun for daily_stock_price_forecasting to 2025-11-06 00:30:00+00:00, run_after=2025-11-07 00:30:00+00:00
[2025-11-06T20:49:59.250+0000] {processor.py:208} INFO - Processing /opt/airflow/dags/train_forecast_stock_prices.py took 0.659 seconds
[2025-11-06T20:50:29.387+0000] {processor.py:186} INFO - Started process (PID=588) to work on /opt/airflow/dags/train_forecast_stock_prices.py
[2025-11-06T20:50:29.389+0000] {processor.py:914} INFO - Processing file /opt/airflow/dags/train_forecast_stock_prices.py for tasks to queue
[2025-11-06T20:50:29.393+0000] {logging_mixin.py:190} INFO - [2025-11-06T20:50:29.393+0000] {dagbag.py:587} INFO - Filling up the DagBag from /opt/airflow/dags/train_forecast_stock_prices.py
[2025-11-06T20:50:29.469+0000] {logging_mixin.py:190} INFO - [2025-11-06T20:50:29.468+0000] {base.py:84} INFO - Retrieving connection 'snowflake_conn'
[2025-11-06T20:50:29.471+0000] {logging_mixin.py:190} INFO - [2025-11-06T20:50:29.470+0000] {connection.py:413} INFO - Snowflake Connector for Python Version: 3.12.1, Python Version: 3.12.5, Platform: Linux-5.15.167.4-microsoft-standard-WSL2-x86_64-with-glibc2.36
[2025-11-06T20:50:29.473+0000] {logging_mixin.py:190} INFO - [2025-11-06T20:50:29.472+0000] {connection.py:1196} INFO - Connecting to GLOBAL Snowflake domain
[2025-11-06T20:50:29.474+0000] {logging_mixin.py:190} INFO - [2025-11-06T20:50:29.473+0000] {connection.py:1277} INFO - This connection is in OCSP Fail Open Mode. TLS Certificates would be checked for validity and revocation status. Any other Certificate Revocation related exceptions or OCSP Responder failures would be disregarded in favor of connectivity.
[2025-11-06T20:50:29.920+0000] {processor.py:925} INFO - DAG(s) 'daily_stock_price_forecasting' retrieved from /opt/airflow/dags/train_forecast_stock_prices.py
[2025-11-06T20:50:30.029+0000] {logging_mixin.py:190} INFO - [2025-11-06T20:50:30.029+0000] {dag.py:3229} INFO - Sync 1 DAGs
[2025-11-06T20:50:30.055+0000] {logging_mixin.py:190} INFO - [2025-11-06T20:50:30.055+0000] {dag.py:4156} INFO - Setting next_dagrun for daily_stock_price_forecasting to 2025-11-06 00:30:00+00:00, run_after=2025-11-07 00:30:00+00:00
[2025-11-06T20:50:30.078+0000] {processor.py:208} INFO - Processing /opt/airflow/dags/train_forecast_stock_prices.py took 0.699 seconds
[2025-11-06T20:51:00.406+0000] {processor.py:186} INFO - Started process (PID=604) to work on /opt/airflow/dags/train_forecast_stock_prices.py
[2025-11-06T20:51:00.408+0000] {processor.py:914} INFO - Processing file /opt/airflow/dags/train_forecast_stock_prices.py for tasks to queue
[2025-11-06T20:51:00.411+0000] {logging_mixin.py:190} INFO - [2025-11-06T20:51:00.411+0000] {dagbag.py:587} INFO - Filling up the DagBag from /opt/airflow/dags/train_forecast_stock_prices.py
[2025-11-06T20:51:00.471+0000] {logging_mixin.py:190} INFO - [2025-11-06T20:51:00.471+0000] {base.py:84} INFO - Retrieving connection 'snowflake_conn'
[2025-11-06T20:51:00.473+0000] {logging_mixin.py:190} INFO - [2025-11-06T20:51:00.473+0000] {connection.py:413} INFO - Snowflake Connector for Python Version: 3.12.1, Python Version: 3.12.5, Platform: Linux-5.15.167.4-microsoft-standard-WSL2-x86_64-with-glibc2.36
[2025-11-06T20:51:00.474+0000] {logging_mixin.py:190} INFO - [2025-11-06T20:51:00.474+0000] {connection.py:1196} INFO - Connecting to GLOBAL Snowflake domain
[2025-11-06T20:51:00.475+0000] {logging_mixin.py:190} INFO - [2025-11-06T20:51:00.475+0000] {connection.py:1277} INFO - This connection is in OCSP Fail Open Mode. TLS Certificates would be checked for validity and revocation status. Any other Certificate Revocation related exceptions or OCSP Responder failures would be disregarded in favor of connectivity.
[2025-11-06T20:51:00.963+0000] {processor.py:925} INFO - DAG(s) 'daily_stock_price_forecasting' retrieved from /opt/airflow/dags/train_forecast_stock_prices.py
[2025-11-06T20:51:01.093+0000] {logging_mixin.py:190} INFO - [2025-11-06T20:51:01.092+0000] {dag.py:3229} INFO - Sync 1 DAGs
[2025-11-06T20:51:01.118+0000] {logging_mixin.py:190} INFO - [2025-11-06T20:51:01.118+0000] {dag.py:4156} INFO - Setting next_dagrun for daily_stock_price_forecasting to 2025-11-06 00:30:00+00:00, run_after=2025-11-07 00:30:00+00:00
[2025-11-06T20:51:01.147+0000] {processor.py:208} INFO - Processing /opt/airflow/dags/train_forecast_stock_prices.py took 0.747 seconds
[2025-11-06T20:51:31.354+0000] {processor.py:186} INFO - Started process (PID=625) to work on /opt/airflow/dags/train_forecast_stock_prices.py
[2025-11-06T20:51:31.356+0000] {processor.py:914} INFO - Processing file /opt/airflow/dags/train_forecast_stock_prices.py for tasks to queue
[2025-11-06T20:51:31.359+0000] {logging_mixin.py:190} INFO - [2025-11-06T20:51:31.358+0000] {dagbag.py:587} INFO - Filling up the DagBag from /opt/airflow/dags/train_forecast_stock_prices.py
[2025-11-06T20:51:31.419+0000] {logging_mixin.py:190} INFO - [2025-11-06T20:51:31.418+0000] {base.py:84} INFO - Retrieving connection 'snowflake_conn'
[2025-11-06T20:51:31.421+0000] {logging_mixin.py:190} INFO - [2025-11-06T20:51:31.420+0000] {connection.py:413} INFO - Snowflake Connector for Python Version: 3.12.1, Python Version: 3.12.5, Platform: Linux-5.15.167.4-microsoft-standard-WSL2-x86_64-with-glibc2.36
[2025-11-06T20:51:31.422+0000] {logging_mixin.py:190} INFO - [2025-11-06T20:51:31.422+0000] {connection.py:1196} INFO - Connecting to GLOBAL Snowflake domain
[2025-11-06T20:51:31.423+0000] {logging_mixin.py:190} INFO - [2025-11-06T20:51:31.423+0000] {connection.py:1277} INFO - This connection is in OCSP Fail Open Mode. TLS Certificates would be checked for validity and revocation status. Any other Certificate Revocation related exceptions or OCSP Responder failures would be disregarded in favor of connectivity.
[2025-11-06T20:51:31.862+0000] {processor.py:925} INFO - DAG(s) 'daily_stock_price_forecasting' retrieved from /opt/airflow/dags/train_forecast_stock_prices.py
[2025-11-06T20:51:31.979+0000] {logging_mixin.py:190} INFO - [2025-11-06T20:51:31.979+0000] {dag.py:3229} INFO - Sync 1 DAGs
[2025-11-06T20:51:32.013+0000] {logging_mixin.py:190} INFO - [2025-11-06T20:51:32.012+0000] {dag.py:4156} INFO - Setting next_dagrun for daily_stock_price_forecasting to 2025-11-06 00:30:00+00:00, run_after=2025-11-07 00:30:00+00:00
[2025-11-06T20:51:32.053+0000] {processor.py:208} INFO - Processing /opt/airflow/dags/train_forecast_stock_prices.py took 0.707 seconds
[2025-11-06T20:52:02.427+0000] {processor.py:186} INFO - Started process (PID=641) to work on /opt/airflow/dags/train_forecast_stock_prices.py
[2025-11-06T20:52:02.429+0000] {processor.py:914} INFO - Processing file /opt/airflow/dags/train_forecast_stock_prices.py for tasks to queue
[2025-11-06T20:52:02.435+0000] {logging_mixin.py:190} INFO - [2025-11-06T20:52:02.434+0000] {dagbag.py:587} INFO - Filling up the DagBag from /opt/airflow/dags/train_forecast_stock_prices.py
[2025-11-06T20:52:02.512+0000] {logging_mixin.py:190} INFO - [2025-11-06T20:52:02.511+0000] {base.py:84} INFO - Retrieving connection 'snowflake_conn'
[2025-11-06T20:52:02.514+0000] {logging_mixin.py:190} INFO - [2025-11-06T20:52:02.513+0000] {connection.py:413} INFO - Snowflake Connector for Python Version: 3.12.1, Python Version: 3.12.5, Platform: Linux-5.15.167.4-microsoft-standard-WSL2-x86_64-with-glibc2.36
[2025-11-06T20:52:02.515+0000] {logging_mixin.py:190} INFO - [2025-11-06T20:52:02.515+0000] {connection.py:1196} INFO - Connecting to GLOBAL Snowflake domain
[2025-11-06T20:52:02.516+0000] {logging_mixin.py:190} INFO - [2025-11-06T20:52:02.516+0000] {connection.py:1277} INFO - This connection is in OCSP Fail Open Mode. TLS Certificates would be checked for validity and revocation status. Any other Certificate Revocation related exceptions or OCSP Responder failures would be disregarded in favor of connectivity.
[2025-11-06T20:52:02.989+0000] {processor.py:925} INFO - DAG(s) 'daily_stock_price_forecasting' retrieved from /opt/airflow/dags/train_forecast_stock_prices.py
[2025-11-06T20:52:03.107+0000] {logging_mixin.py:190} INFO - [2025-11-06T20:52:03.106+0000] {dag.py:3229} INFO - Sync 1 DAGs
[2025-11-06T20:52:03.130+0000] {logging_mixin.py:190} INFO - [2025-11-06T20:52:03.130+0000] {dag.py:4156} INFO - Setting next_dagrun for daily_stock_price_forecasting to 2025-11-06 00:30:00+00:00, run_after=2025-11-07 00:30:00+00:00
[2025-11-06T20:52:03.155+0000] {processor.py:208} INFO - Processing /opt/airflow/dags/train_forecast_stock_prices.py took 0.739 seconds
[2025-11-06T20:52:33.392+0000] {processor.py:186} INFO - Started process (PID=657) to work on /opt/airflow/dags/train_forecast_stock_prices.py
[2025-11-06T20:52:33.393+0000] {processor.py:914} INFO - Processing file /opt/airflow/dags/train_forecast_stock_prices.py for tasks to queue
[2025-11-06T20:52:33.396+0000] {logging_mixin.py:190} INFO - [2025-11-06T20:52:33.396+0000] {dagbag.py:587} INFO - Filling up the DagBag from /opt/airflow/dags/train_forecast_stock_prices.py
[2025-11-06T20:52:33.456+0000] {logging_mixin.py:190} INFO - [2025-11-06T20:52:33.456+0000] {base.py:84} INFO - Retrieving connection 'snowflake_conn'
[2025-11-06T20:52:33.458+0000] {logging_mixin.py:190} INFO - [2025-11-06T20:52:33.458+0000] {connection.py:413} INFO - Snowflake Connector for Python Version: 3.12.1, Python Version: 3.12.5, Platform: Linux-5.15.167.4-microsoft-standard-WSL2-x86_64-with-glibc2.36
[2025-11-06T20:52:33.460+0000] {logging_mixin.py:190} INFO - [2025-11-06T20:52:33.460+0000] {connection.py:1196} INFO - Connecting to GLOBAL Snowflake domain
[2025-11-06T20:52:33.461+0000] {logging_mixin.py:190} INFO - [2025-11-06T20:52:33.461+0000] {connection.py:1277} INFO - This connection is in OCSP Fail Open Mode. TLS Certificates would be checked for validity and revocation status. Any other Certificate Revocation related exceptions or OCSP Responder failures would be disregarded in favor of connectivity.
[2025-11-06T20:52:33.889+0000] {processor.py:925} INFO - DAG(s) 'daily_stock_price_forecasting' retrieved from /opt/airflow/dags/train_forecast_stock_prices.py
[2025-11-06T20:52:34.010+0000] {logging_mixin.py:190} INFO - [2025-11-06T20:52:34.009+0000] {dag.py:3229} INFO - Sync 1 DAGs
[2025-11-06T20:52:34.044+0000] {logging_mixin.py:190} INFO - [2025-11-06T20:52:34.043+0000] {dag.py:4156} INFO - Setting next_dagrun for daily_stock_price_forecasting to 2025-11-06 00:30:00+00:00, run_after=2025-11-07 00:30:00+00:00
[2025-11-06T20:52:34.064+0000] {processor.py:208} INFO - Processing /opt/airflow/dags/train_forecast_stock_prices.py took 0.679 seconds
[2025-11-06T20:53:04.359+0000] {processor.py:186} INFO - Started process (PID=673) to work on /opt/airflow/dags/train_forecast_stock_prices.py
[2025-11-06T20:53:04.361+0000] {processor.py:914} INFO - Processing file /opt/airflow/dags/train_forecast_stock_prices.py for tasks to queue
[2025-11-06T20:53:04.365+0000] {logging_mixin.py:190} INFO - [2025-11-06T20:53:04.364+0000] {dagbag.py:587} INFO - Filling up the DagBag from /opt/airflow/dags/train_forecast_stock_prices.py
[2025-11-06T20:53:04.440+0000] {logging_mixin.py:190} INFO - [2025-11-06T20:53:04.440+0000] {base.py:84} INFO - Retrieving connection 'snowflake_conn'
[2025-11-06T20:53:04.442+0000] {logging_mixin.py:190} INFO - [2025-11-06T20:53:04.442+0000] {connection.py:413} INFO - Snowflake Connector for Python Version: 3.12.1, Python Version: 3.12.5, Platform: Linux-5.15.167.4-microsoft-standard-WSL2-x86_64-with-glibc2.36
[2025-11-06T20:53:04.444+0000] {logging_mixin.py:190} INFO - [2025-11-06T20:53:04.444+0000] {connection.py:1196} INFO - Connecting to GLOBAL Snowflake domain
[2025-11-06T20:53:04.445+0000] {logging_mixin.py:190} INFO - [2025-11-06T20:53:04.445+0000] {connection.py:1277} INFO - This connection is in OCSP Fail Open Mode. TLS Certificates would be checked for validity and revocation status. Any other Certificate Revocation related exceptions or OCSP Responder failures would be disregarded in favor of connectivity.
[2025-11-06T20:53:04.950+0000] {processor.py:925} INFO - DAG(s) 'daily_stock_price_forecasting' retrieved from /opt/airflow/dags/train_forecast_stock_prices.py
[2025-11-06T20:53:05.116+0000] {logging_mixin.py:190} INFO - [2025-11-06T20:53:05.116+0000] {dag.py:3229} INFO - Sync 1 DAGs
[2025-11-06T20:53:05.138+0000] {logging_mixin.py:190} INFO - [2025-11-06T20:53:05.137+0000] {dag.py:4156} INFO - Setting next_dagrun for daily_stock_price_forecasting to 2025-11-06 00:30:00+00:00, run_after=2025-11-07 00:30:00+00:00
[2025-11-06T20:53:05.163+0000] {processor.py:208} INFO - Processing /opt/airflow/dags/train_forecast_stock_prices.py took 0.812 seconds
[2025-11-06T20:53:36.125+0000] {processor.py:186} INFO - Started process (PID=689) to work on /opt/airflow/dags/train_forecast_stock_prices.py
[2025-11-06T20:53:36.127+0000] {processor.py:914} INFO - Processing file /opt/airflow/dags/train_forecast_stock_prices.py for tasks to queue
[2025-11-06T20:53:36.130+0000] {logging_mixin.py:190} INFO - [2025-11-06T20:53:36.129+0000] {dagbag.py:587} INFO - Filling up the DagBag from /opt/airflow/dags/train_forecast_stock_prices.py
[2025-11-06T20:53:36.182+0000] {logging_mixin.py:190} INFO - [2025-11-06T20:53:36.181+0000] {base.py:84} INFO - Retrieving connection 'snowflake_conn'
[2025-11-06T20:53:36.183+0000] {logging_mixin.py:190} INFO - [2025-11-06T20:53:36.183+0000] {connection.py:413} INFO - Snowflake Connector for Python Version: 3.12.1, Python Version: 3.12.5, Platform: Linux-5.15.167.4-microsoft-standard-WSL2-x86_64-with-glibc2.36
[2025-11-06T20:53:36.184+0000] {logging_mixin.py:190} INFO - [2025-11-06T20:53:36.184+0000] {connection.py:1196} INFO - Connecting to GLOBAL Snowflake domain
[2025-11-06T20:53:36.185+0000] {logging_mixin.py:190} INFO - [2025-11-06T20:53:36.185+0000] {connection.py:1277} INFO - This connection is in OCSP Fail Open Mode. TLS Certificates would be checked for validity and revocation status. Any other Certificate Revocation related exceptions or OCSP Responder failures would be disregarded in favor of connectivity.
[2025-11-06T20:53:37.183+0000] {processor.py:925} INFO - DAG(s) 'daily_stock_price_forecasting' retrieved from /opt/airflow/dags/train_forecast_stock_prices.py
[2025-11-06T20:53:37.309+0000] {logging_mixin.py:190} INFO - [2025-11-06T20:53:37.308+0000] {dag.py:3229} INFO - Sync 1 DAGs
[2025-11-06T20:53:37.339+0000] {logging_mixin.py:190} INFO - [2025-11-06T20:53:37.338+0000] {dag.py:4156} INFO - Setting next_dagrun for daily_stock_price_forecasting to 2025-11-06 00:30:00+00:00, run_after=2025-11-07 00:30:00+00:00
[2025-11-06T20:53:37.378+0000] {processor.py:208} INFO - Processing /opt/airflow/dags/train_forecast_stock_prices.py took 1.261 seconds
[2025-11-06T20:54:07.966+0000] {processor.py:186} INFO - Started process (PID=707) to work on /opt/airflow/dags/train_forecast_stock_prices.py
[2025-11-06T20:54:07.968+0000] {processor.py:914} INFO - Processing file /opt/airflow/dags/train_forecast_stock_prices.py for tasks to queue
[2025-11-06T20:54:07.971+0000] {logging_mixin.py:190} INFO - [2025-11-06T20:54:07.971+0000] {dagbag.py:587} INFO - Filling up the DagBag from /opt/airflow/dags/train_forecast_stock_prices.py
[2025-11-06T20:54:08.032+0000] {logging_mixin.py:190} INFO - [2025-11-06T20:54:08.032+0000] {base.py:84} INFO - Retrieving connection 'snowflake_conn'
[2025-11-06T20:54:08.034+0000] {logging_mixin.py:190} INFO - [2025-11-06T20:54:08.034+0000] {connection.py:413} INFO - Snowflake Connector for Python Version: 3.12.1, Python Version: 3.12.5, Platform: Linux-5.15.167.4-microsoft-standard-WSL2-x86_64-with-glibc2.36
[2025-11-06T20:54:08.036+0000] {logging_mixin.py:190} INFO - [2025-11-06T20:54:08.036+0000] {connection.py:1196} INFO - Connecting to GLOBAL Snowflake domain
[2025-11-06T20:54:08.037+0000] {logging_mixin.py:190} INFO - [2025-11-06T20:54:08.037+0000] {connection.py:1277} INFO - This connection is in OCSP Fail Open Mode. TLS Certificates would be checked for validity and revocation status. Any other Certificate Revocation related exceptions or OCSP Responder failures would be disregarded in favor of connectivity.
[2025-11-06T20:54:08.641+0000] {processor.py:925} INFO - DAG(s) 'daily_stock_price_forecasting' retrieved from /opt/airflow/dags/train_forecast_stock_prices.py
[2025-11-06T20:54:08.771+0000] {logging_mixin.py:190} INFO - [2025-11-06T20:54:08.769+0000] {dag.py:3229} INFO - Sync 1 DAGs
[2025-11-06T20:54:08.802+0000] {logging_mixin.py:190} INFO - [2025-11-06T20:54:08.802+0000] {dag.py:4156} INFO - Setting next_dagrun for daily_stock_price_forecasting to 2025-11-06 00:30:00+00:00, run_after=2025-11-07 00:30:00+00:00
[2025-11-06T20:54:08.841+0000] {processor.py:208} INFO - Processing /opt/airflow/dags/train_forecast_stock_prices.py took 0.883 seconds
[2025-11-06T20:54:39.400+0000] {processor.py:186} INFO - Started process (PID=723) to work on /opt/airflow/dags/train_forecast_stock_prices.py
[2025-11-06T20:54:39.402+0000] {processor.py:914} INFO - Processing file /opt/airflow/dags/train_forecast_stock_prices.py for tasks to queue
[2025-11-06T20:54:39.404+0000] {logging_mixin.py:190} INFO - [2025-11-06T20:54:39.404+0000] {dagbag.py:587} INFO - Filling up the DagBag from /opt/airflow/dags/train_forecast_stock_prices.py
[2025-11-06T20:54:39.449+0000] {logging_mixin.py:190} INFO - [2025-11-06T20:54:39.448+0000] {base.py:84} INFO - Retrieving connection 'snowflake_conn'
[2025-11-06T20:54:39.450+0000] {logging_mixin.py:190} INFO - [2025-11-06T20:54:39.450+0000] {connection.py:413} INFO - Snowflake Connector for Python Version: 3.12.1, Python Version: 3.12.5, Platform: Linux-5.15.167.4-microsoft-standard-WSL2-x86_64-with-glibc2.36
[2025-11-06T20:54:39.452+0000] {logging_mixin.py:190} INFO - [2025-11-06T20:54:39.452+0000] {connection.py:1196} INFO - Connecting to GLOBAL Snowflake domain
[2025-11-06T20:54:39.453+0000] {logging_mixin.py:190} INFO - [2025-11-06T20:54:39.453+0000] {connection.py:1277} INFO - This connection is in OCSP Fail Open Mode. TLS Certificates would be checked for validity and revocation status. Any other Certificate Revocation related exceptions or OCSP Responder failures would be disregarded in favor of connectivity.
[2025-11-06T20:54:39.927+0000] {processor.py:925} INFO - DAG(s) 'daily_stock_price_forecasting' retrieved from /opt/airflow/dags/train_forecast_stock_prices.py
[2025-11-06T20:54:40.044+0000] {logging_mixin.py:190} INFO - [2025-11-06T20:54:40.043+0000] {dag.py:3229} INFO - Sync 1 DAGs
[2025-11-06T20:54:40.066+0000] {logging_mixin.py:190} INFO - [2025-11-06T20:54:40.066+0000] {dag.py:4156} INFO - Setting next_dagrun for daily_stock_price_forecasting to 2025-11-06 00:30:00+00:00, run_after=2025-11-07 00:30:00+00:00
[2025-11-06T20:54:40.088+0000] {processor.py:208} INFO - Processing /opt/airflow/dags/train_forecast_stock_prices.py took 0.694 seconds
[2025-11-06T20:55:10.172+0000] {processor.py:186} INFO - Started process (PID=739) to work on /opt/airflow/dags/train_forecast_stock_prices.py
[2025-11-06T20:55:10.173+0000] {processor.py:914} INFO - Processing file /opt/airflow/dags/train_forecast_stock_prices.py for tasks to queue
[2025-11-06T20:55:10.177+0000] {logging_mixin.py:190} INFO - [2025-11-06T20:55:10.176+0000] {dagbag.py:587} INFO - Filling up the DagBag from /opt/airflow/dags/train_forecast_stock_prices.py
[2025-11-06T20:55:10.234+0000] {logging_mixin.py:190} INFO - [2025-11-06T20:55:10.234+0000] {base.py:84} INFO - Retrieving connection 'snowflake_conn'
[2025-11-06T20:55:10.237+0000] {logging_mixin.py:190} INFO - [2025-11-06T20:55:10.236+0000] {connection.py:413} INFO - Snowflake Connector for Python Version: 3.12.1, Python Version: 3.12.5, Platform: Linux-5.15.167.4-microsoft-standard-WSL2-x86_64-with-glibc2.36
[2025-11-06T20:55:10.239+0000] {logging_mixin.py:190} INFO - [2025-11-06T20:55:10.238+0000] {connection.py:1196} INFO - Connecting to GLOBAL Snowflake domain
[2025-11-06T20:55:10.240+0000] {logging_mixin.py:190} INFO - [2025-11-06T20:55:10.239+0000] {connection.py:1277} INFO - This connection is in OCSP Fail Open Mode. TLS Certificates would be checked for validity and revocation status. Any other Certificate Revocation related exceptions or OCSP Responder failures would be disregarded in favor of connectivity.
[2025-11-06T20:55:10.649+0000] {processor.py:925} INFO - DAG(s) 'daily_stock_price_forecasting' retrieved from /opt/airflow/dags/train_forecast_stock_prices.py
[2025-11-06T20:55:10.784+0000] {logging_mixin.py:190} INFO - [2025-11-06T20:55:10.783+0000] {dag.py:3229} INFO - Sync 1 DAGs
[2025-11-06T20:55:10.820+0000] {logging_mixin.py:190} INFO - [2025-11-06T20:55:10.820+0000] {dag.py:4156} INFO - Setting next_dagrun for daily_stock_price_forecasting to 2025-11-06 00:30:00+00:00, run_after=2025-11-07 00:30:00+00:00
[2025-11-06T20:55:10.865+0000] {processor.py:208} INFO - Processing /opt/airflow/dags/train_forecast_stock_prices.py took 0.702 seconds
[2025-11-06T20:55:41.005+0000] {processor.py:186} INFO - Started process (PID=747) to work on /opt/airflow/dags/train_forecast_stock_prices.py
[2025-11-06T20:55:41.006+0000] {processor.py:914} INFO - Processing file /opt/airflow/dags/train_forecast_stock_prices.py for tasks to queue
[2025-11-06T20:55:41.009+0000] {logging_mixin.py:190} INFO - [2025-11-06T20:55:41.008+0000] {dagbag.py:587} INFO - Filling up the DagBag from /opt/airflow/dags/train_forecast_stock_prices.py
[2025-11-06T20:55:41.053+0000] {logging_mixin.py:190} INFO - [2025-11-06T20:55:41.052+0000] {base.py:84} INFO - Retrieving connection 'snowflake_conn'
[2025-11-06T20:55:41.054+0000] {logging_mixin.py:190} INFO - [2025-11-06T20:55:41.054+0000] {connection.py:413} INFO - Snowflake Connector for Python Version: 3.12.1, Python Version: 3.12.5, Platform: Linux-5.15.167.4-microsoft-standard-WSL2-x86_64-with-glibc2.36
[2025-11-06T20:55:41.055+0000] {logging_mixin.py:190} INFO - [2025-11-06T20:55:41.055+0000] {connection.py:1196} INFO - Connecting to GLOBAL Snowflake domain
[2025-11-06T20:55:41.056+0000] {logging_mixin.py:190} INFO - [2025-11-06T20:55:41.056+0000] {connection.py:1277} INFO - This connection is in OCSP Fail Open Mode. TLS Certificates would be checked for validity and revocation status. Any other Certificate Revocation related exceptions or OCSP Responder failures would be disregarded in favor of connectivity.
[2025-11-06T20:55:41.521+0000] {processor.py:925} INFO - DAG(s) 'daily_stock_price_forecasting' retrieved from /opt/airflow/dags/train_forecast_stock_prices.py
[2025-11-06T20:55:41.664+0000] {logging_mixin.py:190} INFO - [2025-11-06T20:55:41.663+0000] {dag.py:3229} INFO - Sync 1 DAGs
[2025-11-06T20:55:41.704+0000] {logging_mixin.py:190} INFO - [2025-11-06T20:55:41.704+0000] {dag.py:4156} INFO - Setting next_dagrun for daily_stock_price_forecasting to 2025-11-06 00:30:00+00:00, run_after=2025-11-07 00:30:00+00:00
[2025-11-06T20:55:41.736+0000] {processor.py:208} INFO - Processing /opt/airflow/dags/train_forecast_stock_prices.py took 0.737 seconds
[2025-11-06T20:56:11.863+0000] {processor.py:186} INFO - Started process (PID=773) to work on /opt/airflow/dags/train_forecast_stock_prices.py
[2025-11-06T20:56:11.864+0000] {processor.py:914} INFO - Processing file /opt/airflow/dags/train_forecast_stock_prices.py for tasks to queue
[2025-11-06T20:56:11.866+0000] {logging_mixin.py:190} INFO - [2025-11-06T20:56:11.866+0000] {dagbag.py:587} INFO - Filling up the DagBag from /opt/airflow/dags/train_forecast_stock_prices.py
[2025-11-06T20:56:11.924+0000] {logging_mixin.py:190} INFO - [2025-11-06T20:56:11.924+0000] {base.py:84} INFO - Retrieving connection 'snowflake_conn'
[2025-11-06T20:56:11.926+0000] {logging_mixin.py:190} INFO - [2025-11-06T20:56:11.926+0000] {connection.py:413} INFO - Snowflake Connector for Python Version: 3.12.1, Python Version: 3.12.5, Platform: Linux-5.15.167.4-microsoft-standard-WSL2-x86_64-with-glibc2.36
[2025-11-06T20:56:11.927+0000] {logging_mixin.py:190} INFO - [2025-11-06T20:56:11.927+0000] {connection.py:1196} INFO - Connecting to GLOBAL Snowflake domain
[2025-11-06T20:56:11.928+0000] {logging_mixin.py:190} INFO - [2025-11-06T20:56:11.928+0000] {connection.py:1277} INFO - This connection is in OCSP Fail Open Mode. TLS Certificates would be checked for validity and revocation status. Any other Certificate Revocation related exceptions or OCSP Responder failures would be disregarded in favor of connectivity.
[2025-11-06T20:56:12.403+0000] {processor.py:925} INFO - DAG(s) 'daily_stock_price_forecasting' retrieved from /opt/airflow/dags/train_forecast_stock_prices.py
[2025-11-06T20:56:12.498+0000] {logging_mixin.py:190} INFO - [2025-11-06T20:56:12.498+0000] {dag.py:3229} INFO - Sync 1 DAGs
[2025-11-06T20:56:12.521+0000] {logging_mixin.py:190} INFO - [2025-11-06T20:56:12.520+0000] {dag.py:4156} INFO - Setting next_dagrun for daily_stock_price_forecasting to 2025-11-06 00:30:00+00:00, run_after=2025-11-07 00:30:00+00:00
[2025-11-06T20:56:12.552+0000] {processor.py:208} INFO - Processing /opt/airflow/dags/train_forecast_stock_prices.py took 0.695 seconds
[2025-11-06T20:56:43.270+0000] {processor.py:186} INFO - Started process (PID=789) to work on /opt/airflow/dags/train_forecast_stock_prices.py
[2025-11-06T20:56:43.271+0000] {processor.py:914} INFO - Processing file /opt/airflow/dags/train_forecast_stock_prices.py for tasks to queue
[2025-11-06T20:56:43.276+0000] {logging_mixin.py:190} INFO - [2025-11-06T20:56:43.275+0000] {dagbag.py:587} INFO - Filling up the DagBag from /opt/airflow/dags/train_forecast_stock_prices.py
[2025-11-06T20:56:43.346+0000] {logging_mixin.py:190} INFO - [2025-11-06T20:56:43.346+0000] {base.py:84} INFO - Retrieving connection 'snowflake_conn'
[2025-11-06T20:56:43.348+0000] {logging_mixin.py:190} INFO - [2025-11-06T20:56:43.348+0000] {connection.py:413} INFO - Snowflake Connector for Python Version: 3.12.1, Python Version: 3.12.5, Platform: Linux-5.15.167.4-microsoft-standard-WSL2-x86_64-with-glibc2.36
[2025-11-06T20:56:43.351+0000] {logging_mixin.py:190} INFO - [2025-11-06T20:56:43.350+0000] {connection.py:1196} INFO - Connecting to GLOBAL Snowflake domain
[2025-11-06T20:56:43.352+0000] {logging_mixin.py:190} INFO - [2025-11-06T20:56:43.351+0000] {connection.py:1277} INFO - This connection is in OCSP Fail Open Mode. TLS Certificates would be checked for validity and revocation status. Any other Certificate Revocation related exceptions or OCSP Responder failures would be disregarded in favor of connectivity.
[2025-11-06T20:56:43.800+0000] {processor.py:925} INFO - DAG(s) 'daily_stock_price_forecasting' retrieved from /opt/airflow/dags/train_forecast_stock_prices.py
[2025-11-06T20:56:43.956+0000] {logging_mixin.py:190} INFO - [2025-11-06T20:56:43.955+0000] {dag.py:3229} INFO - Sync 1 DAGs
[2025-11-06T20:56:43.989+0000] {logging_mixin.py:190} INFO - [2025-11-06T20:56:43.989+0000] {dag.py:4156} INFO - Setting next_dagrun for daily_stock_price_forecasting to 2025-11-06 00:30:00+00:00, run_after=2025-11-07 00:30:00+00:00
[2025-11-06T20:56:44.016+0000] {processor.py:208} INFO - Processing /opt/airflow/dags/train_forecast_stock_prices.py took 0.758 seconds
[2025-11-06T20:57:14.170+0000] {processor.py:186} INFO - Started process (PID=805) to work on /opt/airflow/dags/train_forecast_stock_prices.py
[2025-11-06T20:57:14.172+0000] {processor.py:914} INFO - Processing file /opt/airflow/dags/train_forecast_stock_prices.py for tasks to queue
[2025-11-06T20:57:14.177+0000] {logging_mixin.py:190} INFO - [2025-11-06T20:57:14.176+0000] {dagbag.py:587} INFO - Filling up the DagBag from /opt/airflow/dags/train_forecast_stock_prices.py
[2025-11-06T20:57:14.244+0000] {logging_mixin.py:190} INFO - [2025-11-06T20:57:14.244+0000] {base.py:84} INFO - Retrieving connection 'snowflake_conn'
[2025-11-06T20:57:14.246+0000] {logging_mixin.py:190} INFO - [2025-11-06T20:57:14.246+0000] {connection.py:413} INFO - Snowflake Connector for Python Version: 3.12.1, Python Version: 3.12.5, Platform: Linux-5.15.167.4-microsoft-standard-WSL2-x86_64-with-glibc2.36
[2025-11-06T20:57:14.248+0000] {logging_mixin.py:190} INFO - [2025-11-06T20:57:14.248+0000] {connection.py:1196} INFO - Connecting to GLOBAL Snowflake domain
[2025-11-06T20:57:14.250+0000] {logging_mixin.py:190} INFO - [2025-11-06T20:57:14.249+0000] {connection.py:1277} INFO - This connection is in OCSP Fail Open Mode. TLS Certificates would be checked for validity and revocation status. Any other Certificate Revocation related exceptions or OCSP Responder failures would be disregarded in favor of connectivity.
[2025-11-06T20:57:14.819+0000] {processor.py:925} INFO - DAG(s) 'daily_stock_price_forecasting' retrieved from /opt/airflow/dags/train_forecast_stock_prices.py
[2025-11-06T20:57:14.997+0000] {logging_mixin.py:190} INFO - [2025-11-06T20:57:14.996+0000] {dag.py:3229} INFO - Sync 1 DAGs
[2025-11-06T20:57:15.042+0000] {logging_mixin.py:190} INFO - [2025-11-06T20:57:15.042+0000] {dag.py:4156} INFO - Setting next_dagrun for daily_stock_price_forecasting to 2025-11-06 00:30:00+00:00, run_after=2025-11-07 00:30:00+00:00
[2025-11-06T20:57:15.080+0000] {processor.py:208} INFO - Processing /opt/airflow/dags/train_forecast_stock_prices.py took 0.924 seconds
[2025-11-06T20:57:45.327+0000] {processor.py:186} INFO - Started process (PID=826) to work on /opt/airflow/dags/train_forecast_stock_prices.py
[2025-11-06T20:57:45.330+0000] {processor.py:914} INFO - Processing file /opt/airflow/dags/train_forecast_stock_prices.py for tasks to queue
[2025-11-06T20:57:45.334+0000] {logging_mixin.py:190} INFO - [2025-11-06T20:57:45.333+0000] {dagbag.py:587} INFO - Filling up the DagBag from /opt/airflow/dags/train_forecast_stock_prices.py
[2025-11-06T20:57:45.384+0000] {logging_mixin.py:190} INFO - [2025-11-06T20:57:45.383+0000] {base.py:84} INFO - Retrieving connection 'snowflake_conn'
[2025-11-06T20:57:45.385+0000] {logging_mixin.py:190} INFO - [2025-11-06T20:57:45.385+0000] {connection.py:413} INFO - Snowflake Connector for Python Version: 3.12.1, Python Version: 3.12.5, Platform: Linux-5.15.167.4-microsoft-standard-WSL2-x86_64-with-glibc2.36
[2025-11-06T20:57:45.387+0000] {logging_mixin.py:190} INFO - [2025-11-06T20:57:45.386+0000] {connection.py:1196} INFO - Connecting to GLOBAL Snowflake domain
[2025-11-06T20:57:45.387+0000] {logging_mixin.py:190} INFO - [2025-11-06T20:57:45.387+0000] {connection.py:1277} INFO - This connection is in OCSP Fail Open Mode. TLS Certificates would be checked for validity and revocation status. Any other Certificate Revocation related exceptions or OCSP Responder failures would be disregarded in favor of connectivity.
[2025-11-06T20:57:45.798+0000] {processor.py:925} INFO - DAG(s) 'daily_stock_price_forecasting' retrieved from /opt/airflow/dags/train_forecast_stock_prices.py
[2025-11-06T20:57:45.991+0000] {logging_mixin.py:190} INFO - [2025-11-06T20:57:45.990+0000] {dag.py:3229} INFO - Sync 1 DAGs
[2025-11-06T20:57:46.023+0000] {logging_mixin.py:190} INFO - [2025-11-06T20:57:46.022+0000] {dag.py:4156} INFO - Setting next_dagrun for daily_stock_price_forecasting to 2025-11-06 00:30:00+00:00, run_after=2025-11-07 00:30:00+00:00
[2025-11-06T20:57:46.059+0000] {processor.py:208} INFO - Processing /opt/airflow/dags/train_forecast_stock_prices.py took 0.741 seconds
[2025-11-06T20:58:16.208+0000] {processor.py:186} INFO - Started process (PID=842) to work on /opt/airflow/dags/train_forecast_stock_prices.py
[2025-11-06T20:58:16.209+0000] {processor.py:914} INFO - Processing file /opt/airflow/dags/train_forecast_stock_prices.py for tasks to queue
[2025-11-06T20:58:16.213+0000] {logging_mixin.py:190} INFO - [2025-11-06T20:58:16.212+0000] {dagbag.py:587} INFO - Filling up the DagBag from /opt/airflow/dags/train_forecast_stock_prices.py
[2025-11-06T20:58:16.284+0000] {logging_mixin.py:190} INFO - [2025-11-06T20:58:16.284+0000] {base.py:84} INFO - Retrieving connection 'snowflake_conn'
[2025-11-06T20:58:16.286+0000] {logging_mixin.py:190} INFO - [2025-11-06T20:58:16.286+0000] {connection.py:413} INFO - Snowflake Connector for Python Version: 3.12.1, Python Version: 3.12.5, Platform: Linux-5.15.167.4-microsoft-standard-WSL2-x86_64-with-glibc2.36
[2025-11-06T20:58:16.288+0000] {logging_mixin.py:190} INFO - [2025-11-06T20:58:16.287+0000] {connection.py:1196} INFO - Connecting to GLOBAL Snowflake domain
[2025-11-06T20:58:16.289+0000] {logging_mixin.py:190} INFO - [2025-11-06T20:58:16.288+0000] {connection.py:1277} INFO - This connection is in OCSP Fail Open Mode. TLS Certificates would be checked for validity and revocation status. Any other Certificate Revocation related exceptions or OCSP Responder failures would be disregarded in favor of connectivity.
[2025-11-06T20:58:17.014+0000] {processor.py:925} INFO - DAG(s) 'daily_stock_price_forecasting' retrieved from /opt/airflow/dags/train_forecast_stock_prices.py
[2025-11-06T20:58:17.129+0000] {logging_mixin.py:190} INFO - [2025-11-06T20:58:17.128+0000] {dag.py:3229} INFO - Sync 1 DAGs
[2025-11-06T20:58:17.157+0000] {logging_mixin.py:190} INFO - [2025-11-06T20:58:17.157+0000] {dag.py:4156} INFO - Setting next_dagrun for daily_stock_price_forecasting to 2025-11-06 00:30:00+00:00, run_after=2025-11-07 00:30:00+00:00
[2025-11-06T20:58:17.186+0000] {processor.py:208} INFO - Processing /opt/airflow/dags/train_forecast_stock_prices.py took 0.988 seconds
[2025-11-06T20:58:47.666+0000] {processor.py:186} INFO - Started process (PID=858) to work on /opt/airflow/dags/train_forecast_stock_prices.py
[2025-11-06T20:58:47.668+0000] {processor.py:914} INFO - Processing file /opt/airflow/dags/train_forecast_stock_prices.py for tasks to queue
[2025-11-06T20:58:47.673+0000] {logging_mixin.py:190} INFO - [2025-11-06T20:58:47.672+0000] {dagbag.py:587} INFO - Filling up the DagBag from /opt/airflow/dags/train_forecast_stock_prices.py
[2025-11-06T20:58:47.738+0000] {logging_mixin.py:190} INFO - [2025-11-06T20:58:47.738+0000] {base.py:84} INFO - Retrieving connection 'snowflake_conn'
[2025-11-06T20:58:47.740+0000] {logging_mixin.py:190} INFO - [2025-11-06T20:58:47.740+0000] {connection.py:413} INFO - Snowflake Connector for Python Version: 3.12.1, Python Version: 3.12.5, Platform: Linux-5.15.167.4-microsoft-standard-WSL2-x86_64-with-glibc2.36
[2025-11-06T20:58:47.741+0000] {logging_mixin.py:190} INFO - [2025-11-06T20:58:47.741+0000] {connection.py:1196} INFO - Connecting to GLOBAL Snowflake domain
[2025-11-06T20:58:47.742+0000] {logging_mixin.py:190} INFO - [2025-11-06T20:58:47.742+0000] {connection.py:1277} INFO - This connection is in OCSP Fail Open Mode. TLS Certificates would be checked for validity and revocation status. Any other Certificate Revocation related exceptions or OCSP Responder failures would be disregarded in favor of connectivity.
[2025-11-06T20:58:48.172+0000] {processor.py:925} INFO - DAG(s) 'daily_stock_price_forecasting' retrieved from /opt/airflow/dags/train_forecast_stock_prices.py
[2025-11-06T20:58:48.360+0000] {logging_mixin.py:190} INFO - [2025-11-06T20:58:48.360+0000] {dag.py:3229} INFO - Sync 1 DAGs
[2025-11-06T20:58:48.396+0000] {logging_mixin.py:190} INFO - [2025-11-06T20:58:48.395+0000] {dag.py:4156} INFO - Setting next_dagrun for daily_stock_price_forecasting to 2025-11-06 00:30:00+00:00, run_after=2025-11-07 00:30:00+00:00
[2025-11-06T20:58:48.432+0000] {processor.py:208} INFO - Processing /opt/airflow/dags/train_forecast_stock_prices.py took 0.774 seconds
[2025-11-06T20:59:18.942+0000] {processor.py:186} INFO - Started process (PID=874) to work on /opt/airflow/dags/train_forecast_stock_prices.py
[2025-11-06T20:59:18.945+0000] {processor.py:914} INFO - Processing file /opt/airflow/dags/train_forecast_stock_prices.py for tasks to queue
[2025-11-06T20:59:18.950+0000] {logging_mixin.py:190} INFO - [2025-11-06T20:59:18.949+0000] {dagbag.py:587} INFO - Filling up the DagBag from /opt/airflow/dags/train_forecast_stock_prices.py
[2025-11-06T20:59:19.016+0000] {logging_mixin.py:190} INFO - [2025-11-06T20:59:19.015+0000] {base.py:84} INFO - Retrieving connection 'snowflake_conn'
[2025-11-06T20:59:19.018+0000] {logging_mixin.py:190} INFO - [2025-11-06T20:59:19.018+0000] {connection.py:413} INFO - Snowflake Connector for Python Version: 3.12.1, Python Version: 3.12.5, Platform: Linux-5.15.167.4-microsoft-standard-WSL2-x86_64-with-glibc2.36
[2025-11-06T20:59:19.020+0000] {logging_mixin.py:190} INFO - [2025-11-06T20:59:19.020+0000] {connection.py:1196} INFO - Connecting to GLOBAL Snowflake domain
[2025-11-06T20:59:19.021+0000] {logging_mixin.py:190} INFO - [2025-11-06T20:59:19.021+0000] {connection.py:1277} INFO - This connection is in OCSP Fail Open Mode. TLS Certificates would be checked for validity and revocation status. Any other Certificate Revocation related exceptions or OCSP Responder failures would be disregarded in favor of connectivity.
[2025-11-06T20:59:19.506+0000] {processor.py:925} INFO - DAG(s) 'daily_stock_price_forecasting' retrieved from /opt/airflow/dags/train_forecast_stock_prices.py
[2025-11-06T20:59:19.677+0000] {logging_mixin.py:190} INFO - [2025-11-06T20:59:19.677+0000] {dag.py:3229} INFO - Sync 1 DAGs
[2025-11-06T20:59:19.718+0000] {logging_mixin.py:190} INFO - [2025-11-06T20:59:19.717+0000] {dag.py:4156} INFO - Setting next_dagrun for daily_stock_price_forecasting to 2025-11-06 00:30:00+00:00, run_after=2025-11-07 00:30:00+00:00
[2025-11-06T20:59:19.755+0000] {processor.py:208} INFO - Processing /opt/airflow/dags/train_forecast_stock_prices.py took 0.823 seconds
[2025-11-06T20:59:51.899+0000] {processor.py:186} INFO - Started process (PID=890) to work on /opt/airflow/dags/train_forecast_stock_prices.py
[2025-11-06T20:59:51.900+0000] {processor.py:914} INFO - Processing file /opt/airflow/dags/train_forecast_stock_prices.py for tasks to queue
[2025-11-06T20:59:51.903+0000] {logging_mixin.py:190} INFO - [2025-11-06T20:59:51.903+0000] {dagbag.py:587} INFO - Filling up the DagBag from /opt/airflow/dags/train_forecast_stock_prices.py
[2025-11-06T20:59:51.965+0000] {logging_mixin.py:190} INFO - [2025-11-06T20:59:51.965+0000] {base.py:84} INFO - Retrieving connection 'snowflake_conn'
[2025-11-06T20:59:51.967+0000] {logging_mixin.py:190} INFO - [2025-11-06T20:59:51.967+0000] {connection.py:413} INFO - Snowflake Connector for Python Version: 3.12.1, Python Version: 3.12.5, Platform: Linux-5.15.167.4-microsoft-standard-WSL2-x86_64-with-glibc2.36
[2025-11-06T20:59:51.969+0000] {logging_mixin.py:190} INFO - [2025-11-06T20:59:51.969+0000] {connection.py:1196} INFO - Connecting to GLOBAL Snowflake domain
[2025-11-06T20:59:51.970+0000] {logging_mixin.py:190} INFO - [2025-11-06T20:59:51.970+0000] {connection.py:1277} INFO - This connection is in OCSP Fail Open Mode. TLS Certificates would be checked for validity and revocation status. Any other Certificate Revocation related exceptions or OCSP Responder failures would be disregarded in favor of connectivity.
[2025-11-06T20:59:52.646+0000] {processor.py:925} INFO - DAG(s) 'daily_stock_price_forecasting' retrieved from /opt/airflow/dags/train_forecast_stock_prices.py
[2025-11-06T20:59:52.759+0000] {logging_mixin.py:190} INFO - [2025-11-06T20:59:52.758+0000] {dag.py:3229} INFO - Sync 1 DAGs
[2025-11-06T20:59:52.781+0000] {logging_mixin.py:190} INFO - [2025-11-06T20:59:52.781+0000] {dag.py:4156} INFO - Setting next_dagrun for daily_stock_price_forecasting to 2025-11-06 00:30:00+00:00, run_after=2025-11-07 00:30:00+00:00
[2025-11-06T20:59:53.094+0000] {processor.py:208} INFO - Processing /opt/airflow/dags/train_forecast_stock_prices.py took 1.201 seconds
[2025-11-06T21:00:23.261+0000] {processor.py:186} INFO - Started process (PID=906) to work on /opt/airflow/dags/train_forecast_stock_prices.py
[2025-11-06T21:00:23.263+0000] {processor.py:914} INFO - Processing file /opt/airflow/dags/train_forecast_stock_prices.py for tasks to queue
[2025-11-06T21:00:23.267+0000] {logging_mixin.py:190} INFO - [2025-11-06T21:00:23.266+0000] {dagbag.py:587} INFO - Filling up the DagBag from /opt/airflow/dags/train_forecast_stock_prices.py
[2025-11-06T21:00:23.327+0000] {logging_mixin.py:190} INFO - [2025-11-06T21:00:23.327+0000] {base.py:84} INFO - Retrieving connection 'snowflake_conn'
[2025-11-06T21:00:23.329+0000] {logging_mixin.py:190} INFO - [2025-11-06T21:00:23.329+0000] {connection.py:413} INFO - Snowflake Connector for Python Version: 3.12.1, Python Version: 3.12.5, Platform: Linux-5.15.167.4-microsoft-standard-WSL2-x86_64-with-glibc2.36
[2025-11-06T21:00:23.330+0000] {logging_mixin.py:190} INFO - [2025-11-06T21:00:23.330+0000] {connection.py:1196} INFO - Connecting to GLOBAL Snowflake domain
[2025-11-06T21:00:23.331+0000] {logging_mixin.py:190} INFO - [2025-11-06T21:00:23.331+0000] {connection.py:1277} INFO - This connection is in OCSP Fail Open Mode. TLS Certificates would be checked for validity and revocation status. Any other Certificate Revocation related exceptions or OCSP Responder failures would be disregarded in favor of connectivity.
[2025-11-06T21:00:23.952+0000] {processor.py:925} INFO - DAG(s) 'daily_stock_price_forecasting' retrieved from /opt/airflow/dags/train_forecast_stock_prices.py
[2025-11-06T21:00:24.040+0000] {logging_mixin.py:190} INFO - [2025-11-06T21:00:24.039+0000] {dag.py:3229} INFO - Sync 1 DAGs
[2025-11-06T21:00:24.059+0000] {logging_mixin.py:190} INFO - [2025-11-06T21:00:24.059+0000] {dag.py:4156} INFO - Setting next_dagrun for daily_stock_price_forecasting to 2025-11-06 00:30:00+00:00, run_after=2025-11-07 00:30:00+00:00
[2025-11-06T21:00:24.080+0000] {processor.py:208} INFO - Processing /opt/airflow/dags/train_forecast_stock_prices.py took 0.825 seconds
[2025-11-06T21:00:55.533+0000] {processor.py:186} INFO - Started process (PID=922) to work on /opt/airflow/dags/train_forecast_stock_prices.py
[2025-11-06T21:00:55.534+0000] {processor.py:914} INFO - Processing file /opt/airflow/dags/train_forecast_stock_prices.py for tasks to queue
[2025-11-06T21:00:55.537+0000] {logging_mixin.py:190} INFO - [2025-11-06T21:00:55.536+0000] {dagbag.py:587} INFO - Filling up the DagBag from /opt/airflow/dags/train_forecast_stock_prices.py
[2025-11-06T21:00:55.589+0000] {logging_mixin.py:190} INFO - [2025-11-06T21:00:55.588+0000] {base.py:84} INFO - Retrieving connection 'snowflake_conn'
[2025-11-06T21:00:55.590+0000] {logging_mixin.py:190} INFO - [2025-11-06T21:00:55.590+0000] {connection.py:413} INFO - Snowflake Connector for Python Version: 3.12.1, Python Version: 3.12.5, Platform: Linux-5.15.167.4-microsoft-standard-WSL2-x86_64-with-glibc2.36
[2025-11-06T21:00:55.591+0000] {logging_mixin.py:190} INFO - [2025-11-06T21:00:55.591+0000] {connection.py:1196} INFO - Connecting to GLOBAL Snowflake domain
[2025-11-06T21:00:55.592+0000] {logging_mixin.py:190} INFO - [2025-11-06T21:00:55.592+0000] {connection.py:1277} INFO - This connection is in OCSP Fail Open Mode. TLS Certificates would be checked for validity and revocation status. Any other Certificate Revocation related exceptions or OCSP Responder failures would be disregarded in favor of connectivity.
[2025-11-06T21:00:56.006+0000] {processor.py:925} INFO - DAG(s) 'daily_stock_price_forecasting' retrieved from /opt/airflow/dags/train_forecast_stock_prices.py
[2025-11-06T21:00:56.089+0000] {logging_mixin.py:190} INFO - [2025-11-06T21:00:56.089+0000] {dag.py:3229} INFO - Sync 1 DAGs
[2025-11-06T21:00:56.110+0000] {logging_mixin.py:190} INFO - [2025-11-06T21:00:56.109+0000] {dag.py:4156} INFO - Setting next_dagrun for daily_stock_price_forecasting to 2025-11-06 00:30:00+00:00, run_after=2025-11-07 00:30:00+00:00
[2025-11-06T21:00:56.135+0000] {processor.py:208} INFO - Processing /opt/airflow/dags/train_forecast_stock_prices.py took 0.608 seconds
[2025-11-06T21:01:27.721+0000] {processor.py:186} INFO - Started process (PID=938) to work on /opt/airflow/dags/train_forecast_stock_prices.py
[2025-11-06T21:01:27.722+0000] {processor.py:914} INFO - Processing file /opt/airflow/dags/train_forecast_stock_prices.py for tasks to queue
[2025-11-06T21:01:27.727+0000] {logging_mixin.py:190} INFO - [2025-11-06T21:01:27.726+0000] {dagbag.py:587} INFO - Filling up the DagBag from /opt/airflow/dags/train_forecast_stock_prices.py
[2025-11-06T21:01:27.798+0000] {logging_mixin.py:190} INFO - [2025-11-06T21:01:27.798+0000] {base.py:84} INFO - Retrieving connection 'snowflake_conn'
[2025-11-06T21:01:27.800+0000] {logging_mixin.py:190} INFO - [2025-11-06T21:01:27.800+0000] {connection.py:413} INFO - Snowflake Connector for Python Version: 3.12.1, Python Version: 3.12.5, Platform: Linux-5.15.167.4-microsoft-standard-WSL2-x86_64-with-glibc2.36
[2025-11-06T21:01:27.802+0000] {logging_mixin.py:190} INFO - [2025-11-06T21:01:27.801+0000] {connection.py:1196} INFO - Connecting to GLOBAL Snowflake domain
[2025-11-06T21:01:27.803+0000] {logging_mixin.py:190} INFO - [2025-11-06T21:01:27.802+0000] {connection.py:1277} INFO - This connection is in OCSP Fail Open Mode. TLS Certificates would be checked for validity and revocation status. Any other Certificate Revocation related exceptions or OCSP Responder failures would be disregarded in favor of connectivity.
[2025-11-06T21:01:28.302+0000] {processor.py:925} INFO - DAG(s) 'daily_stock_price_forecasting' retrieved from /opt/airflow/dags/train_forecast_stock_prices.py
[2025-11-06T21:01:28.449+0000] {logging_mixin.py:190} INFO - [2025-11-06T21:01:28.448+0000] {dag.py:3229} INFO - Sync 1 DAGs
[2025-11-06T21:01:28.483+0000] {logging_mixin.py:190} INFO - [2025-11-06T21:01:28.483+0000] {dag.py:4156} INFO - Setting next_dagrun for daily_stock_price_forecasting to 2025-11-06 00:30:00+00:00, run_after=2025-11-07 00:30:00+00:00
[2025-11-06T21:01:28.511+0000] {processor.py:208} INFO - Processing /opt/airflow/dags/train_forecast_stock_prices.py took 0.798 seconds
[2025-11-06T21:02:00.344+0000] {processor.py:186} INFO - Started process (PID=954) to work on /opt/airflow/dags/train_forecast_stock_prices.py
[2025-11-06T21:02:00.347+0000] {processor.py:914} INFO - Processing file /opt/airflow/dags/train_forecast_stock_prices.py for tasks to queue
[2025-11-06T21:02:00.351+0000] {logging_mixin.py:190} INFO - [2025-11-06T21:02:00.350+0000] {dagbag.py:587} INFO - Filling up the DagBag from /opt/airflow/dags/train_forecast_stock_prices.py
[2025-11-06T21:02:00.412+0000] {logging_mixin.py:190} INFO - [2025-11-06T21:02:00.412+0000] {base.py:84} INFO - Retrieving connection 'snowflake_conn'
[2025-11-06T21:02:00.415+0000] {logging_mixin.py:190} INFO - [2025-11-06T21:02:00.414+0000] {connection.py:413} INFO - Snowflake Connector for Python Version: 3.12.1, Python Version: 3.12.5, Platform: Linux-5.15.167.4-microsoft-standard-WSL2-x86_64-with-glibc2.36
[2025-11-06T21:02:00.416+0000] {logging_mixin.py:190} INFO - [2025-11-06T21:02:00.416+0000] {connection.py:1196} INFO - Connecting to GLOBAL Snowflake domain
[2025-11-06T21:02:00.417+0000] {logging_mixin.py:190} INFO - [2025-11-06T21:02:00.417+0000] {connection.py:1277} INFO - This connection is in OCSP Fail Open Mode. TLS Certificates would be checked for validity and revocation status. Any other Certificate Revocation related exceptions or OCSP Responder failures would be disregarded in favor of connectivity.
[2025-11-06T21:02:01.026+0000] {processor.py:925} INFO - DAG(s) 'daily_stock_price_forecasting' retrieved from /opt/airflow/dags/train_forecast_stock_prices.py
[2025-11-06T21:02:01.150+0000] {logging_mixin.py:190} INFO - [2025-11-06T21:02:01.150+0000] {dag.py:3229} INFO - Sync 1 DAGs
[2025-11-06T21:02:01.173+0000] {logging_mixin.py:190} INFO - [2025-11-06T21:02:01.173+0000] {dag.py:4156} INFO - Setting next_dagrun for daily_stock_price_forecasting to 2025-11-06 00:30:00+00:00, run_after=2025-11-07 00:30:00+00:00
[2025-11-06T21:02:01.197+0000] {processor.py:208} INFO - Processing /opt/airflow/dags/train_forecast_stock_prices.py took 0.862 seconds
[2025-11-06T21:02:32.874+0000] {processor.py:186} INFO - Started process (PID=970) to work on /opt/airflow/dags/train_forecast_stock_prices.py
[2025-11-06T21:02:32.876+0000] {processor.py:914} INFO - Processing file /opt/airflow/dags/train_forecast_stock_prices.py for tasks to queue
[2025-11-06T21:02:32.881+0000] {logging_mixin.py:190} INFO - [2025-11-06T21:02:32.880+0000] {dagbag.py:587} INFO - Filling up the DagBag from /opt/airflow/dags/train_forecast_stock_prices.py
[2025-11-06T21:02:32.951+0000] {logging_mixin.py:190} INFO - [2025-11-06T21:02:32.951+0000] {base.py:84} INFO - Retrieving connection 'snowflake_conn'
[2025-11-06T21:02:32.953+0000] {logging_mixin.py:190} INFO - [2025-11-06T21:02:32.953+0000] {connection.py:413} INFO - Snowflake Connector for Python Version: 3.12.1, Python Version: 3.12.5, Platform: Linux-5.15.167.4-microsoft-standard-WSL2-x86_64-with-glibc2.36
[2025-11-06T21:02:32.956+0000] {logging_mixin.py:190} INFO - [2025-11-06T21:02:32.955+0000] {connection.py:1196} INFO - Connecting to GLOBAL Snowflake domain
[2025-11-06T21:02:32.957+0000] {logging_mixin.py:190} INFO - [2025-11-06T21:02:32.957+0000] {connection.py:1277} INFO - This connection is in OCSP Fail Open Mode. TLS Certificates would be checked for validity and revocation status. Any other Certificate Revocation related exceptions or OCSP Responder failures would be disregarded in favor of connectivity.
[2025-11-06T21:02:33.547+0000] {processor.py:925} INFO - DAG(s) 'daily_stock_price_forecasting' retrieved from /opt/airflow/dags/train_forecast_stock_prices.py
[2025-11-06T21:02:33.684+0000] {logging_mixin.py:190} INFO - [2025-11-06T21:02:33.683+0000] {dag.py:3229} INFO - Sync 1 DAGs
[2025-11-06T21:02:33.714+0000] {logging_mixin.py:190} INFO - [2025-11-06T21:02:33.713+0000] {dag.py:4156} INFO - Setting next_dagrun for daily_stock_price_forecasting to 2025-11-06 00:30:00+00:00, run_after=2025-11-07 00:30:00+00:00
[2025-11-06T21:02:33.749+0000] {processor.py:208} INFO - Processing /opt/airflow/dags/train_forecast_stock_prices.py took 0.884 seconds
[2025-11-06T21:03:04.537+0000] {processor.py:186} INFO - Started process (PID=985) to work on /opt/airflow/dags/train_forecast_stock_prices.py
[2025-11-06T21:03:04.540+0000] {processor.py:914} INFO - Processing file /opt/airflow/dags/train_forecast_stock_prices.py for tasks to queue
[2025-11-06T21:03:04.544+0000] {logging_mixin.py:190} INFO - [2025-11-06T21:03:04.543+0000] {dagbag.py:587} INFO - Filling up the DagBag from /opt/airflow/dags/train_forecast_stock_prices.py
[2025-11-06T21:03:04.614+0000] {logging_mixin.py:190} INFO - [2025-11-06T21:03:04.613+0000] {base.py:84} INFO - Retrieving connection 'snowflake_conn'
[2025-11-06T21:03:04.616+0000] {logging_mixin.py:190} INFO - [2025-11-06T21:03:04.615+0000] {connection.py:413} INFO - Snowflake Connector for Python Version: 3.12.1, Python Version: 3.12.5, Platform: Linux-5.15.167.4-microsoft-standard-WSL2-x86_64-with-glibc2.36
[2025-11-06T21:03:04.617+0000] {logging_mixin.py:190} INFO - [2025-11-06T21:03:04.617+0000] {connection.py:1196} INFO - Connecting to GLOBAL Snowflake domain
[2025-11-06T21:03:04.618+0000] {logging_mixin.py:190} INFO - [2025-11-06T21:03:04.618+0000] {connection.py:1277} INFO - This connection is in OCSP Fail Open Mode. TLS Certificates would be checked for validity and revocation status. Any other Certificate Revocation related exceptions or OCSP Responder failures would be disregarded in favor of connectivity.
[2025-11-06T21:03:05.165+0000] {processor.py:925} INFO - DAG(s) 'daily_stock_price_forecasting' retrieved from /opt/airflow/dags/train_forecast_stock_prices.py
[2025-11-06T21:03:05.278+0000] {logging_mixin.py:190} INFO - [2025-11-06T21:03:05.277+0000] {dag.py:3229} INFO - Sync 1 DAGs
[2025-11-06T21:03:05.298+0000] {logging_mixin.py:190} INFO - [2025-11-06T21:03:05.297+0000] {dag.py:4156} INFO - Setting next_dagrun for daily_stock_price_forecasting to 2025-11-06 00:30:00+00:00, run_after=2025-11-07 00:30:00+00:00
[2025-11-06T21:03:05.320+0000] {processor.py:208} INFO - Processing /opt/airflow/dags/train_forecast_stock_prices.py took 0.797 seconds
[2025-11-06T21:03:36.916+0000] {processor.py:186} INFO - Started process (PID=1001) to work on /opt/airflow/dags/train_forecast_stock_prices.py
[2025-11-06T21:03:36.918+0000] {processor.py:914} INFO - Processing file /opt/airflow/dags/train_forecast_stock_prices.py for tasks to queue
[2025-11-06T21:03:36.920+0000] {logging_mixin.py:190} INFO - [2025-11-06T21:03:36.920+0000] {dagbag.py:587} INFO - Filling up the DagBag from /opt/airflow/dags/train_forecast_stock_prices.py
[2025-11-06T21:03:36.977+0000] {logging_mixin.py:190} INFO - [2025-11-06T21:03:36.977+0000] {base.py:84} INFO - Retrieving connection 'snowflake_conn'
[2025-11-06T21:03:36.979+0000] {logging_mixin.py:190} INFO - [2025-11-06T21:03:36.979+0000] {connection.py:413} INFO - Snowflake Connector for Python Version: 3.12.1, Python Version: 3.12.5, Platform: Linux-5.15.167.4-microsoft-standard-WSL2-x86_64-with-glibc2.36
[2025-11-06T21:03:36.981+0000] {logging_mixin.py:190} INFO - [2025-11-06T21:03:36.981+0000] {connection.py:1196} INFO - Connecting to GLOBAL Snowflake domain
[2025-11-06T21:03:36.982+0000] {logging_mixin.py:190} INFO - [2025-11-06T21:03:36.982+0000] {connection.py:1277} INFO - This connection is in OCSP Fail Open Mode. TLS Certificates would be checked for validity and revocation status. Any other Certificate Revocation related exceptions or OCSP Responder failures would be disregarded in favor of connectivity.
[2025-11-06T21:03:37.491+0000] {processor.py:925} INFO - DAG(s) 'daily_stock_price_forecasting' retrieved from /opt/airflow/dags/train_forecast_stock_prices.py
[2025-11-06T21:03:37.612+0000] {logging_mixin.py:190} INFO - [2025-11-06T21:03:37.612+0000] {dag.py:3229} INFO - Sync 1 DAGs
[2025-11-06T21:03:37.641+0000] {logging_mixin.py:190} INFO - [2025-11-06T21:03:37.641+0000] {dag.py:4156} INFO - Setting next_dagrun for daily_stock_price_forecasting to 2025-11-06 00:30:00+00:00, run_after=2025-11-07 00:30:00+00:00
[2025-11-06T21:03:37.669+0000] {processor.py:208} INFO - Processing /opt/airflow/dags/train_forecast_stock_prices.py took 0.759 seconds
[2025-11-06T21:04:09.553+0000] {processor.py:186} INFO - Started process (PID=1017) to work on /opt/airflow/dags/train_forecast_stock_prices.py
[2025-11-06T21:04:09.555+0000] {processor.py:914} INFO - Processing file /opt/airflow/dags/train_forecast_stock_prices.py for tasks to queue
[2025-11-06T21:04:09.559+0000] {logging_mixin.py:190} INFO - [2025-11-06T21:04:09.558+0000] {dagbag.py:587} INFO - Filling up the DagBag from /opt/airflow/dags/train_forecast_stock_prices.py
[2025-11-06T21:04:09.615+0000] {logging_mixin.py:190} INFO - [2025-11-06T21:04:09.615+0000] {base.py:84} INFO - Retrieving connection 'snowflake_conn'
[2025-11-06T21:04:09.617+0000] {logging_mixin.py:190} INFO - [2025-11-06T21:04:09.616+0000] {connection.py:413} INFO - Snowflake Connector for Python Version: 3.12.1, Python Version: 3.12.5, Platform: Linux-5.15.167.4-microsoft-standard-WSL2-x86_64-with-glibc2.36
[2025-11-06T21:04:09.618+0000] {logging_mixin.py:190} INFO - [2025-11-06T21:04:09.618+0000] {connection.py:1196} INFO - Connecting to GLOBAL Snowflake domain
[2025-11-06T21:04:09.619+0000] {logging_mixin.py:190} INFO - [2025-11-06T21:04:09.619+0000] {connection.py:1277} INFO - This connection is in OCSP Fail Open Mode. TLS Certificates would be checked for validity and revocation status. Any other Certificate Revocation related exceptions or OCSP Responder failures would be disregarded in favor of connectivity.
[2025-11-06T21:04:10.043+0000] {processor.py:925} INFO - DAG(s) 'daily_stock_price_forecasting' retrieved from /opt/airflow/dags/train_forecast_stock_prices.py
[2025-11-06T21:04:10.160+0000] {logging_mixin.py:190} INFO - [2025-11-06T21:04:10.159+0000] {dag.py:3229} INFO - Sync 1 DAGs
[2025-11-06T21:04:10.187+0000] {logging_mixin.py:190} INFO - [2025-11-06T21:04:10.187+0000] {dag.py:4156} INFO - Setting next_dagrun for daily_stock_price_forecasting to 2025-11-06 00:30:00+00:00, run_after=2025-11-07 00:30:00+00:00
[2025-11-06T21:04:10.226+0000] {processor.py:208} INFO - Processing /opt/airflow/dags/train_forecast_stock_prices.py took 0.680 seconds
[2025-11-06T21:04:41.206+0000] {processor.py:186} INFO - Started process (PID=1033) to work on /opt/airflow/dags/train_forecast_stock_prices.py
[2025-11-06T21:04:41.207+0000] {processor.py:914} INFO - Processing file /opt/airflow/dags/train_forecast_stock_prices.py for tasks to queue
[2025-11-06T21:04:41.211+0000] {logging_mixin.py:190} INFO - [2025-11-06T21:04:41.210+0000] {dagbag.py:587} INFO - Filling up the DagBag from /opt/airflow/dags/train_forecast_stock_prices.py
[2025-11-06T21:04:41.259+0000] {logging_mixin.py:190} INFO - [2025-11-06T21:04:41.258+0000] {base.py:84} INFO - Retrieving connection 'snowflake_conn'
[2025-11-06T21:04:41.260+0000] {logging_mixin.py:190} INFO - [2025-11-06T21:04:41.260+0000] {connection.py:413} INFO - Snowflake Connector for Python Version: 3.12.1, Python Version: 3.12.5, Platform: Linux-5.15.167.4-microsoft-standard-WSL2-x86_64-with-glibc2.36
[2025-11-06T21:04:41.262+0000] {logging_mixin.py:190} INFO - [2025-11-06T21:04:41.261+0000] {connection.py:1196} INFO - Connecting to GLOBAL Snowflake domain
[2025-11-06T21:04:41.263+0000] {logging_mixin.py:190} INFO - [2025-11-06T21:04:41.262+0000] {connection.py:1277} INFO - This connection is in OCSP Fail Open Mode. TLS Certificates would be checked for validity and revocation status. Any other Certificate Revocation related exceptions or OCSP Responder failures would be disregarded in favor of connectivity.
[2025-11-06T21:04:41.748+0000] {processor.py:925} INFO - DAG(s) 'daily_stock_price_forecasting' retrieved from /opt/airflow/dags/train_forecast_stock_prices.py
[2025-11-06T21:04:41.879+0000] {logging_mixin.py:190} INFO - [2025-11-06T21:04:41.878+0000] {dag.py:3229} INFO - Sync 1 DAGs
[2025-11-06T21:04:41.924+0000] {logging_mixin.py:190} INFO - [2025-11-06T21:04:41.923+0000] {dag.py:4156} INFO - Setting next_dagrun for daily_stock_price_forecasting to 2025-11-06 00:30:00+00:00, run_after=2025-11-07 00:30:00+00:00
[2025-11-06T21:04:41.961+0000] {processor.py:208} INFO - Processing /opt/airflow/dags/train_forecast_stock_prices.py took 0.762 seconds
[2025-11-06T21:05:13.656+0000] {processor.py:186} INFO - Started process (PID=1049) to work on /opt/airflow/dags/train_forecast_stock_prices.py
[2025-11-06T21:05:13.658+0000] {processor.py:914} INFO - Processing file /opt/airflow/dags/train_forecast_stock_prices.py for tasks to queue
[2025-11-06T21:05:13.661+0000] {logging_mixin.py:190} INFO - [2025-11-06T21:05:13.661+0000] {dagbag.py:587} INFO - Filling up the DagBag from /opt/airflow/dags/train_forecast_stock_prices.py
[2025-11-06T21:05:13.723+0000] {logging_mixin.py:190} INFO - [2025-11-06T21:05:13.723+0000] {base.py:84} INFO - Retrieving connection 'snowflake_conn'
[2025-11-06T21:05:13.725+0000] {logging_mixin.py:190} INFO - [2025-11-06T21:05:13.725+0000] {connection.py:413} INFO - Snowflake Connector for Python Version: 3.12.1, Python Version: 3.12.5, Platform: Linux-5.15.167.4-microsoft-standard-WSL2-x86_64-with-glibc2.36
[2025-11-06T21:05:13.727+0000] {logging_mixin.py:190} INFO - [2025-11-06T21:05:13.727+0000] {connection.py:1196} INFO - Connecting to GLOBAL Snowflake domain
[2025-11-06T21:05:13.728+0000] {logging_mixin.py:190} INFO - [2025-11-06T21:05:13.727+0000] {connection.py:1277} INFO - This connection is in OCSP Fail Open Mode. TLS Certificates would be checked for validity and revocation status. Any other Certificate Revocation related exceptions or OCSP Responder failures would be disregarded in favor of connectivity.
[2025-11-06T21:05:14.265+0000] {processor.py:925} INFO - DAG(s) 'daily_stock_price_forecasting' retrieved from /opt/airflow/dags/train_forecast_stock_prices.py
[2025-11-06T21:05:14.404+0000] {logging_mixin.py:190} INFO - [2025-11-06T21:05:14.404+0000] {dag.py:3229} INFO - Sync 1 DAGs
[2025-11-06T21:05:14.435+0000] {logging_mixin.py:190} INFO - [2025-11-06T21:05:14.434+0000] {dag.py:4156} INFO - Setting next_dagrun for daily_stock_price_forecasting to 2025-11-06 00:30:00+00:00, run_after=2025-11-07 00:30:00+00:00
[2025-11-06T21:05:14.470+0000] {processor.py:208} INFO - Processing /opt/airflow/dags/train_forecast_stock_prices.py took 0.821 seconds
[2025-11-06T21:05:46.174+0000] {processor.py:186} INFO - Started process (PID=1065) to work on /opt/airflow/dags/train_forecast_stock_prices.py
[2025-11-06T21:05:46.175+0000] {processor.py:914} INFO - Processing file /opt/airflow/dags/train_forecast_stock_prices.py for tasks to queue
[2025-11-06T21:05:46.177+0000] {logging_mixin.py:190} INFO - [2025-11-06T21:05:46.177+0000] {dagbag.py:587} INFO - Filling up the DagBag from /opt/airflow/dags/train_forecast_stock_prices.py
[2025-11-06T21:05:46.229+0000] {logging_mixin.py:190} INFO - [2025-11-06T21:05:46.229+0000] {base.py:84} INFO - Retrieving connection 'snowflake_conn'
[2025-11-06T21:05:46.231+0000] {logging_mixin.py:190} INFO - [2025-11-06T21:05:46.230+0000] {connection.py:413} INFO - Snowflake Connector for Python Version: 3.12.1, Python Version: 3.12.5, Platform: Linux-5.15.167.4-microsoft-standard-WSL2-x86_64-with-glibc2.36
[2025-11-06T21:05:46.232+0000] {logging_mixin.py:190} INFO - [2025-11-06T21:05:46.232+0000] {connection.py:1196} INFO - Connecting to GLOBAL Snowflake domain
[2025-11-06T21:05:46.233+0000] {logging_mixin.py:190} INFO - [2025-11-06T21:05:46.233+0000] {connection.py:1277} INFO - This connection is in OCSP Fail Open Mode. TLS Certificates would be checked for validity and revocation status. Any other Certificate Revocation related exceptions or OCSP Responder failures would be disregarded in favor of connectivity.
[2025-11-06T21:05:46.738+0000] {processor.py:925} INFO - DAG(s) 'daily_stock_price_forecasting' retrieved from /opt/airflow/dags/train_forecast_stock_prices.py
[2025-11-06T21:05:46.850+0000] {logging_mixin.py:190} INFO - [2025-11-06T21:05:46.849+0000] {dag.py:3229} INFO - Sync 1 DAGs
[2025-11-06T21:05:46.874+0000] {logging_mixin.py:190} INFO - [2025-11-06T21:05:46.874+0000] {dag.py:4156} INFO - Setting next_dagrun for daily_stock_price_forecasting to 2025-11-06 00:30:00+00:00, run_after=2025-11-07 00:30:00+00:00
[2025-11-06T21:05:46.906+0000] {processor.py:208} INFO - Processing /opt/airflow/dags/train_forecast_stock_prices.py took 0.737 seconds
