[2025-10-31T23:27:27.458+0000] {local_task_job_runner.py:123} INFO - ::group::Pre task execution logs
[2025-10-31T23:27:27.472+0000] {taskinstance.py:2612} INFO - Dependencies all met for dep_context=non-requeueable deps ti=<TaskInstance: daily_yfinance_stock_ingestion.load_stock_prices_snowflake scheduled__2025-10-28T00:00:00+00:00 [queued]>
[2025-10-31T23:27:27.481+0000] {taskinstance.py:2612} INFO - Dependencies all met for dep_context=requeueable deps ti=<TaskInstance: daily_yfinance_stock_ingestion.load_stock_prices_snowflake scheduled__2025-10-28T00:00:00+00:00 [queued]>
[2025-10-31T23:27:27.482+0000] {taskinstance.py:2865} INFO - Starting attempt 2 of 1
[2025-10-31T23:27:27.624+0000] {taskinstance.py:2888} INFO - Executing <Task(_PythonDecoratedOperator): load_stock_prices_snowflake> on 2025-10-28 00:00:00+00:00
[2025-10-31T23:27:27.636+0000] {logging_mixin.py:190} WARNING - /home/***/.local/lib/python3.12/site-packages/***/task/task_runner/standard_task_runner.py:70 DeprecationWarning: This process (pid=414) is multi-threaded, use of fork() may lead to deadlocks in the child.
[2025-10-31T23:27:27.638+0000] {standard_task_runner.py:72} INFO - Started process 425 to run task
[2025-10-31T23:27:27.636+0000] {standard_task_runner.py:104} INFO - Running: ['***', 'tasks', 'run', 'daily_yfinance_stock_ingestion', 'load_stock_prices_snowflake', 'scheduled__2025-10-28T00:00:00+00:00', '--job-id', '113', '--raw', '--subdir', 'DAGS_FOLDER/daily_stock_ingestion.py', '--cfg-path', '/tmp/tmpn3rtr3gp']
[2025-10-31T23:27:27.639+0000] {standard_task_runner.py:105} INFO - Job 113: Subtask load_stock_prices_snowflake
[2025-10-31T23:27:27.694+0000] {task_command.py:467} INFO - Running <TaskInstance: daily_yfinance_stock_ingestion.load_stock_prices_snowflake scheduled__2025-10-28T00:00:00+00:00 [running]> on host 5080658c6a7c
[2025-10-31T23:27:27.861+0000] {taskinstance.py:3131} INFO - Exporting env vars: AIRFLOW_CTX_DAG_OWNER='***' AIRFLOW_CTX_DAG_ID='daily_yfinance_stock_ingestion' AIRFLOW_CTX_TASK_ID='load_stock_prices_snowflake' AIRFLOW_CTX_EXECUTION_DATE='2025-10-28T00:00:00+00:00' AIRFLOW_CTX_TRY_NUMBER='2' AIRFLOW_CTX_DAG_RUN_ID='scheduled__2025-10-28T00:00:00+00:00'
[2025-10-31T23:27:27.864+0000] {taskinstance.py:731} INFO - ::endgroup::
[2025-10-31T23:27:27.880+0000] {base.py:84} INFO - Retrieving connection 'snowflake_conn'
[2025-10-31T23:27:27.881+0000] {connection.py:413} INFO - Snowflake Connector for Python Version: 3.12.1, Python Version: 3.12.5, Platform: Linux-5.15.167.4-microsoft-standard-WSL2-x86_64-with-glibc2.36
[2025-10-31T23:27:27.883+0000] {connection.py:1196} INFO - Connecting to GLOBAL Snowflake domain
[2025-10-31T23:27:27.883+0000] {connection.py:1277} INFO - This connection is in OCSP Fail Open Mode. TLS Certificates would be checked for validity and revocation status. Any other Certificate Revocation related exceptions or OCSP Responder failures would be disregarded in favor of connectivity.
[2025-10-31T23:27:29.584+0000] {cursor.py:1156} INFO - Number of results in first chunk: 1
[2025-10-31T23:27:29.810+0000] {cursor.py:1156} INFO - Number of results in first chunk: 1
[2025-10-31T23:39:06.007+0000] {cursor.py:1156} INFO - Number of results in first chunk: 1
[2025-10-31T23:39:06.009+0000] {python.py:240} INFO - Done. Returned value was: Successfully loaded data into Snowflake
[2025-10-31T23:39:06.052+0000] {taskinstance.py:340} INFO - ::group::Post task execution logs
[2025-10-31T23:39:06.054+0000] {taskinstance.py:352} INFO - Marking task as SUCCESS. dag_id=daily_yfinance_stock_ingestion, task_id=load_stock_prices_snowflake, run_id=scheduled__2025-10-28T00:00:00+00:00, execution_date=20251028T000000, start_date=20251031T232727, end_date=20251031T233906
[2025-10-31T23:39:06.086+0000] {local_task_job_runner.py:266} INFO - Task exited with return code 0
[2025-10-31T23:39:06.113+0000] {taskinstance.py:3900} INFO - 1 downstream tasks scheduled from follow-on schedule check
[2025-10-31T23:39:06.116+0000] {local_task_job_runner.py:245} INFO - ::endgroup::
