[2025-11-25T00:00:03.186+0000] {local_task_job_runner.py:123} INFO - ::group::Pre task execution logs
[2025-11-25T00:00:03.202+0000] {taskinstance.py:2612} INFO - Dependencies all met for dep_context=non-requeueable deps ti=<TaskInstance: daily_yfinance_stock_ingestion.extract_stock_prices scheduled__2025-11-24T00:00:00+00:00 [queued]>
[2025-11-25T00:00:03.210+0000] {taskinstance.py:2612} INFO - Dependencies all met for dep_context=requeueable deps ti=<TaskInstance: daily_yfinance_stock_ingestion.extract_stock_prices scheduled__2025-11-24T00:00:00+00:00 [queued]>
[2025-11-25T00:00:03.211+0000] {taskinstance.py:2865} INFO - Starting attempt 1 of 1
[2025-11-25T00:00:03.224+0000] {taskinstance.py:2888} INFO - Executing <Task(_PythonDecoratedOperator): extract_stock_prices> on 2025-11-24 00:00:00+00:00
[2025-11-25T00:00:03.235+0000] {logging_mixin.py:190} WARNING - /home/***/.local/lib/python3.12/site-packages/***/task/task_runner/standard_task_runner.py:70 DeprecationWarning: This process (pid=11685) is multi-threaded, use of fork() may lead to deadlocks in the child.
[2025-11-25T00:00:03.237+0000] {standard_task_runner.py:72} INFO - Started process 11688 to run task
[2025-11-25T00:00:03.236+0000] {standard_task_runner.py:104} INFO - Running: ['***', 'tasks', 'run', 'daily_yfinance_stock_ingestion', 'extract_stock_prices', 'scheduled__2025-11-24T00:00:00+00:00', '--job-id', '282', '--raw', '--subdir', 'DAGS_FOLDER/daily_stock_ingestion.py', '--cfg-path', '/tmp/tmp8bqdp2ao']
[2025-11-25T00:00:03.239+0000] {standard_task_runner.py:105} INFO - Job 282: Subtask extract_stock_prices
[2025-11-25T00:00:03.511+0000] {task_command.py:467} INFO - Running <TaskInstance: daily_yfinance_stock_ingestion.extract_stock_prices scheduled__2025-11-24T00:00:00+00:00 [running]> on host 70570c35513f
[2025-11-25T00:00:03.626+0000] {taskinstance.py:3131} INFO - Exporting env vars: AIRFLOW_CTX_DAG_OWNER='***' AIRFLOW_CTX_DAG_ID='daily_yfinance_stock_ingestion' AIRFLOW_CTX_TASK_ID='extract_stock_prices' AIRFLOW_CTX_EXECUTION_DATE='2025-11-24T00:00:00+00:00' AIRFLOW_CTX_TRY_NUMBER='1' AIRFLOW_CTX_DAG_RUN_ID='scheduled__2025-11-24T00:00:00+00:00'
[2025-11-25T00:00:03.628+0000] {taskinstance.py:731} INFO - ::endgroup::
[2025-11-25T00:00:03.642+0000] {logging_mixin.py:190} WARNING - /opt/***/dags/daily_stock_ingestion.py:34 FutureWarning: YF.download() has changed argument auto_adjust default to True
[2025-11-25T00:00:04.043+0000] {logging_mixin.py:190} WARNING - [                       0%                       ]
[2025-11-25T00:00:04.044+0000] {logging_mixin.py:190} WARNING - [*********************100%***********************]  2 of 2 completed
[2025-11-25T00:00:04.052+0000] {python.py:240} INFO - Done. Returned value was: Ticker            AMZN              ...        GOOG          
Price             Open        High  ...       Close    Volume
Date                                ...                      
2025-03-11  193.899994  200.179993  ...  165.632675  23705900
2025-03-12  200.720001  201.520004  ...  168.646378  19880100
2025-03-13  198.169998  198.880005  ...  164.385300  15206200
2025-03-14  197.410004  198.649994  ...  167.269241  18611100
2025-03-17  198.770004  199.000000  ...  166.221466  17839100
...                ...         ...  ...         ...       ...
2025-11-18  228.100006  230.199997  ...  284.959991  29702200
2025-11-19  223.740005  223.740005  ...  292.989990  43123600
2025-11-20  227.050003  227.410004  ...  289.980011  34801400
2025-11-21  216.350006  222.210007  ...  299.649994  43543100
2025-11-24  222.580002  227.270004  ...  318.470001  54454263

[180 rows x 10 columns]
[2025-11-25T00:00:04.156+0000] {taskinstance.py:340} INFO - ::group::Post task execution logs
[2025-11-25T00:00:04.158+0000] {taskinstance.py:352} INFO - Marking task as SUCCESS. dag_id=daily_yfinance_stock_ingestion, task_id=extract_stock_prices, run_id=scheduled__2025-11-24T00:00:00+00:00, execution_date=20251124T000000, start_date=20251125T000003, end_date=20251125T000004
[2025-11-25T00:00:04.216+0000] {local_task_job_runner.py:266} INFO - Task exited with return code 0
[2025-11-25T00:00:04.469+0000] {taskinstance.py:3900} INFO - 1 downstream tasks scheduled from follow-on schedule check
[2025-11-25T00:00:04.477+0000] {local_task_job_runner.py:245} INFO - ::endgroup::
