[2025-10-31T23:40:50.257+0000] {local_task_job_runner.py:123} INFO - ::group::Pre task execution logs
[2025-10-31T23:40:50.279+0000] {taskinstance.py:2612} INFO - Dependencies all met for dep_context=non-requeueable deps ti=<TaskInstance: daily_stock_price_forecasting.predict manual__2025-10-31T23:39:08.902378+00:00 [queued]>
[2025-10-31T23:40:50.289+0000] {taskinstance.py:2612} INFO - Dependencies all met for dep_context=requeueable deps ti=<TaskInstance: daily_stock_price_forecasting.predict manual__2025-10-31T23:39:08.902378+00:00 [queued]>
[2025-10-31T23:40:50.290+0000] {taskinstance.py:2865} INFO - Starting attempt 1 of 1
[2025-10-31T23:40:50.305+0000] {taskinstance.py:2888} INFO - Executing <Task(_PythonDecoratedOperator): predict> on 2025-10-31 23:39:08.902378+00:00
[2025-10-31T23:40:50.315+0000] {logging_mixin.py:190} WARNING - /home/***/.local/lib/python3.12/site-packages/***/task/task_runner/standard_task_runner.py:70 DeprecationWarning: This process (pid=887) is multi-threaded, use of fork() may lead to deadlocks in the child.
[2025-10-31T23:40:50.315+0000] {standard_task_runner.py:104} INFO - Running: ['***', 'tasks', 'run', 'daily_stock_price_forecasting', 'predict', 'manual__2025-10-31T23:39:08.902378+00:00', '--job-id', '120', '--raw', '--subdir', 'DAGS_FOLDER/train_forecast_stock_prices.py', '--cfg-path', '/tmp/tmpu9yx8_rd']
[2025-10-31T23:40:50.317+0000] {standard_task_runner.py:72} INFO - Started process 890 to run task
[2025-10-31T23:40:50.317+0000] {standard_task_runner.py:105} INFO - Job 120: Subtask predict
[2025-10-31T23:40:50.364+0000] {task_command.py:467} INFO - Running <TaskInstance: daily_stock_price_forecasting.predict manual__2025-10-31T23:39:08.902378+00:00 [running]> on host 5080658c6a7c
[2025-10-31T23:40:50.439+0000] {taskinstance.py:3131} INFO - Exporting env vars: AIRFLOW_CTX_DAG_OWNER='***' AIRFLOW_CTX_DAG_ID='daily_stock_price_forecasting' AIRFLOW_CTX_TASK_ID='predict' AIRFLOW_CTX_EXECUTION_DATE='2025-10-31T23:39:08.902378+00:00' AIRFLOW_CTX_TRY_NUMBER='1' AIRFLOW_CTX_DAG_RUN_ID='manual__2025-10-31T23:39:08.902378+00:00'
[2025-10-31T23:40:50.440+0000] {taskinstance.py:731} INFO - ::endgroup::
[2025-10-31T23:41:07.771+0000] {cursor.py:1156} INFO - Number of results in first chunk: 14
[2025-10-31T23:41:08.820+0000] {cursor.py:1156} INFO - Number of results in first chunk: 1
[2025-10-31T23:41:09.751+0000] {cursor.py:1156} INFO - Number of results in first chunk: 1
[2025-10-31T23:41:09.753+0000] {logging_mixin.py:190} INFO - Forecasting and storing results completed successfully.
[2025-10-31T23:41:09.754+0000] {python.py:240} INFO - Done. Returned value was: None
[2025-10-31T23:41:09.770+0000] {taskinstance.py:340} INFO - ::group::Post task execution logs
[2025-10-31T23:41:09.773+0000] {taskinstance.py:352} INFO - Marking task as SUCCESS. dag_id=daily_stock_price_forecasting, task_id=predict, run_id=manual__2025-10-31T23:39:08.902378+00:00, execution_date=20251031T233908, start_date=20251031T234050, end_date=20251031T234109
[2025-10-31T23:41:10.494+0000] {local_task_job_runner.py:266} INFO - Task exited with return code 0
[2025-10-31T23:41:10.512+0000] {taskinstance.py:3900} INFO - 0 downstream tasks scheduled from follow-on schedule check
[2025-10-31T23:41:10.518+0000] {local_task_job_runner.py:245} INFO - ::endgroup::
