[2025-11-23T23:50:54.478+0000] {local_task_job_runner.py:123} INFO - ::group::Pre task execution logs
[2025-11-23T23:50:54.504+0000] {taskinstance.py:2612} INFO - Dependencies all met for dep_context=non-requeueable deps ti=<TaskInstance: daily_stock_price_forecasting.predict scheduled__2025-11-14T00:30:00+00:00 [queued]>
[2025-11-23T23:50:54.516+0000] {taskinstance.py:2612} INFO - Dependencies all met for dep_context=requeueable deps ti=<TaskInstance: daily_stock_price_forecasting.predict scheduled__2025-11-14T00:30:00+00:00 [queued]>
[2025-11-23T23:50:54.518+0000] {taskinstance.py:2865} INFO - Starting attempt 1 of 1
[2025-11-23T23:50:54.534+0000] {taskinstance.py:2888} INFO - Executing <Task(_PythonDecoratedOperator): predict> on 2025-11-14 00:30:00+00:00
[2025-11-23T23:50:54.547+0000] {logging_mixin.py:190} WARNING - /home/***/.local/lib/python3.12/site-packages/***/task/task_runner/standard_task_runner.py:70 DeprecationWarning: This process (pid=535) is multi-threaded, use of fork() may lead to deadlocks in the child.
[2025-11-23T23:50:54.548+0000] {standard_task_runner.py:104} INFO - Running: ['***', 'tasks', 'run', 'daily_stock_price_forecasting', 'predict', 'scheduled__2025-11-14T00:30:00+00:00', '--job-id', '174', '--raw', '--subdir', 'DAGS_FOLDER/train_forecast_stock_prices.py', '--cfg-path', '/tmp/tmpjx4t6bz3']
[2025-11-23T23:50:54.549+0000] {standard_task_runner.py:72} INFO - Started process 540 to run task
[2025-11-23T23:50:54.550+0000] {standard_task_runner.py:105} INFO - Job 174: Subtask predict
[2025-11-23T23:50:54.608+0000] {task_command.py:467} INFO - Running <TaskInstance: daily_stock_price_forecasting.predict scheduled__2025-11-14T00:30:00+00:00 [running]> on host 5080658c6a7c
[2025-11-23T23:50:54.724+0000] {taskinstance.py:3131} INFO - Exporting env vars: AIRFLOW_CTX_DAG_OWNER='***' AIRFLOW_CTX_DAG_ID='daily_stock_price_forecasting' AIRFLOW_CTX_TASK_ID='predict' AIRFLOW_CTX_EXECUTION_DATE='2025-11-14T00:30:00+00:00' AIRFLOW_CTX_TRY_NUMBER='1' AIRFLOW_CTX_DAG_RUN_ID='scheduled__2025-11-14T00:30:00+00:00'
[2025-11-23T23:50:54.726+0000] {taskinstance.py:731} INFO - ::endgroup::
[2025-11-23T23:51:24.340+0000] {cursor.py:1156} INFO - Number of results in first chunk: 14
[2025-11-23T23:51:25.282+0000] {cursor.py:1156} INFO - Number of results in first chunk: 1
[2025-11-23T23:51:25.953+0000] {cursor.py:1156} INFO - Number of results in first chunk: 1
[2025-11-23T23:51:25.956+0000] {logging_mixin.py:190} INFO - Forecasting and storing results completed successfully.
[2025-11-23T23:51:25.958+0000] {python.py:240} INFO - Done. Returned value was: None
[2025-11-23T23:51:25.971+0000] {taskinstance.py:340} INFO - ::group::Post task execution logs
[2025-11-23T23:51:25.973+0000] {taskinstance.py:352} INFO - Marking task as SUCCESS. dag_id=daily_stock_price_forecasting, task_id=predict, run_id=scheduled__2025-11-14T00:30:00+00:00, execution_date=20251114T003000, start_date=20251123T235054, end_date=20251123T235125
[2025-11-23T23:51:26.014+0000] {local_task_job_runner.py:266} INFO - Task exited with return code 0
[2025-11-23T23:51:26.034+0000] {taskinstance.py:3900} INFO - 0 downstream tasks scheduled from follow-on schedule check
[2025-11-23T23:51:26.038+0000] {local_task_job_runner.py:245} INFO - ::endgroup::
