[2025-11-24T20:47:22.330+0000] {local_task_job_runner.py:123} INFO - ::group::Pre task execution logs
[2025-11-24T20:47:22.354+0000] {taskinstance.py:2612} INFO - Dependencies all met for dep_context=non-requeueable deps ti=<TaskInstance: dbt_elt_pipeline.dbt_snapshot manual__2025-11-24T20:46:52.640267+00:00 [queued]>
[2025-11-24T20:47:22.364+0000] {taskinstance.py:2612} INFO - Dependencies all met for dep_context=requeueable deps ti=<TaskInstance: dbt_elt_pipeline.dbt_snapshot manual__2025-11-24T20:46:52.640267+00:00 [queued]>
[2025-11-24T20:47:22.366+0000] {taskinstance.py:2865} INFO - Starting attempt 1 of 1
[2025-11-24T20:47:22.380+0000] {taskinstance.py:2888} INFO - Executing <Task(BashOperator): dbt_snapshot> on 2025-11-24 20:46:52.640267+00:00
[2025-11-24T20:47:22.390+0000] {standard_task_runner.py:104} INFO - Running: ['***', 'tasks', 'run', 'dbt_elt_pipeline', 'dbt_snapshot', 'manual__2025-11-24T20:46:52.640267+00:00', '--job-id', '280', '--raw', '--subdir', 'DAGS_FOLDER/elt_dbt_stock_pipeline.py', '--cfg-path', '/tmp/tmp6ufmkezw']
[2025-11-24T20:47:22.394+0000] {standard_task_runner.py:105} INFO - Job 280: Subtask dbt_snapshot
[2025-11-24T20:47:22.395+0000] {logging_mixin.py:190} WARNING - /home/***/.local/lib/python3.12/site-packages/***/task/task_runner/standard_task_runner.py:70 DeprecationWarning: This process (pid=4824) is multi-threaded, use of fork() may lead to deadlocks in the child.
[2025-11-24T20:47:22.396+0000] {standard_task_runner.py:72} INFO - Started process 4825 to run task
[2025-11-24T20:47:22.446+0000] {task_command.py:467} INFO - Running <TaskInstance: dbt_elt_pipeline.dbt_snapshot manual__2025-11-24T20:46:52.640267+00:00 [running]> on host 70570c35513f
[2025-11-24T20:47:22.538+0000] {taskinstance.py:3131} INFO - Exporting env vars: AIRFLOW_CTX_DAG_OWNER='***' AIRFLOW_CTX_DAG_ID='dbt_elt_pipeline' AIRFLOW_CTX_TASK_ID='dbt_snapshot' AIRFLOW_CTX_EXECUTION_DATE='2025-11-24T20:46:52.640267+00:00' AIRFLOW_CTX_TRY_NUMBER='1' AIRFLOW_CTX_DAG_RUN_ID='manual__2025-11-24T20:46:52.640267+00:00'
[2025-11-24T20:47:22.539+0000] {taskinstance.py:731} INFO - ::endgroup::
[2025-11-24T20:47:22.557+0000] {subprocess.py:63} INFO - Tmp dir root location: /tmp
[2025-11-24T20:47:22.558+0000] {subprocess.py:75} INFO - Running command: ['/usr/bin/bash', '-c', 'cd /opt/***/dbt/stock_analytics && dbt snapshot --profiles-dir .']
[2025-11-24T20:47:22.568+0000] {subprocess.py:86} INFO - Output:
[2025-11-24T20:47:24.859+0000] {subprocess.py:93} INFO - [0m20:47:24  Running with dbt=1.8.7
[2025-11-24T20:47:25.963+0000] {subprocess.py:93} INFO - [0m20:47:25  Registered adapter: snowflake=1.8.4
[2025-11-24T20:47:26.699+0000] {subprocess.py:93} INFO - [0m20:47:26  Found 2 models, 1 snapshot, 9 data tests, 1 source, 460 macros
[2025-11-24T20:47:26.704+0000] {subprocess.py:93} INFO - [0m20:47:26
[2025-11-24T20:47:28.402+0000] {subprocess.py:93} INFO - [0m20:47:28  Concurrency: 1 threads (target='dev')
[2025-11-24T20:47:28.404+0000] {subprocess.py:93} INFO - [0m20:47:28
[2025-11-24T20:47:28.424+0000] {subprocess.py:93} INFO - [0m20:47:28  1 of 1 START snapshot ANALYTICS.stg_prices_test_snapshot ....................... [RUN]
[2025-11-24T20:47:32.140+0000] {subprocess.py:93} INFO - [0m20:47:32  1 of 1 OK snapshotted ANALYTICS.stg_prices_test_snapshot ....................... [[32mSUCCESS 0[0m in 3.71s]
[2025-11-24T20:47:32.148+0000] {subprocess.py:93} INFO - [0m20:47:32
[2025-11-24T20:47:32.149+0000] {subprocess.py:93} INFO - [0m20:47:32  Finished running 1 snapshot in 0 hours 0 minutes and 5.44 seconds (5.44s).
[2025-11-24T20:47:32.256+0000] {subprocess.py:93} INFO - [0m20:47:32
[2025-11-24T20:47:32.258+0000] {subprocess.py:93} INFO - [0m20:47:32  [32mCompleted successfully[0m
[2025-11-24T20:47:32.259+0000] {subprocess.py:93} INFO - [0m20:47:32
[2025-11-24T20:47:32.260+0000] {subprocess.py:93} INFO - [0m20:47:32  Done. PASS=1 WARN=0 ERROR=0 SKIP=0 TOTAL=1
[2025-11-24T20:47:33.075+0000] {subprocess.py:97} INFO - Command exited with return code 0
[2025-11-24T20:47:33.109+0000] {taskinstance.py:340} INFO - ::group::Post task execution logs
[2025-11-24T20:47:33.111+0000] {taskinstance.py:352} INFO - Marking task as SUCCESS. dag_id=dbt_elt_pipeline, task_id=dbt_snapshot, run_id=manual__2025-11-24T20:46:52.640267+00:00, execution_date=20251124T204652, start_date=20251124T204722, end_date=20251124T204733
[2025-11-24T20:47:33.152+0000] {local_task_job_runner.py:266} INFO - Task exited with return code 0
[2025-11-24T20:47:33.164+0000] {local_task_job_runner.py:245} INFO - ::endgroup::
