[2025-11-25T00:00:05.748+0000] {processor.py:186} INFO - Started process (PID=11697) to work on /opt/airflow/dags/elt_dbt_stock_pipeline.py
[2025-11-25T00:00:05.749+0000] {processor.py:914} INFO - Processing file /opt/airflow/dags/elt_dbt_stock_pipeline.py for tasks to queue
[2025-11-25T00:00:05.752+0000] {logging_mixin.py:190} INFO - [2025-11-25T00:00:05.751+0000] {dagbag.py:587} INFO - Filling up the DagBag from /opt/airflow/dags/elt_dbt_stock_pipeline.py
[2025-11-25T00:00:05.812+0000] {processor.py:925} INFO - DAG(s) 'dbt_elt_pipeline' retrieved from /opt/airflow/dags/elt_dbt_stock_pipeline.py
[2025-11-25T00:00:05.843+0000] {logging_mixin.py:190} INFO - [2025-11-25T00:00:05.842+0000] {dag.py:3229} INFO - Sync 1 DAGs
[2025-11-25T00:00:05.885+0000] {logging_mixin.py:190} INFO - [2025-11-25T00:00:05.885+0000] {dag.py:4156} INFO - Setting next_dagrun for dbt_elt_pipeline to 2025-11-24 00:45:00+00:00, run_after=2025-11-25 00:45:00+00:00
[2025-11-25T00:00:05.919+0000] {processor.py:208} INFO - Processing /opt/airflow/dags/elt_dbt_stock_pipeline.py took 0.180 seconds
[2025-11-25T00:00:36.640+0000] {processor.py:186} INFO - Started process (PID=11748) to work on /opt/airflow/dags/elt_dbt_stock_pipeline.py
[2025-11-25T00:00:36.642+0000] {processor.py:914} INFO - Processing file /opt/airflow/dags/elt_dbt_stock_pipeline.py for tasks to queue
[2025-11-25T00:00:36.645+0000] {logging_mixin.py:190} INFO - [2025-11-25T00:00:36.645+0000] {dagbag.py:587} INFO - Filling up the DagBag from /opt/airflow/dags/elt_dbt_stock_pipeline.py
[2025-11-25T00:00:36.702+0000] {processor.py:925} INFO - DAG(s) 'dbt_elt_pipeline' retrieved from /opt/airflow/dags/elt_dbt_stock_pipeline.py
[2025-11-25T00:00:36.734+0000] {logging_mixin.py:190} INFO - [2025-11-25T00:00:36.733+0000] {dag.py:3229} INFO - Sync 1 DAGs
[2025-11-25T00:00:36.766+0000] {logging_mixin.py:190} INFO - [2025-11-25T00:00:36.766+0000] {dag.py:4156} INFO - Setting next_dagrun for dbt_elt_pipeline to 2025-11-24 00:45:00+00:00, run_after=2025-11-25 00:45:00+00:00
[2025-11-25T00:00:36.790+0000] {processor.py:208} INFO - Processing /opt/airflow/dags/elt_dbt_stock_pipeline.py took 0.161 seconds
[2025-11-25T00:01:07.175+0000] {processor.py:186} INFO - Started process (PID=11769) to work on /opt/airflow/dags/elt_dbt_stock_pipeline.py
[2025-11-25T00:01:07.177+0000] {processor.py:914} INFO - Processing file /opt/airflow/dags/elt_dbt_stock_pipeline.py for tasks to queue
[2025-11-25T00:01:07.179+0000] {logging_mixin.py:190} INFO - [2025-11-25T00:01:07.179+0000] {dagbag.py:587} INFO - Filling up the DagBag from /opt/airflow/dags/elt_dbt_stock_pipeline.py
[2025-11-25T00:01:07.230+0000] {processor.py:925} INFO - DAG(s) 'dbt_elt_pipeline' retrieved from /opt/airflow/dags/elt_dbt_stock_pipeline.py
[2025-11-25T00:01:07.269+0000] {logging_mixin.py:190} INFO - [2025-11-25T00:01:07.268+0000] {dag.py:3229} INFO - Sync 1 DAGs
[2025-11-25T00:01:07.316+0000] {logging_mixin.py:190} INFO - [2025-11-25T00:01:07.315+0000] {dag.py:4156} INFO - Setting next_dagrun for dbt_elt_pipeline to 2025-11-24 00:45:00+00:00, run_after=2025-11-25 00:45:00+00:00
[2025-11-25T00:01:07.359+0000] {processor.py:208} INFO - Processing /opt/airflow/dags/elt_dbt_stock_pipeline.py took 0.194 seconds
[2025-11-25T00:01:37.994+0000] {processor.py:186} INFO - Started process (PID=11789) to work on /opt/airflow/dags/elt_dbt_stock_pipeline.py
[2025-11-25T00:01:37.998+0000] {processor.py:914} INFO - Processing file /opt/airflow/dags/elt_dbt_stock_pipeline.py for tasks to queue
[2025-11-25T00:01:38.005+0000] {logging_mixin.py:190} INFO - [2025-11-25T00:01:38.004+0000] {dagbag.py:587} INFO - Filling up the DagBag from /opt/airflow/dags/elt_dbt_stock_pipeline.py
[2025-11-25T00:01:38.078+0000] {processor.py:925} INFO - DAG(s) 'dbt_elt_pipeline' retrieved from /opt/airflow/dags/elt_dbt_stock_pipeline.py
[2025-11-25T00:01:38.117+0000] {logging_mixin.py:190} INFO - [2025-11-25T00:01:38.117+0000] {dag.py:3229} INFO - Sync 1 DAGs
[2025-11-25T00:01:38.169+0000] {logging_mixin.py:190} INFO - [2025-11-25T00:01:38.168+0000] {dag.py:4156} INFO - Setting next_dagrun for dbt_elt_pipeline to 2025-11-24 00:45:00+00:00, run_after=2025-11-25 00:45:00+00:00
[2025-11-25T00:01:38.197+0000] {processor.py:208} INFO - Processing /opt/airflow/dags/elt_dbt_stock_pipeline.py took 0.214 seconds
[2025-11-25T00:02:08.539+0000] {processor.py:186} INFO - Started process (PID=11810) to work on /opt/airflow/dags/elt_dbt_stock_pipeline.py
[2025-11-25T00:02:08.542+0000] {processor.py:914} INFO - Processing file /opt/airflow/dags/elt_dbt_stock_pipeline.py for tasks to queue
[2025-11-25T00:02:08.547+0000] {logging_mixin.py:190} INFO - [2025-11-25T00:02:08.546+0000] {dagbag.py:587} INFO - Filling up the DagBag from /opt/airflow/dags/elt_dbt_stock_pipeline.py
[2025-11-25T00:02:08.583+0000] {processor.py:925} INFO - DAG(s) 'dbt_elt_pipeline' retrieved from /opt/airflow/dags/elt_dbt_stock_pipeline.py
[2025-11-25T00:02:08.613+0000] {logging_mixin.py:190} INFO - [2025-11-25T00:02:08.613+0000] {dag.py:3229} INFO - Sync 1 DAGs
[2025-11-25T00:02:08.644+0000] {logging_mixin.py:190} INFO - [2025-11-25T00:02:08.644+0000] {dag.py:4156} INFO - Setting next_dagrun for dbt_elt_pipeline to 2025-11-24 00:45:00+00:00, run_after=2025-11-25 00:45:00+00:00
[2025-11-25T00:02:08.667+0000] {processor.py:208} INFO - Processing /opt/airflow/dags/elt_dbt_stock_pipeline.py took 0.138 seconds
[2025-11-25T00:02:39.696+0000] {processor.py:186} INFO - Started process (PID=11831) to work on /opt/airflow/dags/elt_dbt_stock_pipeline.py
[2025-11-25T00:02:39.698+0000] {processor.py:914} INFO - Processing file /opt/airflow/dags/elt_dbt_stock_pipeline.py for tasks to queue
[2025-11-25T00:02:39.701+0000] {logging_mixin.py:190} INFO - [2025-11-25T00:02:39.701+0000] {dagbag.py:587} INFO - Filling up the DagBag from /opt/airflow/dags/elt_dbt_stock_pipeline.py
[2025-11-25T00:02:39.748+0000] {processor.py:925} INFO - DAG(s) 'dbt_elt_pipeline' retrieved from /opt/airflow/dags/elt_dbt_stock_pipeline.py
[2025-11-25T00:02:39.784+0000] {logging_mixin.py:190} INFO - [2025-11-25T00:02:39.783+0000] {dag.py:3229} INFO - Sync 1 DAGs
[2025-11-25T00:02:39.820+0000] {logging_mixin.py:190} INFO - [2025-11-25T00:02:39.819+0000] {dag.py:4156} INFO - Setting next_dagrun for dbt_elt_pipeline to 2025-11-24 00:45:00+00:00, run_after=2025-11-25 00:45:00+00:00
[2025-11-25T00:02:39.850+0000] {processor.py:208} INFO - Processing /opt/airflow/dags/elt_dbt_stock_pipeline.py took 0.161 seconds
[2025-11-25T00:03:10.400+0000] {processor.py:186} INFO - Started process (PID=11852) to work on /opt/airflow/dags/elt_dbt_stock_pipeline.py
[2025-11-25T00:03:10.403+0000] {processor.py:914} INFO - Processing file /opt/airflow/dags/elt_dbt_stock_pipeline.py for tasks to queue
[2025-11-25T00:03:10.406+0000] {logging_mixin.py:190} INFO - [2025-11-25T00:03:10.404+0000] {dagbag.py:587} INFO - Filling up the DagBag from /opt/airflow/dags/elt_dbt_stock_pipeline.py
[2025-11-25T00:03:10.450+0000] {processor.py:925} INFO - DAG(s) 'dbt_elt_pipeline' retrieved from /opt/airflow/dags/elt_dbt_stock_pipeline.py
[2025-11-25T00:03:10.480+0000] {logging_mixin.py:190} INFO - [2025-11-25T00:03:10.480+0000] {dag.py:3229} INFO - Sync 1 DAGs
[2025-11-25T00:03:10.515+0000] {logging_mixin.py:190} INFO - [2025-11-25T00:03:10.514+0000] {dag.py:4156} INFO - Setting next_dagrun for dbt_elt_pipeline to 2025-11-24 00:45:00+00:00, run_after=2025-11-25 00:45:00+00:00
[2025-11-25T00:03:10.541+0000] {processor.py:208} INFO - Processing /opt/airflow/dags/elt_dbt_stock_pipeline.py took 0.153 seconds
[2025-11-25T00:03:40.935+0000] {processor.py:186} INFO - Started process (PID=11873) to work on /opt/airflow/dags/elt_dbt_stock_pipeline.py
[2025-11-25T00:03:40.937+0000] {processor.py:914} INFO - Processing file /opt/airflow/dags/elt_dbt_stock_pipeline.py for tasks to queue
[2025-11-25T00:03:40.940+0000] {logging_mixin.py:190} INFO - [2025-11-25T00:03:40.939+0000] {dagbag.py:587} INFO - Filling up the DagBag from /opt/airflow/dags/elt_dbt_stock_pipeline.py
[2025-11-25T00:03:40.993+0000] {processor.py:925} INFO - DAG(s) 'dbt_elt_pipeline' retrieved from /opt/airflow/dags/elt_dbt_stock_pipeline.py
[2025-11-25T00:03:41.022+0000] {logging_mixin.py:190} INFO - [2025-11-25T00:03:41.021+0000] {dag.py:3229} INFO - Sync 1 DAGs
[2025-11-25T00:03:41.053+0000] {logging_mixin.py:190} INFO - [2025-11-25T00:03:41.053+0000] {dag.py:4156} INFO - Setting next_dagrun for dbt_elt_pipeline to 2025-11-24 00:45:00+00:00, run_after=2025-11-25 00:45:00+00:00
[2025-11-25T00:03:41.088+0000] {processor.py:208} INFO - Processing /opt/airflow/dags/elt_dbt_stock_pipeline.py took 0.161 seconds
[2025-11-25T00:04:11.351+0000] {processor.py:186} INFO - Started process (PID=11894) to work on /opt/airflow/dags/elt_dbt_stock_pipeline.py
[2025-11-25T00:04:11.353+0000] {processor.py:914} INFO - Processing file /opt/airflow/dags/elt_dbt_stock_pipeline.py for tasks to queue
[2025-11-25T00:04:11.356+0000] {logging_mixin.py:190} INFO - [2025-11-25T00:04:11.355+0000] {dagbag.py:587} INFO - Filling up the DagBag from /opt/airflow/dags/elt_dbt_stock_pipeline.py
[2025-11-25T00:04:11.407+0000] {processor.py:925} INFO - DAG(s) 'dbt_elt_pipeline' retrieved from /opt/airflow/dags/elt_dbt_stock_pipeline.py
[2025-11-25T00:04:11.440+0000] {logging_mixin.py:190} INFO - [2025-11-25T00:04:11.440+0000] {dag.py:3229} INFO - Sync 1 DAGs
[2025-11-25T00:04:11.481+0000] {logging_mixin.py:190} INFO - [2025-11-25T00:04:11.481+0000] {dag.py:4156} INFO - Setting next_dagrun for dbt_elt_pipeline to 2025-11-24 00:45:00+00:00, run_after=2025-11-25 00:45:00+00:00
[2025-11-25T00:04:11.517+0000] {processor.py:208} INFO - Processing /opt/airflow/dags/elt_dbt_stock_pipeline.py took 0.175 seconds
[2025-11-25T00:04:41.884+0000] {processor.py:186} INFO - Started process (PID=11916) to work on /opt/airflow/dags/elt_dbt_stock_pipeline.py
[2025-11-25T00:04:41.891+0000] {processor.py:914} INFO - Processing file /opt/airflow/dags/elt_dbt_stock_pipeline.py for tasks to queue
[2025-11-25T00:04:41.894+0000] {logging_mixin.py:190} INFO - [2025-11-25T00:04:41.893+0000] {dagbag.py:587} INFO - Filling up the DagBag from /opt/airflow/dags/elt_dbt_stock_pipeline.py
[2025-11-25T00:04:41.942+0000] {processor.py:925} INFO - DAG(s) 'dbt_elt_pipeline' retrieved from /opt/airflow/dags/elt_dbt_stock_pipeline.py
[2025-11-25T00:04:41.967+0000] {logging_mixin.py:190} INFO - [2025-11-25T00:04:41.967+0000] {dag.py:3229} INFO - Sync 1 DAGs
[2025-11-25T00:04:42.003+0000] {logging_mixin.py:190} INFO - [2025-11-25T00:04:42.002+0000] {dag.py:4156} INFO - Setting next_dagrun for dbt_elt_pipeline to 2025-11-24 00:45:00+00:00, run_after=2025-11-25 00:45:00+00:00
[2025-11-25T00:04:42.028+0000] {processor.py:208} INFO - Processing /opt/airflow/dags/elt_dbt_stock_pipeline.py took 0.150 seconds
[2025-11-25T00:05:12.199+0000] {processor.py:186} INFO - Started process (PID=11937) to work on /opt/airflow/dags/elt_dbt_stock_pipeline.py
[2025-11-25T00:05:12.200+0000] {processor.py:914} INFO - Processing file /opt/airflow/dags/elt_dbt_stock_pipeline.py for tasks to queue
[2025-11-25T00:05:12.201+0000] {logging_mixin.py:190} INFO - [2025-11-25T00:05:12.201+0000] {dagbag.py:587} INFO - Filling up the DagBag from /opt/airflow/dags/elt_dbt_stock_pipeline.py
[2025-11-25T00:05:12.220+0000] {processor.py:925} INFO - DAG(s) 'dbt_elt_pipeline' retrieved from /opt/airflow/dags/elt_dbt_stock_pipeline.py
[2025-11-25T00:05:12.242+0000] {logging_mixin.py:190} INFO - [2025-11-25T00:05:12.242+0000] {dag.py:3229} INFO - Sync 1 DAGs
[2025-11-25T00:05:12.261+0000] {logging_mixin.py:190} INFO - [2025-11-25T00:05:12.260+0000] {dag.py:4156} INFO - Setting next_dagrun for dbt_elt_pipeline to 2025-11-24 00:45:00+00:00, run_after=2025-11-25 00:45:00+00:00
[2025-11-25T00:05:12.276+0000] {processor.py:208} INFO - Processing /opt/airflow/dags/elt_dbt_stock_pipeline.py took 0.083 seconds
[2025-11-25T00:05:42.350+0000] {processor.py:186} INFO - Started process (PID=11957) to work on /opt/airflow/dags/elt_dbt_stock_pipeline.py
[2025-11-25T00:05:42.352+0000] {processor.py:914} INFO - Processing file /opt/airflow/dags/elt_dbt_stock_pipeline.py for tasks to queue
[2025-11-25T00:05:42.353+0000] {logging_mixin.py:190} INFO - [2025-11-25T00:05:42.353+0000] {dagbag.py:587} INFO - Filling up the DagBag from /opt/airflow/dags/elt_dbt_stock_pipeline.py
[2025-11-25T00:05:42.368+0000] {processor.py:925} INFO - DAG(s) 'dbt_elt_pipeline' retrieved from /opt/airflow/dags/elt_dbt_stock_pipeline.py
[2025-11-25T00:05:42.383+0000] {logging_mixin.py:190} INFO - [2025-11-25T00:05:42.383+0000] {dag.py:3229} INFO - Sync 1 DAGs
[2025-11-25T00:05:42.402+0000] {logging_mixin.py:190} INFO - [2025-11-25T00:05:42.402+0000] {dag.py:4156} INFO - Setting next_dagrun for dbt_elt_pipeline to 2025-11-24 00:45:00+00:00, run_after=2025-11-25 00:45:00+00:00
[2025-11-25T00:05:42.418+0000] {processor.py:208} INFO - Processing /opt/airflow/dags/elt_dbt_stock_pipeline.py took 0.072 seconds
[2025-11-25T00:06:12.974+0000] {processor.py:186} INFO - Started process (PID=11978) to work on /opt/airflow/dags/elt_dbt_stock_pipeline.py
[2025-11-25T00:06:12.975+0000] {processor.py:914} INFO - Processing file /opt/airflow/dags/elt_dbt_stock_pipeline.py for tasks to queue
[2025-11-25T00:06:12.976+0000] {logging_mixin.py:190} INFO - [2025-11-25T00:06:12.976+0000] {dagbag.py:587} INFO - Filling up the DagBag from /opt/airflow/dags/elt_dbt_stock_pipeline.py
[2025-11-25T00:06:12.995+0000] {processor.py:925} INFO - DAG(s) 'dbt_elt_pipeline' retrieved from /opt/airflow/dags/elt_dbt_stock_pipeline.py
[2025-11-25T00:06:13.012+0000] {logging_mixin.py:190} INFO - [2025-11-25T00:06:13.011+0000] {dag.py:3229} INFO - Sync 1 DAGs
[2025-11-25T00:06:13.030+0000] {logging_mixin.py:190} INFO - [2025-11-25T00:06:13.030+0000] {dag.py:4156} INFO - Setting next_dagrun for dbt_elt_pipeline to 2025-11-24 00:45:00+00:00, run_after=2025-11-25 00:45:00+00:00
[2025-11-25T00:06:13.045+0000] {processor.py:208} INFO - Processing /opt/airflow/dags/elt_dbt_stock_pipeline.py took 0.076 seconds
[2025-11-25T00:06:43.598+0000] {processor.py:186} INFO - Started process (PID=11999) to work on /opt/airflow/dags/elt_dbt_stock_pipeline.py
[2025-11-25T00:06:43.600+0000] {processor.py:914} INFO - Processing file /opt/airflow/dags/elt_dbt_stock_pipeline.py for tasks to queue
[2025-11-25T00:06:43.601+0000] {logging_mixin.py:190} INFO - [2025-11-25T00:06:43.600+0000] {dagbag.py:587} INFO - Filling up the DagBag from /opt/airflow/dags/elt_dbt_stock_pipeline.py
[2025-11-25T00:06:43.626+0000] {processor.py:925} INFO - DAG(s) 'dbt_elt_pipeline' retrieved from /opt/airflow/dags/elt_dbt_stock_pipeline.py
[2025-11-25T00:06:43.643+0000] {logging_mixin.py:190} INFO - [2025-11-25T00:06:43.642+0000] {dag.py:3229} INFO - Sync 1 DAGs
[2025-11-25T00:06:43.661+0000] {logging_mixin.py:190} INFO - [2025-11-25T00:06:43.661+0000] {dag.py:4156} INFO - Setting next_dagrun for dbt_elt_pipeline to 2025-11-24 00:45:00+00:00, run_after=2025-11-25 00:45:00+00:00
[2025-11-25T00:06:43.676+0000] {processor.py:208} INFO - Processing /opt/airflow/dags/elt_dbt_stock_pipeline.py took 0.083 seconds
[2025-11-25T00:07:13.790+0000] {processor.py:186} INFO - Started process (PID=12020) to work on /opt/airflow/dags/elt_dbt_stock_pipeline.py
[2025-11-25T00:07:13.791+0000] {processor.py:914} INFO - Processing file /opt/airflow/dags/elt_dbt_stock_pipeline.py for tasks to queue
[2025-11-25T00:07:13.792+0000] {logging_mixin.py:190} INFO - [2025-11-25T00:07:13.792+0000] {dagbag.py:587} INFO - Filling up the DagBag from /opt/airflow/dags/elt_dbt_stock_pipeline.py
[2025-11-25T00:07:13.808+0000] {processor.py:925} INFO - DAG(s) 'dbt_elt_pipeline' retrieved from /opt/airflow/dags/elt_dbt_stock_pipeline.py
[2025-11-25T00:07:13.824+0000] {logging_mixin.py:190} INFO - [2025-11-25T00:07:13.824+0000] {dag.py:3229} INFO - Sync 1 DAGs
[2025-11-25T00:07:13.842+0000] {logging_mixin.py:190} INFO - [2025-11-25T00:07:13.842+0000] {dag.py:4156} INFO - Setting next_dagrun for dbt_elt_pipeline to 2025-11-24 00:45:00+00:00, run_after=2025-11-25 00:45:00+00:00
[2025-11-25T00:07:13.858+0000] {processor.py:208} INFO - Processing /opt/airflow/dags/elt_dbt_stock_pipeline.py took 0.072 seconds
[2025-11-25T00:07:44.422+0000] {processor.py:186} INFO - Started process (PID=12090) to work on /opt/airflow/dags/elt_dbt_stock_pipeline.py
[2025-11-25T00:07:44.423+0000] {processor.py:914} INFO - Processing file /opt/airflow/dags/elt_dbt_stock_pipeline.py for tasks to queue
[2025-11-25T00:07:44.425+0000] {logging_mixin.py:190} INFO - [2025-11-25T00:07:44.424+0000] {dagbag.py:587} INFO - Filling up the DagBag from /opt/airflow/dags/elt_dbt_stock_pipeline.py
[2025-11-25T00:07:44.442+0000] {processor.py:925} INFO - DAG(s) 'dbt_elt_pipeline' retrieved from /opt/airflow/dags/elt_dbt_stock_pipeline.py
[2025-11-25T00:07:44.460+0000] {logging_mixin.py:190} INFO - [2025-11-25T00:07:44.460+0000] {dag.py:3229} INFO - Sync 1 DAGs
[2025-11-25T00:07:44.483+0000] {logging_mixin.py:190} INFO - [2025-11-25T00:07:44.483+0000] {dag.py:4156} INFO - Setting next_dagrun for dbt_elt_pipeline to 2025-11-24 00:45:00+00:00, run_after=2025-11-25 00:45:00+00:00
[2025-11-25T00:07:44.499+0000] {processor.py:208} INFO - Processing /opt/airflow/dags/elt_dbt_stock_pipeline.py took 0.082 seconds
[2025-11-25T00:08:15.117+0000] {processor.py:186} INFO - Started process (PID=12178) to work on /opt/airflow/dags/elt_dbt_stock_pipeline.py
[2025-11-25T00:08:15.118+0000] {processor.py:914} INFO - Processing file /opt/airflow/dags/elt_dbt_stock_pipeline.py for tasks to queue
[2025-11-25T00:08:15.120+0000] {logging_mixin.py:190} INFO - [2025-11-25T00:08:15.119+0000] {dagbag.py:587} INFO - Filling up the DagBag from /opt/airflow/dags/elt_dbt_stock_pipeline.py
[2025-11-25T00:08:15.139+0000] {processor.py:925} INFO - DAG(s) 'dbt_elt_pipeline' retrieved from /opt/airflow/dags/elt_dbt_stock_pipeline.py
[2025-11-25T00:08:15.159+0000] {logging_mixin.py:190} INFO - [2025-11-25T00:08:15.159+0000] {dag.py:3229} INFO - Sync 1 DAGs
[2025-11-25T00:08:15.180+0000] {logging_mixin.py:190} INFO - [2025-11-25T00:08:15.180+0000] {dag.py:4156} INFO - Setting next_dagrun for dbt_elt_pipeline to 2025-11-24 00:45:00+00:00, run_after=2025-11-25 00:45:00+00:00
[2025-11-25T00:08:15.204+0000] {processor.py:208} INFO - Processing /opt/airflow/dags/elt_dbt_stock_pipeline.py took 0.091 seconds
[2025-11-25T00:08:45.780+0000] {processor.py:186} INFO - Started process (PID=12199) to work on /opt/airflow/dags/elt_dbt_stock_pipeline.py
[2025-11-25T00:08:45.781+0000] {processor.py:914} INFO - Processing file /opt/airflow/dags/elt_dbt_stock_pipeline.py for tasks to queue
[2025-11-25T00:08:45.783+0000] {logging_mixin.py:190} INFO - [2025-11-25T00:08:45.782+0000] {dagbag.py:587} INFO - Filling up the DagBag from /opt/airflow/dags/elt_dbt_stock_pipeline.py
[2025-11-25T00:08:45.799+0000] {processor.py:925} INFO - DAG(s) 'dbt_elt_pipeline' retrieved from /opt/airflow/dags/elt_dbt_stock_pipeline.py
[2025-11-25T00:08:45.816+0000] {logging_mixin.py:190} INFO - [2025-11-25T00:08:45.816+0000] {dag.py:3229} INFO - Sync 1 DAGs
[2025-11-25T00:08:45.836+0000] {logging_mixin.py:190} INFO - [2025-11-25T00:08:45.835+0000] {dag.py:4156} INFO - Setting next_dagrun for dbt_elt_pipeline to 2025-11-24 00:45:00+00:00, run_after=2025-11-25 00:45:00+00:00
[2025-11-25T00:08:45.851+0000] {processor.py:208} INFO - Processing /opt/airflow/dags/elt_dbt_stock_pipeline.py took 0.075 seconds
[2025-11-25T00:09:15.971+0000] {processor.py:186} INFO - Started process (PID=12220) to work on /opt/airflow/dags/elt_dbt_stock_pipeline.py
[2025-11-25T00:09:15.972+0000] {processor.py:914} INFO - Processing file /opt/airflow/dags/elt_dbt_stock_pipeline.py for tasks to queue
[2025-11-25T00:09:15.974+0000] {logging_mixin.py:190} INFO - [2025-11-25T00:09:15.974+0000] {dagbag.py:587} INFO - Filling up the DagBag from /opt/airflow/dags/elt_dbt_stock_pipeline.py
[2025-11-25T00:09:15.989+0000] {processor.py:925} INFO - DAG(s) 'dbt_elt_pipeline' retrieved from /opt/airflow/dags/elt_dbt_stock_pipeline.py
[2025-11-25T00:09:16.006+0000] {logging_mixin.py:190} INFO - [2025-11-25T00:09:16.005+0000] {dag.py:3229} INFO - Sync 1 DAGs
[2025-11-25T00:09:16.023+0000] {logging_mixin.py:190} INFO - [2025-11-25T00:09:16.023+0000] {dag.py:4156} INFO - Setting next_dagrun for dbt_elt_pipeline to 2025-11-24 00:45:00+00:00, run_after=2025-11-25 00:45:00+00:00
[2025-11-25T00:09:16.041+0000] {processor.py:208} INFO - Processing /opt/airflow/dags/elt_dbt_stock_pipeline.py took 0.075 seconds
[2025-11-25T00:09:46.805+0000] {processor.py:186} INFO - Started process (PID=12247) to work on /opt/airflow/dags/elt_dbt_stock_pipeline.py
[2025-11-25T00:09:46.806+0000] {processor.py:914} INFO - Processing file /opt/airflow/dags/elt_dbt_stock_pipeline.py for tasks to queue
[2025-11-25T00:09:46.808+0000] {logging_mixin.py:190} INFO - [2025-11-25T00:09:46.807+0000] {dagbag.py:587} INFO - Filling up the DagBag from /opt/airflow/dags/elt_dbt_stock_pipeline.py
[2025-11-25T00:09:46.828+0000] {processor.py:925} INFO - DAG(s) 'dbt_elt_pipeline' retrieved from /opt/airflow/dags/elt_dbt_stock_pipeline.py
[2025-11-25T00:09:46.845+0000] {logging_mixin.py:190} INFO - [2025-11-25T00:09:46.844+0000] {dag.py:3229} INFO - Sync 1 DAGs
[2025-11-25T00:09:46.863+0000] {logging_mixin.py:190} INFO - [2025-11-25T00:09:46.863+0000] {dag.py:4156} INFO - Setting next_dagrun for dbt_elt_pipeline to 2025-11-24 00:45:00+00:00, run_after=2025-11-25 00:45:00+00:00
[2025-11-25T00:09:46.877+0000] {processor.py:208} INFO - Processing /opt/airflow/dags/elt_dbt_stock_pipeline.py took 0.077 seconds
[2025-11-25T00:10:17.546+0000] {processor.py:186} INFO - Started process (PID=12269) to work on /opt/airflow/dags/elt_dbt_stock_pipeline.py
[2025-11-25T00:10:17.547+0000] {processor.py:914} INFO - Processing file /opt/airflow/dags/elt_dbt_stock_pipeline.py for tasks to queue
[2025-11-25T00:10:17.548+0000] {logging_mixin.py:190} INFO - [2025-11-25T00:10:17.548+0000] {dagbag.py:587} INFO - Filling up the DagBag from /opt/airflow/dags/elt_dbt_stock_pipeline.py
[2025-11-25T00:10:17.563+0000] {processor.py:925} INFO - DAG(s) 'dbt_elt_pipeline' retrieved from /opt/airflow/dags/elt_dbt_stock_pipeline.py
[2025-11-25T00:10:17.580+0000] {logging_mixin.py:190} INFO - [2025-11-25T00:10:17.580+0000] {dag.py:3229} INFO - Sync 1 DAGs
[2025-11-25T00:10:17.597+0000] {logging_mixin.py:190} INFO - [2025-11-25T00:10:17.597+0000] {dag.py:4156} INFO - Setting next_dagrun for dbt_elt_pipeline to 2025-11-24 00:45:00+00:00, run_after=2025-11-25 00:45:00+00:00
[2025-11-25T00:10:17.617+0000] {processor.py:208} INFO - Processing /opt/airflow/dags/elt_dbt_stock_pipeline.py took 0.076 seconds
[2025-11-25T00:10:47.863+0000] {processor.py:186} INFO - Started process (PID=12290) to work on /opt/airflow/dags/elt_dbt_stock_pipeline.py
[2025-11-25T00:10:47.864+0000] {processor.py:914} INFO - Processing file /opt/airflow/dags/elt_dbt_stock_pipeline.py for tasks to queue
[2025-11-25T00:10:47.866+0000] {logging_mixin.py:190} INFO - [2025-11-25T00:10:47.866+0000] {dagbag.py:587} INFO - Filling up the DagBag from /opt/airflow/dags/elt_dbt_stock_pipeline.py
[2025-11-25T00:10:47.885+0000] {processor.py:925} INFO - DAG(s) 'dbt_elt_pipeline' retrieved from /opt/airflow/dags/elt_dbt_stock_pipeline.py
[2025-11-25T00:10:47.902+0000] {logging_mixin.py:190} INFO - [2025-11-25T00:10:47.902+0000] {dag.py:3229} INFO - Sync 1 DAGs
[2025-11-25T00:10:47.920+0000] {logging_mixin.py:190} INFO - [2025-11-25T00:10:47.920+0000] {dag.py:4156} INFO - Setting next_dagrun for dbt_elt_pipeline to 2025-11-24 00:45:00+00:00, run_after=2025-11-25 00:45:00+00:00
[2025-11-25T00:10:47.943+0000] {processor.py:208} INFO - Processing /opt/airflow/dags/elt_dbt_stock_pipeline.py took 0.085 seconds
[2025-11-25T00:11:18.625+0000] {processor.py:186} INFO - Started process (PID=12311) to work on /opt/airflow/dags/elt_dbt_stock_pipeline.py
[2025-11-25T00:11:18.626+0000] {processor.py:914} INFO - Processing file /opt/airflow/dags/elt_dbt_stock_pipeline.py for tasks to queue
[2025-11-25T00:11:18.628+0000] {logging_mixin.py:190} INFO - [2025-11-25T00:11:18.627+0000] {dagbag.py:587} INFO - Filling up the DagBag from /opt/airflow/dags/elt_dbt_stock_pipeline.py
[2025-11-25T00:11:18.651+0000] {processor.py:925} INFO - DAG(s) 'dbt_elt_pipeline' retrieved from /opt/airflow/dags/elt_dbt_stock_pipeline.py
[2025-11-25T00:11:18.671+0000] {logging_mixin.py:190} INFO - [2025-11-25T00:11:18.670+0000] {dag.py:3229} INFO - Sync 1 DAGs
[2025-11-25T00:11:18.691+0000] {logging_mixin.py:190} INFO - [2025-11-25T00:11:18.691+0000] {dag.py:4156} INFO - Setting next_dagrun for dbt_elt_pipeline to 2025-11-24 00:45:00+00:00, run_after=2025-11-25 00:45:00+00:00
[2025-11-25T00:11:18.711+0000] {processor.py:208} INFO - Processing /opt/airflow/dags/elt_dbt_stock_pipeline.py took 0.092 seconds
[2025-11-25T00:11:49.272+0000] {processor.py:186} INFO - Started process (PID=12332) to work on /opt/airflow/dags/elt_dbt_stock_pipeline.py
[2025-11-25T00:11:49.273+0000] {processor.py:914} INFO - Processing file /opt/airflow/dags/elt_dbt_stock_pipeline.py for tasks to queue
[2025-11-25T00:11:49.273+0000] {logging_mixin.py:190} INFO - [2025-11-25T00:11:49.273+0000] {dagbag.py:587} INFO - Filling up the DagBag from /opt/airflow/dags/elt_dbt_stock_pipeline.py
[2025-11-25T00:11:49.289+0000] {processor.py:925} INFO - DAG(s) 'dbt_elt_pipeline' retrieved from /opt/airflow/dags/elt_dbt_stock_pipeline.py
[2025-11-25T00:11:49.307+0000] {logging_mixin.py:190} INFO - [2025-11-25T00:11:49.307+0000] {dag.py:3229} INFO - Sync 1 DAGs
[2025-11-25T00:11:49.324+0000] {logging_mixin.py:190} INFO - [2025-11-25T00:11:49.324+0000] {dag.py:4156} INFO - Setting next_dagrun for dbt_elt_pipeline to 2025-11-24 00:45:00+00:00, run_after=2025-11-25 00:45:00+00:00
[2025-11-25T00:11:49.341+0000] {processor.py:208} INFO - Processing /opt/airflow/dags/elt_dbt_stock_pipeline.py took 0.074 seconds
[2025-11-25T00:12:19.938+0000] {processor.py:186} INFO - Started process (PID=12353) to work on /opt/airflow/dags/elt_dbt_stock_pipeline.py
[2025-11-25T00:12:19.939+0000] {processor.py:914} INFO - Processing file /opt/airflow/dags/elt_dbt_stock_pipeline.py for tasks to queue
[2025-11-25T00:12:19.941+0000] {logging_mixin.py:190} INFO - [2025-11-25T00:12:19.940+0000] {dagbag.py:587} INFO - Filling up the DagBag from /opt/airflow/dags/elt_dbt_stock_pipeline.py
[2025-11-25T00:12:19.956+0000] {processor.py:925} INFO - DAG(s) 'dbt_elt_pipeline' retrieved from /opt/airflow/dags/elt_dbt_stock_pipeline.py
[2025-11-25T00:12:19.974+0000] {logging_mixin.py:190} INFO - [2025-11-25T00:12:19.974+0000] {dag.py:3229} INFO - Sync 1 DAGs
[2025-11-25T00:12:19.993+0000] {logging_mixin.py:190} INFO - [2025-11-25T00:12:19.993+0000] {dag.py:4156} INFO - Setting next_dagrun for dbt_elt_pipeline to 2025-11-24 00:45:00+00:00, run_after=2025-11-25 00:45:00+00:00
[2025-11-25T00:12:20.009+0000] {processor.py:208} INFO - Processing /opt/airflow/dags/elt_dbt_stock_pipeline.py took 0.075 seconds
[2025-11-25T00:12:50.263+0000] {processor.py:186} INFO - Started process (PID=12374) to work on /opt/airflow/dags/elt_dbt_stock_pipeline.py
[2025-11-25T00:12:50.264+0000] {processor.py:914} INFO - Processing file /opt/airflow/dags/elt_dbt_stock_pipeline.py for tasks to queue
[2025-11-25T00:12:50.265+0000] {logging_mixin.py:190} INFO - [2025-11-25T00:12:50.265+0000] {dagbag.py:587} INFO - Filling up the DagBag from /opt/airflow/dags/elt_dbt_stock_pipeline.py
[2025-11-25T00:12:50.283+0000] {processor.py:925} INFO - DAG(s) 'dbt_elt_pipeline' retrieved from /opt/airflow/dags/elt_dbt_stock_pipeline.py
[2025-11-25T00:12:50.302+0000] {logging_mixin.py:190} INFO - [2025-11-25T00:12:50.302+0000] {dag.py:3229} INFO - Sync 1 DAGs
[2025-11-25T00:12:50.323+0000] {logging_mixin.py:190} INFO - [2025-11-25T00:12:50.323+0000] {dag.py:4156} INFO - Setting next_dagrun for dbt_elt_pipeline to 2025-11-24 00:45:00+00:00, run_after=2025-11-25 00:45:00+00:00
[2025-11-25T00:12:50.340+0000] {processor.py:208} INFO - Processing /opt/airflow/dags/elt_dbt_stock_pipeline.py took 0.083 seconds
[2025-11-25T00:13:20.983+0000] {processor.py:186} INFO - Started process (PID=12395) to work on /opt/airflow/dags/elt_dbt_stock_pipeline.py
[2025-11-25T00:13:20.985+0000] {processor.py:914} INFO - Processing file /opt/airflow/dags/elt_dbt_stock_pipeline.py for tasks to queue
[2025-11-25T00:13:20.986+0000] {logging_mixin.py:190} INFO - [2025-11-25T00:13:20.985+0000] {dagbag.py:587} INFO - Filling up the DagBag from /opt/airflow/dags/elt_dbt_stock_pipeline.py
[2025-11-25T00:13:21.003+0000] {processor.py:925} INFO - DAG(s) 'dbt_elt_pipeline' retrieved from /opt/airflow/dags/elt_dbt_stock_pipeline.py
[2025-11-25T00:13:21.019+0000] {logging_mixin.py:190} INFO - [2025-11-25T00:13:21.019+0000] {dag.py:3229} INFO - Sync 1 DAGs
[2025-11-25T00:13:21.042+0000] {logging_mixin.py:190} INFO - [2025-11-25T00:13:21.042+0000] {dag.py:4156} INFO - Setting next_dagrun for dbt_elt_pipeline to 2025-11-24 00:45:00+00:00, run_after=2025-11-25 00:45:00+00:00
[2025-11-25T00:13:21.059+0000] {processor.py:208} INFO - Processing /opt/airflow/dags/elt_dbt_stock_pipeline.py took 0.080 seconds
[2025-11-25T00:13:51.655+0000] {processor.py:186} INFO - Started process (PID=12416) to work on /opt/airflow/dags/elt_dbt_stock_pipeline.py
[2025-11-25T00:13:51.656+0000] {processor.py:914} INFO - Processing file /opt/airflow/dags/elt_dbt_stock_pipeline.py for tasks to queue
[2025-11-25T00:13:51.657+0000] {logging_mixin.py:190} INFO - [2025-11-25T00:13:51.657+0000] {dagbag.py:587} INFO - Filling up the DagBag from /opt/airflow/dags/elt_dbt_stock_pipeline.py
[2025-11-25T00:13:51.678+0000] {processor.py:925} INFO - DAG(s) 'dbt_elt_pipeline' retrieved from /opt/airflow/dags/elt_dbt_stock_pipeline.py
[2025-11-25T00:13:51.700+0000] {logging_mixin.py:190} INFO - [2025-11-25T00:13:51.700+0000] {dag.py:3229} INFO - Sync 1 DAGs
[2025-11-25T00:13:51.726+0000] {logging_mixin.py:190} INFO - [2025-11-25T00:13:51.726+0000] {dag.py:4156} INFO - Setting next_dagrun for dbt_elt_pipeline to 2025-11-24 00:45:00+00:00, run_after=2025-11-25 00:45:00+00:00
[2025-11-25T00:13:51.750+0000] {processor.py:208} INFO - Processing /opt/airflow/dags/elt_dbt_stock_pipeline.py took 0.101 seconds
[2025-11-25T00:14:22.310+0000] {processor.py:186} INFO - Started process (PID=12437) to work on /opt/airflow/dags/elt_dbt_stock_pipeline.py
[2025-11-25T00:14:22.311+0000] {processor.py:914} INFO - Processing file /opt/airflow/dags/elt_dbt_stock_pipeline.py for tasks to queue
[2025-11-25T00:14:22.312+0000] {logging_mixin.py:190} INFO - [2025-11-25T00:14:22.312+0000] {dagbag.py:587} INFO - Filling up the DagBag from /opt/airflow/dags/elt_dbt_stock_pipeline.py
[2025-11-25T00:14:22.328+0000] {processor.py:925} INFO - DAG(s) 'dbt_elt_pipeline' retrieved from /opt/airflow/dags/elt_dbt_stock_pipeline.py
[2025-11-25T00:14:22.344+0000] {logging_mixin.py:190} INFO - [2025-11-25T00:14:22.344+0000] {dag.py:3229} INFO - Sync 1 DAGs
[2025-11-25T00:14:22.363+0000] {logging_mixin.py:190} INFO - [2025-11-25T00:14:22.363+0000] {dag.py:4156} INFO - Setting next_dagrun for dbt_elt_pipeline to 2025-11-24 00:45:00+00:00, run_after=2025-11-25 00:45:00+00:00
[2025-11-25T00:14:22.377+0000] {processor.py:208} INFO - Processing /opt/airflow/dags/elt_dbt_stock_pipeline.py took 0.072 seconds
[2025-11-25T00:14:52.490+0000] {processor.py:186} INFO - Started process (PID=12458) to work on /opt/airflow/dags/elt_dbt_stock_pipeline.py
[2025-11-25T00:14:52.491+0000] {processor.py:914} INFO - Processing file /opt/airflow/dags/elt_dbt_stock_pipeline.py for tasks to queue
[2025-11-25T00:14:52.492+0000] {logging_mixin.py:190} INFO - [2025-11-25T00:14:52.492+0000] {dagbag.py:587} INFO - Filling up the DagBag from /opt/airflow/dags/elt_dbt_stock_pipeline.py
[2025-11-25T00:14:52.506+0000] {processor.py:925} INFO - DAG(s) 'dbt_elt_pipeline' retrieved from /opt/airflow/dags/elt_dbt_stock_pipeline.py
[2025-11-25T00:14:52.523+0000] {logging_mixin.py:190} INFO - [2025-11-25T00:14:52.523+0000] {dag.py:3229} INFO - Sync 1 DAGs
[2025-11-25T00:14:52.542+0000] {logging_mixin.py:190} INFO - [2025-11-25T00:14:52.542+0000] {dag.py:4156} INFO - Setting next_dagrun for dbt_elt_pipeline to 2025-11-24 00:45:00+00:00, run_after=2025-11-25 00:45:00+00:00
[2025-11-25T00:14:52.557+0000] {processor.py:208} INFO - Processing /opt/airflow/dags/elt_dbt_stock_pipeline.py took 0.073 seconds
[2025-11-25T00:15:22.839+0000] {processor.py:186} INFO - Started process (PID=12474) to work on /opt/airflow/dags/elt_dbt_stock_pipeline.py
[2025-11-25T00:15:22.840+0000] {processor.py:914} INFO - Processing file /opt/airflow/dags/elt_dbt_stock_pipeline.py for tasks to queue
[2025-11-25T00:15:22.841+0000] {logging_mixin.py:190} INFO - [2025-11-25T00:15:22.841+0000] {dagbag.py:587} INFO - Filling up the DagBag from /opt/airflow/dags/elt_dbt_stock_pipeline.py
[2025-11-25T00:15:22.860+0000] {processor.py:925} INFO - DAG(s) 'dbt_elt_pipeline' retrieved from /opt/airflow/dags/elt_dbt_stock_pipeline.py
[2025-11-25T00:15:22.878+0000] {logging_mixin.py:190} INFO - [2025-11-25T00:15:22.878+0000] {dag.py:3229} INFO - Sync 1 DAGs
[2025-11-25T00:15:22.898+0000] {logging_mixin.py:190} INFO - [2025-11-25T00:15:22.898+0000] {dag.py:4156} INFO - Setting next_dagrun for dbt_elt_pipeline to 2025-11-24 00:45:00+00:00, run_after=2025-11-25 00:45:00+00:00
[2025-11-25T00:15:22.924+0000] {processor.py:208} INFO - Processing /opt/airflow/dags/elt_dbt_stock_pipeline.py took 0.090 seconds
[2025-11-25T00:15:53.153+0000] {processor.py:186} INFO - Started process (PID=12495) to work on /opt/airflow/dags/elt_dbt_stock_pipeline.py
[2025-11-25T00:15:53.154+0000] {processor.py:914} INFO - Processing file /opt/airflow/dags/elt_dbt_stock_pipeline.py for tasks to queue
[2025-11-25T00:15:53.155+0000] {logging_mixin.py:190} INFO - [2025-11-25T00:15:53.155+0000] {dagbag.py:587} INFO - Filling up the DagBag from /opt/airflow/dags/elt_dbt_stock_pipeline.py
[2025-11-25T00:15:53.170+0000] {processor.py:925} INFO - DAG(s) 'dbt_elt_pipeline' retrieved from /opt/airflow/dags/elt_dbt_stock_pipeline.py
[2025-11-25T00:15:53.188+0000] {logging_mixin.py:190} INFO - [2025-11-25T00:15:53.187+0000] {dag.py:3229} INFO - Sync 1 DAGs
[2025-11-25T00:15:53.205+0000] {logging_mixin.py:190} INFO - [2025-11-25T00:15:53.205+0000] {dag.py:4156} INFO - Setting next_dagrun for dbt_elt_pipeline to 2025-11-24 00:45:00+00:00, run_after=2025-11-25 00:45:00+00:00
[2025-11-25T00:15:53.227+0000] {processor.py:208} INFO - Processing /opt/airflow/dags/elt_dbt_stock_pipeline.py took 0.080 seconds
[2025-11-25T00:16:23.558+0000] {processor.py:186} INFO - Started process (PID=12516) to work on /opt/airflow/dags/elt_dbt_stock_pipeline.py
[2025-11-25T00:16:23.559+0000] {processor.py:914} INFO - Processing file /opt/airflow/dags/elt_dbt_stock_pipeline.py for tasks to queue
[2025-11-25T00:16:23.560+0000] {logging_mixin.py:190} INFO - [2025-11-25T00:16:23.560+0000] {dagbag.py:587} INFO - Filling up the DagBag from /opt/airflow/dags/elt_dbt_stock_pipeline.py
[2025-11-25T00:16:23.575+0000] {processor.py:925} INFO - DAG(s) 'dbt_elt_pipeline' retrieved from /opt/airflow/dags/elt_dbt_stock_pipeline.py
[2025-11-25T00:16:23.591+0000] {logging_mixin.py:190} INFO - [2025-11-25T00:16:23.590+0000] {dag.py:3229} INFO - Sync 1 DAGs
[2025-11-25T00:16:23.610+0000] {logging_mixin.py:190} INFO - [2025-11-25T00:16:23.610+0000] {dag.py:4156} INFO - Setting next_dagrun for dbt_elt_pipeline to 2025-11-24 00:45:00+00:00, run_after=2025-11-25 00:45:00+00:00
[2025-11-25T00:16:23.624+0000] {processor.py:208} INFO - Processing /opt/airflow/dags/elt_dbt_stock_pipeline.py took 0.071 seconds
