[2025-11-25T00:00:20.982+0000] {processor.py:186} INFO - Started process (PID=11737) to work on /opt/airflow/dags/train_forecast_stock_prices.py
[2025-11-25T00:00:20.984+0000] {processor.py:914} INFO - Processing file /opt/airflow/dags/train_forecast_stock_prices.py for tasks to queue
[2025-11-25T00:00:20.987+0000] {logging_mixin.py:190} INFO - [2025-11-25T00:00:20.986+0000] {dagbag.py:587} INFO - Filling up the DagBag from /opt/airflow/dags/train_forecast_stock_prices.py
[2025-11-25T00:00:21.062+0000] {logging_mixin.py:190} INFO - [2025-11-25T00:00:21.062+0000] {base.py:84} INFO - Retrieving connection 'snowflake_conn'
[2025-11-25T00:00:21.064+0000] {logging_mixin.py:190} INFO - [2025-11-25T00:00:21.064+0000] {connection.py:413} INFO - Snowflake Connector for Python Version: 3.12.1, Python Version: 3.12.5, Platform: Linux-5.15.167.4-microsoft-standard-WSL2-x86_64-with-glibc2.36
[2025-11-25T00:00:21.066+0000] {logging_mixin.py:190} INFO - [2025-11-25T00:00:21.066+0000] {connection.py:1196} INFO - Connecting to GLOBAL Snowflake domain
[2025-11-25T00:00:21.068+0000] {logging_mixin.py:190} INFO - [2025-11-25T00:00:21.068+0000] {connection.py:1277} INFO - This connection is in OCSP Fail Open Mode. TLS Certificates would be checked for validity and revocation status. Any other Certificate Revocation related exceptions or OCSP Responder failures would be disregarded in favor of connectivity.
[2025-11-25T00:00:23.152+0000] {processor.py:925} INFO - DAG(s) 'daily_stock_price_forecasting' retrieved from /opt/airflow/dags/train_forecast_stock_prices.py
[2025-11-25T00:00:23.290+0000] {logging_mixin.py:190} INFO - [2025-11-25T00:00:23.290+0000] {dag.py:3229} INFO - Sync 1 DAGs
[2025-11-25T00:00:23.315+0000] {logging_mixin.py:190} INFO - [2025-11-25T00:00:23.315+0000] {dag.py:4156} INFO - Setting next_dagrun for daily_stock_price_forecasting to 2025-11-24 00:30:00+00:00, run_after=2025-11-25 00:30:00+00:00
[2025-11-25T00:00:23.343+0000] {processor.py:208} INFO - Processing /opt/airflow/dags/train_forecast_stock_prices.py took 2.373 seconds
[2025-11-25T00:00:53.993+0000] {processor.py:186} INFO - Started process (PID=11758) to work on /opt/airflow/dags/train_forecast_stock_prices.py
[2025-11-25T00:00:53.996+0000] {processor.py:914} INFO - Processing file /opt/airflow/dags/train_forecast_stock_prices.py for tasks to queue
[2025-11-25T00:00:53.999+0000] {logging_mixin.py:190} INFO - [2025-11-25T00:00:53.998+0000] {dagbag.py:587} INFO - Filling up the DagBag from /opt/airflow/dags/train_forecast_stock_prices.py
[2025-11-25T00:00:54.082+0000] {logging_mixin.py:190} INFO - [2025-11-25T00:00:54.081+0000] {base.py:84} INFO - Retrieving connection 'snowflake_conn'
[2025-11-25T00:00:54.083+0000] {logging_mixin.py:190} INFO - [2025-11-25T00:00:54.083+0000] {connection.py:413} INFO - Snowflake Connector for Python Version: 3.12.1, Python Version: 3.12.5, Platform: Linux-5.15.167.4-microsoft-standard-WSL2-x86_64-with-glibc2.36
[2025-11-25T00:00:54.085+0000] {logging_mixin.py:190} INFO - [2025-11-25T00:00:54.085+0000] {connection.py:1196} INFO - Connecting to GLOBAL Snowflake domain
[2025-11-25T00:00:54.087+0000] {logging_mixin.py:190} INFO - [2025-11-25T00:00:54.087+0000] {connection.py:1277} INFO - This connection is in OCSP Fail Open Mode. TLS Certificates would be checked for validity and revocation status. Any other Certificate Revocation related exceptions or OCSP Responder failures would be disregarded in favor of connectivity.
[2025-11-25T00:00:54.642+0000] {processor.py:925} INFO - DAG(s) 'daily_stock_price_forecasting' retrieved from /opt/airflow/dags/train_forecast_stock_prices.py
[2025-11-25T00:00:54.800+0000] {logging_mixin.py:190} INFO - [2025-11-25T00:00:54.800+0000] {dag.py:3229} INFO - Sync 1 DAGs
[2025-11-25T00:00:54.835+0000] {logging_mixin.py:190} INFO - [2025-11-25T00:00:54.834+0000] {dag.py:4156} INFO - Setting next_dagrun for daily_stock_price_forecasting to 2025-11-24 00:30:00+00:00, run_after=2025-11-25 00:30:00+00:00
[2025-11-25T00:00:54.878+0000] {processor.py:208} INFO - Processing /opt/airflow/dags/train_forecast_stock_prices.py took 0.897 seconds
[2025-11-25T00:01:25.443+0000] {processor.py:186} INFO - Started process (PID=11779) to work on /opt/airflow/dags/train_forecast_stock_prices.py
[2025-11-25T00:01:25.446+0000] {processor.py:914} INFO - Processing file /opt/airflow/dags/train_forecast_stock_prices.py for tasks to queue
[2025-11-25T00:01:25.449+0000] {logging_mixin.py:190} INFO - [2025-11-25T00:01:25.448+0000] {dagbag.py:587} INFO - Filling up the DagBag from /opt/airflow/dags/train_forecast_stock_prices.py
[2025-11-25T00:01:25.552+0000] {logging_mixin.py:190} INFO - [2025-11-25T00:01:25.551+0000] {base.py:84} INFO - Retrieving connection 'snowflake_conn'
[2025-11-25T00:01:25.554+0000] {logging_mixin.py:190} INFO - [2025-11-25T00:01:25.554+0000] {connection.py:413} INFO - Snowflake Connector for Python Version: 3.12.1, Python Version: 3.12.5, Platform: Linux-5.15.167.4-microsoft-standard-WSL2-x86_64-with-glibc2.36
[2025-11-25T00:01:25.556+0000] {logging_mixin.py:190} INFO - [2025-11-25T00:01:25.556+0000] {connection.py:1196} INFO - Connecting to GLOBAL Snowflake domain
[2025-11-25T00:01:25.558+0000] {logging_mixin.py:190} INFO - [2025-11-25T00:01:25.558+0000] {connection.py:1277} INFO - This connection is in OCSP Fail Open Mode. TLS Certificates would be checked for validity and revocation status. Any other Certificate Revocation related exceptions or OCSP Responder failures would be disregarded in favor of connectivity.
[2025-11-25T00:01:26.787+0000] {processor.py:925} INFO - DAG(s) 'daily_stock_price_forecasting' retrieved from /opt/airflow/dags/train_forecast_stock_prices.py
[2025-11-25T00:01:26.921+0000] {logging_mixin.py:190} INFO - [2025-11-25T00:01:26.921+0000] {dag.py:3229} INFO - Sync 1 DAGs
[2025-11-25T00:01:26.949+0000] {logging_mixin.py:190} INFO - [2025-11-25T00:01:26.949+0000] {dag.py:4156} INFO - Setting next_dagrun for daily_stock_price_forecasting to 2025-11-24 00:30:00+00:00, run_after=2025-11-25 00:30:00+00:00
[2025-11-25T00:01:26.976+0000] {processor.py:208} INFO - Processing /opt/airflow/dags/train_forecast_stock_prices.py took 1.543 seconds
[2025-11-25T00:01:57.356+0000] {processor.py:186} INFO - Started process (PID=11805) to work on /opt/airflow/dags/train_forecast_stock_prices.py
[2025-11-25T00:01:57.358+0000] {processor.py:914} INFO - Processing file /opt/airflow/dags/train_forecast_stock_prices.py for tasks to queue
[2025-11-25T00:01:57.360+0000] {logging_mixin.py:190} INFO - [2025-11-25T00:01:57.360+0000] {dagbag.py:587} INFO - Filling up the DagBag from /opt/airflow/dags/train_forecast_stock_prices.py
[2025-11-25T00:01:57.423+0000] {logging_mixin.py:190} INFO - [2025-11-25T00:01:57.423+0000] {base.py:84} INFO - Retrieving connection 'snowflake_conn'
[2025-11-25T00:01:57.426+0000] {logging_mixin.py:190} INFO - [2025-11-25T00:01:57.425+0000] {connection.py:413} INFO - Snowflake Connector for Python Version: 3.12.1, Python Version: 3.12.5, Platform: Linux-5.15.167.4-microsoft-standard-WSL2-x86_64-with-glibc2.36
[2025-11-25T00:01:57.427+0000] {logging_mixin.py:190} INFO - [2025-11-25T00:01:57.427+0000] {connection.py:1196} INFO - Connecting to GLOBAL Snowflake domain
[2025-11-25T00:01:57.428+0000] {logging_mixin.py:190} INFO - [2025-11-25T00:01:57.428+0000] {connection.py:1277} INFO - This connection is in OCSP Fail Open Mode. TLS Certificates would be checked for validity and revocation status. Any other Certificate Revocation related exceptions or OCSP Responder failures would be disregarded in favor of connectivity.
[2025-11-25T00:01:58.019+0000] {processor.py:925} INFO - DAG(s) 'daily_stock_price_forecasting' retrieved from /opt/airflow/dags/train_forecast_stock_prices.py
[2025-11-25T00:01:58.203+0000] {logging_mixin.py:190} INFO - [2025-11-25T00:01:58.202+0000] {dag.py:3229} INFO - Sync 1 DAGs
[2025-11-25T00:01:58.240+0000] {logging_mixin.py:190} INFO - [2025-11-25T00:01:58.240+0000] {dag.py:4156} INFO - Setting next_dagrun for daily_stock_price_forecasting to 2025-11-24 00:30:00+00:00, run_after=2025-11-25 00:30:00+00:00
[2025-11-25T00:01:58.273+0000] {processor.py:208} INFO - Processing /opt/airflow/dags/train_forecast_stock_prices.py took 0.928 seconds
[2025-11-25T00:02:28.494+0000] {processor.py:186} INFO - Started process (PID=11826) to work on /opt/airflow/dags/train_forecast_stock_prices.py
[2025-11-25T00:02:28.497+0000] {processor.py:914} INFO - Processing file /opt/airflow/dags/train_forecast_stock_prices.py for tasks to queue
[2025-11-25T00:02:28.499+0000] {logging_mixin.py:190} INFO - [2025-11-25T00:02:28.498+0000] {dagbag.py:587} INFO - Filling up the DagBag from /opt/airflow/dags/train_forecast_stock_prices.py
[2025-11-25T00:02:28.566+0000] {logging_mixin.py:190} INFO - [2025-11-25T00:02:28.565+0000] {base.py:84} INFO - Retrieving connection 'snowflake_conn'
[2025-11-25T00:02:28.568+0000] {logging_mixin.py:190} INFO - [2025-11-25T00:02:28.567+0000] {connection.py:413} INFO - Snowflake Connector for Python Version: 3.12.1, Python Version: 3.12.5, Platform: Linux-5.15.167.4-microsoft-standard-WSL2-x86_64-with-glibc2.36
[2025-11-25T00:02:28.570+0000] {logging_mixin.py:190} INFO - [2025-11-25T00:02:28.569+0000] {connection.py:1196} INFO - Connecting to GLOBAL Snowflake domain
[2025-11-25T00:02:28.571+0000] {logging_mixin.py:190} INFO - [2025-11-25T00:02:28.570+0000] {connection.py:1277} INFO - This connection is in OCSP Fail Open Mode. TLS Certificates would be checked for validity and revocation status. Any other Certificate Revocation related exceptions or OCSP Responder failures would be disregarded in favor of connectivity.
[2025-11-25T00:02:29.312+0000] {processor.py:925} INFO - DAG(s) 'daily_stock_price_forecasting' retrieved from /opt/airflow/dags/train_forecast_stock_prices.py
[2025-11-25T00:02:29.454+0000] {logging_mixin.py:190} INFO - [2025-11-25T00:02:29.453+0000] {dag.py:3229} INFO - Sync 1 DAGs
[2025-11-25T00:02:29.486+0000] {logging_mixin.py:190} INFO - [2025-11-25T00:02:29.486+0000] {dag.py:4156} INFO - Setting next_dagrun for daily_stock_price_forecasting to 2025-11-24 00:30:00+00:00, run_after=2025-11-25 00:30:00+00:00
[2025-11-25T00:02:29.524+0000] {processor.py:208} INFO - Processing /opt/airflow/dags/train_forecast_stock_prices.py took 1.042 seconds
[2025-11-25T00:02:59.866+0000] {processor.py:186} INFO - Started process (PID=11847) to work on /opt/airflow/dags/train_forecast_stock_prices.py
[2025-11-25T00:02:59.867+0000] {processor.py:914} INFO - Processing file /opt/airflow/dags/train_forecast_stock_prices.py for tasks to queue
[2025-11-25T00:02:59.869+0000] {logging_mixin.py:190} INFO - [2025-11-25T00:02:59.869+0000] {dagbag.py:587} INFO - Filling up the DagBag from /opt/airflow/dags/train_forecast_stock_prices.py
[2025-11-25T00:02:59.923+0000] {logging_mixin.py:190} INFO - [2025-11-25T00:02:59.923+0000] {base.py:84} INFO - Retrieving connection 'snowflake_conn'
[2025-11-25T00:02:59.925+0000] {logging_mixin.py:190} INFO - [2025-11-25T00:02:59.925+0000] {connection.py:413} INFO - Snowflake Connector for Python Version: 3.12.1, Python Version: 3.12.5, Platform: Linux-5.15.167.4-microsoft-standard-WSL2-x86_64-with-glibc2.36
[2025-11-25T00:02:59.927+0000] {logging_mixin.py:190} INFO - [2025-11-25T00:02:59.926+0000] {connection.py:1196} INFO - Connecting to GLOBAL Snowflake domain
[2025-11-25T00:02:59.928+0000] {logging_mixin.py:190} INFO - [2025-11-25T00:02:59.927+0000] {connection.py:1277} INFO - This connection is in OCSP Fail Open Mode. TLS Certificates would be checked for validity and revocation status. Any other Certificate Revocation related exceptions or OCSP Responder failures would be disregarded in favor of connectivity.
[2025-11-25T00:03:00.381+0000] {processor.py:925} INFO - DAG(s) 'daily_stock_price_forecasting' retrieved from /opt/airflow/dags/train_forecast_stock_prices.py
[2025-11-25T00:03:00.513+0000] {logging_mixin.py:190} INFO - [2025-11-25T00:03:00.513+0000] {dag.py:3229} INFO - Sync 1 DAGs
[2025-11-25T00:03:00.544+0000] {logging_mixin.py:190} INFO - [2025-11-25T00:03:00.544+0000] {dag.py:4156} INFO - Setting next_dagrun for daily_stock_price_forecasting to 2025-11-24 00:30:00+00:00, run_after=2025-11-25 00:30:00+00:00
[2025-11-25T00:03:00.577+0000] {processor.py:208} INFO - Processing /opt/airflow/dags/train_forecast_stock_prices.py took 0.721 seconds
[2025-11-25T00:03:30.692+0000] {processor.py:186} INFO - Started process (PID=11868) to work on /opt/airflow/dags/train_forecast_stock_prices.py
[2025-11-25T00:03:30.694+0000] {processor.py:914} INFO - Processing file /opt/airflow/dags/train_forecast_stock_prices.py for tasks to queue
[2025-11-25T00:03:30.696+0000] {logging_mixin.py:190} INFO - [2025-11-25T00:03:30.695+0000] {dagbag.py:587} INFO - Filling up the DagBag from /opt/airflow/dags/train_forecast_stock_prices.py
[2025-11-25T00:03:30.755+0000] {logging_mixin.py:190} INFO - [2025-11-25T00:03:30.755+0000] {base.py:84} INFO - Retrieving connection 'snowflake_conn'
[2025-11-25T00:03:30.757+0000] {logging_mixin.py:190} INFO - [2025-11-25T00:03:30.757+0000] {connection.py:413} INFO - Snowflake Connector for Python Version: 3.12.1, Python Version: 3.12.5, Platform: Linux-5.15.167.4-microsoft-standard-WSL2-x86_64-with-glibc2.36
[2025-11-25T00:03:30.759+0000] {logging_mixin.py:190} INFO - [2025-11-25T00:03:30.759+0000] {connection.py:1196} INFO - Connecting to GLOBAL Snowflake domain
[2025-11-25T00:03:30.760+0000] {logging_mixin.py:190} INFO - [2025-11-25T00:03:30.760+0000] {connection.py:1277} INFO - This connection is in OCSP Fail Open Mode. TLS Certificates would be checked for validity and revocation status. Any other Certificate Revocation related exceptions or OCSP Responder failures would be disregarded in favor of connectivity.
[2025-11-25T00:03:31.555+0000] {processor.py:925} INFO - DAG(s) 'daily_stock_price_forecasting' retrieved from /opt/airflow/dags/train_forecast_stock_prices.py
[2025-11-25T00:03:31.673+0000] {logging_mixin.py:190} INFO - [2025-11-25T00:03:31.673+0000] {dag.py:3229} INFO - Sync 1 DAGs
[2025-11-25T00:03:31.698+0000] {logging_mixin.py:190} INFO - [2025-11-25T00:03:31.698+0000] {dag.py:4156} INFO - Setting next_dagrun for daily_stock_price_forecasting to 2025-11-24 00:30:00+00:00, run_after=2025-11-25 00:30:00+00:00
[2025-11-25T00:03:31.725+0000] {processor.py:208} INFO - Processing /opt/airflow/dags/train_forecast_stock_prices.py took 1.041 seconds
[2025-11-25T00:04:02.220+0000] {processor.py:186} INFO - Started process (PID=11889) to work on /opt/airflow/dags/train_forecast_stock_prices.py
[2025-11-25T00:04:02.222+0000] {processor.py:914} INFO - Processing file /opt/airflow/dags/train_forecast_stock_prices.py for tasks to queue
[2025-11-25T00:04:02.224+0000] {logging_mixin.py:190} INFO - [2025-11-25T00:04:02.223+0000] {dagbag.py:587} INFO - Filling up the DagBag from /opt/airflow/dags/train_forecast_stock_prices.py
[2025-11-25T00:04:02.314+0000] {logging_mixin.py:190} INFO - [2025-11-25T00:04:02.313+0000] {base.py:84} INFO - Retrieving connection 'snowflake_conn'
[2025-11-25T00:04:02.317+0000] {logging_mixin.py:190} INFO - [2025-11-25T00:04:02.317+0000] {connection.py:413} INFO - Snowflake Connector for Python Version: 3.12.1, Python Version: 3.12.5, Platform: Linux-5.15.167.4-microsoft-standard-WSL2-x86_64-with-glibc2.36
[2025-11-25T00:04:02.319+0000] {logging_mixin.py:190} INFO - [2025-11-25T00:04:02.319+0000] {connection.py:1196} INFO - Connecting to GLOBAL Snowflake domain
[2025-11-25T00:04:02.320+0000] {logging_mixin.py:190} INFO - [2025-11-25T00:04:02.320+0000] {connection.py:1277} INFO - This connection is in OCSP Fail Open Mode. TLS Certificates would be checked for validity and revocation status. Any other Certificate Revocation related exceptions or OCSP Responder failures would be disregarded in favor of connectivity.
[2025-11-25T00:04:03.159+0000] {processor.py:925} INFO - DAG(s) 'daily_stock_price_forecasting' retrieved from /opt/airflow/dags/train_forecast_stock_prices.py
[2025-11-25T00:04:03.290+0000] {logging_mixin.py:190} INFO - [2025-11-25T00:04:03.290+0000] {dag.py:3229} INFO - Sync 1 DAGs
[2025-11-25T00:04:03.320+0000] {logging_mixin.py:190} INFO - [2025-11-25T00:04:03.320+0000] {dag.py:4156} INFO - Setting next_dagrun for daily_stock_price_forecasting to 2025-11-24 00:30:00+00:00, run_after=2025-11-25 00:30:00+00:00
[2025-11-25T00:04:03.351+0000] {processor.py:208} INFO - Processing /opt/airflow/dags/train_forecast_stock_prices.py took 1.139 seconds
[2025-11-25T00:04:33.801+0000] {processor.py:186} INFO - Started process (PID=11911) to work on /opt/airflow/dags/train_forecast_stock_prices.py
[2025-11-25T00:04:33.803+0000] {processor.py:914} INFO - Processing file /opt/airflow/dags/train_forecast_stock_prices.py for tasks to queue
[2025-11-25T00:04:33.806+0000] {logging_mixin.py:190} INFO - [2025-11-25T00:04:33.805+0000] {dagbag.py:587} INFO - Filling up the DagBag from /opt/airflow/dags/train_forecast_stock_prices.py
[2025-11-25T00:04:33.883+0000] {logging_mixin.py:190} INFO - [2025-11-25T00:04:33.883+0000] {base.py:84} INFO - Retrieving connection 'snowflake_conn'
[2025-11-25T00:04:33.886+0000] {logging_mixin.py:190} INFO - [2025-11-25T00:04:33.885+0000] {connection.py:413} INFO - Snowflake Connector for Python Version: 3.12.1, Python Version: 3.12.5, Platform: Linux-5.15.167.4-microsoft-standard-WSL2-x86_64-with-glibc2.36
[2025-11-25T00:04:33.888+0000] {logging_mixin.py:190} INFO - [2025-11-25T00:04:33.888+0000] {connection.py:1196} INFO - Connecting to GLOBAL Snowflake domain
[2025-11-25T00:04:33.889+0000] {logging_mixin.py:190} INFO - [2025-11-25T00:04:33.889+0000] {connection.py:1277} INFO - This connection is in OCSP Fail Open Mode. TLS Certificates would be checked for validity and revocation status. Any other Certificate Revocation related exceptions or OCSP Responder failures would be disregarded in favor of connectivity.
[2025-11-25T00:04:34.468+0000] {processor.py:925} INFO - DAG(s) 'daily_stock_price_forecasting' retrieved from /opt/airflow/dags/train_forecast_stock_prices.py
[2025-11-25T00:04:34.612+0000] {logging_mixin.py:190} INFO - [2025-11-25T00:04:34.611+0000] {dag.py:3229} INFO - Sync 1 DAGs
[2025-11-25T00:04:34.645+0000] {logging_mixin.py:190} INFO - [2025-11-25T00:04:34.645+0000] {dag.py:4156} INFO - Setting next_dagrun for daily_stock_price_forecasting to 2025-11-24 00:30:00+00:00, run_after=2025-11-25 00:30:00+00:00
[2025-11-25T00:04:34.686+0000] {processor.py:208} INFO - Processing /opt/airflow/dags/train_forecast_stock_prices.py took 0.896 seconds
[2025-11-25T00:05:05.240+0000] {processor.py:186} INFO - Started process (PID=11932) to work on /opt/airflow/dags/train_forecast_stock_prices.py
[2025-11-25T00:05:05.242+0000] {processor.py:914} INFO - Processing file /opt/airflow/dags/train_forecast_stock_prices.py for tasks to queue
[2025-11-25T00:05:05.245+0000] {logging_mixin.py:190} INFO - [2025-11-25T00:05:05.244+0000] {dagbag.py:587} INFO - Filling up the DagBag from /opt/airflow/dags/train_forecast_stock_prices.py
[2025-11-25T00:05:05.333+0000] {logging_mixin.py:190} INFO - [2025-11-25T00:05:05.333+0000] {base.py:84} INFO - Retrieving connection 'snowflake_conn'
[2025-11-25T00:05:05.336+0000] {logging_mixin.py:190} INFO - [2025-11-25T00:05:05.335+0000] {connection.py:413} INFO - Snowflake Connector for Python Version: 3.12.1, Python Version: 3.12.5, Platform: Linux-5.15.167.4-microsoft-standard-WSL2-x86_64-with-glibc2.36
[2025-11-25T00:05:05.338+0000] {logging_mixin.py:190} INFO - [2025-11-25T00:05:05.338+0000] {connection.py:1196} INFO - Connecting to GLOBAL Snowflake domain
[2025-11-25T00:05:05.339+0000] {logging_mixin.py:190} INFO - [2025-11-25T00:05:05.339+0000] {connection.py:1277} INFO - This connection is in OCSP Fail Open Mode. TLS Certificates would be checked for validity and revocation status. Any other Certificate Revocation related exceptions or OCSP Responder failures would be disregarded in favor of connectivity.
[2025-11-25T00:05:05.822+0000] {processor.py:925} INFO - DAG(s) 'daily_stock_price_forecasting' retrieved from /opt/airflow/dags/train_forecast_stock_prices.py
[2025-11-25T00:05:05.965+0000] {logging_mixin.py:190} INFO - [2025-11-25T00:05:05.965+0000] {dag.py:3229} INFO - Sync 1 DAGs
[2025-11-25T00:05:05.992+0000] {logging_mixin.py:190} INFO - [2025-11-25T00:05:05.991+0000] {dag.py:4156} INFO - Setting next_dagrun for daily_stock_price_forecasting to 2025-11-24 00:30:00+00:00, run_after=2025-11-25 00:30:00+00:00
[2025-11-25T00:05:06.034+0000] {processor.py:208} INFO - Processing /opt/airflow/dags/train_forecast_stock_prices.py took 0.805 seconds
[2025-11-25T00:05:36.367+0000] {processor.py:186} INFO - Started process (PID=11952) to work on /opt/airflow/dags/train_forecast_stock_prices.py
[2025-11-25T00:05:36.368+0000] {processor.py:914} INFO - Processing file /opt/airflow/dags/train_forecast_stock_prices.py for tasks to queue
[2025-11-25T00:05:36.369+0000] {logging_mixin.py:190} INFO - [2025-11-25T00:05:36.369+0000] {dagbag.py:587} INFO - Filling up the DagBag from /opt/airflow/dags/train_forecast_stock_prices.py
[2025-11-25T00:05:36.400+0000] {logging_mixin.py:190} INFO - [2025-11-25T00:05:36.400+0000] {base.py:84} INFO - Retrieving connection 'snowflake_conn'
[2025-11-25T00:05:36.401+0000] {logging_mixin.py:190} INFO - [2025-11-25T00:05:36.401+0000] {connection.py:413} INFO - Snowflake Connector for Python Version: 3.12.1, Python Version: 3.12.5, Platform: Linux-5.15.167.4-microsoft-standard-WSL2-x86_64-with-glibc2.36
[2025-11-25T00:05:36.402+0000] {logging_mixin.py:190} INFO - [2025-11-25T00:05:36.402+0000] {connection.py:1196} INFO - Connecting to GLOBAL Snowflake domain
[2025-11-25T00:05:36.403+0000] {logging_mixin.py:190} INFO - [2025-11-25T00:05:36.403+0000] {connection.py:1277} INFO - This connection is in OCSP Fail Open Mode. TLS Certificates would be checked for validity and revocation status. Any other Certificate Revocation related exceptions or OCSP Responder failures would be disregarded in favor of connectivity.
[2025-11-25T00:05:37.157+0000] {processor.py:925} INFO - DAG(s) 'daily_stock_price_forecasting' retrieved from /opt/airflow/dags/train_forecast_stock_prices.py
[2025-11-25T00:05:37.226+0000] {logging_mixin.py:190} INFO - [2025-11-25T00:05:37.225+0000] {dag.py:3229} INFO - Sync 1 DAGs
[2025-11-25T00:05:37.240+0000] {logging_mixin.py:190} INFO - [2025-11-25T00:05:37.240+0000] {dag.py:4156} INFO - Setting next_dagrun for daily_stock_price_forecasting to 2025-11-24 00:30:00+00:00, run_after=2025-11-25 00:30:00+00:00
[2025-11-25T00:05:37.254+0000] {processor.py:208} INFO - Processing /opt/airflow/dags/train_forecast_stock_prices.py took 0.892 seconds
[2025-11-25T00:06:07.658+0000] {processor.py:186} INFO - Started process (PID=11973) to work on /opt/airflow/dags/train_forecast_stock_prices.py
[2025-11-25T00:06:07.659+0000] {processor.py:914} INFO - Processing file /opt/airflow/dags/train_forecast_stock_prices.py for tasks to queue
[2025-11-25T00:06:07.659+0000] {logging_mixin.py:190} INFO - [2025-11-25T00:06:07.659+0000] {dagbag.py:587} INFO - Filling up the DagBag from /opt/airflow/dags/train_forecast_stock_prices.py
[2025-11-25T00:06:07.694+0000] {logging_mixin.py:190} INFO - [2025-11-25T00:06:07.693+0000] {base.py:84} INFO - Retrieving connection 'snowflake_conn'
[2025-11-25T00:06:07.696+0000] {logging_mixin.py:190} INFO - [2025-11-25T00:06:07.695+0000] {connection.py:413} INFO - Snowflake Connector for Python Version: 3.12.1, Python Version: 3.12.5, Platform: Linux-5.15.167.4-microsoft-standard-WSL2-x86_64-with-glibc2.36
[2025-11-25T00:06:07.698+0000] {logging_mixin.py:190} INFO - [2025-11-25T00:06:07.698+0000] {connection.py:1196} INFO - Connecting to GLOBAL Snowflake domain
[2025-11-25T00:06:07.699+0000] {logging_mixin.py:190} INFO - [2025-11-25T00:06:07.699+0000] {connection.py:1277} INFO - This connection is in OCSP Fail Open Mode. TLS Certificates would be checked for validity and revocation status. Any other Certificate Revocation related exceptions or OCSP Responder failures would be disregarded in favor of connectivity.
[2025-11-25T00:06:08.144+0000] {processor.py:925} INFO - DAG(s) 'daily_stock_price_forecasting' retrieved from /opt/airflow/dags/train_forecast_stock_prices.py
[2025-11-25T00:06:08.158+0000] {logging_mixin.py:190} INFO - [2025-11-25T00:06:08.158+0000] {dag.py:3229} INFO - Sync 1 DAGs
[2025-11-25T00:06:08.178+0000] {logging_mixin.py:190} INFO - [2025-11-25T00:06:08.178+0000] {dag.py:4156} INFO - Setting next_dagrun for daily_stock_price_forecasting to 2025-11-24 00:30:00+00:00, run_after=2025-11-25 00:30:00+00:00
[2025-11-25T00:06:08.213+0000] {processor.py:208} INFO - Processing /opt/airflow/dags/train_forecast_stock_prices.py took 0.560 seconds
[2025-11-25T00:06:38.295+0000] {processor.py:186} INFO - Started process (PID=11994) to work on /opt/airflow/dags/train_forecast_stock_prices.py
[2025-11-25T00:06:38.297+0000] {processor.py:914} INFO - Processing file /opt/airflow/dags/train_forecast_stock_prices.py for tasks to queue
[2025-11-25T00:06:38.299+0000] {logging_mixin.py:190} INFO - [2025-11-25T00:06:38.298+0000] {dagbag.py:587} INFO - Filling up the DagBag from /opt/airflow/dags/train_forecast_stock_prices.py
[2025-11-25T00:06:38.362+0000] {logging_mixin.py:190} INFO - [2025-11-25T00:06:38.362+0000] {base.py:84} INFO - Retrieving connection 'snowflake_conn'
[2025-11-25T00:06:38.364+0000] {logging_mixin.py:190} INFO - [2025-11-25T00:06:38.364+0000] {connection.py:413} INFO - Snowflake Connector for Python Version: 3.12.1, Python Version: 3.12.5, Platform: Linux-5.15.167.4-microsoft-standard-WSL2-x86_64-with-glibc2.36
[2025-11-25T00:06:38.366+0000] {logging_mixin.py:190} INFO - [2025-11-25T00:06:38.365+0000] {connection.py:1196} INFO - Connecting to GLOBAL Snowflake domain
[2025-11-25T00:06:38.366+0000] {logging_mixin.py:190} INFO - [2025-11-25T00:06:38.366+0000] {connection.py:1277} INFO - This connection is in OCSP Fail Open Mode. TLS Certificates would be checked for validity and revocation status. Any other Certificate Revocation related exceptions or OCSP Responder failures would be disregarded in favor of connectivity.
[2025-11-25T00:06:38.902+0000] {processor.py:925} INFO - DAG(s) 'daily_stock_price_forecasting' retrieved from /opt/airflow/dags/train_forecast_stock_prices.py
[2025-11-25T00:06:38.969+0000] {logging_mixin.py:190} INFO - [2025-11-25T00:06:38.969+0000] {dag.py:3229} INFO - Sync 1 DAGs
[2025-11-25T00:06:38.987+0000] {logging_mixin.py:190} INFO - [2025-11-25T00:06:38.987+0000] {dag.py:4156} INFO - Setting next_dagrun for daily_stock_price_forecasting to 2025-11-24 00:30:00+00:00, run_after=2025-11-25 00:30:00+00:00
[2025-11-25T00:06:39.002+0000] {processor.py:208} INFO - Processing /opt/airflow/dags/train_forecast_stock_prices.py took 0.714 seconds
[2025-11-25T00:07:09.168+0000] {processor.py:186} INFO - Started process (PID=12015) to work on /opt/airflow/dags/train_forecast_stock_prices.py
[2025-11-25T00:07:09.169+0000] {processor.py:914} INFO - Processing file /opt/airflow/dags/train_forecast_stock_prices.py for tasks to queue
[2025-11-25T00:07:09.171+0000] {logging_mixin.py:190} INFO - [2025-11-25T00:07:09.170+0000] {dagbag.py:587} INFO - Filling up the DagBag from /opt/airflow/dags/train_forecast_stock_prices.py
[2025-11-25T00:07:09.202+0000] {logging_mixin.py:190} INFO - [2025-11-25T00:07:09.202+0000] {base.py:84} INFO - Retrieving connection 'snowflake_conn'
[2025-11-25T00:07:09.203+0000] {logging_mixin.py:190} INFO - [2025-11-25T00:07:09.203+0000] {connection.py:413} INFO - Snowflake Connector for Python Version: 3.12.1, Python Version: 3.12.5, Platform: Linux-5.15.167.4-microsoft-standard-WSL2-x86_64-with-glibc2.36
[2025-11-25T00:07:09.205+0000] {logging_mixin.py:190} INFO - [2025-11-25T00:07:09.205+0000] {connection.py:1196} INFO - Connecting to GLOBAL Snowflake domain
[2025-11-25T00:07:09.205+0000] {logging_mixin.py:190} INFO - [2025-11-25T00:07:09.205+0000] {connection.py:1277} INFO - This connection is in OCSP Fail Open Mode. TLS Certificates would be checked for validity and revocation status. Any other Certificate Revocation related exceptions or OCSP Responder failures would be disregarded in favor of connectivity.
[2025-11-25T00:07:09.614+0000] {processor.py:925} INFO - DAG(s) 'daily_stock_price_forecasting' retrieved from /opt/airflow/dags/train_forecast_stock_prices.py
[2025-11-25T00:07:09.683+0000] {logging_mixin.py:190} INFO - [2025-11-25T00:07:09.683+0000] {dag.py:3229} INFO - Sync 1 DAGs
[2025-11-25T00:07:09.701+0000] {logging_mixin.py:190} INFO - [2025-11-25T00:07:09.701+0000] {dag.py:4156} INFO - Setting next_dagrun for daily_stock_price_forecasting to 2025-11-24 00:30:00+00:00, run_after=2025-11-25 00:30:00+00:00
[2025-11-25T00:07:09.717+0000] {processor.py:208} INFO - Processing /opt/airflow/dags/train_forecast_stock_prices.py took 0.554 seconds
[2025-11-25T00:07:40.080+0000] {processor.py:186} INFO - Started process (PID=12079) to work on /opt/airflow/dags/train_forecast_stock_prices.py
[2025-11-25T00:07:40.082+0000] {processor.py:914} INFO - Processing file /opt/airflow/dags/train_forecast_stock_prices.py for tasks to queue
[2025-11-25T00:07:40.084+0000] {logging_mixin.py:190} INFO - [2025-11-25T00:07:40.084+0000] {dagbag.py:587} INFO - Filling up the DagBag from /opt/airflow/dags/train_forecast_stock_prices.py
[2025-11-25T00:07:40.120+0000] {logging_mixin.py:190} INFO - [2025-11-25T00:07:40.120+0000] {base.py:84} INFO - Retrieving connection 'snowflake_conn'
[2025-11-25T00:07:40.121+0000] {logging_mixin.py:190} INFO - [2025-11-25T00:07:40.121+0000] {connection.py:413} INFO - Snowflake Connector for Python Version: 3.12.1, Python Version: 3.12.5, Platform: Linux-5.15.167.4-microsoft-standard-WSL2-x86_64-with-glibc2.36
[2025-11-25T00:07:40.122+0000] {logging_mixin.py:190} INFO - [2025-11-25T00:07:40.122+0000] {connection.py:1196} INFO - Connecting to GLOBAL Snowflake domain
[2025-11-25T00:07:40.123+0000] {logging_mixin.py:190} INFO - [2025-11-25T00:07:40.123+0000] {connection.py:1277} INFO - This connection is in OCSP Fail Open Mode. TLS Certificates would be checked for validity and revocation status. Any other Certificate Revocation related exceptions or OCSP Responder failures would be disregarded in favor of connectivity.
[2025-11-25T00:07:40.500+0000] {processor.py:925} INFO - DAG(s) 'daily_stock_price_forecasting' retrieved from /opt/airflow/dags/train_forecast_stock_prices.py
[2025-11-25T00:07:40.570+0000] {logging_mixin.py:190} INFO - [2025-11-25T00:07:40.570+0000] {dag.py:3229} INFO - Sync 1 DAGs
[2025-11-25T00:07:40.587+0000] {logging_mixin.py:190} INFO - [2025-11-25T00:07:40.587+0000] {dag.py:4156} INFO - Setting next_dagrun for daily_stock_price_forecasting to 2025-11-24 00:30:00+00:00, run_after=2025-11-25 00:30:00+00:00
[2025-11-25T00:07:40.603+0000] {processor.py:208} INFO - Processing /opt/airflow/dags/train_forecast_stock_prices.py took 0.531 seconds
[2025-11-25T00:08:10.724+0000] {processor.py:186} INFO - Started process (PID=12173) to work on /opt/airflow/dags/train_forecast_stock_prices.py
[2025-11-25T00:08:10.725+0000] {processor.py:914} INFO - Processing file /opt/airflow/dags/train_forecast_stock_prices.py for tasks to queue
[2025-11-25T00:08:10.727+0000] {logging_mixin.py:190} INFO - [2025-11-25T00:08:10.726+0000] {dagbag.py:587} INFO - Filling up the DagBag from /opt/airflow/dags/train_forecast_stock_prices.py
[2025-11-25T00:08:10.761+0000] {logging_mixin.py:190} INFO - [2025-11-25T00:08:10.761+0000] {base.py:84} INFO - Retrieving connection 'snowflake_conn'
[2025-11-25T00:08:10.763+0000] {logging_mixin.py:190} INFO - [2025-11-25T00:08:10.762+0000] {connection.py:413} INFO - Snowflake Connector for Python Version: 3.12.1, Python Version: 3.12.5, Platform: Linux-5.15.167.4-microsoft-standard-WSL2-x86_64-with-glibc2.36
[2025-11-25T00:08:10.764+0000] {logging_mixin.py:190} INFO - [2025-11-25T00:08:10.764+0000] {connection.py:1196} INFO - Connecting to GLOBAL Snowflake domain
[2025-11-25T00:08:10.764+0000] {logging_mixin.py:190} INFO - [2025-11-25T00:08:10.764+0000] {connection.py:1277} INFO - This connection is in OCSP Fail Open Mode. TLS Certificates would be checked for validity and revocation status. Any other Certificate Revocation related exceptions or OCSP Responder failures would be disregarded in favor of connectivity.
[2025-11-25T00:08:11.112+0000] {processor.py:925} INFO - DAG(s) 'daily_stock_price_forecasting' retrieved from /opt/airflow/dags/train_forecast_stock_prices.py
[2025-11-25T00:08:11.184+0000] {logging_mixin.py:190} INFO - [2025-11-25T00:08:11.184+0000] {dag.py:3229} INFO - Sync 1 DAGs
[2025-11-25T00:08:11.202+0000] {logging_mixin.py:190} INFO - [2025-11-25T00:08:11.201+0000] {dag.py:4156} INFO - Setting next_dagrun for daily_stock_price_forecasting to 2025-11-24 00:30:00+00:00, run_after=2025-11-25 00:30:00+00:00
[2025-11-25T00:08:11.217+0000] {processor.py:208} INFO - Processing /opt/airflow/dags/train_forecast_stock_prices.py took 0.498 seconds
[2025-11-25T00:08:41.478+0000] {processor.py:186} INFO - Started process (PID=12194) to work on /opt/airflow/dags/train_forecast_stock_prices.py
[2025-11-25T00:08:41.479+0000] {processor.py:914} INFO - Processing file /opt/airflow/dags/train_forecast_stock_prices.py for tasks to queue
[2025-11-25T00:08:41.480+0000] {logging_mixin.py:190} INFO - [2025-11-25T00:08:41.480+0000] {dagbag.py:587} INFO - Filling up the DagBag from /opt/airflow/dags/train_forecast_stock_prices.py
[2025-11-25T00:08:41.513+0000] {logging_mixin.py:190} INFO - [2025-11-25T00:08:41.512+0000] {base.py:84} INFO - Retrieving connection 'snowflake_conn'
[2025-11-25T00:08:41.514+0000] {logging_mixin.py:190} INFO - [2025-11-25T00:08:41.514+0000] {connection.py:413} INFO - Snowflake Connector for Python Version: 3.12.1, Python Version: 3.12.5, Platform: Linux-5.15.167.4-microsoft-standard-WSL2-x86_64-with-glibc2.36
[2025-11-25T00:08:41.515+0000] {logging_mixin.py:190} INFO - [2025-11-25T00:08:41.515+0000] {connection.py:1196} INFO - Connecting to GLOBAL Snowflake domain
[2025-11-25T00:08:41.516+0000] {logging_mixin.py:190} INFO - [2025-11-25T00:08:41.516+0000] {connection.py:1277} INFO - This connection is in OCSP Fail Open Mode. TLS Certificates would be checked for validity and revocation status. Any other Certificate Revocation related exceptions or OCSP Responder failures would be disregarded in favor of connectivity.
[2025-11-25T00:08:41.955+0000] {processor.py:925} INFO - DAG(s) 'daily_stock_price_forecasting' retrieved from /opt/airflow/dags/train_forecast_stock_prices.py
[2025-11-25T00:08:42.024+0000] {logging_mixin.py:190} INFO - [2025-11-25T00:08:42.023+0000] {dag.py:3229} INFO - Sync 1 DAGs
[2025-11-25T00:08:42.040+0000] {logging_mixin.py:190} INFO - [2025-11-25T00:08:42.040+0000] {dag.py:4156} INFO - Setting next_dagrun for daily_stock_price_forecasting to 2025-11-24 00:30:00+00:00, run_after=2025-11-25 00:30:00+00:00
[2025-11-25T00:08:42.055+0000] {processor.py:208} INFO - Processing /opt/airflow/dags/train_forecast_stock_prices.py took 0.581 seconds
[2025-11-25T00:09:12.436+0000] {processor.py:186} INFO - Started process (PID=12215) to work on /opt/airflow/dags/train_forecast_stock_prices.py
[2025-11-25T00:09:12.437+0000] {processor.py:914} INFO - Processing file /opt/airflow/dags/train_forecast_stock_prices.py for tasks to queue
[2025-11-25T00:09:12.438+0000] {logging_mixin.py:190} INFO - [2025-11-25T00:09:12.438+0000] {dagbag.py:587} INFO - Filling up the DagBag from /opt/airflow/dags/train_forecast_stock_prices.py
[2025-11-25T00:09:12.467+0000] {logging_mixin.py:190} INFO - [2025-11-25T00:09:12.466+0000] {base.py:84} INFO - Retrieving connection 'snowflake_conn'
[2025-11-25T00:09:12.468+0000] {logging_mixin.py:190} INFO - [2025-11-25T00:09:12.467+0000] {connection.py:413} INFO - Snowflake Connector for Python Version: 3.12.1, Python Version: 3.12.5, Platform: Linux-5.15.167.4-microsoft-standard-WSL2-x86_64-with-glibc2.36
[2025-11-25T00:09:12.468+0000] {logging_mixin.py:190} INFO - [2025-11-25T00:09:12.468+0000] {connection.py:1196} INFO - Connecting to GLOBAL Snowflake domain
[2025-11-25T00:09:12.469+0000] {logging_mixin.py:190} INFO - [2025-11-25T00:09:12.469+0000] {connection.py:1277} INFO - This connection is in OCSP Fail Open Mode. TLS Certificates would be checked for validity and revocation status. Any other Certificate Revocation related exceptions or OCSP Responder failures would be disregarded in favor of connectivity.
[2025-11-25T00:09:12.806+0000] {processor.py:925} INFO - DAG(s) 'daily_stock_price_forecasting' retrieved from /opt/airflow/dags/train_forecast_stock_prices.py
[2025-11-25T00:09:12.876+0000] {logging_mixin.py:190} INFO - [2025-11-25T00:09:12.876+0000] {dag.py:3229} INFO - Sync 1 DAGs
[2025-11-25T00:09:12.893+0000] {logging_mixin.py:190} INFO - [2025-11-25T00:09:12.893+0000] {dag.py:4156} INFO - Setting next_dagrun for daily_stock_price_forecasting to 2025-11-24 00:30:00+00:00, run_after=2025-11-25 00:30:00+00:00
[2025-11-25T00:09:12.908+0000] {processor.py:208} INFO - Processing /opt/airflow/dags/train_forecast_stock_prices.py took 0.476 seconds
[2025-11-25T00:09:43.297+0000] {processor.py:186} INFO - Started process (PID=12242) to work on /opt/airflow/dags/train_forecast_stock_prices.py
[2025-11-25T00:09:43.298+0000] {processor.py:914} INFO - Processing file /opt/airflow/dags/train_forecast_stock_prices.py for tasks to queue
[2025-11-25T00:09:43.300+0000] {logging_mixin.py:190} INFO - [2025-11-25T00:09:43.299+0000] {dagbag.py:587} INFO - Filling up the DagBag from /opt/airflow/dags/train_forecast_stock_prices.py
[2025-11-25T00:09:43.327+0000] {logging_mixin.py:190} INFO - [2025-11-25T00:09:43.326+0000] {base.py:84} INFO - Retrieving connection 'snowflake_conn'
[2025-11-25T00:09:43.328+0000] {logging_mixin.py:190} INFO - [2025-11-25T00:09:43.328+0000] {connection.py:413} INFO - Snowflake Connector for Python Version: 3.12.1, Python Version: 3.12.5, Platform: Linux-5.15.167.4-microsoft-standard-WSL2-x86_64-with-glibc2.36
[2025-11-25T00:09:43.329+0000] {logging_mixin.py:190} INFO - [2025-11-25T00:09:43.328+0000] {connection.py:1196} INFO - Connecting to GLOBAL Snowflake domain
[2025-11-25T00:09:43.329+0000] {logging_mixin.py:190} INFO - [2025-11-25T00:09:43.329+0000] {connection.py:1277} INFO - This connection is in OCSP Fail Open Mode. TLS Certificates would be checked for validity and revocation status. Any other Certificate Revocation related exceptions or OCSP Responder failures would be disregarded in favor of connectivity.
[2025-11-25T00:09:43.708+0000] {processor.py:925} INFO - DAG(s) 'daily_stock_price_forecasting' retrieved from /opt/airflow/dags/train_forecast_stock_prices.py
[2025-11-25T00:09:43.777+0000] {logging_mixin.py:190} INFO - [2025-11-25T00:09:43.777+0000] {dag.py:3229} INFO - Sync 1 DAGs
[2025-11-25T00:09:43.795+0000] {logging_mixin.py:190} INFO - [2025-11-25T00:09:43.795+0000] {dag.py:4156} INFO - Setting next_dagrun for daily_stock_price_forecasting to 2025-11-24 00:30:00+00:00, run_after=2025-11-25 00:30:00+00:00
[2025-11-25T00:09:43.809+0000] {processor.py:208} INFO - Processing /opt/airflow/dags/train_forecast_stock_prices.py took 0.517 seconds
[2025-11-25T00:10:14.124+0000] {processor.py:186} INFO - Started process (PID=12264) to work on /opt/airflow/dags/train_forecast_stock_prices.py
[2025-11-25T00:10:14.125+0000] {processor.py:914} INFO - Processing file /opt/airflow/dags/train_forecast_stock_prices.py for tasks to queue
[2025-11-25T00:10:14.126+0000] {logging_mixin.py:190} INFO - [2025-11-25T00:10:14.126+0000] {dagbag.py:587} INFO - Filling up the DagBag from /opt/airflow/dags/train_forecast_stock_prices.py
[2025-11-25T00:10:14.158+0000] {logging_mixin.py:190} INFO - [2025-11-25T00:10:14.157+0000] {base.py:84} INFO - Retrieving connection 'snowflake_conn'
[2025-11-25T00:10:14.159+0000] {logging_mixin.py:190} INFO - [2025-11-25T00:10:14.158+0000] {connection.py:413} INFO - Snowflake Connector for Python Version: 3.12.1, Python Version: 3.12.5, Platform: Linux-5.15.167.4-microsoft-standard-WSL2-x86_64-with-glibc2.36
[2025-11-25T00:10:14.160+0000] {logging_mixin.py:190} INFO - [2025-11-25T00:10:14.160+0000] {connection.py:1196} INFO - Connecting to GLOBAL Snowflake domain
[2025-11-25T00:10:14.160+0000] {logging_mixin.py:190} INFO - [2025-11-25T00:10:14.160+0000] {connection.py:1277} INFO - This connection is in OCSP Fail Open Mode. TLS Certificates would be checked for validity and revocation status. Any other Certificate Revocation related exceptions or OCSP Responder failures would be disregarded in favor of connectivity.
[2025-11-25T00:10:14.544+0000] {processor.py:925} INFO - DAG(s) 'daily_stock_price_forecasting' retrieved from /opt/airflow/dags/train_forecast_stock_prices.py
[2025-11-25T00:10:14.615+0000] {logging_mixin.py:190} INFO - [2025-11-25T00:10:14.615+0000] {dag.py:3229} INFO - Sync 1 DAGs
[2025-11-25T00:10:14.633+0000] {logging_mixin.py:190} INFO - [2025-11-25T00:10:14.632+0000] {dag.py:4156} INFO - Setting next_dagrun for daily_stock_price_forecasting to 2025-11-24 00:30:00+00:00, run_after=2025-11-25 00:30:00+00:00
[2025-11-25T00:10:14.654+0000] {processor.py:208} INFO - Processing /opt/airflow/dags/train_forecast_stock_prices.py took 0.535 seconds
[2025-11-25T00:10:44.830+0000] {processor.py:186} INFO - Started process (PID=12285) to work on /opt/airflow/dags/train_forecast_stock_prices.py
[2025-11-25T00:10:44.832+0000] {processor.py:914} INFO - Processing file /opt/airflow/dags/train_forecast_stock_prices.py for tasks to queue
[2025-11-25T00:10:44.833+0000] {logging_mixin.py:190} INFO - [2025-11-25T00:10:44.833+0000] {dagbag.py:587} INFO - Filling up the DagBag from /opt/airflow/dags/train_forecast_stock_prices.py
[2025-11-25T00:10:44.863+0000] {logging_mixin.py:190} INFO - [2025-11-25T00:10:44.863+0000] {base.py:84} INFO - Retrieving connection 'snowflake_conn'
[2025-11-25T00:10:44.865+0000] {logging_mixin.py:190} INFO - [2025-11-25T00:10:44.864+0000] {connection.py:413} INFO - Snowflake Connector for Python Version: 3.12.1, Python Version: 3.12.5, Platform: Linux-5.15.167.4-microsoft-standard-WSL2-x86_64-with-glibc2.36
[2025-11-25T00:10:44.866+0000] {logging_mixin.py:190} INFO - [2025-11-25T00:10:44.866+0000] {connection.py:1196} INFO - Connecting to GLOBAL Snowflake domain
[2025-11-25T00:10:44.866+0000] {logging_mixin.py:190} INFO - [2025-11-25T00:10:44.866+0000] {connection.py:1277} INFO - This connection is in OCSP Fail Open Mode. TLS Certificates would be checked for validity and revocation status. Any other Certificate Revocation related exceptions or OCSP Responder failures would be disregarded in favor of connectivity.
[2025-11-25T00:10:45.755+0000] {processor.py:925} INFO - DAG(s) 'daily_stock_price_forecasting' retrieved from /opt/airflow/dags/train_forecast_stock_prices.py
[2025-11-25T00:10:45.828+0000] {logging_mixin.py:190} INFO - [2025-11-25T00:10:45.827+0000] {dag.py:3229} INFO - Sync 1 DAGs
[2025-11-25T00:10:45.845+0000] {logging_mixin.py:190} INFO - [2025-11-25T00:10:45.845+0000] {dag.py:4156} INFO - Setting next_dagrun for daily_stock_price_forecasting to 2025-11-24 00:30:00+00:00, run_after=2025-11-25 00:30:00+00:00
[2025-11-25T00:10:45.867+0000] {processor.py:208} INFO - Processing /opt/airflow/dags/train_forecast_stock_prices.py took 1.042 seconds
[2025-11-25T00:11:16.196+0000] {processor.py:186} INFO - Started process (PID=12306) to work on /opt/airflow/dags/train_forecast_stock_prices.py
[2025-11-25T00:11:16.198+0000] {processor.py:914} INFO - Processing file /opt/airflow/dags/train_forecast_stock_prices.py for tasks to queue
[2025-11-25T00:11:16.200+0000] {logging_mixin.py:190} INFO - [2025-11-25T00:11:16.199+0000] {dagbag.py:587} INFO - Filling up the DagBag from /opt/airflow/dags/train_forecast_stock_prices.py
[2025-11-25T00:11:16.238+0000] {logging_mixin.py:190} INFO - [2025-11-25T00:11:16.237+0000] {base.py:84} INFO - Retrieving connection 'snowflake_conn'
[2025-11-25T00:11:16.239+0000] {logging_mixin.py:190} INFO - [2025-11-25T00:11:16.239+0000] {connection.py:413} INFO - Snowflake Connector for Python Version: 3.12.1, Python Version: 3.12.5, Platform: Linux-5.15.167.4-microsoft-standard-WSL2-x86_64-with-glibc2.36
[2025-11-25T00:11:16.240+0000] {logging_mixin.py:190} INFO - [2025-11-25T00:11:16.240+0000] {connection.py:1196} INFO - Connecting to GLOBAL Snowflake domain
[2025-11-25T00:11:16.240+0000] {logging_mixin.py:190} INFO - [2025-11-25T00:11:16.240+0000] {connection.py:1277} INFO - This connection is in OCSP Fail Open Mode. TLS Certificates would be checked for validity and revocation status. Any other Certificate Revocation related exceptions or OCSP Responder failures would be disregarded in favor of connectivity.
[2025-11-25T00:11:16.666+0000] {processor.py:925} INFO - DAG(s) 'daily_stock_price_forecasting' retrieved from /opt/airflow/dags/train_forecast_stock_prices.py
[2025-11-25T00:11:16.741+0000] {logging_mixin.py:190} INFO - [2025-11-25T00:11:16.741+0000] {dag.py:3229} INFO - Sync 1 DAGs
[2025-11-25T00:11:16.762+0000] {logging_mixin.py:190} INFO - [2025-11-25T00:11:16.762+0000] {dag.py:4156} INFO - Setting next_dagrun for daily_stock_price_forecasting to 2025-11-24 00:30:00+00:00, run_after=2025-11-25 00:30:00+00:00
[2025-11-25T00:11:16.781+0000] {processor.py:208} INFO - Processing /opt/airflow/dags/train_forecast_stock_prices.py took 0.590 seconds
[2025-11-25T00:11:46.952+0000] {processor.py:186} INFO - Started process (PID=12327) to work on /opt/airflow/dags/train_forecast_stock_prices.py
[2025-11-25T00:11:46.953+0000] {processor.py:914} INFO - Processing file /opt/airflow/dags/train_forecast_stock_prices.py for tasks to queue
[2025-11-25T00:11:46.954+0000] {logging_mixin.py:190} INFO - [2025-11-25T00:11:46.954+0000] {dagbag.py:587} INFO - Filling up the DagBag from /opt/airflow/dags/train_forecast_stock_prices.py
[2025-11-25T00:11:46.982+0000] {logging_mixin.py:190} INFO - [2025-11-25T00:11:46.981+0000] {base.py:84} INFO - Retrieving connection 'snowflake_conn'
[2025-11-25T00:11:46.983+0000] {logging_mixin.py:190} INFO - [2025-11-25T00:11:46.983+0000] {connection.py:413} INFO - Snowflake Connector for Python Version: 3.12.1, Python Version: 3.12.5, Platform: Linux-5.15.167.4-microsoft-standard-WSL2-x86_64-with-glibc2.36
[2025-11-25T00:11:46.984+0000] {logging_mixin.py:190} INFO - [2025-11-25T00:11:46.984+0000] {connection.py:1196} INFO - Connecting to GLOBAL Snowflake domain
[2025-11-25T00:11:46.985+0000] {logging_mixin.py:190} INFO - [2025-11-25T00:11:46.985+0000] {connection.py:1277} INFO - This connection is in OCSP Fail Open Mode. TLS Certificates would be checked for validity and revocation status. Any other Certificate Revocation related exceptions or OCSP Responder failures would be disregarded in favor of connectivity.
[2025-11-25T00:11:47.346+0000] {processor.py:925} INFO - DAG(s) 'daily_stock_price_forecasting' retrieved from /opt/airflow/dags/train_forecast_stock_prices.py
[2025-11-25T00:11:47.414+0000] {logging_mixin.py:190} INFO - [2025-11-25T00:11:47.414+0000] {dag.py:3229} INFO - Sync 1 DAGs
[2025-11-25T00:11:47.429+0000] {logging_mixin.py:190} INFO - [2025-11-25T00:11:47.429+0000] {dag.py:4156} INFO - Setting next_dagrun for daily_stock_price_forecasting to 2025-11-24 00:30:00+00:00, run_after=2025-11-25 00:30:00+00:00
[2025-11-25T00:11:47.454+0000] {processor.py:208} INFO - Processing /opt/airflow/dags/train_forecast_stock_prices.py took 0.507 seconds
[2025-11-25T00:12:17.624+0000] {processor.py:186} INFO - Started process (PID=12348) to work on /opt/airflow/dags/train_forecast_stock_prices.py
[2025-11-25T00:12:17.625+0000] {processor.py:914} INFO - Processing file /opt/airflow/dags/train_forecast_stock_prices.py for tasks to queue
[2025-11-25T00:12:17.626+0000] {logging_mixin.py:190} INFO - [2025-11-25T00:12:17.626+0000] {dagbag.py:587} INFO - Filling up the DagBag from /opt/airflow/dags/train_forecast_stock_prices.py
[2025-11-25T00:12:17.661+0000] {logging_mixin.py:190} INFO - [2025-11-25T00:12:17.661+0000] {base.py:84} INFO - Retrieving connection 'snowflake_conn'
[2025-11-25T00:12:17.662+0000] {logging_mixin.py:190} INFO - [2025-11-25T00:12:17.662+0000] {connection.py:413} INFO - Snowflake Connector for Python Version: 3.12.1, Python Version: 3.12.5, Platform: Linux-5.15.167.4-microsoft-standard-WSL2-x86_64-with-glibc2.36
[2025-11-25T00:12:17.663+0000] {logging_mixin.py:190} INFO - [2025-11-25T00:12:17.663+0000] {connection.py:1196} INFO - Connecting to GLOBAL Snowflake domain
[2025-11-25T00:12:17.664+0000] {logging_mixin.py:190} INFO - [2025-11-25T00:12:17.663+0000] {connection.py:1277} INFO - This connection is in OCSP Fail Open Mode. TLS Certificates would be checked for validity and revocation status. Any other Certificate Revocation related exceptions or OCSP Responder failures would be disregarded in favor of connectivity.
[2025-11-25T00:12:18.065+0000] {processor.py:925} INFO - DAG(s) 'daily_stock_price_forecasting' retrieved from /opt/airflow/dags/train_forecast_stock_prices.py
[2025-11-25T00:12:18.172+0000] {logging_mixin.py:190} INFO - [2025-11-25T00:12:18.171+0000] {dag.py:3229} INFO - Sync 1 DAGs
[2025-11-25T00:12:18.202+0000] {logging_mixin.py:190} INFO - [2025-11-25T00:12:18.201+0000] {dag.py:4156} INFO - Setting next_dagrun for daily_stock_price_forecasting to 2025-11-24 00:30:00+00:00, run_after=2025-11-25 00:30:00+00:00
[2025-11-25T00:12:18.229+0000] {processor.py:208} INFO - Processing /opt/airflow/dags/train_forecast_stock_prices.py took 0.610 seconds
[2025-11-25T00:12:48.630+0000] {processor.py:186} INFO - Started process (PID=12369) to work on /opt/airflow/dags/train_forecast_stock_prices.py
[2025-11-25T00:12:48.633+0000] {processor.py:914} INFO - Processing file /opt/airflow/dags/train_forecast_stock_prices.py for tasks to queue
[2025-11-25T00:12:48.635+0000] {logging_mixin.py:190} INFO - [2025-11-25T00:12:48.634+0000] {dagbag.py:587} INFO - Filling up the DagBag from /opt/airflow/dags/train_forecast_stock_prices.py
[2025-11-25T00:12:48.684+0000] {logging_mixin.py:190} INFO - [2025-11-25T00:12:48.684+0000] {base.py:84} INFO - Retrieving connection 'snowflake_conn'
[2025-11-25T00:12:48.686+0000] {logging_mixin.py:190} INFO - [2025-11-25T00:12:48.685+0000] {connection.py:413} INFO - Snowflake Connector for Python Version: 3.12.1, Python Version: 3.12.5, Platform: Linux-5.15.167.4-microsoft-standard-WSL2-x86_64-with-glibc2.36
[2025-11-25T00:12:48.687+0000] {logging_mixin.py:190} INFO - [2025-11-25T00:12:48.687+0000] {connection.py:1196} INFO - Connecting to GLOBAL Snowflake domain
[2025-11-25T00:12:48.687+0000] {logging_mixin.py:190} INFO - [2025-11-25T00:12:48.687+0000] {connection.py:1277} INFO - This connection is in OCSP Fail Open Mode. TLS Certificates would be checked for validity and revocation status. Any other Certificate Revocation related exceptions or OCSP Responder failures would be disregarded in favor of connectivity.
[2025-11-25T00:12:49.172+0000] {processor.py:925} INFO - DAG(s) 'daily_stock_price_forecasting' retrieved from /opt/airflow/dags/train_forecast_stock_prices.py
[2025-11-25T00:12:49.246+0000] {logging_mixin.py:190} INFO - [2025-11-25T00:12:49.246+0000] {dag.py:3229} INFO - Sync 1 DAGs
[2025-11-25T00:12:49.264+0000] {logging_mixin.py:190} INFO - [2025-11-25T00:12:49.263+0000] {dag.py:4156} INFO - Setting next_dagrun for daily_stock_price_forecasting to 2025-11-24 00:30:00+00:00, run_after=2025-11-25 00:30:00+00:00
[2025-11-25T00:12:49.279+0000] {processor.py:208} INFO - Processing /opt/airflow/dags/train_forecast_stock_prices.py took 0.656 seconds
[2025-11-25T00:13:19.588+0000] {processor.py:186} INFO - Started process (PID=12390) to work on /opt/airflow/dags/train_forecast_stock_prices.py
[2025-11-25T00:13:19.589+0000] {processor.py:914} INFO - Processing file /opt/airflow/dags/train_forecast_stock_prices.py for tasks to queue
[2025-11-25T00:13:19.590+0000] {logging_mixin.py:190} INFO - [2025-11-25T00:13:19.590+0000] {dagbag.py:587} INFO - Filling up the DagBag from /opt/airflow/dags/train_forecast_stock_prices.py
[2025-11-25T00:13:19.621+0000] {logging_mixin.py:190} INFO - [2025-11-25T00:13:19.621+0000] {base.py:84} INFO - Retrieving connection 'snowflake_conn'
[2025-11-25T00:13:19.622+0000] {logging_mixin.py:190} INFO - [2025-11-25T00:13:19.622+0000] {connection.py:413} INFO - Snowflake Connector for Python Version: 3.12.1, Python Version: 3.12.5, Platform: Linux-5.15.167.4-microsoft-standard-WSL2-x86_64-with-glibc2.36
[2025-11-25T00:13:19.623+0000] {logging_mixin.py:190} INFO - [2025-11-25T00:13:19.623+0000] {connection.py:1196} INFO - Connecting to GLOBAL Snowflake domain
[2025-11-25T00:13:19.623+0000] {logging_mixin.py:190} INFO - [2025-11-25T00:13:19.623+0000] {connection.py:1277} INFO - This connection is in OCSP Fail Open Mode. TLS Certificates would be checked for validity and revocation status. Any other Certificate Revocation related exceptions or OCSP Responder failures would be disregarded in favor of connectivity.
[2025-11-25T00:13:19.977+0000] {processor.py:925} INFO - DAG(s) 'daily_stock_price_forecasting' retrieved from /opt/airflow/dags/train_forecast_stock_prices.py
[2025-11-25T00:13:20.046+0000] {logging_mixin.py:190} INFO - [2025-11-25T00:13:20.046+0000] {dag.py:3229} INFO - Sync 1 DAGs
[2025-11-25T00:13:20.061+0000] {logging_mixin.py:190} INFO - [2025-11-25T00:13:20.061+0000] {dag.py:4156} INFO - Setting next_dagrun for daily_stock_price_forecasting to 2025-11-24 00:30:00+00:00, run_after=2025-11-25 00:30:00+00:00
[2025-11-25T00:13:20.084+0000] {processor.py:208} INFO - Processing /opt/airflow/dags/train_forecast_stock_prices.py took 0.500 seconds
[2025-11-25T00:13:50.330+0000] {processor.py:186} INFO - Started process (PID=12411) to work on /opt/airflow/dags/train_forecast_stock_prices.py
[2025-11-25T00:13:50.331+0000] {processor.py:914} INFO - Processing file /opt/airflow/dags/train_forecast_stock_prices.py for tasks to queue
[2025-11-25T00:13:50.332+0000] {logging_mixin.py:190} INFO - [2025-11-25T00:13:50.332+0000] {dagbag.py:587} INFO - Filling up the DagBag from /opt/airflow/dags/train_forecast_stock_prices.py
[2025-11-25T00:13:50.364+0000] {logging_mixin.py:190} INFO - [2025-11-25T00:13:50.364+0000] {base.py:84} INFO - Retrieving connection 'snowflake_conn'
[2025-11-25T00:13:50.365+0000] {logging_mixin.py:190} INFO - [2025-11-25T00:13:50.365+0000] {connection.py:413} INFO - Snowflake Connector for Python Version: 3.12.1, Python Version: 3.12.5, Platform: Linux-5.15.167.4-microsoft-standard-WSL2-x86_64-with-glibc2.36
[2025-11-25T00:13:50.366+0000] {logging_mixin.py:190} INFO - [2025-11-25T00:13:50.366+0000] {connection.py:1196} INFO - Connecting to GLOBAL Snowflake domain
[2025-11-25T00:13:50.367+0000] {logging_mixin.py:190} INFO - [2025-11-25T00:13:50.367+0000] {connection.py:1277} INFO - This connection is in OCSP Fail Open Mode. TLS Certificates would be checked for validity and revocation status. Any other Certificate Revocation related exceptions or OCSP Responder failures would be disregarded in favor of connectivity.
[2025-11-25T00:13:50.744+0000] {processor.py:925} INFO - DAG(s) 'daily_stock_price_forecasting' retrieved from /opt/airflow/dags/train_forecast_stock_prices.py
[2025-11-25T00:13:50.817+0000] {logging_mixin.py:190} INFO - [2025-11-25T00:13:50.817+0000] {dag.py:3229} INFO - Sync 1 DAGs
[2025-11-25T00:13:50.833+0000] {logging_mixin.py:190} INFO - [2025-11-25T00:13:50.833+0000] {dag.py:4156} INFO - Setting next_dagrun for daily_stock_price_forecasting to 2025-11-24 00:30:00+00:00, run_after=2025-11-25 00:30:00+00:00
[2025-11-25T00:13:50.847+0000] {processor.py:208} INFO - Processing /opt/airflow/dags/train_forecast_stock_prices.py took 0.522 seconds
[2025-11-25T00:14:20.997+0000] {processor.py:186} INFO - Started process (PID=12432) to work on /opt/airflow/dags/train_forecast_stock_prices.py
[2025-11-25T00:14:20.998+0000] {processor.py:914} INFO - Processing file /opt/airflow/dags/train_forecast_stock_prices.py for tasks to queue
[2025-11-25T00:14:20.999+0000] {logging_mixin.py:190} INFO - [2025-11-25T00:14:20.999+0000] {dagbag.py:587} INFO - Filling up the DagBag from /opt/airflow/dags/train_forecast_stock_prices.py
[2025-11-25T00:14:21.028+0000] {logging_mixin.py:190} INFO - [2025-11-25T00:14:21.028+0000] {base.py:84} INFO - Retrieving connection 'snowflake_conn'
[2025-11-25T00:14:21.029+0000] {logging_mixin.py:190} INFO - [2025-11-25T00:14:21.029+0000] {connection.py:413} INFO - Snowflake Connector for Python Version: 3.12.1, Python Version: 3.12.5, Platform: Linux-5.15.167.4-microsoft-standard-WSL2-x86_64-with-glibc2.36
[2025-11-25T00:14:21.030+0000] {logging_mixin.py:190} INFO - [2025-11-25T00:14:21.030+0000] {connection.py:1196} INFO - Connecting to GLOBAL Snowflake domain
[2025-11-25T00:14:21.030+0000] {logging_mixin.py:190} INFO - [2025-11-25T00:14:21.030+0000] {connection.py:1277} INFO - This connection is in OCSP Fail Open Mode. TLS Certificates would be checked for validity and revocation status. Any other Certificate Revocation related exceptions or OCSP Responder failures would be disregarded in favor of connectivity.
[2025-11-25T00:14:21.548+0000] {processor.py:925} INFO - DAG(s) 'daily_stock_price_forecasting' retrieved from /opt/airflow/dags/train_forecast_stock_prices.py
[2025-11-25T00:14:21.619+0000] {logging_mixin.py:190} INFO - [2025-11-25T00:14:21.619+0000] {dag.py:3229} INFO - Sync 1 DAGs
[2025-11-25T00:14:21.636+0000] {logging_mixin.py:190} INFO - [2025-11-25T00:14:21.636+0000] {dag.py:4156} INFO - Setting next_dagrun for daily_stock_price_forecasting to 2025-11-24 00:30:00+00:00, run_after=2025-11-25 00:30:00+00:00
[2025-11-25T00:14:21.655+0000] {processor.py:208} INFO - Processing /opt/airflow/dags/train_forecast_stock_prices.py took 0.662 seconds
[2025-11-25T00:14:51.981+0000] {processor.py:186} INFO - Started process (PID=12453) to work on /opt/airflow/dags/train_forecast_stock_prices.py
[2025-11-25T00:14:51.982+0000] {processor.py:914} INFO - Processing file /opt/airflow/dags/train_forecast_stock_prices.py for tasks to queue
[2025-11-25T00:14:51.984+0000] {logging_mixin.py:190} INFO - [2025-11-25T00:14:51.984+0000] {dagbag.py:587} INFO - Filling up the DagBag from /opt/airflow/dags/train_forecast_stock_prices.py
[2025-11-25T00:14:52.015+0000] {logging_mixin.py:190} INFO - [2025-11-25T00:14:52.015+0000] {base.py:84} INFO - Retrieving connection 'snowflake_conn'
[2025-11-25T00:14:52.016+0000] {logging_mixin.py:190} INFO - [2025-11-25T00:14:52.016+0000] {connection.py:413} INFO - Snowflake Connector for Python Version: 3.12.1, Python Version: 3.12.5, Platform: Linux-5.15.167.4-microsoft-standard-WSL2-x86_64-with-glibc2.36
[2025-11-25T00:14:52.017+0000] {logging_mixin.py:190} INFO - [2025-11-25T00:14:52.017+0000] {connection.py:1196} INFO - Connecting to GLOBAL Snowflake domain
[2025-11-25T00:14:52.018+0000] {logging_mixin.py:190} INFO - [2025-11-25T00:14:52.017+0000] {connection.py:1277} INFO - This connection is in OCSP Fail Open Mode. TLS Certificates would be checked for validity and revocation status. Any other Certificate Revocation related exceptions or OCSP Responder failures would be disregarded in favor of connectivity.
[2025-11-25T00:14:52.344+0000] {processor.py:925} INFO - DAG(s) 'daily_stock_price_forecasting' retrieved from /opt/airflow/dags/train_forecast_stock_prices.py
[2025-11-25T00:14:52.419+0000] {logging_mixin.py:190} INFO - [2025-11-25T00:14:52.419+0000] {dag.py:3229} INFO - Sync 1 DAGs
[2025-11-25T00:14:52.436+0000] {logging_mixin.py:190} INFO - [2025-11-25T00:14:52.436+0000] {dag.py:4156} INFO - Setting next_dagrun for daily_stock_price_forecasting to 2025-11-24 00:30:00+00:00, run_after=2025-11-25 00:30:00+00:00
[2025-11-25T00:14:52.449+0000] {processor.py:208} INFO - Processing /opt/airflow/dags/train_forecast_stock_prices.py took 0.473 seconds
[2025-11-25T00:15:22.850+0000] {processor.py:186} INFO - Started process (PID=12477) to work on /opt/airflow/dags/train_forecast_stock_prices.py
[2025-11-25T00:15:22.851+0000] {processor.py:914} INFO - Processing file /opt/airflow/dags/train_forecast_stock_prices.py for tasks to queue
[2025-11-25T00:15:22.853+0000] {logging_mixin.py:190} INFO - [2025-11-25T00:15:22.852+0000] {dagbag.py:587} INFO - Filling up the DagBag from /opt/airflow/dags/train_forecast_stock_prices.py
[2025-11-25T00:15:22.885+0000] {logging_mixin.py:190} INFO - [2025-11-25T00:15:22.885+0000] {base.py:84} INFO - Retrieving connection 'snowflake_conn'
[2025-11-25T00:15:22.886+0000] {logging_mixin.py:190} INFO - [2025-11-25T00:15:22.886+0000] {connection.py:413} INFO - Snowflake Connector for Python Version: 3.12.1, Python Version: 3.12.5, Platform: Linux-5.15.167.4-microsoft-standard-WSL2-x86_64-with-glibc2.36
[2025-11-25T00:15:22.887+0000] {logging_mixin.py:190} INFO - [2025-11-25T00:15:22.887+0000] {connection.py:1196} INFO - Connecting to GLOBAL Snowflake domain
[2025-11-25T00:15:22.888+0000] {logging_mixin.py:190} INFO - [2025-11-25T00:15:22.888+0000] {connection.py:1277} INFO - This connection is in OCSP Fail Open Mode. TLS Certificates would be checked for validity and revocation status. Any other Certificate Revocation related exceptions or OCSP Responder failures would be disregarded in favor of connectivity.
[2025-11-25T00:15:23.261+0000] {processor.py:925} INFO - DAG(s) 'daily_stock_price_forecasting' retrieved from /opt/airflow/dags/train_forecast_stock_prices.py
[2025-11-25T00:15:23.329+0000] {logging_mixin.py:190} INFO - [2025-11-25T00:15:23.328+0000] {dag.py:3229} INFO - Sync 1 DAGs
[2025-11-25T00:15:23.344+0000] {logging_mixin.py:190} INFO - [2025-11-25T00:15:23.344+0000] {dag.py:4156} INFO - Setting next_dagrun for daily_stock_price_forecasting to 2025-11-24 00:30:00+00:00, run_after=2025-11-25 00:30:00+00:00
[2025-11-25T00:15:23.359+0000] {processor.py:208} INFO - Processing /opt/airflow/dags/train_forecast_stock_prices.py took 0.513 seconds
[2025-11-25T00:15:54.171+0000] {processor.py:186} INFO - Started process (PID=12500) to work on /opt/airflow/dags/train_forecast_stock_prices.py
[2025-11-25T00:15:54.172+0000] {processor.py:914} INFO - Processing file /opt/airflow/dags/train_forecast_stock_prices.py for tasks to queue
[2025-11-25T00:15:54.173+0000] {logging_mixin.py:190} INFO - [2025-11-25T00:15:54.173+0000] {dagbag.py:587} INFO - Filling up the DagBag from /opt/airflow/dags/train_forecast_stock_prices.py
[2025-11-25T00:15:54.203+0000] {logging_mixin.py:190} INFO - [2025-11-25T00:15:54.202+0000] {base.py:84} INFO - Retrieving connection 'snowflake_conn'
[2025-11-25T00:15:54.204+0000] {logging_mixin.py:190} INFO - [2025-11-25T00:15:54.204+0000] {connection.py:413} INFO - Snowflake Connector for Python Version: 3.12.1, Python Version: 3.12.5, Platform: Linux-5.15.167.4-microsoft-standard-WSL2-x86_64-with-glibc2.36
[2025-11-25T00:15:54.205+0000] {logging_mixin.py:190} INFO - [2025-11-25T00:15:54.205+0000] {connection.py:1196} INFO - Connecting to GLOBAL Snowflake domain
[2025-11-25T00:15:54.205+0000] {logging_mixin.py:190} INFO - [2025-11-25T00:15:54.205+0000] {connection.py:1277} INFO - This connection is in OCSP Fail Open Mode. TLS Certificates would be checked for validity and revocation status. Any other Certificate Revocation related exceptions or OCSP Responder failures would be disregarded in favor of connectivity.
[2025-11-25T00:15:54.540+0000] {processor.py:925} INFO - DAG(s) 'daily_stock_price_forecasting' retrieved from /opt/airflow/dags/train_forecast_stock_prices.py
[2025-11-25T00:15:54.607+0000] {logging_mixin.py:190} INFO - [2025-11-25T00:15:54.607+0000] {dag.py:3229} INFO - Sync 1 DAGs
[2025-11-25T00:15:54.623+0000] {logging_mixin.py:190} INFO - [2025-11-25T00:15:54.623+0000] {dag.py:4156} INFO - Setting next_dagrun for daily_stock_price_forecasting to 2025-11-24 00:30:00+00:00, run_after=2025-11-25 00:30:00+00:00
[2025-11-25T00:15:54.638+0000] {processor.py:208} INFO - Processing /opt/airflow/dags/train_forecast_stock_prices.py took 0.472 seconds
