[2025-11-24T20:38:29.428+0000] {local_task_job_runner.py:123} INFO - ::group::Pre task execution logs
[2025-11-24T20:38:29.451+0000] {taskinstance.py:2612} INFO - Dependencies all met for dep_context=non-requeueable deps ti=<TaskInstance: dbt_elt_pipeline.dbt_run manual__2025-11-24T20:38:28.900491+00:00 [queued]>
[2025-11-24T20:38:29.462+0000] {taskinstance.py:2612} INFO - Dependencies all met for dep_context=requeueable deps ti=<TaskInstance: dbt_elt_pipeline.dbt_run manual__2025-11-24T20:38:28.900491+00:00 [queued]>
[2025-11-24T20:38:29.463+0000] {taskinstance.py:2865} INFO - Starting attempt 1 of 1
[2025-11-24T20:38:29.481+0000] {taskinstance.py:2888} INFO - Executing <Task(BashOperator): dbt_run> on 2025-11-24 20:38:28.900491+00:00
[2025-11-24T20:38:29.491+0000] {standard_task_runner.py:104} INFO - Running: ['***', 'tasks', 'run', 'dbt_elt_pipeline', 'dbt_run', 'manual__2025-11-24T20:38:28.900491+00:00', '--job-id', '267', '--raw', '--subdir', 'DAGS_FOLDER/elt_dbt_stock_pipeline.py', '--cfg-path', '/tmp/tmpxst3meox']
[2025-11-24T20:38:29.495+0000] {standard_task_runner.py:105} INFO - Job 267: Subtask dbt_run
[2025-11-24T20:38:29.496+0000] {logging_mixin.py:190} WARNING - /home/***/.local/lib/python3.12/site-packages/***/task/task_runner/standard_task_runner.py:70 DeprecationWarning: This process (pid=4238) is multi-threaded, use of fork() may lead to deadlocks in the child.
[2025-11-24T20:38:29.498+0000] {standard_task_runner.py:72} INFO - Started process 4241 to run task
[2025-11-24T20:38:29.547+0000] {task_command.py:467} INFO - Running <TaskInstance: dbt_elt_pipeline.dbt_run manual__2025-11-24T20:38:28.900491+00:00 [running]> on host 70570c35513f
[2025-11-24T20:38:29.651+0000] {taskinstance.py:3131} INFO - Exporting env vars: AIRFLOW_CTX_DAG_OWNER='***' AIRFLOW_CTX_DAG_ID='dbt_elt_pipeline' AIRFLOW_CTX_TASK_ID='dbt_run' AIRFLOW_CTX_EXECUTION_DATE='2025-11-24T20:38:28.900491+00:00' AIRFLOW_CTX_TRY_NUMBER='1' AIRFLOW_CTX_DAG_RUN_ID='manual__2025-11-24T20:38:28.900491+00:00'
[2025-11-24T20:38:29.652+0000] {taskinstance.py:731} INFO - ::endgroup::
[2025-11-24T20:38:29.673+0000] {subprocess.py:63} INFO - Tmp dir root location: /tmp
[2025-11-24T20:38:29.675+0000] {subprocess.py:75} INFO - Running command: ['/usr/bin/bash', '-c', 'cd /opt/***/dbt/stock_analytics && dbt run --profiles-dir .']
[2025-11-24T20:38:29.688+0000] {subprocess.py:86} INFO - Output:
[2025-11-24T20:38:34.408+0000] {subprocess.py:93} INFO - [0m20:38:34  Running with dbt=1.8.7
[2025-11-24T20:38:35.658+0000] {subprocess.py:93} INFO - [0m20:38:35  Registered adapter: snowflake=1.8.4
[2025-11-24T20:38:36.562+0000] {subprocess.py:93} INFO - [0m20:38:36  Found 2 models, 1 snapshot, 9 data tests, 1 source, 460 macros
[2025-11-24T20:38:36.566+0000] {subprocess.py:93} INFO - [0m20:38:36
[2025-11-24T20:38:37.931+0000] {subprocess.py:93} INFO - [0m20:38:37  Concurrency: 1 threads (target='dev')
[2025-11-24T20:38:37.932+0000] {subprocess.py:93} INFO - [0m20:38:37
[2025-11-24T20:38:37.949+0000] {subprocess.py:93} INFO - [0m20:38:37  1 of 2 START sql view model ANALYTICS.stg_prices ............................... [RUN]
[2025-11-24T20:38:38.905+0000] {subprocess.py:93} INFO - [0m20:38:38  1 of 2 OK created sql view model ANALYTICS.stg_prices .......................... [[32mSUCCESS 1[0m in 0.95s]
[2025-11-24T20:38:38.911+0000] {subprocess.py:93} INFO - [0m20:38:38  2 of 2 START sql table model ANALYTICS.fact_indicators ......................... [RUN]
[2025-11-24T20:38:40.908+0000] {subprocess.py:93} INFO - [0m20:38:40  2 of 2 OK created sql table model ANALYTICS.fact_indicators .................... [[32mSUCCESS 1[0m in 1.99s]
[2025-11-24T20:38:40.915+0000] {subprocess.py:93} INFO - [0m20:38:40
[2025-11-24T20:38:40.916+0000] {subprocess.py:93} INFO - [0m20:38:40  Finished running 1 view model, 1 table model in 0 hours 0 minutes and 4.35 seconds (4.35s).
[2025-11-24T20:38:41.009+0000] {subprocess.py:93} INFO - [0m20:38:41
[2025-11-24T20:38:41.010+0000] {subprocess.py:93} INFO - [0m20:38:41  [32mCompleted successfully[0m
[2025-11-24T20:38:41.012+0000] {subprocess.py:93} INFO - [0m20:38:41
[2025-11-24T20:38:41.013+0000] {subprocess.py:93} INFO - [0m20:38:41  Done. PASS=2 WARN=0 ERROR=0 SKIP=0 TOTAL=2
[2025-11-24T20:38:41.931+0000] {subprocess.py:97} INFO - Command exited with return code 0
[2025-11-24T20:38:41.974+0000] {taskinstance.py:340} INFO - ::group::Post task execution logs
[2025-11-24T20:38:41.976+0000] {taskinstance.py:352} INFO - Marking task as SUCCESS. dag_id=dbt_elt_pipeline, task_id=dbt_run, run_id=manual__2025-11-24T20:38:28.900491+00:00, execution_date=20251124T203828, start_date=20251124T203829, end_date=20251124T203841
[2025-11-24T20:38:42.043+0000] {local_task_job_runner.py:266} INFO - Task exited with return code 0
[2025-11-24T20:38:42.089+0000] {taskinstance.py:3900} INFO - 1 downstream tasks scheduled from follow-on schedule check
[2025-11-24T20:38:42.093+0000] {local_task_job_runner.py:245} INFO - ::endgroup::
