[2025-11-25T00:08:03.272+0000] {local_task_job_runner.py:123} INFO - ::group::Pre task execution logs
[2025-11-25T00:08:03.286+0000] {taskinstance.py:2612} INFO - Dependencies all met for dep_context=non-requeueable deps ti=<TaskInstance: dbt_elt_pipeline.dbt_snapshot manual__2025-11-25T00:07:36.227870+00:00 [queued]>
[2025-11-25T00:08:03.293+0000] {taskinstance.py:2612} INFO - Dependencies all met for dep_context=requeueable deps ti=<TaskInstance: dbt_elt_pipeline.dbt_snapshot manual__2025-11-25T00:07:36.227870+00:00 [queued]>
[2025-11-25T00:08:03.294+0000] {taskinstance.py:2865} INFO - Starting attempt 1 of 1
[2025-11-25T00:08:03.305+0000] {taskinstance.py:2888} INFO - Executing <Task(BashOperator): dbt_snapshot> on 2025-11-25 00:07:36.227870+00:00
[2025-11-25T00:08:03.314+0000] {standard_task_runner.py:104} INFO - Running: ['***', 'tasks', 'run', 'dbt_elt_pipeline', 'dbt_snapshot', 'manual__2025-11-25T00:07:36.227870+00:00', '--job-id', '290', '--raw', '--subdir', 'DAGS_FOLDER/elt_dbt_stock_pipeline.py', '--cfg-path', '/tmp/tmp91gy2bbs']
[2025-11-25T00:08:03.315+0000] {logging_mixin.py:190} WARNING - /home/***/.local/lib/python3.12/site-packages/***/task/task_runner/standard_task_runner.py:70 DeprecationWarning: This process (pid=12139) is multi-threaded, use of fork() may lead to deadlocks in the child.
[2025-11-25T00:08:03.316+0000] {standard_task_runner.py:105} INFO - Job 290: Subtask dbt_snapshot
[2025-11-25T00:08:03.316+0000] {standard_task_runner.py:72} INFO - Started process 12140 to run task
[2025-11-25T00:08:03.348+0000] {task_command.py:467} INFO - Running <TaskInstance: dbt_elt_pipeline.dbt_snapshot manual__2025-11-25T00:07:36.227870+00:00 [running]> on host 70570c35513f
[2025-11-25T00:08:03.412+0000] {taskinstance.py:3131} INFO - Exporting env vars: AIRFLOW_CTX_DAG_OWNER='***' AIRFLOW_CTX_DAG_ID='dbt_elt_pipeline' AIRFLOW_CTX_TASK_ID='dbt_snapshot' AIRFLOW_CTX_EXECUTION_DATE='2025-11-25T00:07:36.227870+00:00' AIRFLOW_CTX_TRY_NUMBER='1' AIRFLOW_CTX_DAG_RUN_ID='manual__2025-11-25T00:07:36.227870+00:00'
[2025-11-25T00:08:03.414+0000] {taskinstance.py:731} INFO - ::endgroup::
[2025-11-25T00:08:03.426+0000] {subprocess.py:63} INFO - Tmp dir root location: /tmp
[2025-11-25T00:08:03.428+0000] {subprocess.py:75} INFO - Running command: ['/usr/bin/bash', '-c', 'cd /opt/***/dbt/stock_analytics && dbt snapshot --profiles-dir .']
[2025-11-25T00:08:03.436+0000] {subprocess.py:86} INFO - Output:
[2025-11-25T00:08:05.065+0000] {subprocess.py:93} INFO - [0m00:08:05  Running with dbt=1.8.7
[2025-11-25T00:08:05.899+0000] {subprocess.py:93} INFO - [0m00:08:05  Registered adapter: snowflake=1.8.4
[2025-11-25T00:08:06.396+0000] {subprocess.py:93} INFO - [0m00:08:06  Found 2 models, 1 snapshot, 9 data tests, 1 source, 460 macros
[2025-11-25T00:08:06.400+0000] {subprocess.py:93} INFO - [0m00:08:06
[2025-11-25T00:08:07.827+0000] {subprocess.py:93} INFO - [0m00:08:07  Concurrency: 1 threads (target='dev')
[2025-11-25T00:08:07.828+0000] {subprocess.py:93} INFO - [0m00:08:07
[2025-11-25T00:08:07.837+0000] {subprocess.py:93} INFO - [0m00:08:07  1 of 1 START snapshot ANALYTICS.stg_prices_test_snapshot ....................... [RUN]
[2025-11-25T00:08:12.383+0000] {subprocess.py:93} INFO - [0m00:08:12  1 of 1 OK snapshotted ANALYTICS.stg_prices_test_snapshot ....................... [[32mSUCCESS 0[0m in 4.54s]
[2025-11-25T00:08:12.387+0000] {subprocess.py:93} INFO - [0m00:08:12
[2025-11-25T00:08:12.387+0000] {subprocess.py:93} INFO - [0m00:08:12  Finished running 1 snapshot in 0 hours 0 minutes and 5.99 seconds (5.99s).
[2025-11-25T00:08:12.438+0000] {subprocess.py:93} INFO - [0m00:08:12
[2025-11-25T00:08:12.438+0000] {subprocess.py:93} INFO - [0m00:08:12  [32mCompleted successfully[0m
[2025-11-25T00:08:12.439+0000] {subprocess.py:93} INFO - [0m00:08:12
[2025-11-25T00:08:12.440+0000] {subprocess.py:93} INFO - [0m00:08:12  Done. PASS=1 WARN=0 ERROR=0 SKIP=0 TOTAL=1
[2025-11-25T00:08:13.130+0000] {subprocess.py:97} INFO - Command exited with return code 0
[2025-11-25T00:08:13.150+0000] {taskinstance.py:340} INFO - ::group::Post task execution logs
[2025-11-25T00:08:13.151+0000] {taskinstance.py:352} INFO - Marking task as SUCCESS. dag_id=dbt_elt_pipeline, task_id=dbt_snapshot, run_id=manual__2025-11-25T00:07:36.227870+00:00, execution_date=20251125T000736, start_date=20251125T000803, end_date=20251125T000813
[2025-11-25T00:08:13.202+0000] {local_task_job_runner.py:266} INFO - Task exited with return code 0
[2025-11-25T00:08:13.215+0000] {taskinstance.py:3900} INFO - 0 downstream tasks scheduled from follow-on schedule check
[2025-11-25T00:08:13.218+0000] {local_task_job_runner.py:245} INFO - ::endgroup::
