[2025-10-08T01:41:08.614+0000] {local_task_job_runner.py:123} INFO - ::group::Pre task execution logs
[2025-10-08T01:41:08.625+0000] {taskinstance.py:2612} INFO - Dependencies all met for dep_context=non-requeueable deps ti=<TaskInstance: daily_yfinance_stock_ingestion.extract_stock_prices scheduled__2025-10-07T00:00:00+00:00 [queued]>
[2025-10-08T01:41:08.631+0000] {taskinstance.py:2612} INFO - Dependencies all met for dep_context=requeueable deps ti=<TaskInstance: daily_yfinance_stock_ingestion.extract_stock_prices scheduled__2025-10-07T00:00:00+00:00 [queued]>
[2025-10-08T01:41:08.632+0000] {taskinstance.py:2865} INFO - Starting attempt 1 of 1
[2025-10-08T01:41:08.748+0000] {taskinstance.py:2888} INFO - Executing <Task(_PythonDecoratedOperator): extract_stock_prices> on 2025-10-07 00:00:00+00:00
[2025-10-08T01:41:08.754+0000] {logging_mixin.py:190} WARNING - /home/***/.local/lib/python3.12/site-packages/***/task/task_runner/standard_task_runner.py:70 DeprecationWarning: This process (pid=206) is multi-threaded, use of fork() may lead to deadlocks in the child.
[2025-10-08T01:41:08.755+0000] {standard_task_runner.py:72} INFO - Started process 222 to run task
[2025-10-08T01:41:08.754+0000] {standard_task_runner.py:104} INFO - Running: ['***', 'tasks', 'run', 'daily_yfinance_stock_ingestion', 'extract_stock_prices', 'scheduled__2025-10-07T00:00:00+00:00', '--job-id', '68', '--raw', '--subdir', 'DAGS_FOLDER/daily_stock_ingestion.py', '--cfg-path', '/tmp/tmp4w_mgjov']
[2025-10-08T01:41:08.756+0000] {standard_task_runner.py:105} INFO - Job 68: Subtask extract_stock_prices
[2025-10-08T01:41:08.786+0000] {task_command.py:467} INFO - Running <TaskInstance: daily_yfinance_stock_ingestion.extract_stock_prices scheduled__2025-10-07T00:00:00+00:00 [running]> on host 5080658c6a7c
[2025-10-08T01:41:08.847+0000] {taskinstance.py:3131} INFO - Exporting env vars: AIRFLOW_CTX_DAG_OWNER='***' AIRFLOW_CTX_DAG_ID='daily_yfinance_stock_ingestion' AIRFLOW_CTX_TASK_ID='extract_stock_prices' AIRFLOW_CTX_EXECUTION_DATE='2025-10-07T00:00:00+00:00' AIRFLOW_CTX_TRY_NUMBER='1' AIRFLOW_CTX_DAG_RUN_ID='scheduled__2025-10-07T00:00:00+00:00'
[2025-10-08T01:41:08.849+0000] {taskinstance.py:731} INFO - ::endgroup::
[2025-10-08T01:41:08.859+0000] {logging_mixin.py:190} WARNING - /opt/***/dags/daily_stock_ingestion.py:34 FutureWarning: YF.download() has changed argument auto_adjust default to True
[2025-10-08T01:41:08.863+0000] {cache.py:132} INFO - Failed to create TzCache, reason: Error creating TzCache folder: '/home/***/.cache/py-yfinance' reason: [Errno 17] File exists: '/home/***/.cache/py-yfinance'. TzCache will not be used. Tip: You can direct cache to use a different location with 'set_tz_cache_location(mylocation)'
[2025-10-08T01:41:09.180+0000] {logging_mixin.py:190} WARNING - [                       0%                       ]
[2025-10-08T01:41:09.194+0000] {logging_mixin.py:190} WARNING - [*********************100%***********************]  2 of 2 completed
[2025-10-08T01:41:09.199+0000] {python.py:240} INFO - Done. Returned value was: Ticker            AMZN              ...        GOOG          
Price             Open        High  ...       Close    Volume
Date                                ...                      
2025-01-21  228.899994  231.779999  ...  198.985580  19005200
2025-01-22  232.020004  235.440002  ...  199.384293  15477400
2025-01-23  234.100006  235.520004  ...  198.935745  15170800
2025-01-24  234.500000  236.399994  ...  201.248245  12732400
2025-01-27  226.210007  235.610001  ...  193.144501  24970200
...                ...         ...  ...         ...       ...
2025-10-01  217.360001  222.149994  ...  245.539993  23967700
2025-10-02  221.009995  222.809998  ...  246.429993  20657500
2025-10-03  223.440002  224.199997  ...  246.449997  19941400
2025-10-06  221.000000  221.729996  ...  251.509995  18309000
2025-10-07  220.880005  222.889999  ...  247.130005  13802700

[180 rows x 10 columns]
[2025-10-08T01:41:09.282+0000] {taskinstance.py:340} INFO - ::group::Post task execution logs
[2025-10-08T01:41:09.283+0000] {taskinstance.py:352} INFO - Marking task as SUCCESS. dag_id=daily_yfinance_stock_ingestion, task_id=extract_stock_prices, run_id=scheduled__2025-10-07T00:00:00+00:00, execution_date=20251007T000000, start_date=20251008T014108, end_date=20251008T014109
[2025-10-08T01:41:09.331+0000] {local_task_job_runner.py:266} INFO - Task exited with return code 0
[2025-10-08T01:41:09.377+0000] {taskinstance.py:3900} INFO - 1 downstream tasks scheduled from follow-on schedule check
[2025-10-08T01:41:09.379+0000] {local_task_job_runner.py:245} INFO - ::endgroup::
