[2025-11-23T23:47:59.417+0000] {local_task_job_runner.py:123} INFO - ::group::Pre task execution logs
[2025-11-23T23:47:59.448+0000] {taskinstance.py:2612} INFO - Dependencies all met for dep_context=non-requeueable deps ti=<TaskInstance: daily_yfinance_stock_ingestion.extract_stock_prices scheduled__2025-11-22T00:00:00+00:00 [queued]>
[2025-11-23T23:47:59.464+0000] {taskinstance.py:2612} INFO - Dependencies all met for dep_context=requeueable deps ti=<TaskInstance: daily_yfinance_stock_ingestion.extract_stock_prices scheduled__2025-11-22T00:00:00+00:00 [queued]>
[2025-11-23T23:47:59.465+0000] {taskinstance.py:2865} INFO - Starting attempt 1 of 1
[2025-11-23T23:47:59.731+0000] {taskinstance.py:2888} INFO - Executing <Task(_PythonDecoratedOperator): extract_stock_prices> on 2025-11-22 00:00:00+00:00
[2025-11-23T23:47:59.743+0000] {logging_mixin.py:190} WARNING - /home/***/.local/lib/python3.12/site-packages/***/task/task_runner/standard_task_runner.py:70 DeprecationWarning: This process (pid=228) is multi-threaded, use of fork() may lead to deadlocks in the child.
[2025-11-23T23:47:59.744+0000] {standard_task_runner.py:72} INFO - Started process 261 to run task
[2025-11-23T23:47:59.746+0000] {standard_task_runner.py:104} INFO - Running: ['***', 'tasks', 'run', 'daily_yfinance_stock_ingestion', 'extract_stock_prices', 'scheduled__2025-11-22T00:00:00+00:00', '--job-id', '160', '--raw', '--subdir', 'DAGS_FOLDER/daily_stock_ingestion.py', '--cfg-path', '/tmp/tmpds_kawui']
[2025-11-23T23:47:59.754+0000] {standard_task_runner.py:105} INFO - Job 160: Subtask extract_stock_prices
[2025-11-23T23:47:59.864+0000] {task_command.py:467} INFO - Running <TaskInstance: daily_yfinance_stock_ingestion.extract_stock_prices scheduled__2025-11-22T00:00:00+00:00 [running]> on host 5080658c6a7c
[2025-11-23T23:48:00.035+0000] {taskinstance.py:3131} INFO - Exporting env vars: AIRFLOW_CTX_DAG_OWNER='***' AIRFLOW_CTX_DAG_ID='daily_yfinance_stock_ingestion' AIRFLOW_CTX_TASK_ID='extract_stock_prices' AIRFLOW_CTX_EXECUTION_DATE='2025-11-22T00:00:00+00:00' AIRFLOW_CTX_TRY_NUMBER='1' AIRFLOW_CTX_DAG_RUN_ID='scheduled__2025-11-22T00:00:00+00:00'
[2025-11-23T23:48:00.037+0000] {taskinstance.py:731} INFO - ::endgroup::
[2025-11-23T23:48:00.065+0000] {logging_mixin.py:190} WARNING - /opt/***/dags/daily_stock_ingestion.py:34 FutureWarning: YF.download() has changed argument auto_adjust default to True
[2025-11-23T23:48:00.441+0000] {logging_mixin.py:190} WARNING - [                       0%                       ]
[2025-11-23T23:48:00.442+0000] {logging_mixin.py:190} WARNING - [*********************100%***********************]  2 of 2 completed
[2025-11-23T23:48:00.451+0000] {python.py:240} INFO - Done. Returned value was: Ticker            AMZN              ...        GOOG          
Price             Open        High  ...       Close    Volume
Date                                ...                      
2025-03-10  195.600006  196.729996  ...  167.458862  28990700
2025-03-11  193.899994  200.179993  ...  165.632690  23705900
2025-03-12  200.720001  201.520004  ...  168.646362  19880100
2025-03-13  198.169998  198.880005  ...  164.385300  15206200
2025-03-14  197.410004  198.649994  ...  167.269257  18611100
...                ...         ...  ...         ...       ...
2025-11-17  233.250000  234.600006  ...  285.600006  34286100
2025-11-18  228.100006  230.199997  ...  284.959991  29702200
2025-11-19  223.740005  223.740005  ...  292.989990  43123600
2025-11-20  227.050003  227.410004  ...  289.980011  34801400
2025-11-21  216.350006  222.210007  ...  299.649994  43543100

[180 rows x 10 columns]
[2025-11-23T23:48:00.537+0000] {taskinstance.py:340} INFO - ::group::Post task execution logs
[2025-11-23T23:48:00.539+0000] {taskinstance.py:352} INFO - Marking task as SUCCESS. dag_id=daily_yfinance_stock_ingestion, task_id=extract_stock_prices, run_id=scheduled__2025-11-22T00:00:00+00:00, execution_date=20251122T000000, start_date=20251123T234759, end_date=20251123T234800
[2025-11-23T23:48:00.567+0000] {local_task_job_runner.py:266} INFO - Task exited with return code 0
[2025-11-23T23:48:00.608+0000] {taskinstance.py:3900} INFO - 1 downstream tasks scheduled from follow-on schedule check
[2025-11-23T23:48:00.611+0000] {local_task_job_runner.py:245} INFO - ::endgroup::
