[2025-10-07T00:33:59.046+0000] {local_task_job_runner.py:123} INFO - ::group::Pre task execution logs
[2025-10-07T00:33:59.055+0000] {taskinstance.py:2612} INFO - Dependencies all met for dep_context=non-requeueable deps ti=<TaskInstance: daily_yfinance_stock_ingestion.trigger_forecast_dag scheduled__2025-10-05T00:00:00+00:00 [queued]>
[2025-10-07T00:33:59.061+0000] {taskinstance.py:2612} INFO - Dependencies all met for dep_context=requeueable deps ti=<TaskInstance: daily_yfinance_stock_ingestion.trigger_forecast_dag scheduled__2025-10-05T00:00:00+00:00 [queued]>
[2025-10-07T00:33:59.062+0000] {taskinstance.py:2865} INFO - Starting attempt 1 of 1
[2025-10-07T00:33:59.173+0000] {taskinstance.py:2888} INFO - Executing <Task(TriggerDagRunOperator): trigger_forecast_dag> on 2025-10-05 00:00:00+00:00
[2025-10-07T00:33:59.183+0000] {logging_mixin.py:190} WARNING - /home/***/.local/lib/python3.12/site-packages/***/task/task_runner/standard_task_runner.py:70 DeprecationWarning: This process (pid=851) is multi-threaded, use of fork() may lead to deadlocks in the child.
[2025-10-07T00:33:59.184+0000] {standard_task_runner.py:72} INFO - Started process 854 to run task
[2025-10-07T00:33:59.183+0000] {standard_task_runner.py:104} INFO - Running: ['***', 'tasks', 'run', 'daily_yfinance_stock_ingestion', 'trigger_forecast_dag', 'scheduled__2025-10-05T00:00:00+00:00', '--job-id', '57', '--raw', '--subdir', 'DAGS_FOLDER/daily_stock_ingestion.py', '--cfg-path', '/tmp/tmpnhowosbs']
[2025-10-07T00:33:59.185+0000] {standard_task_runner.py:105} INFO - Job 57: Subtask trigger_forecast_dag
[2025-10-07T00:33:59.217+0000] {task_command.py:467} INFO - Running <TaskInstance: daily_yfinance_stock_ingestion.trigger_forecast_dag scheduled__2025-10-05T00:00:00+00:00 [running]> on host 3c693694ef07
[2025-10-07T00:33:59.269+0000] {taskinstance.py:3131} INFO - Exporting env vars: AIRFLOW_CTX_DAG_OWNER='***' AIRFLOW_CTX_DAG_ID='daily_yfinance_stock_ingestion' AIRFLOW_CTX_TASK_ID='trigger_forecast_dag' AIRFLOW_CTX_EXECUTION_DATE='2025-10-05T00:00:00+00:00' AIRFLOW_CTX_TRY_NUMBER='1' AIRFLOW_CTX_DAG_RUN_ID='scheduled__2025-10-05T00:00:00+00:00'
[2025-10-07T00:33:59.270+0000] {taskinstance.py:731} INFO - ::endgroup::
[2025-10-07T00:33:59.315+0000] {trigger_dagrun.py:257} INFO - Waiting for daily_stock_price_forecasting on 2025-10-07 00:33:59.272041+00:00 to become allowed state ['success'] ...
[2025-10-07T00:34:59.241+0000] {trigger_dagrun.py:257} INFO - Waiting for daily_stock_price_forecasting on 2025-10-07 00:33:59.272041+00:00 to become allowed state ['success'] ...
[2025-10-07T00:35:59.159+0000] {trigger_dagrun.py:271} INFO - daily_stock_price_forecasting finished with allowed state success
[2025-10-07T00:35:59.165+0000] {taskinstance.py:340} INFO - ::group::Post task execution logs
[2025-10-07T00:35:59.166+0000] {taskinstance.py:352} INFO - Marking task as SUCCESS. dag_id=daily_yfinance_stock_ingestion, task_id=trigger_forecast_dag, run_id=scheduled__2025-10-05T00:00:00+00:00, execution_date=20251005T000000, start_date=20251007T003359, end_date=20251007T003559
[2025-10-07T00:35:59.183+0000] {local_task_job_runner.py:266} INFO - Task exited with return code 0
[2025-10-07T00:35:59.193+0000] {taskinstance.py:3900} INFO - 0 downstream tasks scheduled from follow-on schedule check
[2025-10-07T00:35:59.195+0000] {local_task_job_runner.py:245} INFO - ::endgroup::
