[2025-10-31T23:20:24.984+0000] {processor.py:186} INFO - Started process (PID=225) to work on /opt/airflow/dags/daily_stock_ingestion.py
[2025-10-31T23:20:24.987+0000] {processor.py:914} INFO - Processing file /opt/airflow/dags/daily_stock_ingestion.py for tasks to queue
[2025-10-31T23:20:24.991+0000] {logging_mixin.py:190} INFO - [2025-10-31T23:20:24.991+0000] {dagbag.py:587} INFO - Filling up the DagBag from /opt/airflow/dags/daily_stock_ingestion.py
[2025-10-31T23:20:25.756+0000] {processor.py:925} INFO - DAG(s) 'daily_yfinance_stock_ingestion' retrieved from /opt/airflow/dags/daily_stock_ingestion.py
[2025-10-31T23:20:25.771+0000] {logging_mixin.py:190} INFO - [2025-10-31T23:20:25.771+0000] {dag.py:3229} INFO - Sync 1 DAGs
[2025-10-31T23:20:25.804+0000] {logging_mixin.py:190} INFO - [2025-10-31T23:20:25.804+0000] {dag.py:4156} INFO - Setting next_dagrun for daily_yfinance_stock_ingestion to 2025-10-31 00:00:00+00:00, run_after=2025-11-01 00:00:00+00:00
[2025-10-31T23:20:25.891+0000] {processor.py:208} INFO - Processing /opt/airflow/dags/daily_stock_ingestion.py took 0.919 seconds
[2025-10-31T23:20:56.390+0000] {processor.py:186} INFO - Started process (PID=363) to work on /opt/airflow/dags/daily_stock_ingestion.py
[2025-10-31T23:20:56.393+0000] {processor.py:914} INFO - Processing file /opt/airflow/dags/daily_stock_ingestion.py for tasks to queue
[2025-10-31T23:20:56.398+0000] {logging_mixin.py:190} INFO - [2025-10-31T23:20:56.397+0000] {dagbag.py:587} INFO - Filling up the DagBag from /opt/airflow/dags/daily_stock_ingestion.py
[2025-10-31T23:20:57.014+0000] {processor.py:925} INFO - DAG(s) 'daily_yfinance_stock_ingestion' retrieved from /opt/airflow/dags/daily_stock_ingestion.py
[2025-10-31T23:20:57.033+0000] {logging_mixin.py:190} INFO - [2025-10-31T23:20:57.032+0000] {dag.py:3229} INFO - Sync 1 DAGs
[2025-10-31T23:20:57.065+0000] {logging_mixin.py:190} INFO - [2025-10-31T23:20:57.065+0000] {dag.py:4156} INFO - Setting next_dagrun for daily_yfinance_stock_ingestion to 2025-10-31 00:00:00+00:00, run_after=2025-11-01 00:00:00+00:00
[2025-10-31T23:20:57.097+0000] {processor.py:208} INFO - Processing /opt/airflow/dags/daily_stock_ingestion.py took 0.715 seconds
[2025-10-31T23:21:27.287+0000] {processor.py:186} INFO - Started process (PID=379) to work on /opt/airflow/dags/daily_stock_ingestion.py
[2025-10-31T23:21:27.289+0000] {processor.py:914} INFO - Processing file /opt/airflow/dags/daily_stock_ingestion.py for tasks to queue
[2025-10-31T23:21:27.292+0000] {logging_mixin.py:190} INFO - [2025-10-31T23:21:27.292+0000] {dagbag.py:587} INFO - Filling up the DagBag from /opt/airflow/dags/daily_stock_ingestion.py
[2025-10-31T23:21:27.924+0000] {processor.py:925} INFO - DAG(s) 'daily_yfinance_stock_ingestion' retrieved from /opt/airflow/dags/daily_stock_ingestion.py
[2025-10-31T23:21:28.167+0000] {logging_mixin.py:190} INFO - [2025-10-31T23:21:27.945+0000] {dag.py:3229} INFO - Sync 1 DAGs
[2025-10-31T23:21:28.200+0000] {logging_mixin.py:190} INFO - [2025-10-31T23:21:28.200+0000] {dag.py:4156} INFO - Setting next_dagrun for daily_yfinance_stock_ingestion to 2025-10-31 00:00:00+00:00, run_after=2025-11-01 00:00:00+00:00
[2025-10-31T23:21:28.225+0000] {processor.py:208} INFO - Processing /opt/airflow/dags/daily_stock_ingestion.py took 0.947 seconds
[2025-10-31T23:21:58.976+0000] {processor.py:186} INFO - Started process (PID=400) to work on /opt/airflow/dags/daily_stock_ingestion.py
[2025-10-31T23:21:58.977+0000] {processor.py:914} INFO - Processing file /opt/airflow/dags/daily_stock_ingestion.py for tasks to queue
[2025-10-31T23:21:58.980+0000] {logging_mixin.py:190} INFO - [2025-10-31T23:21:58.980+0000] {dagbag.py:587} INFO - Filling up the DagBag from /opt/airflow/dags/daily_stock_ingestion.py
[2025-10-31T23:21:59.840+0000] {processor.py:925} INFO - DAG(s) 'daily_yfinance_stock_ingestion' retrieved from /opt/airflow/dags/daily_stock_ingestion.py
[2025-10-31T23:21:59.861+0000] {logging_mixin.py:190} INFO - [2025-10-31T23:21:59.859+0000] {dag.py:3229} INFO - Sync 1 DAGs
[2025-10-31T23:21:59.897+0000] {logging_mixin.py:190} INFO - [2025-10-31T23:21:59.896+0000] {dag.py:4156} INFO - Setting next_dagrun for daily_yfinance_stock_ingestion to 2025-10-31 00:00:00+00:00, run_after=2025-11-01 00:00:00+00:00
[2025-10-31T23:21:59.921+0000] {processor.py:208} INFO - Processing /opt/airflow/dags/daily_stock_ingestion.py took 0.953 seconds
[2025-10-31T23:22:33.363+0000] {processor.py:186} INFO - Started process (PID=212) to work on /opt/airflow/dags/daily_stock_ingestion.py
[2025-10-31T23:22:33.364+0000] {processor.py:914} INFO - Processing file /opt/airflow/dags/daily_stock_ingestion.py for tasks to queue
[2025-10-31T23:22:33.368+0000] {logging_mixin.py:190} INFO - [2025-10-31T23:22:33.368+0000] {dagbag.py:587} INFO - Filling up the DagBag from /opt/airflow/dags/daily_stock_ingestion.py
[2025-10-31T23:22:33.836+0000] {processor.py:925} INFO - DAG(s) 'daily_yfinance_stock_ingestion' retrieved from /opt/airflow/dags/daily_stock_ingestion.py
[2025-10-31T23:22:33.850+0000] {logging_mixin.py:190} INFO - [2025-10-31T23:22:33.849+0000] {dag.py:3229} INFO - Sync 1 DAGs
[2025-10-31T23:22:33.872+0000] {logging_mixin.py:190} INFO - [2025-10-31T23:22:33.872+0000] {dag.py:4156} INFO - Setting next_dagrun for daily_yfinance_stock_ingestion to 2025-10-31 00:00:00+00:00, run_after=2025-11-01 00:00:00+00:00
[2025-10-31T23:22:33.890+0000] {processor.py:208} INFO - Processing /opt/airflow/dags/daily_stock_ingestion.py took 0.533 seconds
[2025-10-31T23:23:04.111+0000] {processor.py:186} INFO - Started process (PID=273) to work on /opt/airflow/dags/daily_stock_ingestion.py
[2025-10-31T23:23:04.113+0000] {processor.py:914} INFO - Processing file /opt/airflow/dags/daily_stock_ingestion.py for tasks to queue
[2025-10-31T23:23:04.116+0000] {logging_mixin.py:190} INFO - [2025-10-31T23:23:04.116+0000] {dagbag.py:587} INFO - Filling up the DagBag from /opt/airflow/dags/daily_stock_ingestion.py
[2025-10-31T23:23:04.654+0000] {processor.py:925} INFO - DAG(s) 'daily_yfinance_stock_ingestion' retrieved from /opt/airflow/dags/daily_stock_ingestion.py
[2025-10-31T23:23:04.676+0000] {logging_mixin.py:190} INFO - [2025-10-31T23:23:04.675+0000] {dag.py:3229} INFO - Sync 1 DAGs
[2025-10-31T23:23:04.705+0000] {logging_mixin.py:190} INFO - [2025-10-31T23:23:04.705+0000] {dag.py:4156} INFO - Setting next_dagrun for daily_yfinance_stock_ingestion to 2025-10-31 00:00:00+00:00, run_after=2025-11-01 00:00:00+00:00
[2025-10-31T23:23:04.736+0000] {processor.py:208} INFO - Processing /opt/airflow/dags/daily_stock_ingestion.py took 0.632 seconds
[2025-10-31T23:23:35.281+0000] {processor.py:186} INFO - Started process (PID=289) to work on /opt/airflow/dags/daily_stock_ingestion.py
[2025-10-31T23:23:35.286+0000] {processor.py:914} INFO - Processing file /opt/airflow/dags/daily_stock_ingestion.py for tasks to queue
[2025-10-31T23:23:35.290+0000] {logging_mixin.py:190} INFO - [2025-10-31T23:23:35.290+0000] {dagbag.py:587} INFO - Filling up the DagBag from /opt/airflow/dags/daily_stock_ingestion.py
[2025-10-31T23:23:35.937+0000] {processor.py:925} INFO - DAG(s) 'daily_yfinance_stock_ingestion' retrieved from /opt/airflow/dags/daily_stock_ingestion.py
[2025-10-31T23:23:36.215+0000] {logging_mixin.py:190} INFO - [2025-10-31T23:23:35.953+0000] {dag.py:3229} INFO - Sync 1 DAGs
[2025-10-31T23:23:36.243+0000] {logging_mixin.py:190} INFO - [2025-10-31T23:23:36.243+0000] {dag.py:4156} INFO - Setting next_dagrun for daily_yfinance_stock_ingestion to 2025-10-31 00:00:00+00:00, run_after=2025-11-01 00:00:00+00:00
[2025-10-31T23:23:36.270+0000] {processor.py:208} INFO - Processing /opt/airflow/dags/daily_stock_ingestion.py took 0.997 seconds
[2025-10-31T23:24:06.765+0000] {processor.py:186} INFO - Started process (PID=305) to work on /opt/airflow/dags/daily_stock_ingestion.py
[2025-10-31T23:24:06.768+0000] {processor.py:914} INFO - Processing file /opt/airflow/dags/daily_stock_ingestion.py for tasks to queue
[2025-10-31T23:24:06.772+0000] {logging_mixin.py:190} INFO - [2025-10-31T23:24:06.771+0000] {dagbag.py:587} INFO - Filling up the DagBag from /opt/airflow/dags/daily_stock_ingestion.py
[2025-10-31T23:24:07.747+0000] {processor.py:925} INFO - DAG(s) 'daily_yfinance_stock_ingestion' retrieved from /opt/airflow/dags/daily_stock_ingestion.py
[2025-10-31T23:24:07.769+0000] {logging_mixin.py:190} INFO - [2025-10-31T23:24:07.768+0000] {dag.py:3229} INFO - Sync 1 DAGs
[2025-10-31T23:24:07.811+0000] {logging_mixin.py:190} INFO - [2025-10-31T23:24:07.811+0000] {dag.py:4156} INFO - Setting next_dagrun for daily_yfinance_stock_ingestion to 2025-10-31 00:00:00+00:00, run_after=2025-11-01 00:00:00+00:00
[2025-10-31T23:24:07.847+0000] {processor.py:208} INFO - Processing /opt/airflow/dags/daily_stock_ingestion.py took 1.093 seconds
[2025-10-31T23:24:38.552+0000] {processor.py:186} INFO - Started process (PID=321) to work on /opt/airflow/dags/daily_stock_ingestion.py
[2025-10-31T23:24:38.554+0000] {processor.py:914} INFO - Processing file /opt/airflow/dags/daily_stock_ingestion.py for tasks to queue
[2025-10-31T23:24:38.560+0000] {logging_mixin.py:190} INFO - [2025-10-31T23:24:38.559+0000] {dagbag.py:587} INFO - Filling up the DagBag from /opt/airflow/dags/daily_stock_ingestion.py
[2025-10-31T23:24:39.285+0000] {processor.py:925} INFO - DAG(s) 'daily_yfinance_stock_ingestion' retrieved from /opt/airflow/dags/daily_stock_ingestion.py
[2025-10-31T23:24:39.307+0000] {logging_mixin.py:190} INFO - [2025-10-31T23:24:39.307+0000] {dag.py:3229} INFO - Sync 1 DAGs
[2025-10-31T23:24:39.342+0000] {logging_mixin.py:190} INFO - [2025-10-31T23:24:39.342+0000] {dag.py:4156} INFO - Setting next_dagrun for daily_yfinance_stock_ingestion to 2025-10-31 00:00:00+00:00, run_after=2025-11-01 00:00:00+00:00
[2025-10-31T23:24:39.379+0000] {processor.py:208} INFO - Processing /opt/airflow/dags/daily_stock_ingestion.py took 0.841 seconds
[2025-10-31T23:25:10.027+0000] {processor.py:186} INFO - Started process (PID=337) to work on /opt/airflow/dags/daily_stock_ingestion.py
[2025-10-31T23:25:10.029+0000] {processor.py:914} INFO - Processing file /opt/airflow/dags/daily_stock_ingestion.py for tasks to queue
[2025-10-31T23:25:10.033+0000] {logging_mixin.py:190} INFO - [2025-10-31T23:25:10.033+0000] {dagbag.py:587} INFO - Filling up the DagBag from /opt/airflow/dags/daily_stock_ingestion.py
[2025-10-31T23:25:10.810+0000] {processor.py:925} INFO - DAG(s) 'daily_yfinance_stock_ingestion' retrieved from /opt/airflow/dags/daily_stock_ingestion.py
[2025-10-31T23:25:10.834+0000] {logging_mixin.py:190} INFO - [2025-10-31T23:25:10.833+0000] {dag.py:3229} INFO - Sync 1 DAGs
[2025-10-31T23:25:11.110+0000] {logging_mixin.py:190} INFO - [2025-10-31T23:25:11.109+0000] {dag.py:4156} INFO - Setting next_dagrun for daily_yfinance_stock_ingestion to 2025-10-31 00:00:00+00:00, run_after=2025-11-01 00:00:00+00:00
[2025-10-31T23:25:11.137+0000] {processor.py:208} INFO - Processing /opt/airflow/dags/daily_stock_ingestion.py took 1.128 seconds
[2025-10-31T23:25:41.757+0000] {processor.py:186} INFO - Started process (PID=353) to work on /opt/airflow/dags/daily_stock_ingestion.py
[2025-10-31T23:25:41.760+0000] {processor.py:914} INFO - Processing file /opt/airflow/dags/daily_stock_ingestion.py for tasks to queue
[2025-10-31T23:25:41.765+0000] {logging_mixin.py:190} INFO - [2025-10-31T23:25:41.765+0000] {dagbag.py:587} INFO - Filling up the DagBag from /opt/airflow/dags/daily_stock_ingestion.py
[2025-10-31T23:25:42.781+0000] {processor.py:925} INFO - DAG(s) 'daily_yfinance_stock_ingestion' retrieved from /opt/airflow/dags/daily_stock_ingestion.py
[2025-10-31T23:25:42.809+0000] {logging_mixin.py:190} INFO - [2025-10-31T23:25:42.806+0000] {dag.py:3229} INFO - Sync 1 DAGs
[2025-10-31T23:25:42.848+0000] {logging_mixin.py:190} INFO - [2025-10-31T23:25:42.848+0000] {dag.py:4156} INFO - Setting next_dagrun for daily_yfinance_stock_ingestion to 2025-10-31 00:00:00+00:00, run_after=2025-11-01 00:00:00+00:00
[2025-10-31T23:25:42.873+0000] {processor.py:208} INFO - Processing /opt/airflow/dags/daily_stock_ingestion.py took 1.128 seconds
[2025-10-31T23:26:13.358+0000] {processor.py:186} INFO - Started process (PID=375) to work on /opt/airflow/dags/daily_stock_ingestion.py
[2025-10-31T23:26:13.360+0000] {processor.py:914} INFO - Processing file /opt/airflow/dags/daily_stock_ingestion.py for tasks to queue
[2025-10-31T23:26:13.363+0000] {logging_mixin.py:190} INFO - [2025-10-31T23:26:13.363+0000] {dagbag.py:587} INFO - Filling up the DagBag from /opt/airflow/dags/daily_stock_ingestion.py
[2025-10-31T23:26:14.006+0000] {processor.py:925} INFO - DAG(s) 'daily_yfinance_stock_ingestion' retrieved from /opt/airflow/dags/daily_stock_ingestion.py
[2025-10-31T23:26:14.319+0000] {logging_mixin.py:190} INFO - [2025-10-31T23:26:14.318+0000] {dag.py:3229} INFO - Sync 1 DAGs
[2025-10-31T23:26:14.353+0000] {logging_mixin.py:190} INFO - [2025-10-31T23:26:14.352+0000] {dag.py:4156} INFO - Setting next_dagrun for daily_yfinance_stock_ingestion to 2025-10-31 00:00:00+00:00, run_after=2025-11-01 00:00:00+00:00
[2025-10-31T23:26:14.390+0000] {processor.py:208} INFO - Processing /opt/airflow/dags/daily_stock_ingestion.py took 1.044 seconds
[2025-10-31T23:26:45.150+0000] {processor.py:186} INFO - Started process (PID=391) to work on /opt/airflow/dags/daily_stock_ingestion.py
[2025-10-31T23:26:45.152+0000] {processor.py:914} INFO - Processing file /opt/airflow/dags/daily_stock_ingestion.py for tasks to queue
[2025-10-31T23:26:45.156+0000] {logging_mixin.py:190} INFO - [2025-10-31T23:26:45.156+0000] {dagbag.py:587} INFO - Filling up the DagBag from /opt/airflow/dags/daily_stock_ingestion.py
[2025-10-31T23:26:45.716+0000] {processor.py:925} INFO - DAG(s) 'daily_yfinance_stock_ingestion' retrieved from /opt/airflow/dags/daily_stock_ingestion.py
[2025-10-31T23:26:45.732+0000] {logging_mixin.py:190} INFO - [2025-10-31T23:26:45.731+0000] {dag.py:3229} INFO - Sync 1 DAGs
[2025-10-31T23:26:45.757+0000] {logging_mixin.py:190} INFO - [2025-10-31T23:26:45.756+0000] {dag.py:4156} INFO - Setting next_dagrun for daily_yfinance_stock_ingestion to 2025-10-31 00:00:00+00:00, run_after=2025-11-01 00:00:00+00:00
[2025-10-31T23:26:45.782+0000] {processor.py:208} INFO - Processing /opt/airflow/dags/daily_stock_ingestion.py took 0.642 seconds
[2025-10-31T23:27:16.092+0000] {processor.py:186} INFO - Started process (PID=407) to work on /opt/airflow/dags/daily_stock_ingestion.py
[2025-10-31T23:27:16.094+0000] {processor.py:914} INFO - Processing file /opt/airflow/dags/daily_stock_ingestion.py for tasks to queue
[2025-10-31T23:27:16.097+0000] {logging_mixin.py:190} INFO - [2025-10-31T23:27:16.097+0000] {dagbag.py:587} INFO - Filling up the DagBag from /opt/airflow/dags/daily_stock_ingestion.py
[2025-10-31T23:27:16.605+0000] {processor.py:925} INFO - DAG(s) 'daily_yfinance_stock_ingestion' retrieved from /opt/airflow/dags/daily_stock_ingestion.py
[2025-10-31T23:27:16.621+0000] {logging_mixin.py:190} INFO - [2025-10-31T23:27:16.621+0000] {dag.py:3229} INFO - Sync 1 DAGs
[2025-10-31T23:27:16.886+0000] {logging_mixin.py:190} INFO - [2025-10-31T23:27:16.886+0000] {dag.py:4156} INFO - Setting next_dagrun for daily_yfinance_stock_ingestion to 2025-10-31 00:00:00+00:00, run_after=2025-11-01 00:00:00+00:00
[2025-10-31T23:27:16.922+0000] {processor.py:208} INFO - Processing /opt/airflow/dags/daily_stock_ingestion.py took 0.838 seconds
[2025-10-31T23:27:47.146+0000] {processor.py:186} INFO - Started process (PID=461) to work on /opt/airflow/dags/daily_stock_ingestion.py
[2025-10-31T23:27:47.148+0000] {processor.py:914} INFO - Processing file /opt/airflow/dags/daily_stock_ingestion.py for tasks to queue
[2025-10-31T23:27:47.153+0000] {logging_mixin.py:190} INFO - [2025-10-31T23:27:47.152+0000] {dagbag.py:587} INFO - Filling up the DagBag from /opt/airflow/dags/daily_stock_ingestion.py
[2025-10-31T23:27:48.063+0000] {processor.py:925} INFO - DAG(s) 'daily_yfinance_stock_ingestion' retrieved from /opt/airflow/dags/daily_stock_ingestion.py
[2025-10-31T23:27:48.081+0000] {logging_mixin.py:190} INFO - [2025-10-31T23:27:48.080+0000] {dag.py:3229} INFO - Sync 1 DAGs
[2025-10-31T23:27:48.113+0000] {logging_mixin.py:190} INFO - [2025-10-31T23:27:48.112+0000] {dag.py:4156} INFO - Setting next_dagrun for daily_yfinance_stock_ingestion to 2025-10-31 00:00:00+00:00, run_after=2025-11-01 00:00:00+00:00
[2025-10-31T23:27:48.140+0000] {processor.py:208} INFO - Processing /opt/airflow/dags/daily_stock_ingestion.py took 1.005 seconds
[2025-10-31T23:28:19.010+0000] {processor.py:186} INFO - Started process (PID=477) to work on /opt/airflow/dags/daily_stock_ingestion.py
[2025-10-31T23:28:19.012+0000] {processor.py:914} INFO - Processing file /opt/airflow/dags/daily_stock_ingestion.py for tasks to queue
[2025-10-31T23:28:19.016+0000] {logging_mixin.py:190} INFO - [2025-10-31T23:28:19.015+0000] {dagbag.py:587} INFO - Filling up the DagBag from /opt/airflow/dags/daily_stock_ingestion.py
[2025-10-31T23:28:19.651+0000] {processor.py:925} INFO - DAG(s) 'daily_yfinance_stock_ingestion' retrieved from /opt/airflow/dags/daily_stock_ingestion.py
[2025-10-31T23:28:19.884+0000] {logging_mixin.py:190} INFO - [2025-10-31T23:28:19.883+0000] {dag.py:3229} INFO - Sync 1 DAGs
[2025-10-31T23:28:19.907+0000] {logging_mixin.py:190} INFO - [2025-10-31T23:28:19.907+0000] {dag.py:4156} INFO - Setting next_dagrun for daily_yfinance_stock_ingestion to 2025-10-31 00:00:00+00:00, run_after=2025-11-01 00:00:00+00:00
[2025-10-31T23:28:19.930+0000] {processor.py:208} INFO - Processing /opt/airflow/dags/daily_stock_ingestion.py took 0.932 seconds
[2025-10-31T23:28:50.642+0000] {processor.py:186} INFO - Started process (PID=493) to work on /opt/airflow/dags/daily_stock_ingestion.py
[2025-10-31T23:28:50.644+0000] {processor.py:914} INFO - Processing file /opt/airflow/dags/daily_stock_ingestion.py for tasks to queue
[2025-10-31T23:28:50.649+0000] {logging_mixin.py:190} INFO - [2025-10-31T23:28:50.648+0000] {dagbag.py:587} INFO - Filling up the DagBag from /opt/airflow/dags/daily_stock_ingestion.py
[2025-10-31T23:28:51.200+0000] {processor.py:925} INFO - DAG(s) 'daily_yfinance_stock_ingestion' retrieved from /opt/airflow/dags/daily_stock_ingestion.py
[2025-10-31T23:28:51.215+0000] {logging_mixin.py:190} INFO - [2025-10-31T23:28:51.214+0000] {dag.py:3229} INFO - Sync 1 DAGs
[2025-10-31T23:28:51.246+0000] {logging_mixin.py:190} INFO - [2025-10-31T23:28:51.245+0000] {dag.py:4156} INFO - Setting next_dagrun for daily_yfinance_stock_ingestion to 2025-10-31 00:00:00+00:00, run_after=2025-11-01 00:00:00+00:00
[2025-10-31T23:28:51.273+0000] {processor.py:208} INFO - Processing /opt/airflow/dags/daily_stock_ingestion.py took 0.642 seconds
[2025-10-31T23:29:21.448+0000] {processor.py:186} INFO - Started process (PID=512) to work on /opt/airflow/dags/daily_stock_ingestion.py
[2025-10-31T23:29:21.450+0000] {processor.py:914} INFO - Processing file /opt/airflow/dags/daily_stock_ingestion.py for tasks to queue
[2025-10-31T23:29:21.453+0000] {logging_mixin.py:190} INFO - [2025-10-31T23:29:21.453+0000] {dagbag.py:587} INFO - Filling up the DagBag from /opt/airflow/dags/daily_stock_ingestion.py
[2025-10-31T23:29:21.952+0000] {processor.py:925} INFO - DAG(s) 'daily_yfinance_stock_ingestion' retrieved from /opt/airflow/dags/daily_stock_ingestion.py
[2025-10-31T23:29:21.973+0000] {logging_mixin.py:190} INFO - [2025-10-31T23:29:21.972+0000] {dag.py:3229} INFO - Sync 1 DAGs
[2025-10-31T23:29:22.198+0000] {logging_mixin.py:190} INFO - [2025-10-31T23:29:22.197+0000] {dag.py:4156} INFO - Setting next_dagrun for daily_yfinance_stock_ingestion to 2025-10-31 00:00:00+00:00, run_after=2025-11-01 00:00:00+00:00
[2025-10-31T23:29:22.231+0000] {processor.py:208} INFO - Processing /opt/airflow/dags/daily_stock_ingestion.py took 0.792 seconds
[2025-10-31T23:29:52.742+0000] {processor.py:186} INFO - Started process (PID=535) to work on /opt/airflow/dags/daily_stock_ingestion.py
[2025-10-31T23:29:52.744+0000] {processor.py:914} INFO - Processing file /opt/airflow/dags/daily_stock_ingestion.py for tasks to queue
[2025-10-31T23:29:52.747+0000] {logging_mixin.py:190} INFO - [2025-10-31T23:29:52.747+0000] {dagbag.py:587} INFO - Filling up the DagBag from /opt/airflow/dags/daily_stock_ingestion.py
[2025-10-31T23:29:53.544+0000] {processor.py:925} INFO - DAG(s) 'daily_yfinance_stock_ingestion' retrieved from /opt/airflow/dags/daily_stock_ingestion.py
[2025-10-31T23:29:53.563+0000] {logging_mixin.py:190} INFO - [2025-10-31T23:29:53.563+0000] {dag.py:3229} INFO - Sync 1 DAGs
[2025-10-31T23:29:53.594+0000] {logging_mixin.py:190} INFO - [2025-10-31T23:29:53.594+0000] {dag.py:4156} INFO - Setting next_dagrun for daily_yfinance_stock_ingestion to 2025-10-31 00:00:00+00:00, run_after=2025-11-01 00:00:00+00:00
[2025-10-31T23:29:53.623+0000] {processor.py:208} INFO - Processing /opt/airflow/dags/daily_stock_ingestion.py took 0.889 seconds
[2025-10-31T23:30:23.889+0000] {processor.py:186} INFO - Started process (PID=551) to work on /opt/airflow/dags/daily_stock_ingestion.py
[2025-10-31T23:30:23.891+0000] {processor.py:914} INFO - Processing file /opt/airflow/dags/daily_stock_ingestion.py for tasks to queue
[2025-10-31T23:30:23.896+0000] {logging_mixin.py:190} INFO - [2025-10-31T23:30:23.895+0000] {dagbag.py:587} INFO - Filling up the DagBag from /opt/airflow/dags/daily_stock_ingestion.py
[2025-10-31T23:30:24.551+0000] {processor.py:925} INFO - DAG(s) 'daily_yfinance_stock_ingestion' retrieved from /opt/airflow/dags/daily_stock_ingestion.py
[2025-10-31T23:30:24.826+0000] {logging_mixin.py:190} INFO - [2025-10-31T23:30:24.825+0000] {dag.py:3229} INFO - Sync 1 DAGs
[2025-10-31T23:30:24.860+0000] {logging_mixin.py:190} INFO - [2025-10-31T23:30:24.859+0000] {dag.py:4156} INFO - Setting next_dagrun for daily_yfinance_stock_ingestion to 2025-10-31 00:00:00+00:00, run_after=2025-11-01 00:00:00+00:00
[2025-10-31T23:30:24.889+0000] {processor.py:208} INFO - Processing /opt/airflow/dags/daily_stock_ingestion.py took 1.008 seconds
[2025-10-31T23:30:55.594+0000] {processor.py:186} INFO - Started process (PID=567) to work on /opt/airflow/dags/daily_stock_ingestion.py
[2025-10-31T23:30:55.596+0000] {processor.py:914} INFO - Processing file /opt/airflow/dags/daily_stock_ingestion.py for tasks to queue
[2025-10-31T23:30:55.599+0000] {logging_mixin.py:190} INFO - [2025-10-31T23:30:55.599+0000] {dagbag.py:587} INFO - Filling up the DagBag from /opt/airflow/dags/daily_stock_ingestion.py
[2025-10-31T23:30:56.400+0000] {processor.py:925} INFO - DAG(s) 'daily_yfinance_stock_ingestion' retrieved from /opt/airflow/dags/daily_stock_ingestion.py
[2025-10-31T23:30:56.419+0000] {logging_mixin.py:190} INFO - [2025-10-31T23:30:56.418+0000] {dag.py:3229} INFO - Sync 1 DAGs
[2025-10-31T23:30:56.448+0000] {logging_mixin.py:190} INFO - [2025-10-31T23:30:56.448+0000] {dag.py:4156} INFO - Setting next_dagrun for daily_yfinance_stock_ingestion to 2025-10-31 00:00:00+00:00, run_after=2025-11-01 00:00:00+00:00
[2025-10-31T23:30:56.485+0000] {processor.py:208} INFO - Processing /opt/airflow/dags/daily_stock_ingestion.py took 0.900 seconds
[2025-10-31T23:31:27.227+0000] {processor.py:186} INFO - Started process (PID=583) to work on /opt/airflow/dags/daily_stock_ingestion.py
[2025-10-31T23:31:27.229+0000] {processor.py:914} INFO - Processing file /opt/airflow/dags/daily_stock_ingestion.py for tasks to queue
[2025-10-31T23:31:27.235+0000] {logging_mixin.py:190} INFO - [2025-10-31T23:31:27.235+0000] {dagbag.py:587} INFO - Filling up the DagBag from /opt/airflow/dags/daily_stock_ingestion.py
[2025-10-31T23:31:27.845+0000] {processor.py:925} INFO - DAG(s) 'daily_yfinance_stock_ingestion' retrieved from /opt/airflow/dags/daily_stock_ingestion.py
[2025-10-31T23:31:27.866+0000] {logging_mixin.py:190} INFO - [2025-10-31T23:31:27.865+0000] {dag.py:3229} INFO - Sync 1 DAGs
[2025-10-31T23:31:28.160+0000] {logging_mixin.py:190} INFO - [2025-10-31T23:31:28.160+0000] {dag.py:4156} INFO - Setting next_dagrun for daily_yfinance_stock_ingestion to 2025-10-31 00:00:00+00:00, run_after=2025-11-01 00:00:00+00:00
[2025-10-31T23:31:28.203+0000] {processor.py:208} INFO - Processing /opt/airflow/dags/daily_stock_ingestion.py took 0.987 seconds
[2025-10-31T23:31:58.796+0000] {processor.py:186} INFO - Started process (PID=599) to work on /opt/airflow/dags/daily_stock_ingestion.py
[2025-10-31T23:31:58.799+0000] {processor.py:914} INFO - Processing file /opt/airflow/dags/daily_stock_ingestion.py for tasks to queue
[2025-10-31T23:31:58.803+0000] {logging_mixin.py:190} INFO - [2025-10-31T23:31:58.802+0000] {dagbag.py:587} INFO - Filling up the DagBag from /opt/airflow/dags/daily_stock_ingestion.py
[2025-10-31T23:31:59.717+0000] {processor.py:925} INFO - DAG(s) 'daily_yfinance_stock_ingestion' retrieved from /opt/airflow/dags/daily_stock_ingestion.py
[2025-10-31T23:31:59.739+0000] {logging_mixin.py:190} INFO - [2025-10-31T23:31:59.738+0000] {dag.py:3229} INFO - Sync 1 DAGs
[2025-10-31T23:31:59.772+0000] {logging_mixin.py:190} INFO - [2025-10-31T23:31:59.771+0000] {dag.py:4156} INFO - Setting next_dagrun for daily_yfinance_stock_ingestion to 2025-10-31 00:00:00+00:00, run_after=2025-11-01 00:00:00+00:00
[2025-10-31T23:31:59.795+0000] {processor.py:208} INFO - Processing /opt/airflow/dags/daily_stock_ingestion.py took 1.009 seconds
[2025-10-31T23:32:30.577+0000] {processor.py:186} INFO - Started process (PID=615) to work on /opt/airflow/dags/daily_stock_ingestion.py
[2025-10-31T23:32:30.579+0000] {processor.py:914} INFO - Processing file /opt/airflow/dags/daily_stock_ingestion.py for tasks to queue
[2025-10-31T23:32:30.583+0000] {logging_mixin.py:190} INFO - [2025-10-31T23:32:30.583+0000] {dagbag.py:587} INFO - Filling up the DagBag from /opt/airflow/dags/daily_stock_ingestion.py
[2025-10-31T23:32:31.090+0000] {processor.py:925} INFO - DAG(s) 'daily_yfinance_stock_ingestion' retrieved from /opt/airflow/dags/daily_stock_ingestion.py
[2025-10-31T23:32:31.329+0000] {logging_mixin.py:190} INFO - [2025-10-31T23:32:31.329+0000] {dag.py:3229} INFO - Sync 1 DAGs
[2025-10-31T23:32:31.361+0000] {logging_mixin.py:190} INFO - [2025-10-31T23:32:31.361+0000] {dag.py:4156} INFO - Setting next_dagrun for daily_yfinance_stock_ingestion to 2025-10-31 00:00:00+00:00, run_after=2025-11-01 00:00:00+00:00
[2025-10-31T23:32:31.388+0000] {processor.py:208} INFO - Processing /opt/airflow/dags/daily_stock_ingestion.py took 0.820 seconds
[2025-10-31T23:33:02.506+0000] {processor.py:186} INFO - Started process (PID=631) to work on /opt/airflow/dags/daily_stock_ingestion.py
[2025-10-31T23:33:02.508+0000] {processor.py:914} INFO - Processing file /opt/airflow/dags/daily_stock_ingestion.py for tasks to queue
[2025-10-31T23:33:02.513+0000] {logging_mixin.py:190} INFO - [2025-10-31T23:33:02.512+0000] {dagbag.py:587} INFO - Filling up the DagBag from /opt/airflow/dags/daily_stock_ingestion.py
[2025-10-31T23:33:03.378+0000] {processor.py:925} INFO - DAG(s) 'daily_yfinance_stock_ingestion' retrieved from /opt/airflow/dags/daily_stock_ingestion.py
[2025-10-31T23:33:03.397+0000] {logging_mixin.py:190} INFO - [2025-10-31T23:33:03.396+0000] {dag.py:3229} INFO - Sync 1 DAGs
[2025-10-31T23:33:03.427+0000] {logging_mixin.py:190} INFO - [2025-10-31T23:33:03.426+0000] {dag.py:4156} INFO - Setting next_dagrun for daily_yfinance_stock_ingestion to 2025-10-31 00:00:00+00:00, run_after=2025-11-01 00:00:00+00:00
[2025-10-31T23:33:03.451+0000] {processor.py:208} INFO - Processing /opt/airflow/dags/daily_stock_ingestion.py took 0.955 seconds
[2025-10-31T23:33:33.551+0000] {processor.py:186} INFO - Started process (PID=653) to work on /opt/airflow/dags/daily_stock_ingestion.py
[2025-10-31T23:33:33.554+0000] {processor.py:914} INFO - Processing file /opt/airflow/dags/daily_stock_ingestion.py for tasks to queue
[2025-10-31T23:33:33.558+0000] {logging_mixin.py:190} INFO - [2025-10-31T23:33:33.557+0000] {dagbag.py:587} INFO - Filling up the DagBag from /opt/airflow/dags/daily_stock_ingestion.py
[2025-10-31T23:33:34.089+0000] {processor.py:925} INFO - DAG(s) 'daily_yfinance_stock_ingestion' retrieved from /opt/airflow/dags/daily_stock_ingestion.py
[2025-10-31T23:33:34.107+0000] {logging_mixin.py:190} INFO - [2025-10-31T23:33:34.107+0000] {dag.py:3229} INFO - Sync 1 DAGs
[2025-10-31T23:33:34.357+0000] {logging_mixin.py:190} INFO - [2025-10-31T23:33:34.357+0000] {dag.py:4156} INFO - Setting next_dagrun for daily_yfinance_stock_ingestion to 2025-10-31 00:00:00+00:00, run_after=2025-11-01 00:00:00+00:00
[2025-10-31T23:33:34.388+0000] {processor.py:208} INFO - Processing /opt/airflow/dags/daily_stock_ingestion.py took 0.845 seconds
[2025-10-31T23:34:05.180+0000] {processor.py:186} INFO - Started process (PID=669) to work on /opt/airflow/dags/daily_stock_ingestion.py
[2025-10-31T23:34:05.182+0000] {processor.py:914} INFO - Processing file /opt/airflow/dags/daily_stock_ingestion.py for tasks to queue
[2025-10-31T23:34:05.187+0000] {logging_mixin.py:190} INFO - [2025-10-31T23:34:05.186+0000] {dagbag.py:587} INFO - Filling up the DagBag from /opt/airflow/dags/daily_stock_ingestion.py
[2025-10-31T23:34:06.101+0000] {processor.py:925} INFO - DAG(s) 'daily_yfinance_stock_ingestion' retrieved from /opt/airflow/dags/daily_stock_ingestion.py
[2025-10-31T23:34:06.119+0000] {logging_mixin.py:190} INFO - [2025-10-31T23:34:06.118+0000] {dag.py:3229} INFO - Sync 1 DAGs
[2025-10-31T23:34:06.149+0000] {logging_mixin.py:190} INFO - [2025-10-31T23:34:06.149+0000] {dag.py:4156} INFO - Setting next_dagrun for daily_yfinance_stock_ingestion to 2025-10-31 00:00:00+00:00, run_after=2025-11-01 00:00:00+00:00
[2025-10-31T23:34:06.175+0000] {processor.py:208} INFO - Processing /opt/airflow/dags/daily_stock_ingestion.py took 1.004 seconds
[2025-10-31T23:34:36.284+0000] {processor.py:186} INFO - Started process (PID=685) to work on /opt/airflow/dags/daily_stock_ingestion.py
[2025-10-31T23:34:36.285+0000] {processor.py:914} INFO - Processing file /opt/airflow/dags/daily_stock_ingestion.py for tasks to queue
[2025-10-31T23:34:36.289+0000] {logging_mixin.py:190} INFO - [2025-10-31T23:34:36.288+0000] {dagbag.py:587} INFO - Filling up the DagBag from /opt/airflow/dags/daily_stock_ingestion.py
[2025-10-31T23:34:37.080+0000] {processor.py:925} INFO - DAG(s) 'daily_yfinance_stock_ingestion' retrieved from /opt/airflow/dags/daily_stock_ingestion.py
[2025-10-31T23:34:37.099+0000] {logging_mixin.py:190} INFO - [2025-10-31T23:34:37.099+0000] {dag.py:3229} INFO - Sync 1 DAGs
[2025-10-31T23:34:37.131+0000] {logging_mixin.py:190} INFO - [2025-10-31T23:34:37.130+0000] {dag.py:4156} INFO - Setting next_dagrun for daily_yfinance_stock_ingestion to 2025-10-31 00:00:00+00:00, run_after=2025-11-01 00:00:00+00:00
[2025-10-31T23:34:37.161+0000] {processor.py:208} INFO - Processing /opt/airflow/dags/daily_stock_ingestion.py took 0.884 seconds
[2025-10-31T23:35:07.878+0000] {processor.py:186} INFO - Started process (PID=701) to work on /opt/airflow/dags/daily_stock_ingestion.py
[2025-10-31T23:35:07.879+0000] {processor.py:914} INFO - Processing file /opt/airflow/dags/daily_stock_ingestion.py for tasks to queue
[2025-10-31T23:35:07.883+0000] {logging_mixin.py:190} INFO - [2025-10-31T23:35:07.882+0000] {dagbag.py:587} INFO - Filling up the DagBag from /opt/airflow/dags/daily_stock_ingestion.py
[2025-10-31T23:35:08.671+0000] {processor.py:925} INFO - DAG(s) 'daily_yfinance_stock_ingestion' retrieved from /opt/airflow/dags/daily_stock_ingestion.py
[2025-10-31T23:35:08.689+0000] {logging_mixin.py:190} INFO - [2025-10-31T23:35:08.688+0000] {dag.py:3229} INFO - Sync 1 DAGs
[2025-10-31T23:35:08.719+0000] {logging_mixin.py:190} INFO - [2025-10-31T23:35:08.719+0000] {dag.py:4156} INFO - Setting next_dagrun for daily_yfinance_stock_ingestion to 2025-10-31 00:00:00+00:00, run_after=2025-11-01 00:00:00+00:00
[2025-10-31T23:35:08.747+0000] {processor.py:208} INFO - Processing /opt/airflow/dags/daily_stock_ingestion.py took 0.875 seconds
[2025-10-31T23:35:39.378+0000] {processor.py:186} INFO - Started process (PID=717) to work on /opt/airflow/dags/daily_stock_ingestion.py
[2025-10-31T23:35:39.382+0000] {processor.py:914} INFO - Processing file /opt/airflow/dags/daily_stock_ingestion.py for tasks to queue
[2025-10-31T23:35:39.386+0000] {logging_mixin.py:190} INFO - [2025-10-31T23:35:39.386+0000] {dagbag.py:587} INFO - Filling up the DagBag from /opt/airflow/dags/daily_stock_ingestion.py
[2025-10-31T23:35:39.978+0000] {processor.py:925} INFO - DAG(s) 'daily_yfinance_stock_ingestion' retrieved from /opt/airflow/dags/daily_stock_ingestion.py
[2025-10-31T23:35:39.996+0000] {logging_mixin.py:190} INFO - [2025-10-31T23:35:39.995+0000] {dag.py:3229} INFO - Sync 1 DAGs
[2025-10-31T23:35:40.233+0000] {logging_mixin.py:190} INFO - [2025-10-31T23:35:40.233+0000] {dag.py:4156} INFO - Setting next_dagrun for daily_yfinance_stock_ingestion to 2025-10-31 00:00:00+00:00, run_after=2025-11-01 00:00:00+00:00
[2025-10-31T23:35:40.269+0000] {processor.py:208} INFO - Processing /opt/airflow/dags/daily_stock_ingestion.py took 0.903 seconds
[2025-10-31T23:36:11.040+0000] {processor.py:186} INFO - Started process (PID=733) to work on /opt/airflow/dags/daily_stock_ingestion.py
[2025-10-31T23:36:11.044+0000] {processor.py:914} INFO - Processing file /opt/airflow/dags/daily_stock_ingestion.py for tasks to queue
[2025-10-31T23:36:11.049+0000] {logging_mixin.py:190} INFO - [2025-10-31T23:36:11.048+0000] {dagbag.py:587} INFO - Filling up the DagBag from /opt/airflow/dags/daily_stock_ingestion.py
[2025-10-31T23:36:11.556+0000] {processor.py:925} INFO - DAG(s) 'daily_yfinance_stock_ingestion' retrieved from /opt/airflow/dags/daily_stock_ingestion.py
[2025-10-31T23:36:11.573+0000] {logging_mixin.py:190} INFO - [2025-10-31T23:36:11.572+0000] {dag.py:3229} INFO - Sync 1 DAGs
[2025-10-31T23:36:11.864+0000] {logging_mixin.py:190} INFO - [2025-10-31T23:36:11.863+0000] {dag.py:4156} INFO - Setting next_dagrun for daily_yfinance_stock_ingestion to 2025-10-31 00:00:00+00:00, run_after=2025-11-01 00:00:00+00:00
[2025-10-31T23:36:11.894+0000] {processor.py:208} INFO - Processing /opt/airflow/dags/daily_stock_ingestion.py took 0.868 seconds
[2025-10-31T23:36:42.824+0000] {processor.py:186} INFO - Started process (PID=749) to work on /opt/airflow/dags/daily_stock_ingestion.py
[2025-10-31T23:36:42.826+0000] {processor.py:914} INFO - Processing file /opt/airflow/dags/daily_stock_ingestion.py for tasks to queue
[2025-10-31T23:36:42.830+0000] {logging_mixin.py:190} INFO - [2025-10-31T23:36:42.830+0000] {dagbag.py:587} INFO - Filling up the DagBag from /opt/airflow/dags/daily_stock_ingestion.py
[2025-10-31T23:36:43.713+0000] {processor.py:925} INFO - DAG(s) 'daily_yfinance_stock_ingestion' retrieved from /opt/airflow/dags/daily_stock_ingestion.py
[2025-10-31T23:36:43.732+0000] {logging_mixin.py:190} INFO - [2025-10-31T23:36:43.732+0000] {dag.py:3229} INFO - Sync 1 DAGs
[2025-10-31T23:36:43.762+0000] {logging_mixin.py:190} INFO - [2025-10-31T23:36:43.761+0000] {dag.py:4156} INFO - Setting next_dagrun for daily_yfinance_stock_ingestion to 2025-10-31 00:00:00+00:00, run_after=2025-11-01 00:00:00+00:00
[2025-10-31T23:36:43.800+0000] {processor.py:208} INFO - Processing /opt/airflow/dags/daily_stock_ingestion.py took 0.986 seconds
[2025-10-31T23:37:14.687+0000] {processor.py:186} INFO - Started process (PID=765) to work on /opt/airflow/dags/daily_stock_ingestion.py
[2025-10-31T23:37:14.691+0000] {processor.py:914} INFO - Processing file /opt/airflow/dags/daily_stock_ingestion.py for tasks to queue
[2025-10-31T23:37:14.696+0000] {logging_mixin.py:190} INFO - [2025-10-31T23:37:14.696+0000] {dagbag.py:587} INFO - Filling up the DagBag from /opt/airflow/dags/daily_stock_ingestion.py
[2025-10-31T23:37:15.492+0000] {processor.py:925} INFO - DAG(s) 'daily_yfinance_stock_ingestion' retrieved from /opt/airflow/dags/daily_stock_ingestion.py
[2025-10-31T23:37:15.509+0000] {logging_mixin.py:190} INFO - [2025-10-31T23:37:15.508+0000] {dag.py:3229} INFO - Sync 1 DAGs
[2025-10-31T23:37:15.539+0000] {logging_mixin.py:190} INFO - [2025-10-31T23:37:15.538+0000] {dag.py:4156} INFO - Setting next_dagrun for daily_yfinance_stock_ingestion to 2025-10-31 00:00:00+00:00, run_after=2025-11-01 00:00:00+00:00
[2025-10-31T23:37:15.572+0000] {processor.py:208} INFO - Processing /opt/airflow/dags/daily_stock_ingestion.py took 0.895 seconds
[2025-10-31T23:37:46.213+0000] {processor.py:186} INFO - Started process (PID=781) to work on /opt/airflow/dags/daily_stock_ingestion.py
[2025-10-31T23:37:46.215+0000] {processor.py:914} INFO - Processing file /opt/airflow/dags/daily_stock_ingestion.py for tasks to queue
[2025-10-31T23:37:46.220+0000] {logging_mixin.py:190} INFO - [2025-10-31T23:37:46.219+0000] {dagbag.py:587} INFO - Filling up the DagBag from /opt/airflow/dags/daily_stock_ingestion.py
[2025-10-31T23:37:47.078+0000] {processor.py:925} INFO - DAG(s) 'daily_yfinance_stock_ingestion' retrieved from /opt/airflow/dags/daily_stock_ingestion.py
[2025-10-31T23:37:47.099+0000] {logging_mixin.py:190} INFO - [2025-10-31T23:37:47.098+0000] {dag.py:3229} INFO - Sync 1 DAGs
[2025-10-31T23:37:47.134+0000] {logging_mixin.py:190} INFO - [2025-10-31T23:37:47.134+0000] {dag.py:4156} INFO - Setting next_dagrun for daily_yfinance_stock_ingestion to 2025-10-31 00:00:00+00:00, run_after=2025-11-01 00:00:00+00:00
[2025-10-31T23:37:47.167+0000] {processor.py:208} INFO - Processing /opt/airflow/dags/daily_stock_ingestion.py took 0.966 seconds
[2025-10-31T23:38:17.871+0000] {processor.py:186} INFO - Started process (PID=797) to work on /opt/airflow/dags/daily_stock_ingestion.py
[2025-10-31T23:38:17.872+0000] {processor.py:914} INFO - Processing file /opt/airflow/dags/daily_stock_ingestion.py for tasks to queue
[2025-10-31T23:38:17.877+0000] {logging_mixin.py:190} INFO - [2025-10-31T23:38:17.876+0000] {dagbag.py:587} INFO - Filling up the DagBag from /opt/airflow/dags/daily_stock_ingestion.py
[2025-10-31T23:38:18.516+0000] {processor.py:925} INFO - DAG(s) 'daily_yfinance_stock_ingestion' retrieved from /opt/airflow/dags/daily_stock_ingestion.py
[2025-10-31T23:38:18.536+0000] {logging_mixin.py:190} INFO - [2025-10-31T23:38:18.535+0000] {dag.py:3229} INFO - Sync 1 DAGs
[2025-10-31T23:38:18.816+0000] {logging_mixin.py:190} INFO - [2025-10-31T23:38:18.815+0000] {dag.py:4156} INFO - Setting next_dagrun for daily_yfinance_stock_ingestion to 2025-10-31 00:00:00+00:00, run_after=2025-11-01 00:00:00+00:00
[2025-10-31T23:38:18.855+0000] {processor.py:208} INFO - Processing /opt/airflow/dags/daily_stock_ingestion.py took 0.995 seconds
[2025-10-31T23:38:49.482+0000] {processor.py:186} INFO - Started process (PID=813) to work on /opt/airflow/dags/daily_stock_ingestion.py
[2025-10-31T23:38:49.484+0000] {processor.py:914} INFO - Processing file /opt/airflow/dags/daily_stock_ingestion.py for tasks to queue
[2025-10-31T23:38:49.488+0000] {logging_mixin.py:190} INFO - [2025-10-31T23:38:49.487+0000] {dagbag.py:587} INFO - Filling up the DagBag from /opt/airflow/dags/daily_stock_ingestion.py
[2025-10-31T23:38:50.282+0000] {processor.py:925} INFO - DAG(s) 'daily_yfinance_stock_ingestion' retrieved from /opt/airflow/dags/daily_stock_ingestion.py
[2025-10-31T23:38:50.298+0000] {logging_mixin.py:190} INFO - [2025-10-31T23:38:50.297+0000] {dag.py:3229} INFO - Sync 1 DAGs
[2025-10-31T23:38:50.331+0000] {logging_mixin.py:190} INFO - [2025-10-31T23:38:50.331+0000] {dag.py:4156} INFO - Setting next_dagrun for daily_yfinance_stock_ingestion to 2025-10-31 00:00:00+00:00, run_after=2025-11-01 00:00:00+00:00
[2025-10-31T23:38:50.363+0000] {processor.py:208} INFO - Processing /opt/airflow/dags/daily_stock_ingestion.py took 0.890 seconds
[2025-10-31T23:39:21.111+0000] {processor.py:186} INFO - Started process (PID=839) to work on /opt/airflow/dags/daily_stock_ingestion.py
[2025-10-31T23:39:21.112+0000] {processor.py:914} INFO - Processing file /opt/airflow/dags/daily_stock_ingestion.py for tasks to queue
[2025-10-31T23:39:21.117+0000] {logging_mixin.py:190} INFO - [2025-10-31T23:39:21.117+0000] {dagbag.py:587} INFO - Filling up the DagBag from /opt/airflow/dags/daily_stock_ingestion.py
[2025-10-31T23:39:21.783+0000] {processor.py:925} INFO - DAG(s) 'daily_yfinance_stock_ingestion' retrieved from /opt/airflow/dags/daily_stock_ingestion.py
[2025-10-31T23:39:21.797+0000] {logging_mixin.py:190} INFO - [2025-10-31T23:39:21.796+0000] {dag.py:3229} INFO - Sync 1 DAGs
[2025-10-31T23:39:21.816+0000] {logging_mixin.py:190} INFO - [2025-10-31T23:39:21.816+0000] {dag.py:4156} INFO - Setting next_dagrun for daily_yfinance_stock_ingestion to 2025-10-31 00:00:00+00:00, run_after=2025-11-01 00:00:00+00:00
[2025-10-31T23:39:21.835+0000] {processor.py:208} INFO - Processing /opt/airflow/dags/daily_stock_ingestion.py took 0.735 seconds
[2025-10-31T23:39:52.773+0000] {processor.py:186} INFO - Started process (PID=855) to work on /opt/airflow/dags/daily_stock_ingestion.py
[2025-10-31T23:39:52.774+0000] {processor.py:914} INFO - Processing file /opt/airflow/dags/daily_stock_ingestion.py for tasks to queue
[2025-10-31T23:39:52.778+0000] {logging_mixin.py:190} INFO - [2025-10-31T23:39:52.777+0000] {dagbag.py:587} INFO - Filling up the DagBag from /opt/airflow/dags/daily_stock_ingestion.py
[2025-10-31T23:39:53.533+0000] {processor.py:925} INFO - DAG(s) 'daily_yfinance_stock_ingestion' retrieved from /opt/airflow/dags/daily_stock_ingestion.py
[2025-10-31T23:39:53.548+0000] {logging_mixin.py:190} INFO - [2025-10-31T23:39:53.548+0000] {dag.py:3229} INFO - Sync 1 DAGs
[2025-10-31T23:39:53.571+0000] {logging_mixin.py:190} INFO - [2025-10-31T23:39:53.571+0000] {dag.py:4156} INFO - Setting next_dagrun for daily_yfinance_stock_ingestion to 2025-10-31 00:00:00+00:00, run_after=2025-11-01 00:00:00+00:00
[2025-10-31T23:39:53.593+0000] {processor.py:208} INFO - Processing /opt/airflow/dags/daily_stock_ingestion.py took 0.829 seconds
[2025-10-31T23:40:24.306+0000] {processor.py:186} INFO - Started process (PID=877) to work on /opt/airflow/dags/daily_stock_ingestion.py
[2025-10-31T23:40:24.308+0000] {processor.py:914} INFO - Processing file /opt/airflow/dags/daily_stock_ingestion.py for tasks to queue
[2025-10-31T23:40:24.312+0000] {logging_mixin.py:190} INFO - [2025-10-31T23:40:24.312+0000] {dagbag.py:587} INFO - Filling up the DagBag from /opt/airflow/dags/daily_stock_ingestion.py
[2025-10-31T23:40:24.866+0000] {processor.py:925} INFO - DAG(s) 'daily_yfinance_stock_ingestion' retrieved from /opt/airflow/dags/daily_stock_ingestion.py
[2025-10-31T23:40:24.887+0000] {logging_mixin.py:190} INFO - [2025-10-31T23:40:24.886+0000] {dag.py:3229} INFO - Sync 1 DAGs
[2025-10-31T23:40:25.121+0000] {logging_mixin.py:190} INFO - [2025-10-31T23:40:25.120+0000] {dag.py:4156} INFO - Setting next_dagrun for daily_yfinance_stock_ingestion to 2025-10-31 00:00:00+00:00, run_after=2025-11-01 00:00:00+00:00
[2025-10-31T23:40:25.159+0000] {processor.py:208} INFO - Processing /opt/airflow/dags/daily_stock_ingestion.py took 0.862 seconds
[2025-10-31T23:40:56.096+0000] {processor.py:186} INFO - Started process (PID=898) to work on /opt/airflow/dags/daily_stock_ingestion.py
[2025-10-31T23:40:56.098+0000] {processor.py:914} INFO - Processing file /opt/airflow/dags/daily_stock_ingestion.py for tasks to queue
[2025-10-31T23:40:56.103+0000] {logging_mixin.py:190} INFO - [2025-10-31T23:40:56.102+0000] {dagbag.py:587} INFO - Filling up the DagBag from /opt/airflow/dags/daily_stock_ingestion.py
[2025-10-31T23:40:56.916+0000] {processor.py:925} INFO - DAG(s) 'daily_yfinance_stock_ingestion' retrieved from /opt/airflow/dags/daily_stock_ingestion.py
[2025-10-31T23:40:56.935+0000] {logging_mixin.py:190} INFO - [2025-10-31T23:40:56.934+0000] {dag.py:3229} INFO - Sync 1 DAGs
[2025-10-31T23:40:56.966+0000] {logging_mixin.py:190} INFO - [2025-10-31T23:40:56.965+0000] {dag.py:4156} INFO - Setting next_dagrun for daily_yfinance_stock_ingestion to 2025-10-31 00:00:00+00:00, run_after=2025-11-01 00:00:00+00:00
[2025-10-31T23:40:56.997+0000] {processor.py:208} INFO - Processing /opt/airflow/dags/daily_stock_ingestion.py took 0.910 seconds
[2025-10-31T23:41:27.590+0000] {processor.py:186} INFO - Started process (PID=914) to work on /opt/airflow/dags/daily_stock_ingestion.py
[2025-10-31T23:41:27.593+0000] {processor.py:914} INFO - Processing file /opt/airflow/dags/daily_stock_ingestion.py for tasks to queue
[2025-10-31T23:41:27.598+0000] {logging_mixin.py:190} INFO - [2025-10-31T23:41:27.597+0000] {dagbag.py:587} INFO - Filling up the DagBag from /opt/airflow/dags/daily_stock_ingestion.py
[2025-10-31T23:41:28.391+0000] {processor.py:925} INFO - DAG(s) 'daily_yfinance_stock_ingestion' retrieved from /opt/airflow/dags/daily_stock_ingestion.py
[2025-10-31T23:41:28.411+0000] {logging_mixin.py:190} INFO - [2025-10-31T23:41:28.410+0000] {dag.py:3229} INFO - Sync 1 DAGs
[2025-10-31T23:41:28.434+0000] {logging_mixin.py:190} INFO - [2025-10-31T23:41:28.434+0000] {dag.py:4156} INFO - Setting next_dagrun for daily_yfinance_stock_ingestion to 2025-10-31 00:00:00+00:00, run_after=2025-11-01 00:00:00+00:00
[2025-10-31T23:41:28.470+0000] {processor.py:208} INFO - Processing /opt/airflow/dags/daily_stock_ingestion.py took 0.891 seconds
[2025-10-31T23:41:59.221+0000] {processor.py:186} INFO - Started process (PID=930) to work on /opt/airflow/dags/daily_stock_ingestion.py
[2025-10-31T23:41:59.223+0000] {processor.py:914} INFO - Processing file /opt/airflow/dags/daily_stock_ingestion.py for tasks to queue
[2025-10-31T23:41:59.228+0000] {logging_mixin.py:190} INFO - [2025-10-31T23:41:59.227+0000] {dagbag.py:587} INFO - Filling up the DagBag from /opt/airflow/dags/daily_stock_ingestion.py
[2025-10-31T23:42:00.070+0000] {processor.py:925} INFO - DAG(s) 'daily_yfinance_stock_ingestion' retrieved from /opt/airflow/dags/daily_stock_ingestion.py
[2025-10-31T23:42:00.091+0000] {logging_mixin.py:190} INFO - [2025-10-31T23:42:00.090+0000] {dag.py:3229} INFO - Sync 1 DAGs
[2025-10-31T23:42:00.118+0000] {logging_mixin.py:190} INFO - [2025-10-31T23:42:00.118+0000] {dag.py:4156} INFO - Setting next_dagrun for daily_yfinance_stock_ingestion to 2025-10-31 00:00:00+00:00, run_after=2025-11-01 00:00:00+00:00
[2025-10-31T23:42:00.150+0000] {processor.py:208} INFO - Processing /opt/airflow/dags/daily_stock_ingestion.py took 0.938 seconds
[2025-10-31T23:42:30.556+0000] {processor.py:186} INFO - Started process (PID=946) to work on /opt/airflow/dags/daily_stock_ingestion.py
[2025-10-31T23:42:30.559+0000] {processor.py:914} INFO - Processing file /opt/airflow/dags/daily_stock_ingestion.py for tasks to queue
[2025-10-31T23:42:30.571+0000] {logging_mixin.py:190} INFO - [2025-10-31T23:42:30.571+0000] {dagbag.py:587} INFO - Filling up the DagBag from /opt/airflow/dags/daily_stock_ingestion.py
[2025-10-31T23:42:31.178+0000] {processor.py:925} INFO - DAG(s) 'daily_yfinance_stock_ingestion' retrieved from /opt/airflow/dags/daily_stock_ingestion.py
[2025-10-31T23:42:31.191+0000] {logging_mixin.py:190} INFO - [2025-10-31T23:42:31.191+0000] {dag.py:3229} INFO - Sync 1 DAGs
[2025-10-31T23:42:31.444+0000] {logging_mixin.py:190} INFO - [2025-10-31T23:42:31.444+0000] {dag.py:4156} INFO - Setting next_dagrun for daily_yfinance_stock_ingestion to 2025-10-31 00:00:00+00:00, run_after=2025-11-01 00:00:00+00:00
[2025-10-31T23:42:31.478+0000] {processor.py:208} INFO - Processing /opt/airflow/dags/daily_stock_ingestion.py took 0.934 seconds
[2025-10-31T23:43:02.403+0000] {processor.py:186} INFO - Started process (PID=962) to work on /opt/airflow/dags/daily_stock_ingestion.py
[2025-10-31T23:43:02.405+0000] {processor.py:914} INFO - Processing file /opt/airflow/dags/daily_stock_ingestion.py for tasks to queue
[2025-10-31T23:43:02.409+0000] {logging_mixin.py:190} INFO - [2025-10-31T23:43:02.408+0000] {dagbag.py:587} INFO - Filling up the DagBag from /opt/airflow/dags/daily_stock_ingestion.py
[2025-10-31T23:43:03.277+0000] {processor.py:925} INFO - DAG(s) 'daily_yfinance_stock_ingestion' retrieved from /opt/airflow/dags/daily_stock_ingestion.py
[2025-10-31T23:43:03.294+0000] {logging_mixin.py:190} INFO - [2025-10-31T23:43:03.293+0000] {dag.py:3229} INFO - Sync 1 DAGs
[2025-10-31T23:43:03.329+0000] {logging_mixin.py:190} INFO - [2025-10-31T23:43:03.328+0000] {dag.py:4156} INFO - Setting next_dagrun for daily_yfinance_stock_ingestion to 2025-10-31 00:00:00+00:00, run_after=2025-11-01 00:00:00+00:00
[2025-10-31T23:43:03.363+0000] {processor.py:208} INFO - Processing /opt/airflow/dags/daily_stock_ingestion.py took 0.969 seconds
[2025-10-31T23:43:34.084+0000] {processor.py:186} INFO - Started process (PID=978) to work on /opt/airflow/dags/daily_stock_ingestion.py
[2025-10-31T23:43:34.088+0000] {processor.py:914} INFO - Processing file /opt/airflow/dags/daily_stock_ingestion.py for tasks to queue
[2025-10-31T23:43:34.092+0000] {logging_mixin.py:190} INFO - [2025-10-31T23:43:34.092+0000] {dagbag.py:587} INFO - Filling up the DagBag from /opt/airflow/dags/daily_stock_ingestion.py
[2025-10-31T23:43:34.912+0000] {processor.py:925} INFO - DAG(s) 'daily_yfinance_stock_ingestion' retrieved from /opt/airflow/dags/daily_stock_ingestion.py
[2025-10-31T23:43:34.929+0000] {logging_mixin.py:190} INFO - [2025-10-31T23:43:34.929+0000] {dag.py:3229} INFO - Sync 1 DAGs
[2025-10-31T23:43:34.959+0000] {logging_mixin.py:190} INFO - [2025-10-31T23:43:34.958+0000] {dag.py:4156} INFO - Setting next_dagrun for daily_yfinance_stock_ingestion to 2025-10-31 00:00:00+00:00, run_after=2025-11-01 00:00:00+00:00
[2025-10-31T23:43:34.983+0000] {processor.py:208} INFO - Processing /opt/airflow/dags/daily_stock_ingestion.py took 0.912 seconds
[2025-10-31T23:44:05.620+0000] {processor.py:186} INFO - Started process (PID=994) to work on /opt/airflow/dags/daily_stock_ingestion.py
[2025-10-31T23:44:05.622+0000] {processor.py:914} INFO - Processing file /opt/airflow/dags/daily_stock_ingestion.py for tasks to queue
[2025-10-31T23:44:05.626+0000] {logging_mixin.py:190} INFO - [2025-10-31T23:44:05.625+0000] {dagbag.py:587} INFO - Filling up the DagBag from /opt/airflow/dags/daily_stock_ingestion.py
[2025-10-31T23:44:06.432+0000] {processor.py:925} INFO - DAG(s) 'daily_yfinance_stock_ingestion' retrieved from /opt/airflow/dags/daily_stock_ingestion.py
[2025-10-31T23:44:06.449+0000] {logging_mixin.py:190} INFO - [2025-10-31T23:44:06.448+0000] {dag.py:3229} INFO - Sync 1 DAGs
[2025-10-31T23:44:06.475+0000] {logging_mixin.py:190} INFO - [2025-10-31T23:44:06.475+0000] {dag.py:4156} INFO - Setting next_dagrun for daily_yfinance_stock_ingestion to 2025-10-31 00:00:00+00:00, run_after=2025-11-01 00:00:00+00:00
[2025-10-31T23:44:06.496+0000] {processor.py:208} INFO - Processing /opt/airflow/dags/daily_stock_ingestion.py took 0.887 seconds
[2025-10-31T23:44:37.271+0000] {processor.py:186} INFO - Started process (PID=1020) to work on /opt/airflow/dags/daily_stock_ingestion.py
[2025-10-31T23:44:37.273+0000] {processor.py:914} INFO - Processing file /opt/airflow/dags/daily_stock_ingestion.py for tasks to queue
[2025-10-31T23:44:37.277+0000] {logging_mixin.py:190} INFO - [2025-10-31T23:44:37.276+0000] {dagbag.py:587} INFO - Filling up the DagBag from /opt/airflow/dags/daily_stock_ingestion.py
[2025-10-31T23:44:38.123+0000] {processor.py:925} INFO - DAG(s) 'daily_yfinance_stock_ingestion' retrieved from /opt/airflow/dags/daily_stock_ingestion.py
[2025-10-31T23:44:38.137+0000] {logging_mixin.py:190} INFO - [2025-10-31T23:44:38.136+0000] {dag.py:3229} INFO - Sync 1 DAGs
[2025-10-31T23:44:38.166+0000] {logging_mixin.py:190} INFO - [2025-10-31T23:44:38.165+0000] {dag.py:4156} INFO - Setting next_dagrun for daily_yfinance_stock_ingestion to 2025-10-31 00:00:00+00:00, run_after=2025-11-01 00:00:00+00:00
[2025-10-31T23:44:38.197+0000] {processor.py:208} INFO - Processing /opt/airflow/dags/daily_stock_ingestion.py took 0.934 seconds
[2025-10-31T23:45:08.846+0000] {processor.py:186} INFO - Started process (PID=1036) to work on /opt/airflow/dags/daily_stock_ingestion.py
[2025-10-31T23:45:08.848+0000] {processor.py:914} INFO - Processing file /opt/airflow/dags/daily_stock_ingestion.py for tasks to queue
[2025-10-31T23:45:08.852+0000] {logging_mixin.py:190} INFO - [2025-10-31T23:45:08.851+0000] {dagbag.py:587} INFO - Filling up the DagBag from /opt/airflow/dags/daily_stock_ingestion.py
[2025-10-31T23:45:09.724+0000] {processor.py:925} INFO - DAG(s) 'daily_yfinance_stock_ingestion' retrieved from /opt/airflow/dags/daily_stock_ingestion.py
[2025-10-31T23:45:09.745+0000] {logging_mixin.py:190} INFO - [2025-10-31T23:45:09.744+0000] {dag.py:3229} INFO - Sync 1 DAGs
[2025-10-31T23:45:09.772+0000] {logging_mixin.py:190} INFO - [2025-10-31T23:45:09.772+0000] {dag.py:4156} INFO - Setting next_dagrun for daily_yfinance_stock_ingestion to 2025-10-31 00:00:00+00:00, run_after=2025-11-01 00:00:00+00:00
[2025-10-31T23:45:09.803+0000] {processor.py:208} INFO - Processing /opt/airflow/dags/daily_stock_ingestion.py took 0.966 seconds
[2025-10-31T23:45:40.158+0000] {processor.py:186} INFO - Started process (PID=1052) to work on /opt/airflow/dags/daily_stock_ingestion.py
[2025-10-31T23:45:40.159+0000] {processor.py:914} INFO - Processing file /opt/airflow/dags/daily_stock_ingestion.py for tasks to queue
[2025-10-31T23:45:40.163+0000] {logging_mixin.py:190} INFO - [2025-10-31T23:45:40.162+0000] {dagbag.py:587} INFO - Filling up the DagBag from /opt/airflow/dags/daily_stock_ingestion.py
[2025-10-31T23:45:40.931+0000] {processor.py:925} INFO - DAG(s) 'daily_yfinance_stock_ingestion' retrieved from /opt/airflow/dags/daily_stock_ingestion.py
[2025-10-31T23:45:40.950+0000] {logging_mixin.py:190} INFO - [2025-10-31T23:45:40.949+0000] {dag.py:3229} INFO - Sync 1 DAGs
[2025-10-31T23:45:40.986+0000] {logging_mixin.py:190} INFO - [2025-10-31T23:45:40.986+0000] {dag.py:4156} INFO - Setting next_dagrun for daily_yfinance_stock_ingestion to 2025-10-31 00:00:00+00:00, run_after=2025-11-01 00:00:00+00:00
[2025-10-31T23:45:41.018+0000] {processor.py:208} INFO - Processing /opt/airflow/dags/daily_stock_ingestion.py took 0.867 seconds
[2025-10-31T23:46:11.285+0000] {processor.py:186} INFO - Started process (PID=1073) to work on /opt/airflow/dags/daily_stock_ingestion.py
[2025-10-31T23:46:11.288+0000] {processor.py:914} INFO - Processing file /opt/airflow/dags/daily_stock_ingestion.py for tasks to queue
[2025-10-31T23:46:11.293+0000] {logging_mixin.py:190} INFO - [2025-10-31T23:46:11.292+0000] {dagbag.py:587} INFO - Filling up the DagBag from /opt/airflow/dags/daily_stock_ingestion.py
[2025-10-31T23:46:12.145+0000] {processor.py:925} INFO - DAG(s) 'daily_yfinance_stock_ingestion' retrieved from /opt/airflow/dags/daily_stock_ingestion.py
[2025-10-31T23:46:12.163+0000] {logging_mixin.py:190} INFO - [2025-10-31T23:46:12.163+0000] {dag.py:3229} INFO - Sync 1 DAGs
[2025-10-31T23:46:12.189+0000] {logging_mixin.py:190} INFO - [2025-10-31T23:46:12.188+0000] {dag.py:4156} INFO - Setting next_dagrun for daily_yfinance_stock_ingestion to 2025-10-31 00:00:00+00:00, run_after=2025-11-01 00:00:00+00:00
[2025-10-31T23:46:12.213+0000] {processor.py:208} INFO - Processing /opt/airflow/dags/daily_stock_ingestion.py took 0.941 seconds
[2025-10-31T23:46:42.745+0000] {processor.py:186} INFO - Started process (PID=1089) to work on /opt/airflow/dags/daily_stock_ingestion.py
[2025-10-31T23:46:42.747+0000] {processor.py:914} INFO - Processing file /opt/airflow/dags/daily_stock_ingestion.py for tasks to queue
[2025-10-31T23:46:42.751+0000] {logging_mixin.py:190} INFO - [2025-10-31T23:46:42.751+0000] {dagbag.py:587} INFO - Filling up the DagBag from /opt/airflow/dags/daily_stock_ingestion.py
[2025-10-31T23:46:43.605+0000] {processor.py:925} INFO - DAG(s) 'daily_yfinance_stock_ingestion' retrieved from /opt/airflow/dags/daily_stock_ingestion.py
[2025-10-31T23:46:43.620+0000] {logging_mixin.py:190} INFO - [2025-10-31T23:46:43.619+0000] {dag.py:3229} INFO - Sync 1 DAGs
[2025-10-31T23:46:43.642+0000] {logging_mixin.py:190} INFO - [2025-10-31T23:46:43.642+0000] {dag.py:4156} INFO - Setting next_dagrun for daily_yfinance_stock_ingestion to 2025-10-31 00:00:00+00:00, run_after=2025-11-01 00:00:00+00:00
[2025-10-31T23:46:43.810+0000] {processor.py:208} INFO - Processing /opt/airflow/dags/daily_stock_ingestion.py took 1.075 seconds
[2025-10-31T23:47:14.324+0000] {processor.py:186} INFO - Started process (PID=1111) to work on /opt/airflow/dags/daily_stock_ingestion.py
[2025-10-31T23:47:14.326+0000] {processor.py:914} INFO - Processing file /opt/airflow/dags/daily_stock_ingestion.py for tasks to queue
[2025-10-31T23:47:14.330+0000] {logging_mixin.py:190} INFO - [2025-10-31T23:47:14.329+0000] {dagbag.py:587} INFO - Filling up the DagBag from /opt/airflow/dags/daily_stock_ingestion.py
[2025-10-31T23:47:15.238+0000] {processor.py:925} INFO - DAG(s) 'daily_yfinance_stock_ingestion' retrieved from /opt/airflow/dags/daily_stock_ingestion.py
[2025-10-31T23:47:15.258+0000] {logging_mixin.py:190} INFO - [2025-10-31T23:47:15.257+0000] {dag.py:3229} INFO - Sync 1 DAGs
[2025-10-31T23:47:15.291+0000] {logging_mixin.py:190} INFO - [2025-10-31T23:47:15.291+0000] {dag.py:4156} INFO - Setting next_dagrun for daily_yfinance_stock_ingestion to 2025-10-31 00:00:00+00:00, run_after=2025-11-01 00:00:00+00:00
[2025-10-31T23:47:15.314+0000] {processor.py:208} INFO - Processing /opt/airflow/dags/daily_stock_ingestion.py took 0.999 seconds
[2025-10-31T23:47:46.225+0000] {processor.py:186} INFO - Started process (PID=1127) to work on /opt/airflow/dags/daily_stock_ingestion.py
[2025-10-31T23:47:46.227+0000] {processor.py:914} INFO - Processing file /opt/airflow/dags/daily_stock_ingestion.py for tasks to queue
[2025-10-31T23:47:46.230+0000] {logging_mixin.py:190} INFO - [2025-10-31T23:47:46.230+0000] {dagbag.py:587} INFO - Filling up the DagBag from /opt/airflow/dags/daily_stock_ingestion.py
[2025-10-31T23:47:47.059+0000] {processor.py:925} INFO - DAG(s) 'daily_yfinance_stock_ingestion' retrieved from /opt/airflow/dags/daily_stock_ingestion.py
[2025-10-31T23:47:47.075+0000] {logging_mixin.py:190} INFO - [2025-10-31T23:47:47.075+0000] {dag.py:3229} INFO - Sync 1 DAGs
[2025-10-31T23:47:47.097+0000] {logging_mixin.py:190} INFO - [2025-10-31T23:47:47.097+0000] {dag.py:4156} INFO - Setting next_dagrun for daily_yfinance_stock_ingestion to 2025-10-31 00:00:00+00:00, run_after=2025-11-01 00:00:00+00:00
[2025-10-31T23:47:47.129+0000] {processor.py:208} INFO - Processing /opt/airflow/dags/daily_stock_ingestion.py took 0.915 seconds
[2025-10-31T23:48:17.637+0000] {processor.py:186} INFO - Started process (PID=1143) to work on /opt/airflow/dags/daily_stock_ingestion.py
[2025-10-31T23:48:17.640+0000] {processor.py:914} INFO - Processing file /opt/airflow/dags/daily_stock_ingestion.py for tasks to queue
[2025-10-31T23:48:17.645+0000] {logging_mixin.py:190} INFO - [2025-10-31T23:48:17.644+0000] {dagbag.py:587} INFO - Filling up the DagBag from /opt/airflow/dags/daily_stock_ingestion.py
[2025-10-31T23:48:18.426+0000] {processor.py:925} INFO - DAG(s) 'daily_yfinance_stock_ingestion' retrieved from /opt/airflow/dags/daily_stock_ingestion.py
[2025-10-31T23:48:18.442+0000] {logging_mixin.py:190} INFO - [2025-10-31T23:48:18.441+0000] {dag.py:3229} INFO - Sync 1 DAGs
[2025-10-31T23:48:18.470+0000] {logging_mixin.py:190} INFO - [2025-10-31T23:48:18.470+0000] {dag.py:4156} INFO - Setting next_dagrun for daily_yfinance_stock_ingestion to 2025-10-31 00:00:00+00:00, run_after=2025-11-01 00:00:00+00:00
[2025-10-31T23:48:18.494+0000] {processor.py:208} INFO - Processing /opt/airflow/dags/daily_stock_ingestion.py took 0.867 seconds
[2025-10-31T23:48:49.269+0000] {processor.py:186} INFO - Started process (PID=1159) to work on /opt/airflow/dags/daily_stock_ingestion.py
[2025-10-31T23:48:49.272+0000] {processor.py:914} INFO - Processing file /opt/airflow/dags/daily_stock_ingestion.py for tasks to queue
[2025-10-31T23:48:49.277+0000] {logging_mixin.py:190} INFO - [2025-10-31T23:48:49.276+0000] {dagbag.py:587} INFO - Filling up the DagBag from /opt/airflow/dags/daily_stock_ingestion.py
[2025-10-31T23:48:50.023+0000] {processor.py:925} INFO - DAG(s) 'daily_yfinance_stock_ingestion' retrieved from /opt/airflow/dags/daily_stock_ingestion.py
[2025-10-31T23:48:50.037+0000] {logging_mixin.py:190} INFO - [2025-10-31T23:48:50.037+0000] {dag.py:3229} INFO - Sync 1 DAGs
[2025-10-31T23:48:50.065+0000] {logging_mixin.py:190} INFO - [2025-10-31T23:48:50.064+0000] {dag.py:4156} INFO - Setting next_dagrun for daily_yfinance_stock_ingestion to 2025-10-31 00:00:00+00:00, run_after=2025-11-01 00:00:00+00:00
[2025-10-31T23:48:50.083+0000] {processor.py:208} INFO - Processing /opt/airflow/dags/daily_stock_ingestion.py took 0.825 seconds
[2025-10-31T23:49:20.244+0000] {processor.py:186} INFO - Started process (PID=1175) to work on /opt/airflow/dags/daily_stock_ingestion.py
[2025-10-31T23:49:20.246+0000] {processor.py:914} INFO - Processing file /opt/airflow/dags/daily_stock_ingestion.py for tasks to queue
[2025-10-31T23:49:20.249+0000] {logging_mixin.py:190} INFO - [2025-10-31T23:49:20.249+0000] {dagbag.py:587} INFO - Filling up the DagBag from /opt/airflow/dags/daily_stock_ingestion.py
[2025-10-31T23:49:20.983+0000] {processor.py:925} INFO - DAG(s) 'daily_yfinance_stock_ingestion' retrieved from /opt/airflow/dags/daily_stock_ingestion.py
[2025-10-31T23:49:21.001+0000] {logging_mixin.py:190} INFO - [2025-10-31T23:49:21.000+0000] {dag.py:3229} INFO - Sync 1 DAGs
[2025-10-31T23:49:21.030+0000] {logging_mixin.py:190} INFO - [2025-10-31T23:49:21.029+0000] {dag.py:4156} INFO - Setting next_dagrun for daily_yfinance_stock_ingestion to 2025-10-31 00:00:00+00:00, run_after=2025-11-01 00:00:00+00:00
[2025-10-31T23:49:21.066+0000] {processor.py:208} INFO - Processing /opt/airflow/dags/daily_stock_ingestion.py took 0.833 seconds
[2025-10-31T23:49:51.589+0000] {processor.py:186} INFO - Started process (PID=1191) to work on /opt/airflow/dags/daily_stock_ingestion.py
[2025-10-31T23:49:51.591+0000] {processor.py:914} INFO - Processing file /opt/airflow/dags/daily_stock_ingestion.py for tasks to queue
[2025-10-31T23:49:51.596+0000] {logging_mixin.py:190} INFO - [2025-10-31T23:49:51.595+0000] {dagbag.py:587} INFO - Filling up the DagBag from /opt/airflow/dags/daily_stock_ingestion.py
[2025-10-31T23:49:51.905+0000] {processor.py:925} INFO - DAG(s) 'daily_yfinance_stock_ingestion' retrieved from /opt/airflow/dags/daily_stock_ingestion.py
[2025-10-31T23:49:51.923+0000] {logging_mixin.py:190} INFO - [2025-10-31T23:49:51.923+0000] {dag.py:3229} INFO - Sync 1 DAGs
[2025-10-31T23:49:51.948+0000] {logging_mixin.py:190} INFO - [2025-10-31T23:49:51.948+0000] {dag.py:4156} INFO - Setting next_dagrun for daily_yfinance_stock_ingestion to 2025-10-31 00:00:00+00:00, run_after=2025-11-01 00:00:00+00:00
[2025-10-31T23:49:51.979+0000] {processor.py:208} INFO - Processing /opt/airflow/dags/daily_stock_ingestion.py took 0.931 seconds
[2025-10-31T23:50:22.827+0000] {processor.py:186} INFO - Started process (PID=1207) to work on /opt/airflow/dags/daily_stock_ingestion.py
[2025-10-31T23:50:22.829+0000] {processor.py:914} INFO - Processing file /opt/airflow/dags/daily_stock_ingestion.py for tasks to queue
[2025-10-31T23:50:22.833+0000] {logging_mixin.py:190} INFO - [2025-10-31T23:50:22.832+0000] {dagbag.py:587} INFO - Filling up the DagBag from /opt/airflow/dags/daily_stock_ingestion.py
[2025-10-31T23:50:23.666+0000] {processor.py:925} INFO - DAG(s) 'daily_yfinance_stock_ingestion' retrieved from /opt/airflow/dags/daily_stock_ingestion.py
[2025-10-31T23:50:23.686+0000] {logging_mixin.py:190} INFO - [2025-10-31T23:50:23.685+0000] {dag.py:3229} INFO - Sync 1 DAGs
[2025-10-31T23:50:23.722+0000] {logging_mixin.py:190} INFO - [2025-10-31T23:50:23.721+0000] {dag.py:4156} INFO - Setting next_dagrun for daily_yfinance_stock_ingestion to 2025-10-31 00:00:00+00:00, run_after=2025-11-01 00:00:00+00:00
[2025-10-31T23:50:23.765+0000] {processor.py:208} INFO - Processing /opt/airflow/dags/daily_stock_ingestion.py took 0.947 seconds
[2025-10-31T23:50:54.774+0000] {processor.py:186} INFO - Started process (PID=1223) to work on /opt/airflow/dags/daily_stock_ingestion.py
[2025-10-31T23:50:54.776+0000] {processor.py:914} INFO - Processing file /opt/airflow/dags/daily_stock_ingestion.py for tasks to queue
[2025-10-31T23:50:54.781+0000] {logging_mixin.py:190} INFO - [2025-10-31T23:50:54.780+0000] {dagbag.py:587} INFO - Filling up the DagBag from /opt/airflow/dags/daily_stock_ingestion.py
[2025-10-31T23:50:55.711+0000] {processor.py:925} INFO - DAG(s) 'daily_yfinance_stock_ingestion' retrieved from /opt/airflow/dags/daily_stock_ingestion.py
[2025-10-31T23:50:55.732+0000] {logging_mixin.py:190} INFO - [2025-10-31T23:50:55.731+0000] {dag.py:3229} INFO - Sync 1 DAGs
[2025-10-31T23:50:55.765+0000] {logging_mixin.py:190} INFO - [2025-10-31T23:50:55.765+0000] {dag.py:4156} INFO - Setting next_dagrun for daily_yfinance_stock_ingestion to 2025-10-31 00:00:00+00:00, run_after=2025-11-01 00:00:00+00:00
[2025-10-31T23:50:55.798+0000] {processor.py:208} INFO - Processing /opt/airflow/dags/daily_stock_ingestion.py took 1.033 seconds
[2025-10-31T23:51:26.607+0000] {processor.py:186} INFO - Started process (PID=1239) to work on /opt/airflow/dags/daily_stock_ingestion.py
[2025-10-31T23:51:26.609+0000] {processor.py:914} INFO - Processing file /opt/airflow/dags/daily_stock_ingestion.py for tasks to queue
[2025-10-31T23:51:26.613+0000] {logging_mixin.py:190} INFO - [2025-10-31T23:51:26.613+0000] {dagbag.py:587} INFO - Filling up the DagBag from /opt/airflow/dags/daily_stock_ingestion.py
[2025-10-31T23:51:27.472+0000] {processor.py:925} INFO - DAG(s) 'daily_yfinance_stock_ingestion' retrieved from /opt/airflow/dags/daily_stock_ingestion.py
[2025-10-31T23:51:27.488+0000] {logging_mixin.py:190} INFO - [2025-10-31T23:51:27.487+0000] {dag.py:3229} INFO - Sync 1 DAGs
[2025-10-31T23:51:27.512+0000] {logging_mixin.py:190} INFO - [2025-10-31T23:51:27.511+0000] {dag.py:4156} INFO - Setting next_dagrun for daily_yfinance_stock_ingestion to 2025-10-31 00:00:00+00:00, run_after=2025-11-01 00:00:00+00:00
[2025-10-31T23:51:27.530+0000] {processor.py:208} INFO - Processing /opt/airflow/dags/daily_stock_ingestion.py took 0.934 seconds
[2025-10-31T23:51:58.592+0000] {processor.py:186} INFO - Started process (PID=1255) to work on /opt/airflow/dags/daily_stock_ingestion.py
[2025-10-31T23:51:58.594+0000] {processor.py:914} INFO - Processing file /opt/airflow/dags/daily_stock_ingestion.py for tasks to queue
[2025-10-31T23:51:58.600+0000] {logging_mixin.py:190} INFO - [2025-10-31T23:51:58.599+0000] {dagbag.py:587} INFO - Filling up the DagBag from /opt/airflow/dags/daily_stock_ingestion.py
[2025-10-31T23:51:59.489+0000] {processor.py:925} INFO - DAG(s) 'daily_yfinance_stock_ingestion' retrieved from /opt/airflow/dags/daily_stock_ingestion.py
[2025-10-31T23:51:59.510+0000] {logging_mixin.py:190} INFO - [2025-10-31T23:51:59.509+0000] {dag.py:3229} INFO - Sync 1 DAGs
[2025-10-31T23:51:59.544+0000] {logging_mixin.py:190} INFO - [2025-10-31T23:51:59.544+0000] {dag.py:4156} INFO - Setting next_dagrun for daily_yfinance_stock_ingestion to 2025-10-31 00:00:00+00:00, run_after=2025-11-01 00:00:00+00:00
[2025-10-31T23:51:59.582+0000] {processor.py:208} INFO - Processing /opt/airflow/dags/daily_stock_ingestion.py took 0.999 seconds
[2025-10-31T23:52:30.507+0000] {processor.py:186} INFO - Started process (PID=1271) to work on /opt/airflow/dags/daily_stock_ingestion.py
[2025-10-31T23:52:30.508+0000] {processor.py:914} INFO - Processing file /opt/airflow/dags/daily_stock_ingestion.py for tasks to queue
[2025-10-31T23:52:30.511+0000] {logging_mixin.py:190} INFO - [2025-10-31T23:52:30.511+0000] {dagbag.py:587} INFO - Filling up the DagBag from /opt/airflow/dags/daily_stock_ingestion.py
[2025-10-31T23:52:31.214+0000] {processor.py:925} INFO - DAG(s) 'daily_yfinance_stock_ingestion' retrieved from /opt/airflow/dags/daily_stock_ingestion.py
[2025-10-31T23:52:31.233+0000] {logging_mixin.py:190} INFO - [2025-10-31T23:52:31.233+0000] {dag.py:3229} INFO - Sync 1 DAGs
[2025-10-31T23:52:31.268+0000] {logging_mixin.py:190} INFO - [2025-10-31T23:52:31.268+0000] {dag.py:4156} INFO - Setting next_dagrun for daily_yfinance_stock_ingestion to 2025-10-31 00:00:00+00:00, run_after=2025-11-01 00:00:00+00:00
[2025-10-31T23:52:31.293+0000] {processor.py:208} INFO - Processing /opt/airflow/dags/daily_stock_ingestion.py took 0.793 seconds
[2025-10-31T23:53:02.405+0000] {processor.py:186} INFO - Started process (PID=1288) to work on /opt/airflow/dags/daily_stock_ingestion.py
[2025-10-31T23:53:02.407+0000] {processor.py:914} INFO - Processing file /opt/airflow/dags/daily_stock_ingestion.py for tasks to queue
[2025-10-31T23:53:02.411+0000] {logging_mixin.py:190} INFO - [2025-10-31T23:53:02.410+0000] {dagbag.py:587} INFO - Filling up the DagBag from /opt/airflow/dags/daily_stock_ingestion.py
[2025-10-31T23:53:03.130+0000] {processor.py:925} INFO - DAG(s) 'daily_yfinance_stock_ingestion' retrieved from /opt/airflow/dags/daily_stock_ingestion.py
[2025-10-31T23:53:03.144+0000] {logging_mixin.py:190} INFO - [2025-10-31T23:53:03.144+0000] {dag.py:3229} INFO - Sync 1 DAGs
[2025-10-31T23:53:03.168+0000] {logging_mixin.py:190} INFO - [2025-10-31T23:53:03.167+0000] {dag.py:4156} INFO - Setting next_dagrun for daily_yfinance_stock_ingestion to 2025-10-31 00:00:00+00:00, run_after=2025-11-01 00:00:00+00:00
[2025-10-31T23:53:03.193+0000] {processor.py:208} INFO - Processing /opt/airflow/dags/daily_stock_ingestion.py took 0.797 seconds
[2025-10-31T23:53:33.861+0000] {processor.py:186} INFO - Started process (PID=1310) to work on /opt/airflow/dags/daily_stock_ingestion.py
[2025-10-31T23:53:33.863+0000] {processor.py:914} INFO - Processing file /opt/airflow/dags/daily_stock_ingestion.py for tasks to queue
[2025-10-31T23:53:33.867+0000] {logging_mixin.py:190} INFO - [2025-10-31T23:53:33.867+0000] {dagbag.py:587} INFO - Filling up the DagBag from /opt/airflow/dags/daily_stock_ingestion.py
[2025-10-31T23:53:34.764+0000] {processor.py:925} INFO - DAG(s) 'daily_yfinance_stock_ingestion' retrieved from /opt/airflow/dags/daily_stock_ingestion.py
[2025-10-31T23:53:34.783+0000] {logging_mixin.py:190} INFO - [2025-10-31T23:53:34.782+0000] {dag.py:3229} INFO - Sync 1 DAGs
[2025-10-31T23:53:34.816+0000] {logging_mixin.py:190} INFO - [2025-10-31T23:53:34.816+0000] {dag.py:4156} INFO - Setting next_dagrun for daily_yfinance_stock_ingestion to 2025-10-31 00:00:00+00:00, run_after=2025-11-01 00:00:00+00:00
[2025-10-31T23:53:34.856+0000] {processor.py:208} INFO - Processing /opt/airflow/dags/daily_stock_ingestion.py took 1.005 seconds
[2025-10-31T23:54:05.710+0000] {processor.py:186} INFO - Started process (PID=1326) to work on /opt/airflow/dags/daily_stock_ingestion.py
[2025-10-31T23:54:05.712+0000] {processor.py:914} INFO - Processing file /opt/airflow/dags/daily_stock_ingestion.py for tasks to queue
[2025-10-31T23:54:05.716+0000] {logging_mixin.py:190} INFO - [2025-10-31T23:54:05.716+0000] {dagbag.py:587} INFO - Filling up the DagBag from /opt/airflow/dags/daily_stock_ingestion.py
[2025-10-31T23:54:06.544+0000] {processor.py:925} INFO - DAG(s) 'daily_yfinance_stock_ingestion' retrieved from /opt/airflow/dags/daily_stock_ingestion.py
[2025-10-31T23:54:06.561+0000] {logging_mixin.py:190} INFO - [2025-10-31T23:54:06.560+0000] {dag.py:3229} INFO - Sync 1 DAGs
[2025-10-31T23:54:06.591+0000] {logging_mixin.py:190} INFO - [2025-10-31T23:54:06.591+0000] {dag.py:4156} INFO - Setting next_dagrun for daily_yfinance_stock_ingestion to 2025-10-31 00:00:00+00:00, run_after=2025-11-01 00:00:00+00:00
[2025-10-31T23:54:06.620+0000] {processor.py:208} INFO - Processing /opt/airflow/dags/daily_stock_ingestion.py took 0.919 seconds
[2025-10-31T23:54:37.522+0000] {processor.py:186} INFO - Started process (PID=1342) to work on /opt/airflow/dags/daily_stock_ingestion.py
[2025-10-31T23:54:37.525+0000] {processor.py:914} INFO - Processing file /opt/airflow/dags/daily_stock_ingestion.py for tasks to queue
[2025-10-31T23:54:37.529+0000] {logging_mixin.py:190} INFO - [2025-10-31T23:54:37.529+0000] {dagbag.py:587} INFO - Filling up the DagBag from /opt/airflow/dags/daily_stock_ingestion.py
[2025-10-31T23:54:38.408+0000] {processor.py:925} INFO - DAG(s) 'daily_yfinance_stock_ingestion' retrieved from /opt/airflow/dags/daily_stock_ingestion.py
[2025-10-31T23:54:38.426+0000] {logging_mixin.py:190} INFO - [2025-10-31T23:54:38.425+0000] {dag.py:3229} INFO - Sync 1 DAGs
[2025-10-31T23:54:38.462+0000] {logging_mixin.py:190} INFO - [2025-10-31T23:54:38.462+0000] {dag.py:4156} INFO - Setting next_dagrun for daily_yfinance_stock_ingestion to 2025-10-31 00:00:00+00:00, run_after=2025-11-01 00:00:00+00:00
[2025-10-31T23:54:38.490+0000] {processor.py:208} INFO - Processing /opt/airflow/dags/daily_stock_ingestion.py took 0.976 seconds
[2025-10-31T23:55:09.012+0000] {processor.py:186} INFO - Started process (PID=1358) to work on /opt/airflow/dags/daily_stock_ingestion.py
[2025-10-31T23:55:09.014+0000] {processor.py:914} INFO - Processing file /opt/airflow/dags/daily_stock_ingestion.py for tasks to queue
[2025-10-31T23:55:09.019+0000] {logging_mixin.py:190} INFO - [2025-10-31T23:55:09.018+0000] {dagbag.py:587} INFO - Filling up the DagBag from /opt/airflow/dags/daily_stock_ingestion.py
[2025-10-31T23:55:09.885+0000] {processor.py:925} INFO - DAG(s) 'daily_yfinance_stock_ingestion' retrieved from /opt/airflow/dags/daily_stock_ingestion.py
[2025-10-31T23:55:09.907+0000] {logging_mixin.py:190} INFO - [2025-10-31T23:55:09.906+0000] {dag.py:3229} INFO - Sync 1 DAGs
[2025-10-31T23:55:09.944+0000] {logging_mixin.py:190} INFO - [2025-10-31T23:55:09.943+0000] {dag.py:4156} INFO - Setting next_dagrun for daily_yfinance_stock_ingestion to 2025-10-31 00:00:00+00:00, run_after=2025-11-01 00:00:00+00:00
[2025-10-31T23:55:09.973+0000] {processor.py:208} INFO - Processing /opt/airflow/dags/daily_stock_ingestion.py took 0.971 seconds
[2025-10-31T23:55:40.604+0000] {processor.py:186} INFO - Started process (PID=1374) to work on /opt/airflow/dags/daily_stock_ingestion.py
[2025-10-31T23:55:40.605+0000] {processor.py:914} INFO - Processing file /opt/airflow/dags/daily_stock_ingestion.py for tasks to queue
[2025-10-31T23:55:40.609+0000] {logging_mixin.py:190} INFO - [2025-10-31T23:55:40.609+0000] {dagbag.py:587} INFO - Filling up the DagBag from /opt/airflow/dags/daily_stock_ingestion.py
[2025-10-31T23:55:40.513+0000] {processor.py:925} INFO - DAG(s) 'daily_yfinance_stock_ingestion' retrieved from /opt/airflow/dags/daily_stock_ingestion.py
[2025-10-31T23:55:40.528+0000] {logging_mixin.py:190} INFO - [2025-10-31T23:55:40.528+0000] {dag.py:3229} INFO - Sync 1 DAGs
[2025-10-31T23:55:40.556+0000] {logging_mixin.py:190} INFO - [2025-10-31T23:55:40.556+0000] {dag.py:4156} INFO - Setting next_dagrun for daily_yfinance_stock_ingestion to 2025-10-31 00:00:00+00:00, run_after=2025-11-01 00:00:00+00:00
[2025-10-31T23:55:40.580+0000] {processor.py:208} INFO - Processing /opt/airflow/dags/daily_stock_ingestion.py took 0.924 seconds
[2025-10-31T23:56:11.180+0000] {processor.py:186} INFO - Started process (PID=1390) to work on /opt/airflow/dags/daily_stock_ingestion.py
[2025-10-31T23:56:11.181+0000] {processor.py:914} INFO - Processing file /opt/airflow/dags/daily_stock_ingestion.py for tasks to queue
[2025-10-31T23:56:11.186+0000] {logging_mixin.py:190} INFO - [2025-10-31T23:56:11.185+0000] {dagbag.py:587} INFO - Filling up the DagBag from /opt/airflow/dags/daily_stock_ingestion.py
[2025-10-31T23:56:11.911+0000] {processor.py:925} INFO - DAG(s) 'daily_yfinance_stock_ingestion' retrieved from /opt/airflow/dags/daily_stock_ingestion.py
[2025-10-31T23:56:11.926+0000] {logging_mixin.py:190} INFO - [2025-10-31T23:56:11.925+0000] {dag.py:3229} INFO - Sync 1 DAGs
[2025-10-31T23:56:11.950+0000] {logging_mixin.py:190} INFO - [2025-10-31T23:56:11.950+0000] {dag.py:4156} INFO - Setting next_dagrun for daily_yfinance_stock_ingestion to 2025-10-31 00:00:00+00:00, run_after=2025-11-01 00:00:00+00:00
[2025-10-31T23:56:11.973+0000] {processor.py:208} INFO - Processing /opt/airflow/dags/daily_stock_ingestion.py took 0.802 seconds
[2025-10-31T23:56:42.230+0000] {processor.py:186} INFO - Started process (PID=1406) to work on /opt/airflow/dags/daily_stock_ingestion.py
[2025-10-31T23:56:42.232+0000] {processor.py:914} INFO - Processing file /opt/airflow/dags/daily_stock_ingestion.py for tasks to queue
[2025-10-31T23:56:42.236+0000] {logging_mixin.py:190} INFO - [2025-10-31T23:56:42.236+0000] {dagbag.py:587} INFO - Filling up the DagBag from /opt/airflow/dags/daily_stock_ingestion.py
[2025-10-31T23:56:43.048+0000] {processor.py:925} INFO - DAG(s) 'daily_yfinance_stock_ingestion' retrieved from /opt/airflow/dags/daily_stock_ingestion.py
[2025-10-31T23:56:43.065+0000] {logging_mixin.py:190} INFO - [2025-10-31T23:56:43.065+0000] {dag.py:3229} INFO - Sync 1 DAGs
[2025-10-31T23:56:43.089+0000] {logging_mixin.py:190} INFO - [2025-10-31T23:56:43.089+0000] {dag.py:4156} INFO - Setting next_dagrun for daily_yfinance_stock_ingestion to 2025-10-31 00:00:00+00:00, run_after=2025-11-01 00:00:00+00:00
[2025-10-31T23:56:43.111+0000] {processor.py:208} INFO - Processing /opt/airflow/dags/daily_stock_ingestion.py took 0.890 seconds
[2025-10-31T23:57:13.986+0000] {processor.py:186} INFO - Started process (PID=1422) to work on /opt/airflow/dags/daily_stock_ingestion.py
[2025-10-31T23:57:13.988+0000] {processor.py:914} INFO - Processing file /opt/airflow/dags/daily_stock_ingestion.py for tasks to queue
[2025-10-31T23:57:13.992+0000] {logging_mixin.py:190} INFO - [2025-10-31T23:57:13.992+0000] {dagbag.py:587} INFO - Filling up the DagBag from /opt/airflow/dags/daily_stock_ingestion.py
[2025-10-31T23:57:14.675+0000] {processor.py:925} INFO - DAG(s) 'daily_yfinance_stock_ingestion' retrieved from /opt/airflow/dags/daily_stock_ingestion.py
[2025-10-31T23:57:14.693+0000] {logging_mixin.py:190} INFO - [2025-10-31T23:57:14.692+0000] {dag.py:3229} INFO - Sync 1 DAGs
[2025-10-31T23:57:14.722+0000] {logging_mixin.py:190} INFO - [2025-10-31T23:57:14.722+0000] {dag.py:4156} INFO - Setting next_dagrun for daily_yfinance_stock_ingestion to 2025-10-31 00:00:00+00:00, run_after=2025-11-01 00:00:00+00:00
[2025-10-31T23:57:14.755+0000] {processor.py:208} INFO - Processing /opt/airflow/dags/daily_stock_ingestion.py took 0.778 seconds
[2025-10-31T23:57:45.646+0000] {processor.py:186} INFO - Started process (PID=1438) to work on /opt/airflow/dags/daily_stock_ingestion.py
[2025-10-31T23:57:45.648+0000] {processor.py:914} INFO - Processing file /opt/airflow/dags/daily_stock_ingestion.py for tasks to queue
[2025-10-31T23:57:45.653+0000] {logging_mixin.py:190} INFO - [2025-10-31T23:57:45.652+0000] {dagbag.py:587} INFO - Filling up the DagBag from /opt/airflow/dags/daily_stock_ingestion.py
[2025-10-31T23:57:46.429+0000] {processor.py:925} INFO - DAG(s) 'daily_yfinance_stock_ingestion' retrieved from /opt/airflow/dags/daily_stock_ingestion.py
[2025-10-31T23:57:46.448+0000] {logging_mixin.py:190} INFO - [2025-10-31T23:57:46.447+0000] {dag.py:3229} INFO - Sync 1 DAGs
[2025-10-31T23:57:46.472+0000] {logging_mixin.py:190} INFO - [2025-10-31T23:57:46.472+0000] {dag.py:4156} INFO - Setting next_dagrun for daily_yfinance_stock_ingestion to 2025-10-31 00:00:00+00:00, run_after=2025-11-01 00:00:00+00:00
[2025-10-31T23:57:46.494+0000] {processor.py:208} INFO - Processing /opt/airflow/dags/daily_stock_ingestion.py took 0.857 seconds
[2025-10-31T23:58:17.404+0000] {processor.py:186} INFO - Started process (PID=1454) to work on /opt/airflow/dags/daily_stock_ingestion.py
[2025-10-31T23:58:17.406+0000] {processor.py:914} INFO - Processing file /opt/airflow/dags/daily_stock_ingestion.py for tasks to queue
[2025-10-31T23:58:17.410+0000] {logging_mixin.py:190} INFO - [2025-10-31T23:58:17.409+0000] {dagbag.py:587} INFO - Filling up the DagBag from /opt/airflow/dags/daily_stock_ingestion.py
[2025-10-31T23:58:18.383+0000] {processor.py:925} INFO - DAG(s) 'daily_yfinance_stock_ingestion' retrieved from /opt/airflow/dags/daily_stock_ingestion.py
[2025-10-31T23:58:18.399+0000] {logging_mixin.py:190} INFO - [2025-10-31T23:58:18.399+0000] {dag.py:3229} INFO - Sync 1 DAGs
[2025-10-31T23:58:18.431+0000] {logging_mixin.py:190} INFO - [2025-10-31T23:58:18.430+0000] {dag.py:4156} INFO - Setting next_dagrun for daily_yfinance_stock_ingestion to 2025-10-31 00:00:00+00:00, run_after=2025-11-01 00:00:00+00:00
[2025-10-31T23:58:18.469+0000] {processor.py:208} INFO - Processing /opt/airflow/dags/daily_stock_ingestion.py took 1.077 seconds
[2025-10-31T23:58:49.175+0000] {processor.py:186} INFO - Started process (PID=1470) to work on /opt/airflow/dags/daily_stock_ingestion.py
[2025-10-31T23:58:49.177+0000] {processor.py:914} INFO - Processing file /opt/airflow/dags/daily_stock_ingestion.py for tasks to queue
[2025-10-31T23:58:49.182+0000] {logging_mixin.py:190} INFO - [2025-10-31T23:58:49.181+0000] {dagbag.py:587} INFO - Filling up the DagBag from /opt/airflow/dags/daily_stock_ingestion.py
[2025-10-31T23:58:50.112+0000] {processor.py:925} INFO - DAG(s) 'daily_yfinance_stock_ingestion' retrieved from /opt/airflow/dags/daily_stock_ingestion.py
[2025-10-31T23:58:50.129+0000] {logging_mixin.py:190} INFO - [2025-10-31T23:58:50.129+0000] {dag.py:3229} INFO - Sync 1 DAGs
[2025-10-31T23:58:50.164+0000] {logging_mixin.py:190} INFO - [2025-10-31T23:58:50.164+0000] {dag.py:4156} INFO - Setting next_dagrun for daily_yfinance_stock_ingestion to 2025-10-31 00:00:00+00:00, run_after=2025-11-01 00:00:00+00:00
[2025-10-31T23:58:50.191+0000] {processor.py:208} INFO - Processing /opt/airflow/dags/daily_stock_ingestion.py took 1.025 seconds
[2025-10-31T23:59:20.885+0000] {processor.py:186} INFO - Started process (PID=1486) to work on /opt/airflow/dags/daily_stock_ingestion.py
[2025-10-31T23:59:20.887+0000] {processor.py:914} INFO - Processing file /opt/airflow/dags/daily_stock_ingestion.py for tasks to queue
[2025-10-31T23:59:20.891+0000] {logging_mixin.py:190} INFO - [2025-10-31T23:59:20.891+0000] {dagbag.py:587} INFO - Filling up the DagBag from /opt/airflow/dags/daily_stock_ingestion.py
[2025-10-31T23:59:21.761+0000] {processor.py:925} INFO - DAG(s) 'daily_yfinance_stock_ingestion' retrieved from /opt/airflow/dags/daily_stock_ingestion.py
[2025-10-31T23:59:21.779+0000] {logging_mixin.py:190} INFO - [2025-10-31T23:59:21.778+0000] {dag.py:3229} INFO - Sync 1 DAGs
[2025-10-31T23:59:21.820+0000] {logging_mixin.py:190} INFO - [2025-10-31T23:59:21.819+0000] {dag.py:4156} INFO - Setting next_dagrun for daily_yfinance_stock_ingestion to 2025-10-31 00:00:00+00:00, run_after=2025-11-01 00:00:00+00:00
[2025-10-31T23:59:21.851+0000] {processor.py:208} INFO - Processing /opt/airflow/dags/daily_stock_ingestion.py took 0.976 seconds
[2025-10-31T23:59:52.634+0000] {processor.py:186} INFO - Started process (PID=1502) to work on /opt/airflow/dags/daily_stock_ingestion.py
[2025-10-31T23:59:52.637+0000] {processor.py:914} INFO - Processing file /opt/airflow/dags/daily_stock_ingestion.py for tasks to queue
[2025-10-31T23:59:52.642+0000] {logging_mixin.py:190} INFO - [2025-10-31T23:59:52.641+0000] {dagbag.py:587} INFO - Filling up the DagBag from /opt/airflow/dags/daily_stock_ingestion.py
[2025-10-31T23:59:53.447+0000] {processor.py:925} INFO - DAG(s) 'daily_yfinance_stock_ingestion' retrieved from /opt/airflow/dags/daily_stock_ingestion.py
[2025-10-31T23:59:53.468+0000] {logging_mixin.py:190} INFO - [2025-10-31T23:59:53.467+0000] {dag.py:3229} INFO - Sync 1 DAGs
[2025-10-31T23:59:53.493+0000] {logging_mixin.py:190} INFO - [2025-10-31T23:59:53.493+0000] {dag.py:4156} INFO - Setting next_dagrun for daily_yfinance_stock_ingestion to 2025-10-31 00:00:00+00:00, run_after=2025-11-01 00:00:00+00:00
[2025-10-31T23:59:53.515+0000] {processor.py:208} INFO - Processing /opt/airflow/dags/daily_stock_ingestion.py took 0.889 seconds
