[2025-11-24T18:57:03.586+0000] {local_task_job_runner.py:123} INFO - ::group::Pre task execution logs
[2025-11-24T18:57:03.607+0000] {taskinstance.py:2612} INFO - Dependencies all met for dep_context=non-requeueable deps ti=<TaskInstance: daily_yfinance_stock_ingestion.load_stock_prices_snowflake scheduled__2025-11-14T00:00:00+00:00 [queued]>
[2025-11-24T18:57:03.619+0000] {taskinstance.py:2612} INFO - Dependencies all met for dep_context=requeueable deps ti=<TaskInstance: daily_yfinance_stock_ingestion.load_stock_prices_snowflake scheduled__2025-11-14T00:00:00+00:00 [queued]>
[2025-11-24T18:57:03.620+0000] {taskinstance.py:2865} INFO - Starting attempt 3 of 1
[2025-11-24T18:57:03.789+0000] {taskinstance.py:2888} INFO - Executing <Task(_PythonDecoratedOperator): load_stock_prices_snowflake> on 2025-11-14 00:00:00+00:00
[2025-11-24T18:57:03.800+0000] {logging_mixin.py:190} WARNING - /home/***/.local/lib/python3.12/site-packages/***/task/task_runner/standard_task_runner.py:70 DeprecationWarning: This process (pid=267) is multi-threaded, use of fork() may lead to deadlocks in the child.
[2025-11-24T18:57:03.801+0000] {standard_task_runner.py:72} INFO - Started process 330 to run task
[2025-11-24T18:57:03.800+0000] {standard_task_runner.py:104} INFO - Running: ['***', 'tasks', 'run', 'daily_yfinance_stock_ingestion', 'load_stock_prices_snowflake', 'scheduled__2025-11-14T00:00:00+00:00', '--job-id', '226', '--raw', '--subdir', 'DAGS_FOLDER/daily_stock_ingestion.py', '--cfg-path', '/tmp/tmp7p982lr0']
[2025-11-24T18:57:03.802+0000] {standard_task_runner.py:105} INFO - Job 226: Subtask load_stock_prices_snowflake
[2025-11-24T18:57:03.857+0000] {task_command.py:467} INFO - Running <TaskInstance: daily_yfinance_stock_ingestion.load_stock_prices_snowflake scheduled__2025-11-14T00:00:00+00:00 [running]> on host df9550758455
[2025-11-24T18:57:04.096+0000] {taskinstance.py:3131} INFO - Exporting env vars: AIRFLOW_CTX_DAG_OWNER='***' AIRFLOW_CTX_DAG_ID='daily_yfinance_stock_ingestion' AIRFLOW_CTX_TASK_ID='load_stock_prices_snowflake' AIRFLOW_CTX_EXECUTION_DATE='2025-11-14T00:00:00+00:00' AIRFLOW_CTX_TRY_NUMBER='3' AIRFLOW_CTX_DAG_RUN_ID='scheduled__2025-11-14T00:00:00+00:00'
[2025-11-24T18:57:04.098+0000] {taskinstance.py:731} INFO - ::endgroup::
[2025-11-24T18:57:04.111+0000] {base.py:84} INFO - Retrieving connection 'snowflake_conn'
[2025-11-24T18:57:04.113+0000] {connection.py:413} INFO - Snowflake Connector for Python Version: 3.12.1, Python Version: 3.12.5, Platform: Linux-5.15.167.4-microsoft-standard-WSL2-x86_64-with-glibc2.36
[2025-11-24T18:57:04.115+0000] {connection.py:1196} INFO - Connecting to GLOBAL Snowflake domain
[2025-11-24T18:57:04.116+0000] {connection.py:1277} INFO - This connection is in OCSP Fail Open Mode. TLS Certificates would be checked for validity and revocation status. Any other Certificate Revocation related exceptions or OCSP Responder failures would be disregarded in favor of connectivity.
[2025-11-24T18:57:04.660+0000] {cursor.py:1156} INFO - Number of results in first chunk: 1
[2025-11-24T18:57:04.805+0000] {cursor.py:1156} INFO - Number of results in first chunk: 1
[2025-11-24T18:58:35.592+0000] {local_task_job_runner.py:127} ERROR - Received SIGTERM. Terminating subprocesses
[2025-11-24T18:58:35.597+0000] {process_utils.py:132} INFO - Sending 15 to group 330. PIDs of all processes in the group: [330]
[2025-11-24T18:58:35.600+0000] {process_utils.py:87} INFO - Sending the signal 15 to group 330
