[2025-11-24T20:40:05.719+0000] {local_task_job_runner.py:123} INFO - ::group::Pre task execution logs
[2025-11-24T20:40:05.740+0000] {taskinstance.py:2612} INFO - Dependencies all met for dep_context=non-requeueable deps ti=<TaskInstance: daily_stock_price_forecasting.predict manual__2025-11-24T20:38:28.902158+00:00 [queued]>
[2025-11-24T20:40:05.752+0000] {taskinstance.py:2612} INFO - Dependencies all met for dep_context=requeueable deps ti=<TaskInstance: daily_stock_price_forecasting.predict manual__2025-11-24T20:38:28.902158+00:00 [queued]>
[2025-11-24T20:40:05.753+0000] {taskinstance.py:2865} INFO - Starting attempt 1 of 1
[2025-11-24T20:40:05.771+0000] {taskinstance.py:2888} INFO - Executing <Task(_PythonDecoratedOperator): predict> on 2025-11-24 20:38:28.902158+00:00
[2025-11-24T20:40:05.785+0000] {logging_mixin.py:190} WARNING - /home/***/.local/lib/python3.12/site-packages/***/task/task_runner/standard_task_runner.py:70 DeprecationWarning: This process (pid=4407) is multi-threaded, use of fork() may lead to deadlocks in the child.
[2025-11-24T20:40:05.786+0000] {standard_task_runner.py:104} INFO - Running: ['***', 'tasks', 'run', 'daily_stock_price_forecasting', 'predict', 'manual__2025-11-24T20:38:28.902158+00:00', '--job-id', '271', '--raw', '--subdir', 'DAGS_FOLDER/train_forecast_stock_prices.py', '--cfg-path', '/tmp/tmp_x4k03lj']
[2025-11-24T20:40:05.788+0000] {standard_task_runner.py:72} INFO - Started process 4410 to run task
[2025-11-24T20:40:05.788+0000] {standard_task_runner.py:105} INFO - Job 271: Subtask predict
[2025-11-24T20:40:05.862+0000] {task_command.py:467} INFO - Running <TaskInstance: daily_stock_price_forecasting.predict manual__2025-11-24T20:38:28.902158+00:00 [running]> on host 70570c35513f
[2025-11-24T20:40:05.986+0000] {taskinstance.py:3131} INFO - Exporting env vars: AIRFLOW_CTX_DAG_OWNER='***' AIRFLOW_CTX_DAG_ID='daily_stock_price_forecasting' AIRFLOW_CTX_TASK_ID='predict' AIRFLOW_CTX_EXECUTION_DATE='2025-11-24T20:38:28.902158+00:00' AIRFLOW_CTX_TRY_NUMBER='1' AIRFLOW_CTX_DAG_RUN_ID='manual__2025-11-24T20:38:28.902158+00:00'
[2025-11-24T20:40:05.989+0000] {taskinstance.py:731} INFO - ::endgroup::
[2025-11-24T20:40:28.666+0000] {cursor.py:1156} INFO - Number of results in first chunk: 14
[2025-11-24T20:40:30.129+0000] {cursor.py:1156} INFO - Number of results in first chunk: 1
[2025-11-24T20:40:31.178+0000] {cursor.py:1156} INFO - Number of results in first chunk: 1
[2025-11-24T20:40:31.180+0000] {logging_mixin.py:190} INFO - Forecasting and storing results completed successfully.
[2025-11-24T20:40:31.181+0000] {python.py:240} INFO - Done. Returned value was: None
[2025-11-24T20:40:31.202+0000] {taskinstance.py:340} INFO - ::group::Post task execution logs
[2025-11-24T20:40:31.204+0000] {taskinstance.py:352} INFO - Marking task as SUCCESS. dag_id=daily_stock_price_forecasting, task_id=predict, run_id=manual__2025-11-24T20:38:28.902158+00:00, execution_date=20251124T203828, start_date=20251124T204005, end_date=20251124T204031
[2025-11-24T20:40:31.267+0000] {local_task_job_runner.py:266} INFO - Task exited with return code 0
[2025-11-24T20:40:31.288+0000] {taskinstance.py:3900} INFO - 0 downstream tasks scheduled from follow-on schedule check
[2025-11-24T20:40:31.293+0000] {local_task_job_runner.py:245} INFO - ::endgroup::
