[2025-11-06T20:43:45.819+0000] {local_task_job_runner.py:123} INFO - ::group::Pre task execution logs
[2025-11-06T20:43:45.842+0000] {taskinstance.py:2612} INFO - Dependencies all met for dep_context=non-requeueable deps ti=<TaskInstance: daily_yfinance_stock_ingestion.extract_stock_prices scheduled__2025-11-05T00:00:00+00:00 [queued]>
[2025-11-06T20:43:45.851+0000] {taskinstance.py:2612} INFO - Dependencies all met for dep_context=requeueable deps ti=<TaskInstance: daily_yfinance_stock_ingestion.extract_stock_prices scheduled__2025-11-05T00:00:00+00:00 [queued]>
[2025-11-06T20:43:45.852+0000] {taskinstance.py:2865} INFO - Starting attempt 1 of 1
[2025-11-06T20:43:46.034+0000] {taskinstance.py:2888} INFO - Executing <Task(_PythonDecoratedOperator): extract_stock_prices> on 2025-11-05 00:00:00+00:00
[2025-11-06T20:43:46.049+0000] {logging_mixin.py:190} WARNING - /home/***/.local/lib/python3.12/site-packages/***/task/task_runner/standard_task_runner.py:70 DeprecationWarning: This process (pid=212) is multi-threaded, use of fork() may lead to deadlocks in the child.
[2025-11-06T20:43:46.050+0000] {standard_task_runner.py:72} INFO - Started process 240 to run task
[2025-11-06T20:43:46.049+0000] {standard_task_runner.py:104} INFO - Running: ['***', 'tasks', 'run', 'daily_yfinance_stock_ingestion', 'extract_stock_prices', 'scheduled__2025-11-05T00:00:00+00:00', '--job-id', '133', '--raw', '--subdir', 'DAGS_FOLDER/daily_stock_ingestion.py', '--cfg-path', '/tmp/tmpypknuiwh']
[2025-11-06T20:43:46.053+0000] {standard_task_runner.py:105} INFO - Job 133: Subtask extract_stock_prices
[2025-11-06T20:43:46.130+0000] {task_command.py:467} INFO - Running <TaskInstance: daily_yfinance_stock_ingestion.extract_stock_prices scheduled__2025-11-05T00:00:00+00:00 [running]> on host 5080658c6a7c
[2025-11-06T20:43:46.261+0000] {taskinstance.py:3131} INFO - Exporting env vars: AIRFLOW_CTX_DAG_OWNER='***' AIRFLOW_CTX_DAG_ID='daily_yfinance_stock_ingestion' AIRFLOW_CTX_TASK_ID='extract_stock_prices' AIRFLOW_CTX_EXECUTION_DATE='2025-11-05T00:00:00+00:00' AIRFLOW_CTX_TRY_NUMBER='1' AIRFLOW_CTX_DAG_RUN_ID='scheduled__2025-11-05T00:00:00+00:00'
[2025-11-06T20:43:46.264+0000] {taskinstance.py:731} INFO - ::endgroup::
[2025-11-06T20:43:46.282+0000] {logging_mixin.py:190} WARNING - /opt/***/dags/daily_stock_ingestion.py:34 FutureWarning: YF.download() has changed argument auto_adjust default to True
[2025-11-06T20:43:46.627+0000] {logging_mixin.py:190} WARNING - [                       0%                       ]
[2025-11-06T20:43:46.634+0000] {logging_mixin.py:190} WARNING - [*********************100%***********************]  2 of 2 completed
[2025-11-06T20:43:46.641+0000] {python.py:240} INFO - Done. Returned value was: Ticker            AMZN              ...        GOOG          
Price             Open        High  ...       Close    Volume
Date                                ...                      
2025-02-21  223.279999  223.309998  ...  180.993835  19520800
2025-02-24  217.449997  217.720001  ...  180.605103  18734000
2025-02-25  211.630005  213.339996  ...  176.797440  20832500
2025-02-26  214.940002  218.160004  ...  174.136047  23637200
2025-02-27  218.350006  219.970001  ...  169.660568  25930500
...                ...         ...  ...         ...       ...
2025-10-30  227.059998  228.440002  ...  281.899994  48570000
2025-10-31  250.100006  250.500000  ...  281.820007  29932800
2025-11-03  255.360001  258.600006  ...  284.119995  19691800
2025-11-04  250.380005  257.010010  ...  278.059998  18123700
2025-11-06  249.220001  250.380005  ...  286.119995  17878377

[179 rows x 10 columns]
[2025-11-06T20:43:46.754+0000] {taskinstance.py:340} INFO - ::group::Post task execution logs
[2025-11-06T20:43:46.755+0000] {taskinstance.py:352} INFO - Marking task as SUCCESS. dag_id=daily_yfinance_stock_ingestion, task_id=extract_stock_prices, run_id=scheduled__2025-11-05T00:00:00+00:00, execution_date=20251105T000000, start_date=20251106T204345, end_date=20251106T204346
[2025-11-06T20:43:46.791+0000] {local_task_job_runner.py:266} INFO - Task exited with return code 0
[2025-11-06T20:43:46.820+0000] {taskinstance.py:3900} INFO - 1 downstream tasks scheduled from follow-on schedule check
[2025-11-06T20:43:46.823+0000] {local_task_job_runner.py:245} INFO - ::endgroup::
