[2025-10-05T02:45:07.849+0000] {local_task_job_runner.py:123} INFO - ::group::Pre task execution logs
[2025-10-05T02:45:07.873+0000] {taskinstance.py:2612} INFO - Dependencies all met for dep_context=non-requeueable deps ti=<TaskInstance: daily_yfinance_stock_ingestion.trigger_forecast_dag manual__2025-10-05T02:39:37.406344+00:00 [queued]>
[2025-10-05T02:45:07.886+0000] {taskinstance.py:2612} INFO - Dependencies all met for dep_context=requeueable deps ti=<TaskInstance: daily_yfinance_stock_ingestion.trigger_forecast_dag manual__2025-10-05T02:39:37.406344+00:00 [queued]>
[2025-10-05T02:45:07.888+0000] {taskinstance.py:2865} INFO - Starting attempt 1 of 1
[2025-10-05T02:45:07.907+0000] {taskinstance.py:2888} INFO - Executing <Task(TriggerDagRunOperator): trigger_forecast_dag> on 2025-10-05 02:39:37.406344+00:00
[2025-10-05T02:45:07.923+0000] {logging_mixin.py:190} WARNING - /home/***/.local/lib/python3.12/site-packages/***/task/task_runner/standard_task_runner.py:70 DeprecationWarning: This process (pid=3232) is multi-threaded, use of fork() may lead to deadlocks in the child.
[2025-10-05T02:45:07.926+0000] {standard_task_runner.py:72} INFO - Started process 3241 to run task
[2025-10-05T02:45:07.924+0000] {standard_task_runner.py:104} INFO - Running: ['***', 'tasks', 'run', 'daily_yfinance_stock_ingestion', 'trigger_forecast_dag', 'manual__2025-10-05T02:39:37.406344+00:00', '--job-id', '24', '--raw', '--subdir', 'DAGS_FOLDER/daily_stock_ingestion.py', '--cfg-path', '/tmp/tmp_th00u0_']
[2025-10-05T02:45:07.929+0000] {standard_task_runner.py:105} INFO - Job 24: Subtask trigger_forecast_dag
[2025-10-05T02:45:08.007+0000] {task_command.py:467} INFO - Running <TaskInstance: daily_yfinance_stock_ingestion.trigger_forecast_dag manual__2025-10-05T02:39:37.406344+00:00 [running]> on host 3c693694ef07
[2025-10-05T02:45:08.129+0000] {taskinstance.py:3131} INFO - Exporting env vars: AIRFLOW_CTX_DAG_OWNER='***' AIRFLOW_CTX_DAG_ID='daily_yfinance_stock_ingestion' AIRFLOW_CTX_TASK_ID='trigger_forecast_dag' AIRFLOW_CTX_EXECUTION_DATE='2025-10-05T02:39:37.406344+00:00' AIRFLOW_CTX_TRY_NUMBER='1' AIRFLOW_CTX_DAG_RUN_ID='manual__2025-10-05T02:39:37.406344+00:00'
[2025-10-05T02:45:08.131+0000] {taskinstance.py:731} INFO - ::endgroup::
[2025-10-05T02:45:08.240+0000] {trigger_dagrun.py:257} INFO - Waiting for daily_stock_price_forecasting on 2025-10-05 02:45:08.135798+00:00 to become allowed state ['success'] ...
[2025-10-05T02:46:04.492+0000] {trigger_dagrun.py:257} INFO - Waiting for daily_stock_price_forecasting on 2025-10-05 02:45:08.135798+00:00 to become allowed state ['success'] ...
[2025-10-05T02:47:00.696+0000] {trigger_dagrun.py:257} INFO - Waiting for daily_stock_price_forecasting on 2025-10-05 02:45:08.135798+00:00 to become allowed state ['success'] ...
[2025-10-05T02:47:57.007+0000] {trigger_dagrun.py:271} INFO - daily_stock_price_forecasting finished with allowed state success
[2025-10-05T02:47:57.015+0000] {taskinstance.py:340} INFO - ::group::Post task execution logs
[2025-10-05T02:47:57.016+0000] {taskinstance.py:352} INFO - Marking task as SUCCESS. dag_id=daily_yfinance_stock_ingestion, task_id=trigger_forecast_dag, run_id=manual__2025-10-05T02:39:37.406344+00:00, execution_date=20251005T023937, start_date=20251005T024507, end_date=20251005T024757
[2025-10-05T02:47:57.059+0000] {local_task_job_runner.py:266} INFO - Task exited with return code 0
[2025-10-05T02:47:57.073+0000] {taskinstance.py:3900} INFO - 0 downstream tasks scheduled from follow-on schedule check
[2025-10-05T02:47:57.075+0000] {local_task_job_runner.py:245} INFO - ::endgroup::
