[2025-10-05T01:18:56.135+0000] {local_task_job_runner.py:123} INFO - ::group::Pre task execution logs
[2025-10-05T01:18:56.156+0000] {taskinstance.py:2612} INFO - Dependencies all met for dep_context=non-requeueable deps ti=<TaskInstance: daily_yfinance_stock_ingestion.load_stock_prices_snowflake manual__2025-10-05T01:18:47.891016+00:00 [queued]>
[2025-10-05T01:18:56.168+0000] {taskinstance.py:2612} INFO - Dependencies all met for dep_context=requeueable deps ti=<TaskInstance: daily_yfinance_stock_ingestion.load_stock_prices_snowflake manual__2025-10-05T01:18:47.891016+00:00 [queued]>
[2025-10-05T01:18:56.170+0000] {taskinstance.py:2865} INFO - Starting attempt 1 of 1
[2025-10-05T01:18:56.188+0000] {taskinstance.py:2888} INFO - Executing <Task(_PythonDecoratedOperator): load_stock_prices_snowflake> on 2025-10-05 01:18:47.891016+00:00
[2025-10-05T01:18:56.200+0000] {logging_mixin.py:190} WARNING - /home/***/.local/lib/python3.12/site-packages/***/task/task_runner/standard_task_runner.py:70 DeprecationWarning: This process (pid=481) is multi-threaded, use of fork() may lead to deadlocks in the child.
[2025-10-05T01:18:56.203+0000] {standard_task_runner.py:72} INFO - Started process 484 to run task
[2025-10-05T01:18:56.201+0000] {standard_task_runner.py:104} INFO - Running: ['***', 'tasks', 'run', 'daily_yfinance_stock_ingestion', 'load_stock_prices_snowflake', 'manual__2025-10-05T01:18:47.891016+00:00', '--job-id', '7', '--raw', '--subdir', 'DAGS_FOLDER/daily_stock_ingestion.py', '--cfg-path', '/tmp/tmp47dwsqwr']
[2025-10-05T01:18:56.205+0000] {standard_task_runner.py:105} INFO - Job 7: Subtask load_stock_prices_snowflake
[2025-10-05T01:18:56.271+0000] {task_command.py:467} INFO - Running <TaskInstance: daily_yfinance_stock_ingestion.load_stock_prices_snowflake manual__2025-10-05T01:18:47.891016+00:00 [running]> on host 3c693694ef07
[2025-10-05T01:18:56.490+0000] {taskinstance.py:3131} INFO - Exporting env vars: AIRFLOW_CTX_DAG_OWNER='***' AIRFLOW_CTX_DAG_ID='daily_yfinance_stock_ingestion' AIRFLOW_CTX_TASK_ID='load_stock_prices_snowflake' AIRFLOW_CTX_EXECUTION_DATE='2025-10-05T01:18:47.891016+00:00' AIRFLOW_CTX_TRY_NUMBER='1' AIRFLOW_CTX_DAG_RUN_ID='manual__2025-10-05T01:18:47.891016+00:00'
[2025-10-05T01:18:56.493+0000] {taskinstance.py:731} INFO - ::endgroup::
[2025-10-05T01:18:56.514+0000] {base.py:84} INFO - Retrieving connection 'snowflake_conn'
[2025-10-05T01:18:56.517+0000] {connection.py:413} INFO - Snowflake Connector for Python Version: 3.12.1, Python Version: 3.12.5, Platform: Linux-5.15.167.4-microsoft-standard-WSL2-x86_64-with-glibc2.36
[2025-10-05T01:18:56.520+0000] {connection.py:1196} INFO - Connecting to GLOBAL Snowflake domain
[2025-10-05T01:18:56.521+0000] {connection.py:1277} INFO - This connection is in OCSP Fail Open Mode. TLS Certificates would be checked for validity and revocation status. Any other Certificate Revocation related exceptions or OCSP Responder failures would be disregarded in favor of connectivity.
[2025-10-05T01:18:57.483+0000] {cursor.py:1156} INFO - Number of results in first chunk: 1
[2025-10-05T01:18:57.589+0000] {cursor.py:1156} INFO - Number of results in first chunk: 1
[2025-10-05T01:29:51.475+0000] {cursor.py:1156} INFO - Number of results in first chunk: 1
[2025-10-05T01:29:51.477+0000] {python.py:240} INFO - Done. Returned value was: None
[2025-10-05T01:29:51.491+0000] {taskinstance.py:340} INFO - ::group::Post task execution logs
[2025-10-05T01:29:51.492+0000] {taskinstance.py:352} INFO - Marking task as SUCCESS. dag_id=daily_yfinance_stock_ingestion, task_id=load_stock_prices_snowflake, run_id=manual__2025-10-05T01:18:47.891016+00:00, execution_date=20251005T011847, start_date=20251005T011856, end_date=20251005T012951
[2025-10-05T01:29:51.559+0000] {local_task_job_runner.py:266} INFO - Task exited with return code 0
[2025-10-05T01:29:51.581+0000] {taskinstance.py:3900} INFO - 0 downstream tasks scheduled from follow-on schedule check
[2025-10-05T01:29:51.585+0000] {local_task_job_runner.py:245} INFO - ::endgroup::
