[2025-10-28T00:07:16.539+0000] {local_task_job_runner.py:123} INFO - ::group::Pre task execution logs
[2025-10-28T00:07:16.549+0000] {taskinstance.py:2612} INFO - Dependencies all met for dep_context=non-requeueable deps ti=<TaskInstance: daily_yfinance_stock_ingestion.trigger_forecast_dag scheduled__2025-10-27T00:00:00+00:00 [queued]>
[2025-10-28T00:07:16.555+0000] {taskinstance.py:2612} INFO - Dependencies all met for dep_context=requeueable deps ti=<TaskInstance: daily_yfinance_stock_ingestion.trigger_forecast_dag scheduled__2025-10-27T00:00:00+00:00 [queued]>
[2025-10-28T00:07:16.556+0000] {taskinstance.py:2865} INFO - Starting attempt 1 of 1
[2025-10-28T00:07:16.669+0000] {taskinstance.py:2888} INFO - Executing <Task(TriggerDagRunOperator): trigger_forecast_dag> on 2025-10-27 00:00:00+00:00
[2025-10-28T00:07:16.678+0000] {logging_mixin.py:190} WARNING - /home/***/.local/lib/python3.12/site-packages/***/task/task_runner/standard_task_runner.py:70 DeprecationWarning: This process (pid=8551) is multi-threaded, use of fork() may lead to deadlocks in the child.
[2025-10-28T00:07:16.679+0000] {standard_task_runner.py:72} INFO - Started process 8560 to run task
[2025-10-28T00:07:16.678+0000] {standard_task_runner.py:104} INFO - Running: ['***', 'tasks', 'run', 'daily_yfinance_stock_ingestion', 'trigger_forecast_dag', 'scheduled__2025-10-27T00:00:00+00:00', '--job-id', '97', '--raw', '--subdir', 'DAGS_FOLDER/daily_stock_ingestion.py', '--cfg-path', '/tmp/tmpvou1d5gb']
[2025-10-28T00:07:16.680+0000] {standard_task_runner.py:105} INFO - Job 97: Subtask trigger_forecast_dag
[2025-10-28T00:07:16.715+0000] {task_command.py:467} INFO - Running <TaskInstance: daily_yfinance_stock_ingestion.trigger_forecast_dag scheduled__2025-10-27T00:00:00+00:00 [running]> on host 5080658c6a7c
[2025-10-28T00:07:16.776+0000] {taskinstance.py:3131} INFO - Exporting env vars: AIRFLOW_CTX_DAG_OWNER='***' AIRFLOW_CTX_DAG_ID='daily_yfinance_stock_ingestion' AIRFLOW_CTX_TASK_ID='trigger_forecast_dag' AIRFLOW_CTX_EXECUTION_DATE='2025-10-27T00:00:00+00:00' AIRFLOW_CTX_TRY_NUMBER='1' AIRFLOW_CTX_DAG_RUN_ID='scheduled__2025-10-27T00:00:00+00:00'
[2025-10-28T00:07:16.778+0000] {taskinstance.py:731} INFO - ::endgroup::
[2025-10-28T00:07:16.829+0000] {trigger_dagrun.py:257} INFO - Waiting for daily_stock_price_forecasting on 2025-10-28 00:07:16.780436+00:00 to become allowed state ['success'] ...
[2025-10-28T00:08:19.933+0000] {trigger_dagrun.py:257} INFO - Waiting for daily_stock_price_forecasting on 2025-10-28 00:07:16.780436+00:00 to become allowed state ['success'] ...
[2025-10-28T00:09:23.013+0000] {trigger_dagrun.py:257} INFO - Waiting for daily_stock_price_forecasting on 2025-10-28 00:07:16.780436+00:00 to become allowed state ['success'] ...
[2025-10-28T00:10:26.105+0000] {trigger_dagrun.py:271} INFO - daily_stock_price_forecasting finished with allowed state success
[2025-10-28T00:10:26.112+0000] {taskinstance.py:340} INFO - ::group::Post task execution logs
[2025-10-28T00:10:26.113+0000] {taskinstance.py:352} INFO - Marking task as SUCCESS. dag_id=daily_yfinance_stock_ingestion, task_id=trigger_forecast_dag, run_id=scheduled__2025-10-27T00:00:00+00:00, execution_date=20251027T000000, start_date=20251028T000716, end_date=20251028T001026
[2025-10-28T00:10:26.128+0000] {local_task_job_runner.py:266} INFO - Task exited with return code 0
[2025-10-28T00:10:26.141+0000] {taskinstance.py:3900} INFO - 0 downstream tasks scheduled from follow-on schedule check
[2025-10-28T00:10:26.142+0000] {local_task_job_runner.py:245} INFO - ::endgroup::
