[2025-11-24T20:38:59.177+0000] {local_task_job_runner.py:123} INFO - ::group::Pre task execution logs
[2025-11-24T20:38:59.202+0000] {taskinstance.py:2612} INFO - Dependencies all met for dep_context=non-requeueable deps ti=<TaskInstance: dbt_elt_pipeline.dbt_snapshot manual__2025-11-24T20:38:28.900491+00:00 [queued]>
[2025-11-24T20:38:59.213+0000] {taskinstance.py:2612} INFO - Dependencies all met for dep_context=requeueable deps ti=<TaskInstance: dbt_elt_pipeline.dbt_snapshot manual__2025-11-24T20:38:28.900491+00:00 [queued]>
[2025-11-24T20:38:59.214+0000] {taskinstance.py:2865} INFO - Starting attempt 1 of 1
[2025-11-24T20:38:59.235+0000] {taskinstance.py:2888} INFO - Executing <Task(BashOperator): dbt_snapshot> on 2025-11-24 20:38:28.900491+00:00
[2025-11-24T20:38:59.250+0000] {standard_task_runner.py:104} INFO - Running: ['***', 'tasks', 'run', 'dbt_elt_pipeline', 'dbt_snapshot', 'manual__2025-11-24T20:38:28.900491+00:00', '--job-id', '270', '--raw', '--subdir', 'DAGS_FOLDER/elt_dbt_stock_pipeline.py', '--cfg-path', '/tmp/tmp294ps7jb']
[2025-11-24T20:38:59.253+0000] {logging_mixin.py:190} WARNING - /home/***/.local/lib/python3.12/site-packages/***/task/task_runner/standard_task_runner.py:70 DeprecationWarning: This process (pid=4325) is multi-threaded, use of fork() may lead to deadlocks in the child.
[2025-11-24T20:38:59.254+0000] {standard_task_runner.py:105} INFO - Job 270: Subtask dbt_snapshot
[2025-11-24T20:38:59.255+0000] {standard_task_runner.py:72} INFO - Started process 4332 to run task
[2025-11-24T20:38:59.318+0000] {task_command.py:467} INFO - Running <TaskInstance: dbt_elt_pipeline.dbt_snapshot manual__2025-11-24T20:38:28.900491+00:00 [running]> on host 70570c35513f
[2025-11-24T20:38:59.429+0000] {taskinstance.py:3131} INFO - Exporting env vars: AIRFLOW_CTX_DAG_OWNER='***' AIRFLOW_CTX_DAG_ID='dbt_elt_pipeline' AIRFLOW_CTX_TASK_ID='dbt_snapshot' AIRFLOW_CTX_EXECUTION_DATE='2025-11-24T20:38:28.900491+00:00' AIRFLOW_CTX_TRY_NUMBER='1' AIRFLOW_CTX_DAG_RUN_ID='manual__2025-11-24T20:38:28.900491+00:00'
[2025-11-24T20:38:59.430+0000] {taskinstance.py:731} INFO - ::endgroup::
[2025-11-24T20:38:59.449+0000] {subprocess.py:63} INFO - Tmp dir root location: /tmp
[2025-11-24T20:38:59.451+0000] {subprocess.py:75} INFO - Running command: ['/usr/bin/bash', '-c', 'cd /opt/***/dbt/stock_analytics && dbt snapshot --profiles-dir .']
[2025-11-24T20:38:59.462+0000] {subprocess.py:86} INFO - Output:
[2025-11-24T20:39:01.915+0000] {subprocess.py:93} INFO - [0m20:39:01  Running with dbt=1.8.7
[2025-11-24T20:39:03.125+0000] {subprocess.py:93} INFO - [0m20:39:03  Registered adapter: snowflake=1.8.4
[2025-11-24T20:39:05.805+0000] {subprocess.py:93} INFO - [0m20:39:05  Found 2 models, 1 snapshot, 9 data tests, 1 source, 460 macros
[2025-11-24T20:39:05.809+0000] {subprocess.py:93} INFO - [0m20:39:05
[2025-11-24T20:39:07.206+0000] {subprocess.py:93} INFO - [0m20:39:07  Concurrency: 1 threads (target='dev')
[2025-11-24T20:39:07.207+0000] {subprocess.py:93} INFO - [0m20:39:07
[2025-11-24T20:39:07.223+0000] {subprocess.py:93} INFO - [0m20:39:07  1 of 1 START snapshot ANALYTICS.stg_prices_test_snapshot ....................... [RUN]
[2025-11-24T20:39:11.475+0000] {subprocess.py:93} INFO - [0m20:39:11  1 of 1 OK snapshotted ANALYTICS.stg_prices_test_snapshot ....................... [[32mSUCCESS 0[0m in 4.25s]
[2025-11-24T20:39:11.483+0000] {subprocess.py:93} INFO - [0m20:39:11
[2025-11-24T20:39:11.484+0000] {subprocess.py:93} INFO - [0m20:39:11  Finished running 1 snapshot in 0 hours 0 minutes and 5.67 seconds (5.67s).
[2025-11-24T20:39:11.554+0000] {subprocess.py:93} INFO - [0m20:39:11
[2025-11-24T20:39:11.555+0000] {subprocess.py:93} INFO - [0m20:39:11  [32mCompleted successfully[0m
[2025-11-24T20:39:11.555+0000] {subprocess.py:93} INFO - [0m20:39:11
[2025-11-24T20:39:11.556+0000] {subprocess.py:93} INFO - [0m20:39:11  Done. PASS=1 WARN=0 ERROR=0 SKIP=0 TOTAL=1
[2025-11-24T20:39:12.439+0000] {subprocess.py:97} INFO - Command exited with return code 0
[2025-11-24T20:39:12.479+0000] {taskinstance.py:340} INFO - ::group::Post task execution logs
[2025-11-24T20:39:12.481+0000] {taskinstance.py:352} INFO - Marking task as SUCCESS. dag_id=dbt_elt_pipeline, task_id=dbt_snapshot, run_id=manual__2025-11-24T20:38:28.900491+00:00, execution_date=20251124T203828, start_date=20251124T203859, end_date=20251124T203912
[2025-11-24T20:39:12.525+0000] {local_task_job_runner.py:266} INFO - Task exited with return code 0
[2025-11-24T20:39:12.549+0000] {taskinstance.py:3900} INFO - 0 downstream tasks scheduled from follow-on schedule check
[2025-11-24T20:39:12.552+0000] {local_task_job_runner.py:245} INFO - ::endgroup::
