[2025-11-23T23:47:58.229+0000] {processor.py:186} INFO - Started process (PID=248) to work on /opt/airflow/dags/daily_stock_ingestion.py
[2025-11-23T23:47:58.230+0000] {processor.py:914} INFO - Processing file /opt/airflow/dags/daily_stock_ingestion.py for tasks to queue
[2025-11-23T23:47:58.235+0000] {logging_mixin.py:190} INFO - [2025-11-23T23:47:58.234+0000] {dagbag.py:587} INFO - Filling up the DagBag from /opt/airflow/dags/daily_stock_ingestion.py
[2025-11-23T23:47:59.257+0000] {processor.py:925} INFO - DAG(s) 'daily_yfinance_stock_ingestion' retrieved from /opt/airflow/dags/daily_stock_ingestion.py
[2025-11-23T23:47:59.278+0000] {logging_mixin.py:190} INFO - [2025-11-23T23:47:59.277+0000] {dag.py:3229} INFO - Sync 1 DAGs
[2025-11-23T23:47:59.325+0000] {logging_mixin.py:190} INFO - [2025-11-23T23:47:59.324+0000] {dag.py:4156} INFO - Setting next_dagrun for daily_yfinance_stock_ingestion to 2025-11-23 00:00:00+00:00, run_after=2025-11-24 00:00:00+00:00
[2025-11-23T23:47:59.657+0000] {processor.py:208} INFO - Processing /opt/airflow/dags/daily_stock_ingestion.py took 1.441 seconds
[2025-11-23T23:48:30.362+0000] {processor.py:186} INFO - Started process (PID=422) to work on /opt/airflow/dags/daily_stock_ingestion.py
[2025-11-23T23:48:30.363+0000] {processor.py:914} INFO - Processing file /opt/airflow/dags/daily_stock_ingestion.py for tasks to queue
[2025-11-23T23:48:30.366+0000] {logging_mixin.py:190} INFO - [2025-11-23T23:48:30.366+0000] {dagbag.py:587} INFO - Filling up the DagBag from /opt/airflow/dags/daily_stock_ingestion.py
[2025-11-23T23:48:30.937+0000] {processor.py:925} INFO - DAG(s) 'daily_yfinance_stock_ingestion' retrieved from /opt/airflow/dags/daily_stock_ingestion.py
[2025-11-23T23:48:30.956+0000] {logging_mixin.py:190} INFO - [2025-11-23T23:48:30.954+0000] {dag.py:3229} INFO - Sync 1 DAGs
[2025-11-23T23:48:31.212+0000] {logging_mixin.py:190} INFO - [2025-11-23T23:48:31.212+0000] {dag.py:4156} INFO - Setting next_dagrun for daily_yfinance_stock_ingestion to 2025-11-23 00:00:00+00:00, run_after=2025-11-24 00:00:00+00:00
[2025-11-23T23:48:31.246+0000] {processor.py:208} INFO - Processing /opt/airflow/dags/daily_stock_ingestion.py took 0.891 seconds
[2025-11-23T23:49:01.356+0000] {processor.py:186} INFO - Started process (PID=446) to work on /opt/airflow/dags/daily_stock_ingestion.py
[2025-11-23T23:49:01.358+0000] {processor.py:914} INFO - Processing file /opt/airflow/dags/daily_stock_ingestion.py for tasks to queue
[2025-11-23T23:49:01.361+0000] {logging_mixin.py:190} INFO - [2025-11-23T23:49:01.361+0000] {dagbag.py:587} INFO - Filling up the DagBag from /opt/airflow/dags/daily_stock_ingestion.py
[2025-11-23T23:49:02.010+0000] {processor.py:925} INFO - DAG(s) 'daily_yfinance_stock_ingestion' retrieved from /opt/airflow/dags/daily_stock_ingestion.py
[2025-11-23T23:49:02.270+0000] {logging_mixin.py:190} INFO - [2025-11-23T23:49:02.269+0000] {dag.py:3229} INFO - Sync 1 DAGs
[2025-11-23T23:49:02.301+0000] {logging_mixin.py:190} INFO - [2025-11-23T23:49:02.301+0000] {dag.py:4156} INFO - Setting next_dagrun for daily_yfinance_stock_ingestion to 2025-11-23 00:00:00+00:00, run_after=2025-11-24 00:00:00+00:00
[2025-11-23T23:49:02.329+0000] {processor.py:208} INFO - Processing /opt/airflow/dags/daily_stock_ingestion.py took 0.980 seconds
[2025-11-23T23:49:32.423+0000] {processor.py:186} INFO - Started process (PID=464) to work on /opt/airflow/dags/daily_stock_ingestion.py
[2025-11-23T23:49:32.424+0000] {processor.py:914} INFO - Processing file /opt/airflow/dags/daily_stock_ingestion.py for tasks to queue
[2025-11-23T23:49:32.427+0000] {logging_mixin.py:190} INFO - [2025-11-23T23:49:32.426+0000] {dagbag.py:587} INFO - Filling up the DagBag from /opt/airflow/dags/daily_stock_ingestion.py
[2025-11-23T23:49:32.955+0000] {processor.py:925} INFO - DAG(s) 'daily_yfinance_stock_ingestion' retrieved from /opt/airflow/dags/daily_stock_ingestion.py
[2025-11-23T23:49:32.969+0000] {logging_mixin.py:190} INFO - [2025-11-23T23:49:32.968+0000] {dag.py:3229} INFO - Sync 1 DAGs
[2025-11-23T23:49:32.998+0000] {logging_mixin.py:190} INFO - [2025-11-23T23:49:32.997+0000] {dag.py:4156} INFO - Setting next_dagrun for daily_yfinance_stock_ingestion to 2025-11-23 00:00:00+00:00, run_after=2025-11-24 00:00:00+00:00
[2025-11-23T23:49:33.020+0000] {processor.py:208} INFO - Processing /opt/airflow/dags/daily_stock_ingestion.py took 0.603 seconds
[2025-11-23T23:50:03.140+0000] {processor.py:186} INFO - Started process (PID=485) to work on /opt/airflow/dags/daily_stock_ingestion.py
[2025-11-23T23:50:03.141+0000] {processor.py:914} INFO - Processing file /opt/airflow/dags/daily_stock_ingestion.py for tasks to queue
[2025-11-23T23:50:03.146+0000] {logging_mixin.py:190} INFO - [2025-11-23T23:50:03.145+0000] {dagbag.py:587} INFO - Filling up the DagBag from /opt/airflow/dags/daily_stock_ingestion.py
[2025-11-23T23:50:03.754+0000] {processor.py:925} INFO - DAG(s) 'daily_yfinance_stock_ingestion' retrieved from /opt/airflow/dags/daily_stock_ingestion.py
[2025-11-23T23:50:03.771+0000] {logging_mixin.py:190} INFO - [2025-11-23T23:50:03.770+0000] {dag.py:3229} INFO - Sync 1 DAGs
[2025-11-23T23:50:03.805+0000] {logging_mixin.py:190} INFO - [2025-11-23T23:50:03.805+0000] {dag.py:4156} INFO - Setting next_dagrun for daily_yfinance_stock_ingestion to 2025-11-23 00:00:00+00:00, run_after=2025-11-24 00:00:00+00:00
[2025-11-23T23:50:04.041+0000] {processor.py:208} INFO - Processing /opt/airflow/dags/daily_stock_ingestion.py took 0.909 seconds
[2025-11-23T23:50:34.742+0000] {processor.py:186} INFO - Started process (PID=511) to work on /opt/airflow/dags/daily_stock_ingestion.py
[2025-11-23T23:50:34.743+0000] {processor.py:914} INFO - Processing file /opt/airflow/dags/daily_stock_ingestion.py for tasks to queue
[2025-11-23T23:50:34.747+0000] {logging_mixin.py:190} INFO - [2025-11-23T23:50:34.746+0000] {dagbag.py:587} INFO - Filling up the DagBag from /opt/airflow/dags/daily_stock_ingestion.py
[2025-11-23T23:50:35.217+0000] {processor.py:925} INFO - DAG(s) 'daily_yfinance_stock_ingestion' retrieved from /opt/airflow/dags/daily_stock_ingestion.py
[2025-11-23T23:50:35.231+0000] {logging_mixin.py:190} INFO - [2025-11-23T23:50:35.230+0000] {dag.py:3229} INFO - Sync 1 DAGs
[2025-11-23T23:50:35.260+0000] {logging_mixin.py:190} INFO - [2025-11-23T23:50:35.260+0000] {dag.py:4156} INFO - Setting next_dagrun for daily_yfinance_stock_ingestion to 2025-11-23 00:00:00+00:00, run_after=2025-11-24 00:00:00+00:00
[2025-11-23T23:50:35.279+0000] {processor.py:208} INFO - Processing /opt/airflow/dags/daily_stock_ingestion.py took 0.544 seconds
[2025-11-23T23:51:05.406+0000] {processor.py:186} INFO - Started process (PID=550) to work on /opt/airflow/dags/daily_stock_ingestion.py
[2025-11-23T23:51:05.408+0000] {processor.py:914} INFO - Processing file /opt/airflow/dags/daily_stock_ingestion.py for tasks to queue
[2025-11-23T23:51:05.412+0000] {logging_mixin.py:190} INFO - [2025-11-23T23:51:05.412+0000] {dagbag.py:587} INFO - Filling up the DagBag from /opt/airflow/dags/daily_stock_ingestion.py
[2025-11-23T23:51:05.920+0000] {processor.py:925} INFO - DAG(s) 'daily_yfinance_stock_ingestion' retrieved from /opt/airflow/dags/daily_stock_ingestion.py
[2025-11-23T23:51:06.133+0000] {logging_mixin.py:190} INFO - [2025-11-23T23:51:06.132+0000] {dag.py:3229} INFO - Sync 1 DAGs
[2025-11-23T23:51:06.163+0000] {logging_mixin.py:190} INFO - [2025-11-23T23:51:06.162+0000] {dag.py:4156} INFO - Setting next_dagrun for daily_yfinance_stock_ingestion to 2025-11-23 00:00:00+00:00, run_after=2025-11-24 00:00:00+00:00
[2025-11-23T23:51:06.188+0000] {processor.py:208} INFO - Processing /opt/airflow/dags/daily_stock_ingestion.py took 0.790 seconds
[2025-11-23T23:51:36.892+0000] {processor.py:186} INFO - Started process (PID=573) to work on /opt/airflow/dags/daily_stock_ingestion.py
[2025-11-23T23:51:36.893+0000] {processor.py:914} INFO - Processing file /opt/airflow/dags/daily_stock_ingestion.py for tasks to queue
[2025-11-23T23:51:36.897+0000] {logging_mixin.py:190} INFO - [2025-11-23T23:51:36.896+0000] {dagbag.py:587} INFO - Filling up the DagBag from /opt/airflow/dags/daily_stock_ingestion.py
[2025-11-23T23:51:37.485+0000] {processor.py:925} INFO - DAG(s) 'daily_yfinance_stock_ingestion' retrieved from /opt/airflow/dags/daily_stock_ingestion.py
[2025-11-23T23:51:37.502+0000] {logging_mixin.py:190} INFO - [2025-11-23T23:51:37.501+0000] {dag.py:3229} INFO - Sync 1 DAGs
[2025-11-23T23:51:37.531+0000] {logging_mixin.py:190} INFO - [2025-11-23T23:51:37.531+0000] {dag.py:4156} INFO - Setting next_dagrun for daily_yfinance_stock_ingestion to 2025-11-23 00:00:00+00:00, run_after=2025-11-24 00:00:00+00:00
[2025-11-23T23:51:37.564+0000] {processor.py:208} INFO - Processing /opt/airflow/dags/daily_stock_ingestion.py took 0.680 seconds
[2025-11-23T23:52:07.996+0000] {processor.py:186} INFO - Started process (PID=594) to work on /opt/airflow/dags/daily_stock_ingestion.py
[2025-11-23T23:52:07.999+0000] {processor.py:914} INFO - Processing file /opt/airflow/dags/daily_stock_ingestion.py for tasks to queue
[2025-11-23T23:52:08.003+0000] {logging_mixin.py:190} INFO - [2025-11-23T23:52:08.003+0000] {dagbag.py:587} INFO - Filling up the DagBag from /opt/airflow/dags/daily_stock_ingestion.py
[2025-11-23T23:52:08.666+0000] {processor.py:925} INFO - DAG(s) 'daily_yfinance_stock_ingestion' retrieved from /opt/airflow/dags/daily_stock_ingestion.py
[2025-11-23T23:52:08.686+0000] {logging_mixin.py:190} INFO - [2025-11-23T23:52:08.685+0000] {dag.py:3229} INFO - Sync 1 DAGs
[2025-11-23T23:52:08.721+0000] {logging_mixin.py:190} INFO - [2025-11-23T23:52:08.720+0000] {dag.py:4156} INFO - Setting next_dagrun for daily_yfinance_stock_ingestion to 2025-11-23 00:00:00+00:00, run_after=2025-11-24 00:00:00+00:00
[2025-11-23T23:52:08.967+0000] {processor.py:208} INFO - Processing /opt/airflow/dags/daily_stock_ingestion.py took 0.980 seconds
[2025-11-23T23:52:39.328+0000] {processor.py:186} INFO - Started process (PID=615) to work on /opt/airflow/dags/daily_stock_ingestion.py
[2025-11-23T23:52:39.333+0000] {processor.py:914} INFO - Processing file /opt/airflow/dags/daily_stock_ingestion.py for tasks to queue
[2025-11-23T23:52:39.338+0000] {logging_mixin.py:190} INFO - [2025-11-23T23:52:39.337+0000] {dagbag.py:587} INFO - Filling up the DagBag from /opt/airflow/dags/daily_stock_ingestion.py
[2025-11-23T23:52:39.892+0000] {processor.py:925} INFO - DAG(s) 'daily_yfinance_stock_ingestion' retrieved from /opt/airflow/dags/daily_stock_ingestion.py
[2025-11-23T23:52:39.911+0000] {logging_mixin.py:190} INFO - [2025-11-23T23:52:39.911+0000] {dag.py:3229} INFO - Sync 1 DAGs
[2025-11-23T23:52:39.941+0000] {logging_mixin.py:190} INFO - [2025-11-23T23:52:39.940+0000] {dag.py:4156} INFO - Setting next_dagrun for daily_yfinance_stock_ingestion to 2025-11-23 00:00:00+00:00, run_after=2025-11-24 00:00:00+00:00
[2025-11-23T23:52:39.972+0000] {processor.py:208} INFO - Processing /opt/airflow/dags/daily_stock_ingestion.py took 0.652 seconds
[2025-11-23T23:53:10.411+0000] {processor.py:186} INFO - Started process (PID=646) to work on /opt/airflow/dags/daily_stock_ingestion.py
[2025-11-23T23:53:10.413+0000] {processor.py:914} INFO - Processing file /opt/airflow/dags/daily_stock_ingestion.py for tasks to queue
[2025-11-23T23:53:10.417+0000] {logging_mixin.py:190} INFO - [2025-11-23T23:53:10.417+0000] {dagbag.py:587} INFO - Filling up the DagBag from /opt/airflow/dags/daily_stock_ingestion.py
[2025-11-23T23:53:10.929+0000] {processor.py:925} INFO - DAG(s) 'daily_yfinance_stock_ingestion' retrieved from /opt/airflow/dags/daily_stock_ingestion.py
[2025-11-23T23:53:11.136+0000] {logging_mixin.py:190} INFO - [2025-11-23T23:53:11.135+0000] {dag.py:3229} INFO - Sync 1 DAGs
[2025-11-23T23:53:11.168+0000] {logging_mixin.py:190} INFO - [2025-11-23T23:53:11.168+0000] {dag.py:4156} INFO - Setting next_dagrun for daily_yfinance_stock_ingestion to 2025-11-23 00:00:00+00:00, run_after=2025-11-24 00:00:00+00:00
[2025-11-23T23:53:11.195+0000] {processor.py:208} INFO - Processing /opt/airflow/dags/daily_stock_ingestion.py took 0.793 seconds
[2025-11-23T23:53:41.791+0000] {processor.py:186} INFO - Started process (PID=668) to work on /opt/airflow/dags/daily_stock_ingestion.py
[2025-11-23T23:53:41.793+0000] {processor.py:914} INFO - Processing file /opt/airflow/dags/daily_stock_ingestion.py for tasks to queue
[2025-11-23T23:53:41.796+0000] {logging_mixin.py:190} INFO - [2025-11-23T23:53:41.795+0000] {dagbag.py:587} INFO - Filling up the DagBag from /opt/airflow/dags/daily_stock_ingestion.py
[2025-11-23T23:53:42.361+0000] {processor.py:925} INFO - DAG(s) 'daily_yfinance_stock_ingestion' retrieved from /opt/airflow/dags/daily_stock_ingestion.py
[2025-11-23T23:53:42.376+0000] {logging_mixin.py:190} INFO - [2025-11-23T23:53:42.375+0000] {dag.py:3229} INFO - Sync 1 DAGs
[2025-11-23T23:53:42.399+0000] {logging_mixin.py:190} INFO - [2025-11-23T23:53:42.399+0000] {dag.py:4156} INFO - Setting next_dagrun for daily_yfinance_stock_ingestion to 2025-11-23 00:00:00+00:00, run_after=2025-11-24 00:00:00+00:00
[2025-11-23T23:53:42.423+0000] {processor.py:208} INFO - Processing /opt/airflow/dags/daily_stock_ingestion.py took 0.638 seconds
[2025-11-23T23:54:13.086+0000] {processor.py:186} INFO - Started process (PID=689) to work on /opt/airflow/dags/daily_stock_ingestion.py
[2025-11-23T23:54:13.089+0000] {processor.py:914} INFO - Processing file /opt/airflow/dags/daily_stock_ingestion.py for tasks to queue
[2025-11-23T23:54:13.093+0000] {logging_mixin.py:190} INFO - [2025-11-23T23:54:13.092+0000] {dagbag.py:587} INFO - Filling up the DagBag from /opt/airflow/dags/daily_stock_ingestion.py
[2025-11-23T23:54:14.233+0000] {processor.py:925} INFO - DAG(s) 'daily_yfinance_stock_ingestion' retrieved from /opt/airflow/dags/daily_stock_ingestion.py
[2025-11-23T23:54:14.250+0000] {logging_mixin.py:190} INFO - [2025-11-23T23:54:14.249+0000] {dag.py:3229} INFO - Sync 1 DAGs
[2025-11-23T23:54:14.481+0000] {logging_mixin.py:190} INFO - [2025-11-23T23:54:14.481+0000] {dag.py:4156} INFO - Setting next_dagrun for daily_yfinance_stock_ingestion to 2025-11-23 00:00:00+00:00, run_after=2025-11-24 00:00:00+00:00
[2025-11-23T23:54:14.505+0000] {processor.py:208} INFO - Processing /opt/airflow/dags/daily_stock_ingestion.py took 0.845 seconds
[2025-11-23T23:54:44.857+0000] {processor.py:186} INFO - Started process (PID=715) to work on /opt/airflow/dags/daily_stock_ingestion.py
[2025-11-23T23:54:44.858+0000] {processor.py:914} INFO - Processing file /opt/airflow/dags/daily_stock_ingestion.py for tasks to queue
[2025-11-23T23:54:44.862+0000] {logging_mixin.py:190} INFO - [2025-11-23T23:54:44.861+0000] {dagbag.py:587} INFO - Filling up the DagBag from /opt/airflow/dags/daily_stock_ingestion.py
[2025-11-23T23:54:45.736+0000] {processor.py:925} INFO - DAG(s) 'daily_yfinance_stock_ingestion' retrieved from /opt/airflow/dags/daily_stock_ingestion.py
[2025-11-23T23:54:45.757+0000] {logging_mixin.py:190} INFO - [2025-11-23T23:54:45.756+0000] {dag.py:3229} INFO - Sync 1 DAGs
[2025-11-23T23:54:45.790+0000] {logging_mixin.py:190} INFO - [2025-11-23T23:54:45.790+0000] {dag.py:4156} INFO - Setting next_dagrun for daily_yfinance_stock_ingestion to 2025-11-23 00:00:00+00:00, run_after=2025-11-24 00:00:00+00:00
[2025-11-23T23:54:45.815+0000] {processor.py:208} INFO - Processing /opt/airflow/dags/daily_stock_ingestion.py took 0.966 seconds
[2025-11-23T23:55:16.095+0000] {processor.py:186} INFO - Started process (PID=737) to work on /opt/airflow/dags/daily_stock_ingestion.py
[2025-11-23T23:55:16.097+0000] {processor.py:914} INFO - Processing file /opt/airflow/dags/daily_stock_ingestion.py for tasks to queue
[2025-11-23T23:55:16.099+0000] {logging_mixin.py:190} INFO - [2025-11-23T23:55:16.099+0000] {dagbag.py:587} INFO - Filling up the DagBag from /opt/airflow/dags/daily_stock_ingestion.py
[2025-11-23T23:55:16.604+0000] {processor.py:925} INFO - DAG(s) 'daily_yfinance_stock_ingestion' retrieved from /opt/airflow/dags/daily_stock_ingestion.py
[2025-11-23T23:55:16.836+0000] {logging_mixin.py:190} INFO - [2025-11-23T23:55:16.835+0000] {dag.py:3229} INFO - Sync 1 DAGs
[2025-11-23T23:55:16.863+0000] {logging_mixin.py:190} INFO - [2025-11-23T23:55:16.863+0000] {dag.py:4156} INFO - Setting next_dagrun for daily_yfinance_stock_ingestion to 2025-11-23 00:00:00+00:00, run_after=2025-11-24 00:00:00+00:00
[2025-11-23T23:55:16.890+0000] {processor.py:208} INFO - Processing /opt/airflow/dags/daily_stock_ingestion.py took 0.803 seconds
[2025-11-23T23:55:47.500+0000] {processor.py:186} INFO - Started process (PID=758) to work on /opt/airflow/dags/daily_stock_ingestion.py
[2025-11-23T23:55:47.502+0000] {processor.py:914} INFO - Processing file /opt/airflow/dags/daily_stock_ingestion.py for tasks to queue
[2025-11-23T23:55:47.505+0000] {logging_mixin.py:190} INFO - [2025-11-23T23:55:47.505+0000] {dagbag.py:587} INFO - Filling up the DagBag from /opt/airflow/dags/daily_stock_ingestion.py
[2025-11-23T23:55:48.114+0000] {processor.py:925} INFO - DAG(s) 'daily_yfinance_stock_ingestion' retrieved from /opt/airflow/dags/daily_stock_ingestion.py
[2025-11-23T23:55:48.137+0000] {logging_mixin.py:190} INFO - [2025-11-23T23:55:48.136+0000] {dag.py:3229} INFO - Sync 1 DAGs
[2025-11-23T23:55:48.172+0000] {logging_mixin.py:190} INFO - [2025-11-23T23:55:48.171+0000] {dag.py:4156} INFO - Setting next_dagrun for daily_yfinance_stock_ingestion to 2025-11-23 00:00:00+00:00, run_after=2025-11-24 00:00:00+00:00
[2025-11-23T23:55:48.200+0000] {processor.py:208} INFO - Processing /opt/airflow/dags/daily_stock_ingestion.py took 0.709 seconds
[2025-11-23T23:56:18.714+0000] {processor.py:186} INFO - Started process (PID=780) to work on /opt/airflow/dags/daily_stock_ingestion.py
[2025-11-23T23:56:18.716+0000] {processor.py:914} INFO - Processing file /opt/airflow/dags/daily_stock_ingestion.py for tasks to queue
[2025-11-23T23:56:18.721+0000] {logging_mixin.py:190} INFO - [2025-11-23T23:56:18.721+0000] {dagbag.py:587} INFO - Filling up the DagBag from /opt/airflow/dags/daily_stock_ingestion.py
[2025-11-23T23:56:19.337+0000] {processor.py:925} INFO - DAG(s) 'daily_yfinance_stock_ingestion' retrieved from /opt/airflow/dags/daily_stock_ingestion.py
[2025-11-23T23:56:19.357+0000] {logging_mixin.py:190} INFO - [2025-11-23T23:56:19.356+0000] {dag.py:3229} INFO - Sync 1 DAGs
[2025-11-23T23:56:19.620+0000] {logging_mixin.py:190} INFO - [2025-11-23T23:56:19.620+0000] {dag.py:4156} INFO - Setting next_dagrun for daily_yfinance_stock_ingestion to 2025-11-23 00:00:00+00:00, run_after=2025-11-24 00:00:00+00:00
[2025-11-23T23:56:19.643+0000] {processor.py:208} INFO - Processing /opt/airflow/dags/daily_stock_ingestion.py took 0.940 seconds
[2025-11-23T23:56:50.143+0000] {processor.py:186} INFO - Started process (PID=801) to work on /opt/airflow/dags/daily_stock_ingestion.py
[2025-11-23T23:56:50.145+0000] {processor.py:914} INFO - Processing file /opt/airflow/dags/daily_stock_ingestion.py for tasks to queue
[2025-11-23T23:56:50.150+0000] {logging_mixin.py:190} INFO - [2025-11-23T23:56:50.149+0000] {dagbag.py:587} INFO - Filling up the DagBag from /opt/airflow/dags/daily_stock_ingestion.py
[2025-11-23T23:56:50.877+0000] {processor.py:925} INFO - DAG(s) 'daily_yfinance_stock_ingestion' retrieved from /opt/airflow/dags/daily_stock_ingestion.py
[2025-11-23T23:56:50.913+0000] {logging_mixin.py:190} INFO - [2025-11-23T23:56:50.913+0000] {dag.py:3229} INFO - Sync 1 DAGs
[2025-11-23T23:56:50.950+0000] {logging_mixin.py:190} INFO - [2025-11-23T23:56:50.950+0000] {dag.py:4156} INFO - Setting next_dagrun for daily_yfinance_stock_ingestion to 2025-11-23 00:00:00+00:00, run_after=2025-11-24 00:00:00+00:00
[2025-11-23T23:56:50.984+0000] {processor.py:208} INFO - Processing /opt/airflow/dags/daily_stock_ingestion.py took 0.850 seconds
[2025-11-23T23:57:21.588+0000] {processor.py:186} INFO - Started process (PID=823) to work on /opt/airflow/dags/daily_stock_ingestion.py
[2025-11-23T23:57:21.591+0000] {processor.py:914} INFO - Processing file /opt/airflow/dags/daily_stock_ingestion.py for tasks to queue
[2025-11-23T23:57:21.595+0000] {logging_mixin.py:190} INFO - [2025-11-23T23:57:21.594+0000] {dagbag.py:587} INFO - Filling up the DagBag from /opt/airflow/dags/daily_stock_ingestion.py
[2025-11-23T23:57:22.160+0000] {processor.py:925} INFO - DAG(s) 'daily_yfinance_stock_ingestion' retrieved from /opt/airflow/dags/daily_stock_ingestion.py
[2025-11-23T23:57:22.396+0000] {logging_mixin.py:190} INFO - [2025-11-23T23:57:22.395+0000] {dag.py:3229} INFO - Sync 1 DAGs
[2025-11-23T23:57:22.419+0000] {logging_mixin.py:190} INFO - [2025-11-23T23:57:22.419+0000] {dag.py:4156} INFO - Setting next_dagrun for daily_yfinance_stock_ingestion to 2025-11-23 00:00:00+00:00, run_after=2025-11-24 00:00:00+00:00
[2025-11-23T23:57:22.440+0000] {processor.py:208} INFO - Processing /opt/airflow/dags/daily_stock_ingestion.py took 0.863 seconds
[2025-11-23T23:57:52.871+0000] {processor.py:186} INFO - Started process (PID=854) to work on /opt/airflow/dags/daily_stock_ingestion.py
[2025-11-23T23:57:52.875+0000] {processor.py:914} INFO - Processing file /opt/airflow/dags/daily_stock_ingestion.py for tasks to queue
[2025-11-23T23:57:52.880+0000] {logging_mixin.py:190} INFO - [2025-11-23T23:57:52.879+0000] {dagbag.py:587} INFO - Filling up the DagBag from /opt/airflow/dags/daily_stock_ingestion.py
[2025-11-23T23:57:53.532+0000] {processor.py:925} INFO - DAG(s) 'daily_yfinance_stock_ingestion' retrieved from /opt/airflow/dags/daily_stock_ingestion.py
[2025-11-23T23:57:53.554+0000] {logging_mixin.py:190} INFO - [2025-11-23T23:57:53.553+0000] {dag.py:3229} INFO - Sync 1 DAGs
[2025-11-23T23:57:53.589+0000] {logging_mixin.py:190} INFO - [2025-11-23T23:57:53.588+0000] {dag.py:4156} INFO - Setting next_dagrun for daily_yfinance_stock_ingestion to 2025-11-23 00:00:00+00:00, run_after=2025-11-24 00:00:00+00:00
[2025-11-23T23:57:53.624+0000] {processor.py:208} INFO - Processing /opt/airflow/dags/daily_stock_ingestion.py took 0.762 seconds
[2025-11-23T23:58:23.706+0000] {processor.py:186} INFO - Started process (PID=875) to work on /opt/airflow/dags/daily_stock_ingestion.py
[2025-11-23T23:58:23.708+0000] {processor.py:914} INFO - Processing file /opt/airflow/dags/daily_stock_ingestion.py for tasks to queue
[2025-11-23T23:58:23.711+0000] {logging_mixin.py:190} INFO - [2025-11-23T23:58:23.711+0000] {dagbag.py:587} INFO - Filling up the DagBag from /opt/airflow/dags/daily_stock_ingestion.py
[2025-11-23T23:58:24.227+0000] {processor.py:925} INFO - DAG(s) 'daily_yfinance_stock_ingestion' retrieved from /opt/airflow/dags/daily_stock_ingestion.py
[2025-11-23T23:58:24.245+0000] {logging_mixin.py:190} INFO - [2025-11-23T23:58:24.244+0000] {dag.py:3229} INFO - Sync 1 DAGs
[2025-11-23T23:58:24.503+0000] {logging_mixin.py:190} INFO - [2025-11-23T23:58:24.503+0000] {dag.py:4156} INFO - Setting next_dagrun for daily_yfinance_stock_ingestion to 2025-11-23 00:00:00+00:00, run_after=2025-11-24 00:00:00+00:00
[2025-11-23T23:58:24.541+0000] {processor.py:208} INFO - Processing /opt/airflow/dags/daily_stock_ingestion.py took 0.840 seconds
[2025-11-23T23:58:54.756+0000] {processor.py:186} INFO - Started process (PID=896) to work on /opt/airflow/dags/daily_stock_ingestion.py
[2025-11-23T23:58:54.759+0000] {processor.py:914} INFO - Processing file /opt/airflow/dags/daily_stock_ingestion.py for tasks to queue
[2025-11-23T23:58:54.764+0000] {logging_mixin.py:190} INFO - [2025-11-23T23:58:54.763+0000] {dagbag.py:587} INFO - Filling up the DagBag from /opt/airflow/dags/daily_stock_ingestion.py
[2025-11-23T23:58:55.636+0000] {processor.py:925} INFO - DAG(s) 'daily_yfinance_stock_ingestion' retrieved from /opt/airflow/dags/daily_stock_ingestion.py
[2025-11-23T23:58:55.648+0000] {logging_mixin.py:190} INFO - [2025-11-23T23:58:55.648+0000] {dag.py:3229} INFO - Sync 1 DAGs
[2025-11-23T23:58:55.675+0000] {logging_mixin.py:190} INFO - [2025-11-23T23:58:55.675+0000] {dag.py:4156} INFO - Setting next_dagrun for daily_yfinance_stock_ingestion to 2025-11-23 00:00:00+00:00, run_after=2025-11-24 00:00:00+00:00
[2025-11-23T23:58:55.698+0000] {processor.py:208} INFO - Processing /opt/airflow/dags/daily_stock_ingestion.py took 0.951 seconds
[2025-11-23T23:59:26.140+0000] {processor.py:186} INFO - Started process (PID=922) to work on /opt/airflow/dags/daily_stock_ingestion.py
[2025-11-23T23:59:26.142+0000] {processor.py:914} INFO - Processing file /opt/airflow/dags/daily_stock_ingestion.py for tasks to queue
[2025-11-23T23:59:26.146+0000] {logging_mixin.py:190} INFO - [2025-11-23T23:59:26.146+0000] {dagbag.py:587} INFO - Filling up the DagBag from /opt/airflow/dags/daily_stock_ingestion.py
[2025-11-23T23:59:26.717+0000] {processor.py:925} INFO - DAG(s) 'daily_yfinance_stock_ingestion' retrieved from /opt/airflow/dags/daily_stock_ingestion.py
[2025-11-23T23:59:26.921+0000] {logging_mixin.py:190} INFO - [2025-11-23T23:59:26.920+0000] {dag.py:3229} INFO - Sync 1 DAGs
[2025-11-23T23:59:26.944+0000] {logging_mixin.py:190} INFO - [2025-11-23T23:59:26.943+0000] {dag.py:4156} INFO - Setting next_dagrun for daily_yfinance_stock_ingestion to 2025-11-23 00:00:00+00:00, run_after=2025-11-24 00:00:00+00:00
[2025-11-23T23:59:26.963+0000] {processor.py:208} INFO - Processing /opt/airflow/dags/daily_stock_ingestion.py took 0.833 seconds
[2025-11-23T23:59:57.444+0000] {processor.py:186} INFO - Started process (PID=943) to work on /opt/airflow/dags/daily_stock_ingestion.py
[2025-11-23T23:59:57.446+0000] {processor.py:914} INFO - Processing file /opt/airflow/dags/daily_stock_ingestion.py for tasks to queue
[2025-11-23T23:59:57.450+0000] {logging_mixin.py:190} INFO - [2025-11-23T23:59:57.450+0000] {dagbag.py:587} INFO - Filling up the DagBag from /opt/airflow/dags/daily_stock_ingestion.py
[2025-11-23T23:59:58.139+0000] {processor.py:925} INFO - DAG(s) 'daily_yfinance_stock_ingestion' retrieved from /opt/airflow/dags/daily_stock_ingestion.py
[2025-11-23T23:59:58.153+0000] {logging_mixin.py:190} INFO - [2025-11-23T23:59:58.152+0000] {dag.py:3229} INFO - Sync 1 DAGs
[2025-11-23T23:59:58.177+0000] {logging_mixin.py:190} INFO - [2025-11-23T23:59:58.177+0000] {dag.py:4156} INFO - Setting next_dagrun for daily_yfinance_stock_ingestion to 2025-11-23 00:00:00+00:00, run_after=2025-11-24 00:00:00+00:00
[2025-11-23T23:59:58.205+0000] {processor.py:208} INFO - Processing /opt/airflow/dags/daily_stock_ingestion.py took 0.775 seconds
