[2025-11-23T23:47:58.287+0000] {processor.py:186} INFO - Started process (PID=251) to work on /opt/airflow/dags/train_forecast_stock_prices.py
[2025-11-23T23:47:58.289+0000] {processor.py:914} INFO - Processing file /opt/airflow/dags/train_forecast_stock_prices.py for tasks to queue
[2025-11-23T23:47:58.294+0000] {logging_mixin.py:190} INFO - [2025-11-23T23:47:58.293+0000] {dagbag.py:587} INFO - Filling up the DagBag from /opt/airflow/dags/train_forecast_stock_prices.py
[2025-11-23T23:47:58.413+0000] {logging_mixin.py:190} INFO - [2025-11-23T23:47:58.412+0000] {base.py:84} INFO - Retrieving connection 'snowflake_conn'
[2025-11-23T23:47:58.415+0000] {logging_mixin.py:190} INFO - [2025-11-23T23:47:58.414+0000] {connection.py:413} INFO - Snowflake Connector for Python Version: 3.12.1, Python Version: 3.12.5, Platform: Linux-5.15.167.4-microsoft-standard-WSL2-x86_64-with-glibc2.36
[2025-11-23T23:47:58.416+0000] {logging_mixin.py:190} INFO - [2025-11-23T23:47:58.416+0000] {connection.py:1196} INFO - Connecting to GLOBAL Snowflake domain
[2025-11-23T23:47:58.417+0000] {logging_mixin.py:190} INFO - [2025-11-23T23:47:58.417+0000] {connection.py:1277} INFO - This connection is in OCSP Fail Open Mode. TLS Certificates would be checked for validity and revocation status. Any other Certificate Revocation related exceptions or OCSP Responder failures would be disregarded in favor of connectivity.
[2025-11-23T23:47:59.886+0000] {processor.py:925} INFO - DAG(s) 'daily_stock_price_forecasting' retrieved from /opt/airflow/dags/train_forecast_stock_prices.py
[2025-11-23T23:48:00.087+0000] {logging_mixin.py:190} INFO - [2025-11-23T23:48:00.086+0000] {dag.py:3229} INFO - Sync 1 DAGs
[2025-11-23T23:48:00.147+0000] {logging_mixin.py:190} INFO - [2025-11-23T23:48:00.146+0000] {dag.py:4156} INFO - Setting next_dagrun for daily_stock_price_forecasting to 2025-11-23 00:30:00+00:00, run_after=2025-11-24 00:30:00+00:00
[2025-11-23T23:48:00.187+0000] {processor.py:208} INFO - Processing /opt/airflow/dags/train_forecast_stock_prices.py took 1.923 seconds
[2025-11-23T23:48:30.377+0000] {processor.py:186} INFO - Started process (PID=425) to work on /opt/airflow/dags/train_forecast_stock_prices.py
[2025-11-23T23:48:30.379+0000] {processor.py:914} INFO - Processing file /opt/airflow/dags/train_forecast_stock_prices.py for tasks to queue
[2025-11-23T23:48:30.382+0000] {logging_mixin.py:190} INFO - [2025-11-23T23:48:30.382+0000] {dagbag.py:587} INFO - Filling up the DagBag from /opt/airflow/dags/train_forecast_stock_prices.py
[2025-11-23T23:48:30.440+0000] {logging_mixin.py:190} INFO - [2025-11-23T23:48:30.440+0000] {base.py:84} INFO - Retrieving connection 'snowflake_conn'
[2025-11-23T23:48:30.442+0000] {logging_mixin.py:190} INFO - [2025-11-23T23:48:30.441+0000] {connection.py:413} INFO - Snowflake Connector for Python Version: 3.12.1, Python Version: 3.12.5, Platform: Linux-5.15.167.4-microsoft-standard-WSL2-x86_64-with-glibc2.36
[2025-11-23T23:48:30.443+0000] {logging_mixin.py:190} INFO - [2025-11-23T23:48:30.443+0000] {connection.py:1196} INFO - Connecting to GLOBAL Snowflake domain
[2025-11-23T23:48:30.444+0000] {logging_mixin.py:190} INFO - [2025-11-23T23:48:30.444+0000] {connection.py:1277} INFO - This connection is in OCSP Fail Open Mode. TLS Certificates would be checked for validity and revocation status. Any other Certificate Revocation related exceptions or OCSP Responder failures would be disregarded in favor of connectivity.
[2025-11-23T23:48:30.864+0000] {processor.py:925} INFO - DAG(s) 'daily_stock_price_forecasting' retrieved from /opt/airflow/dags/train_forecast_stock_prices.py
[2025-11-23T23:48:30.991+0000] {logging_mixin.py:190} INFO - [2025-11-23T23:48:30.990+0000] {dag.py:3229} INFO - Sync 1 DAGs
[2025-11-23T23:48:31.020+0000] {logging_mixin.py:190} INFO - [2025-11-23T23:48:31.019+0000] {dag.py:4156} INFO - Setting next_dagrun for daily_stock_price_forecasting to 2025-11-23 00:30:00+00:00, run_after=2025-11-24 00:30:00+00:00
[2025-11-23T23:48:31.048+0000] {processor.py:208} INFO - Processing /opt/airflow/dags/train_forecast_stock_prices.py took 0.678 seconds
[2025-11-23T23:49:01.243+0000] {processor.py:186} INFO - Started process (PID=443) to work on /opt/airflow/dags/train_forecast_stock_prices.py
[2025-11-23T23:49:01.244+0000] {processor.py:914} INFO - Processing file /opt/airflow/dags/train_forecast_stock_prices.py for tasks to queue
[2025-11-23T23:49:01.247+0000] {logging_mixin.py:190} INFO - [2025-11-23T23:49:01.247+0000] {dagbag.py:587} INFO - Filling up the DagBag from /opt/airflow/dags/train_forecast_stock_prices.py
[2025-11-23T23:49:01.313+0000] {logging_mixin.py:190} INFO - [2025-11-23T23:49:01.312+0000] {base.py:84} INFO - Retrieving connection 'snowflake_conn'
[2025-11-23T23:49:01.314+0000] {logging_mixin.py:190} INFO - [2025-11-23T23:49:01.314+0000] {connection.py:413} INFO - Snowflake Connector for Python Version: 3.12.1, Python Version: 3.12.5, Platform: Linux-5.15.167.4-microsoft-standard-WSL2-x86_64-with-glibc2.36
[2025-11-23T23:49:01.316+0000] {logging_mixin.py:190} INFO - [2025-11-23T23:49:01.316+0000] {connection.py:1196} INFO - Connecting to GLOBAL Snowflake domain
[2025-11-23T23:49:01.317+0000] {logging_mixin.py:190} INFO - [2025-11-23T23:49:01.317+0000] {connection.py:1277} INFO - This connection is in OCSP Fail Open Mode. TLS Certificates would be checked for validity and revocation status. Any other Certificate Revocation related exceptions or OCSP Responder failures would be disregarded in favor of connectivity.
[2025-11-23T23:49:01.908+0000] {processor.py:925} INFO - DAG(s) 'daily_stock_price_forecasting' retrieved from /opt/airflow/dags/train_forecast_stock_prices.py
[2025-11-23T23:49:02.046+0000] {logging_mixin.py:190} INFO - [2025-11-23T23:49:02.046+0000] {dag.py:3229} INFO - Sync 1 DAGs
[2025-11-23T23:49:02.079+0000] {logging_mixin.py:190} INFO - [2025-11-23T23:49:02.079+0000] {dag.py:4156} INFO - Setting next_dagrun for daily_stock_price_forecasting to 2025-11-23 00:30:00+00:00, run_after=2025-11-24 00:30:00+00:00
[2025-11-23T23:49:02.108+0000] {processor.py:208} INFO - Processing /opt/airflow/dags/train_forecast_stock_prices.py took 0.874 seconds
[2025-11-23T23:49:32.432+0000] {processor.py:186} INFO - Started process (PID=467) to work on /opt/airflow/dags/train_forecast_stock_prices.py
[2025-11-23T23:49:32.433+0000] {processor.py:914} INFO - Processing file /opt/airflow/dags/train_forecast_stock_prices.py for tasks to queue
[2025-11-23T23:49:32.435+0000] {logging_mixin.py:190} INFO - [2025-11-23T23:49:32.435+0000] {dagbag.py:587} INFO - Filling up the DagBag from /opt/airflow/dags/train_forecast_stock_prices.py
[2025-11-23T23:49:32.488+0000] {logging_mixin.py:190} INFO - [2025-11-23T23:49:32.487+0000] {base.py:84} INFO - Retrieving connection 'snowflake_conn'
[2025-11-23T23:49:32.490+0000] {logging_mixin.py:190} INFO - [2025-11-23T23:49:32.490+0000] {connection.py:413} INFO - Snowflake Connector for Python Version: 3.12.1, Python Version: 3.12.5, Platform: Linux-5.15.167.4-microsoft-standard-WSL2-x86_64-with-glibc2.36
[2025-11-23T23:49:32.492+0000] {logging_mixin.py:190} INFO - [2025-11-23T23:49:32.492+0000] {connection.py:1196} INFO - Connecting to GLOBAL Snowflake domain
[2025-11-23T23:49:32.493+0000] {logging_mixin.py:190} INFO - [2025-11-23T23:49:32.493+0000] {connection.py:1277} INFO - This connection is in OCSP Fail Open Mode. TLS Certificates would be checked for validity and revocation status. Any other Certificate Revocation related exceptions or OCSP Responder failures would be disregarded in favor of connectivity.
[2025-11-23T23:49:32.818+0000] {processor.py:925} INFO - DAG(s) 'daily_stock_price_forecasting' retrieved from /opt/airflow/dags/train_forecast_stock_prices.py
[2025-11-23T23:49:32.920+0000] {logging_mixin.py:190} INFO - [2025-11-23T23:49:32.919+0000] {dag.py:3229} INFO - Sync 1 DAGs
[2025-11-23T23:49:32.943+0000] {logging_mixin.py:190} INFO - [2025-11-23T23:49:32.943+0000] {dag.py:4156} INFO - Setting next_dagrun for daily_stock_price_forecasting to 2025-11-23 00:30:00+00:00, run_after=2025-11-24 00:30:00+00:00
[2025-11-23T23:49:32.973+0000] {processor.py:208} INFO - Processing /opt/airflow/dags/train_forecast_stock_prices.py took 0.547 seconds
[2025-11-23T23:50:03.139+0000] {processor.py:186} INFO - Started process (PID=488) to work on /opt/airflow/dags/train_forecast_stock_prices.py
[2025-11-23T23:50:03.141+0000] {processor.py:914} INFO - Processing file /opt/airflow/dags/train_forecast_stock_prices.py for tasks to queue
[2025-11-23T23:50:03.145+0000] {logging_mixin.py:190} INFO - [2025-11-23T23:50:03.144+0000] {dagbag.py:587} INFO - Filling up the DagBag from /opt/airflow/dags/train_forecast_stock_prices.py
[2025-11-23T23:50:03.205+0000] {logging_mixin.py:190} INFO - [2025-11-23T23:50:03.205+0000] {base.py:84} INFO - Retrieving connection 'snowflake_conn'
[2025-11-23T23:50:03.207+0000] {logging_mixin.py:190} INFO - [2025-11-23T23:50:03.206+0000] {connection.py:413} INFO - Snowflake Connector for Python Version: 3.12.1, Python Version: 3.12.5, Platform: Linux-5.15.167.4-microsoft-standard-WSL2-x86_64-with-glibc2.36
[2025-11-23T23:50:03.208+0000] {logging_mixin.py:190} INFO - [2025-11-23T23:50:03.208+0000] {connection.py:1196} INFO - Connecting to GLOBAL Snowflake domain
[2025-11-23T23:50:03.210+0000] {logging_mixin.py:190} INFO - [2025-11-23T23:50:03.210+0000] {connection.py:1277} INFO - This connection is in OCSP Fail Open Mode. TLS Certificates would be checked for validity and revocation status. Any other Certificate Revocation related exceptions or OCSP Responder failures would be disregarded in favor of connectivity.
[2025-11-23T23:50:03.568+0000] {processor.py:925} INFO - DAG(s) 'daily_stock_price_forecasting' retrieved from /opt/airflow/dags/train_forecast_stock_prices.py
[2025-11-23T23:50:03.717+0000] {logging_mixin.py:190} INFO - [2025-11-23T23:50:03.717+0000] {dag.py:3229} INFO - Sync 1 DAGs
[2025-11-23T23:50:03.755+0000] {logging_mixin.py:190} INFO - [2025-11-23T23:50:03.755+0000] {dag.py:4156} INFO - Setting next_dagrun for daily_stock_price_forecasting to 2025-11-23 00:30:00+00:00, run_after=2025-11-24 00:30:00+00:00
[2025-11-23T23:50:03.782+0000] {processor.py:208} INFO - Processing /opt/airflow/dags/train_forecast_stock_prices.py took 0.650 seconds
[2025-11-23T23:50:34.009+0000] {processor.py:186} INFO - Started process (PID=506) to work on /opt/airflow/dags/train_forecast_stock_prices.py
[2025-11-23T23:50:34.010+0000] {processor.py:914} INFO - Processing file /opt/airflow/dags/train_forecast_stock_prices.py for tasks to queue
[2025-11-23T23:50:34.014+0000] {logging_mixin.py:190} INFO - [2025-11-23T23:50:34.014+0000] {dagbag.py:587} INFO - Filling up the DagBag from /opt/airflow/dags/train_forecast_stock_prices.py
[2025-11-23T23:50:34.073+0000] {logging_mixin.py:190} INFO - [2025-11-23T23:50:34.073+0000] {base.py:84} INFO - Retrieving connection 'snowflake_conn'
[2025-11-23T23:50:34.075+0000] {logging_mixin.py:190} INFO - [2025-11-23T23:50:34.075+0000] {connection.py:413} INFO - Snowflake Connector for Python Version: 3.12.1, Python Version: 3.12.5, Platform: Linux-5.15.167.4-microsoft-standard-WSL2-x86_64-with-glibc2.36
[2025-11-23T23:50:34.076+0000] {logging_mixin.py:190} INFO - [2025-11-23T23:50:34.076+0000] {connection.py:1196} INFO - Connecting to GLOBAL Snowflake domain
[2025-11-23T23:50:34.077+0000] {logging_mixin.py:190} INFO - [2025-11-23T23:50:34.077+0000] {connection.py:1277} INFO - This connection is in OCSP Fail Open Mode. TLS Certificates would be checked for validity and revocation status. Any other Certificate Revocation related exceptions or OCSP Responder failures would be disregarded in favor of connectivity.
[2025-11-23T23:50:34.478+0000] {processor.py:925} INFO - DAG(s) 'daily_stock_price_forecasting' retrieved from /opt/airflow/dags/train_forecast_stock_prices.py
[2025-11-23T23:50:34.622+0000] {logging_mixin.py:190} INFO - [2025-11-23T23:50:34.621+0000] {dag.py:3229} INFO - Sync 1 DAGs
[2025-11-23T23:50:34.646+0000] {logging_mixin.py:190} INFO - [2025-11-23T23:50:34.646+0000] {dag.py:4156} INFO - Setting next_dagrun for daily_stock_price_forecasting to 2025-11-23 00:30:00+00:00, run_after=2025-11-24 00:30:00+00:00
[2025-11-23T23:50:34.667+0000] {processor.py:208} INFO - Processing /opt/airflow/dags/train_forecast_stock_prices.py took 0.667 seconds
[2025-11-23T23:51:05.266+0000] {processor.py:186} INFO - Started process (PID=547) to work on /opt/airflow/dags/train_forecast_stock_prices.py
[2025-11-23T23:51:05.268+0000] {processor.py:914} INFO - Processing file /opt/airflow/dags/train_forecast_stock_prices.py for tasks to queue
[2025-11-23T23:51:05.273+0000] {logging_mixin.py:190} INFO - [2025-11-23T23:51:05.272+0000] {dagbag.py:587} INFO - Filling up the DagBag from /opt/airflow/dags/train_forecast_stock_prices.py
[2025-11-23T23:51:05.358+0000] {logging_mixin.py:190} INFO - [2025-11-23T23:51:05.357+0000] {base.py:84} INFO - Retrieving connection 'snowflake_conn'
[2025-11-23T23:51:05.361+0000] {logging_mixin.py:190} INFO - [2025-11-23T23:51:05.361+0000] {connection.py:413} INFO - Snowflake Connector for Python Version: 3.12.1, Python Version: 3.12.5, Platform: Linux-5.15.167.4-microsoft-standard-WSL2-x86_64-with-glibc2.36
[2025-11-23T23:51:05.364+0000] {logging_mixin.py:190} INFO - [2025-11-23T23:51:05.364+0000] {connection.py:1196} INFO - Connecting to GLOBAL Snowflake domain
[2025-11-23T23:51:05.365+0000] {logging_mixin.py:190} INFO - [2025-11-23T23:51:05.365+0000] {connection.py:1277} INFO - This connection is in OCSP Fail Open Mode. TLS Certificates would be checked for validity and revocation status. Any other Certificate Revocation related exceptions or OCSP Responder failures would be disregarded in favor of connectivity.
[2025-11-23T23:51:05.734+0000] {processor.py:925} INFO - DAG(s) 'daily_stock_price_forecasting' retrieved from /opt/airflow/dags/train_forecast_stock_prices.py
[2025-11-23T23:51:05.855+0000] {logging_mixin.py:190} INFO - [2025-11-23T23:51:05.854+0000] {dag.py:3229} INFO - Sync 1 DAGs
[2025-11-23T23:51:05.878+0000] {logging_mixin.py:190} INFO - [2025-11-23T23:51:05.878+0000] {dag.py:4156} INFO - Setting next_dagrun for daily_stock_price_forecasting to 2025-11-23 00:30:00+00:00, run_after=2025-11-24 00:30:00+00:00
[2025-11-23T23:51:05.899+0000] {processor.py:208} INFO - Processing /opt/airflow/dags/train_forecast_stock_prices.py took 0.639 seconds
[2025-11-23T23:51:36.133+0000] {processor.py:186} INFO - Started process (PID=568) to work on /opt/airflow/dags/train_forecast_stock_prices.py
[2025-11-23T23:51:36.136+0000] {processor.py:914} INFO - Processing file /opt/airflow/dags/train_forecast_stock_prices.py for tasks to queue
[2025-11-23T23:51:36.139+0000] {logging_mixin.py:190} INFO - [2025-11-23T23:51:36.139+0000] {dagbag.py:587} INFO - Filling up the DagBag from /opt/airflow/dags/train_forecast_stock_prices.py
[2025-11-23T23:51:36.226+0000] {logging_mixin.py:190} INFO - [2025-11-23T23:51:36.225+0000] {base.py:84} INFO - Retrieving connection 'snowflake_conn'
[2025-11-23T23:51:36.228+0000] {logging_mixin.py:190} INFO - [2025-11-23T23:51:36.227+0000] {connection.py:413} INFO - Snowflake Connector for Python Version: 3.12.1, Python Version: 3.12.5, Platform: Linux-5.15.167.4-microsoft-standard-WSL2-x86_64-with-glibc2.36
[2025-11-23T23:51:36.229+0000] {logging_mixin.py:190} INFO - [2025-11-23T23:51:36.229+0000] {connection.py:1196} INFO - Connecting to GLOBAL Snowflake domain
[2025-11-23T23:51:36.230+0000] {logging_mixin.py:190} INFO - [2025-11-23T23:51:36.230+0000] {connection.py:1277} INFO - This connection is in OCSP Fail Open Mode. TLS Certificates would be checked for validity and revocation status. Any other Certificate Revocation related exceptions or OCSP Responder failures would be disregarded in favor of connectivity.
[2025-11-23T23:51:36.655+0000] {processor.py:925} INFO - DAG(s) 'daily_stock_price_forecasting' retrieved from /opt/airflow/dags/train_forecast_stock_prices.py
[2025-11-23T23:51:36.793+0000] {logging_mixin.py:190} INFO - [2025-11-23T23:51:36.792+0000] {dag.py:3229} INFO - Sync 1 DAGs
[2025-11-23T23:51:36.821+0000] {logging_mixin.py:190} INFO - [2025-11-23T23:51:36.821+0000] {dag.py:4156} INFO - Setting next_dagrun for daily_stock_price_forecasting to 2025-11-23 00:30:00+00:00, run_after=2025-11-24 00:30:00+00:00
[2025-11-23T23:51:36.853+0000] {processor.py:208} INFO - Processing /opt/airflow/dags/train_forecast_stock_prices.py took 0.733 seconds
[2025-11-23T23:52:07.215+0000] {processor.py:186} INFO - Started process (PID=589) to work on /opt/airflow/dags/train_forecast_stock_prices.py
[2025-11-23T23:52:07.217+0000] {processor.py:914} INFO - Processing file /opt/airflow/dags/train_forecast_stock_prices.py for tasks to queue
[2025-11-23T23:52:07.222+0000] {logging_mixin.py:190} INFO - [2025-11-23T23:52:07.221+0000] {dagbag.py:587} INFO - Filling up the DagBag from /opt/airflow/dags/train_forecast_stock_prices.py
[2025-11-23T23:52:07.321+0000] {logging_mixin.py:190} INFO - [2025-11-23T23:52:07.321+0000] {base.py:84} INFO - Retrieving connection 'snowflake_conn'
[2025-11-23T23:52:07.324+0000] {logging_mixin.py:190} INFO - [2025-11-23T23:52:07.324+0000] {connection.py:413} INFO - Snowflake Connector for Python Version: 3.12.1, Python Version: 3.12.5, Platform: Linux-5.15.167.4-microsoft-standard-WSL2-x86_64-with-glibc2.36
[2025-11-23T23:52:07.326+0000] {logging_mixin.py:190} INFO - [2025-11-23T23:52:07.326+0000] {connection.py:1196} INFO - Connecting to GLOBAL Snowflake domain
[2025-11-23T23:52:07.327+0000] {logging_mixin.py:190} INFO - [2025-11-23T23:52:07.327+0000] {connection.py:1277} INFO - This connection is in OCSP Fail Open Mode. TLS Certificates would be checked for validity and revocation status. Any other Certificate Revocation related exceptions or OCSP Responder failures would be disregarded in favor of connectivity.
[2025-11-23T23:52:07.714+0000] {processor.py:925} INFO - DAG(s) 'daily_stock_price_forecasting' retrieved from /opt/airflow/dags/train_forecast_stock_prices.py
[2025-11-23T23:52:07.835+0000] {logging_mixin.py:190} INFO - [2025-11-23T23:52:07.834+0000] {dag.py:3229} INFO - Sync 1 DAGs
[2025-11-23T23:52:07.865+0000] {logging_mixin.py:190} INFO - [2025-11-23T23:52:07.864+0000] {dag.py:4156} INFO - Setting next_dagrun for daily_stock_price_forecasting to 2025-11-23 00:30:00+00:00, run_after=2025-11-24 00:30:00+00:00
[2025-11-23T23:52:07.894+0000] {processor.py:208} INFO - Processing /opt/airflow/dags/train_forecast_stock_prices.py took 0.688 seconds
[2025-11-23T23:52:38.149+0000] {processor.py:186} INFO - Started process (PID=610) to work on /opt/airflow/dags/train_forecast_stock_prices.py
[2025-11-23T23:52:38.151+0000] {processor.py:914} INFO - Processing file /opt/airflow/dags/train_forecast_stock_prices.py for tasks to queue
[2025-11-23T23:52:38.156+0000] {logging_mixin.py:190} INFO - [2025-11-23T23:52:38.155+0000] {dagbag.py:587} INFO - Filling up the DagBag from /opt/airflow/dags/train_forecast_stock_prices.py
[2025-11-23T23:52:38.241+0000] {logging_mixin.py:190} INFO - [2025-11-23T23:52:38.240+0000] {base.py:84} INFO - Retrieving connection 'snowflake_conn'
[2025-11-23T23:52:38.243+0000] {logging_mixin.py:190} INFO - [2025-11-23T23:52:38.243+0000] {connection.py:413} INFO - Snowflake Connector for Python Version: 3.12.1, Python Version: 3.12.5, Platform: Linux-5.15.167.4-microsoft-standard-WSL2-x86_64-with-glibc2.36
[2025-11-23T23:52:38.245+0000] {logging_mixin.py:190} INFO - [2025-11-23T23:52:38.245+0000] {connection.py:1196} INFO - Connecting to GLOBAL Snowflake domain
[2025-11-23T23:52:38.246+0000] {logging_mixin.py:190} INFO - [2025-11-23T23:52:38.246+0000] {connection.py:1277} INFO - This connection is in OCSP Fail Open Mode. TLS Certificates would be checked for validity and revocation status. Any other Certificate Revocation related exceptions or OCSP Responder failures would be disregarded in favor of connectivity.
[2025-11-23T23:52:38.657+0000] {processor.py:925} INFO - DAG(s) 'daily_stock_price_forecasting' retrieved from /opt/airflow/dags/train_forecast_stock_prices.py
[2025-11-23T23:52:38.802+0000] {logging_mixin.py:190} INFO - [2025-11-23T23:52:38.801+0000] {dag.py:3229} INFO - Sync 1 DAGs
[2025-11-23T23:52:38.833+0000] {logging_mixin.py:190} INFO - [2025-11-23T23:52:38.833+0000] {dag.py:4156} INFO - Setting next_dagrun for daily_stock_price_forecasting to 2025-11-23 00:30:00+00:00, run_after=2025-11-24 00:30:00+00:00
[2025-11-23T23:52:38.872+0000] {processor.py:208} INFO - Processing /opt/airflow/dags/train_forecast_stock_prices.py took 0.731 seconds
[2025-11-23T23:53:09.216+0000] {processor.py:186} INFO - Started process (PID=641) to work on /opt/airflow/dags/train_forecast_stock_prices.py
[2025-11-23T23:53:09.217+0000] {processor.py:914} INFO - Processing file /opt/airflow/dags/train_forecast_stock_prices.py for tasks to queue
[2025-11-23T23:53:09.220+0000] {logging_mixin.py:190} INFO - [2025-11-23T23:53:09.219+0000] {dagbag.py:587} INFO - Filling up the DagBag from /opt/airflow/dags/train_forecast_stock_prices.py
[2025-11-23T23:53:09.263+0000] {logging_mixin.py:190} INFO - [2025-11-23T23:53:09.263+0000] {base.py:84} INFO - Retrieving connection 'snowflake_conn'
[2025-11-23T23:53:09.264+0000] {logging_mixin.py:190} INFO - [2025-11-23T23:53:09.264+0000] {connection.py:413} INFO - Snowflake Connector for Python Version: 3.12.1, Python Version: 3.12.5, Platform: Linux-5.15.167.4-microsoft-standard-WSL2-x86_64-with-glibc2.36
[2025-11-23T23:53:09.265+0000] {logging_mixin.py:190} INFO - [2025-11-23T23:53:09.265+0000] {connection.py:1196} INFO - Connecting to GLOBAL Snowflake domain
[2025-11-23T23:53:09.266+0000] {logging_mixin.py:190} INFO - [2025-11-23T23:53:09.266+0000] {connection.py:1277} INFO - This connection is in OCSP Fail Open Mode. TLS Certificates would be checked for validity and revocation status. Any other Certificate Revocation related exceptions or OCSP Responder failures would be disregarded in favor of connectivity.
[2025-11-23T23:53:09.630+0000] {processor.py:925} INFO - DAG(s) 'daily_stock_price_forecasting' retrieved from /opt/airflow/dags/train_forecast_stock_prices.py
[2025-11-23T23:53:09.736+0000] {logging_mixin.py:190} INFO - [2025-11-23T23:53:09.736+0000] {dag.py:3229} INFO - Sync 1 DAGs
[2025-11-23T23:53:09.759+0000] {logging_mixin.py:190} INFO - [2025-11-23T23:53:09.758+0000] {dag.py:4156} INFO - Setting next_dagrun for daily_stock_price_forecasting to 2025-11-23 00:30:00+00:00, run_after=2025-11-24 00:30:00+00:00
[2025-11-23T23:53:09.776+0000] {processor.py:208} INFO - Processing /opt/airflow/dags/train_forecast_stock_prices.py took 0.566 seconds
[2025-11-23T23:53:40.011+0000] {processor.py:186} INFO - Started process (PID=663) to work on /opt/airflow/dags/train_forecast_stock_prices.py
[2025-11-23T23:53:40.012+0000] {processor.py:914} INFO - Processing file /opt/airflow/dags/train_forecast_stock_prices.py for tasks to queue
[2025-11-23T23:53:40.016+0000] {logging_mixin.py:190} INFO - [2025-11-23T23:53:40.016+0000] {dagbag.py:587} INFO - Filling up the DagBag from /opt/airflow/dags/train_forecast_stock_prices.py
[2025-11-23T23:53:40.077+0000] {logging_mixin.py:190} INFO - [2025-11-23T23:53:40.077+0000] {base.py:84} INFO - Retrieving connection 'snowflake_conn'
[2025-11-23T23:53:40.079+0000] {logging_mixin.py:190} INFO - [2025-11-23T23:53:40.078+0000] {connection.py:413} INFO - Snowflake Connector for Python Version: 3.12.1, Python Version: 3.12.5, Platform: Linux-5.15.167.4-microsoft-standard-WSL2-x86_64-with-glibc2.36
[2025-11-23T23:53:40.080+0000] {logging_mixin.py:190} INFO - [2025-11-23T23:53:40.080+0000] {connection.py:1196} INFO - Connecting to GLOBAL Snowflake domain
[2025-11-23T23:53:40.081+0000] {logging_mixin.py:190} INFO - [2025-11-23T23:53:40.081+0000] {connection.py:1277} INFO - This connection is in OCSP Fail Open Mode. TLS Certificates would be checked for validity and revocation status. Any other Certificate Revocation related exceptions or OCSP Responder failures would be disregarded in favor of connectivity.
[2025-11-23T23:53:40.557+0000] {processor.py:925} INFO - DAG(s) 'daily_stock_price_forecasting' retrieved from /opt/airflow/dags/train_forecast_stock_prices.py
[2025-11-23T23:53:40.673+0000] {logging_mixin.py:190} INFO - [2025-11-23T23:53:40.673+0000] {dag.py:3229} INFO - Sync 1 DAGs
[2025-11-23T23:53:40.694+0000] {logging_mixin.py:190} INFO - [2025-11-23T23:53:40.694+0000] {dag.py:4156} INFO - Setting next_dagrun for daily_stock_price_forecasting to 2025-11-23 00:30:00+00:00, run_after=2025-11-24 00:30:00+00:00
[2025-11-23T23:53:40.716+0000] {processor.py:208} INFO - Processing /opt/airflow/dags/train_forecast_stock_prices.py took 0.713 seconds
[2025-11-23T23:54:11.288+0000] {processor.py:186} INFO - Started process (PID=684) to work on /opt/airflow/dags/train_forecast_stock_prices.py
[2025-11-23T23:54:11.290+0000] {processor.py:914} INFO - Processing file /opt/airflow/dags/train_forecast_stock_prices.py for tasks to queue
[2025-11-23T23:54:11.295+0000] {logging_mixin.py:190} INFO - [2025-11-23T23:54:11.294+0000] {dagbag.py:587} INFO - Filling up the DagBag from /opt/airflow/dags/train_forecast_stock_prices.py
[2025-11-23T23:54:11.374+0000] {logging_mixin.py:190} INFO - [2025-11-23T23:54:11.374+0000] {base.py:84} INFO - Retrieving connection 'snowflake_conn'
[2025-11-23T23:54:11.376+0000] {logging_mixin.py:190} INFO - [2025-11-23T23:54:11.376+0000] {connection.py:413} INFO - Snowflake Connector for Python Version: 3.12.1, Python Version: 3.12.5, Platform: Linux-5.15.167.4-microsoft-standard-WSL2-x86_64-with-glibc2.36
[2025-11-23T23:54:11.379+0000] {logging_mixin.py:190} INFO - [2025-11-23T23:54:11.378+0000] {connection.py:1196} INFO - Connecting to GLOBAL Snowflake domain
[2025-11-23T23:54:11.380+0000] {logging_mixin.py:190} INFO - [2025-11-23T23:54:11.380+0000] {connection.py:1277} INFO - This connection is in OCSP Fail Open Mode. TLS Certificates would be checked for validity and revocation status. Any other Certificate Revocation related exceptions or OCSP Responder failures would be disregarded in favor of connectivity.
[2025-11-23T23:54:11.766+0000] {processor.py:925} INFO - DAG(s) 'daily_stock_price_forecasting' retrieved from /opt/airflow/dags/train_forecast_stock_prices.py
[2025-11-23T23:54:11.903+0000] {logging_mixin.py:190} INFO - [2025-11-23T23:54:11.902+0000] {dag.py:3229} INFO - Sync 1 DAGs
[2025-11-23T23:54:11.931+0000] {logging_mixin.py:190} INFO - [2025-11-23T23:54:11.931+0000] {dag.py:4156} INFO - Setting next_dagrun for daily_stock_price_forecasting to 2025-11-23 00:30:00+00:00, run_after=2025-11-24 00:30:00+00:00
[2025-11-23T23:54:11.962+0000] {processor.py:208} INFO - Processing /opt/airflow/dags/train_forecast_stock_prices.py took 0.682 seconds
[2025-11-23T23:54:42.218+0000] {processor.py:186} INFO - Started process (PID=710) to work on /opt/airflow/dags/train_forecast_stock_prices.py
[2025-11-23T23:54:42.220+0000] {processor.py:914} INFO - Processing file /opt/airflow/dags/train_forecast_stock_prices.py for tasks to queue
[2025-11-23T23:54:42.226+0000] {logging_mixin.py:190} INFO - [2025-11-23T23:54:42.226+0000] {dagbag.py:587} INFO - Filling up the DagBag from /opt/airflow/dags/train_forecast_stock_prices.py
[2025-11-23T23:54:42.321+0000] {logging_mixin.py:190} INFO - [2025-11-23T23:54:42.321+0000] {base.py:84} INFO - Retrieving connection 'snowflake_conn'
[2025-11-23T23:54:42.323+0000] {logging_mixin.py:190} INFO - [2025-11-23T23:54:42.322+0000] {connection.py:413} INFO - Snowflake Connector for Python Version: 3.12.1, Python Version: 3.12.5, Platform: Linux-5.15.167.4-microsoft-standard-WSL2-x86_64-with-glibc2.36
[2025-11-23T23:54:42.324+0000] {logging_mixin.py:190} INFO - [2025-11-23T23:54:42.324+0000] {connection.py:1196} INFO - Connecting to GLOBAL Snowflake domain
[2025-11-23T23:54:42.325+0000] {logging_mixin.py:190} INFO - [2025-11-23T23:54:42.325+0000] {connection.py:1277} INFO - This connection is in OCSP Fail Open Mode. TLS Certificates would be checked for validity and revocation status. Any other Certificate Revocation related exceptions or OCSP Responder failures would be disregarded in favor of connectivity.
[2025-11-23T23:54:42.705+0000] {processor.py:925} INFO - DAG(s) 'daily_stock_price_forecasting' retrieved from /opt/airflow/dags/train_forecast_stock_prices.py
[2025-11-23T23:54:42.819+0000] {logging_mixin.py:190} INFO - [2025-11-23T23:54:42.818+0000] {dag.py:3229} INFO - Sync 1 DAGs
[2025-11-23T23:54:42.847+0000] {logging_mixin.py:190} INFO - [2025-11-23T23:54:42.846+0000] {dag.py:4156} INFO - Setting next_dagrun for daily_stock_price_forecasting to 2025-11-23 00:30:00+00:00, run_after=2025-11-24 00:30:00+00:00
[2025-11-23T23:54:42.868+0000] {processor.py:208} INFO - Processing /opt/airflow/dags/train_forecast_stock_prices.py took 0.658 seconds
[2025-11-23T23:55:13.273+0000] {processor.py:186} INFO - Started process (PID=732) to work on /opt/airflow/dags/train_forecast_stock_prices.py
[2025-11-23T23:55:13.275+0000] {processor.py:914} INFO - Processing file /opt/airflow/dags/train_forecast_stock_prices.py for tasks to queue
[2025-11-23T23:55:13.279+0000] {logging_mixin.py:190} INFO - [2025-11-23T23:55:13.279+0000] {dagbag.py:587} INFO - Filling up the DagBag from /opt/airflow/dags/train_forecast_stock_prices.py
[2025-11-23T23:55:13.358+0000] {logging_mixin.py:190} INFO - [2025-11-23T23:55:13.357+0000] {base.py:84} INFO - Retrieving connection 'snowflake_conn'
[2025-11-23T23:55:13.360+0000] {logging_mixin.py:190} INFO - [2025-11-23T23:55:13.359+0000] {connection.py:413} INFO - Snowflake Connector for Python Version: 3.12.1, Python Version: 3.12.5, Platform: Linux-5.15.167.4-microsoft-standard-WSL2-x86_64-with-glibc2.36
[2025-11-23T23:55:13.361+0000] {logging_mixin.py:190} INFO - [2025-11-23T23:55:13.361+0000] {connection.py:1196} INFO - Connecting to GLOBAL Snowflake domain
[2025-11-23T23:55:13.362+0000] {logging_mixin.py:190} INFO - [2025-11-23T23:55:13.362+0000] {connection.py:1277} INFO - This connection is in OCSP Fail Open Mode. TLS Certificates would be checked for validity and revocation status. Any other Certificate Revocation related exceptions or OCSP Responder failures would be disregarded in favor of connectivity.
[2025-11-23T23:55:13.778+0000] {processor.py:925} INFO - DAG(s) 'daily_stock_price_forecasting' retrieved from /opt/airflow/dags/train_forecast_stock_prices.py
[2025-11-23T23:55:13.901+0000] {logging_mixin.py:190} INFO - [2025-11-23T23:55:13.901+0000] {dag.py:3229} INFO - Sync 1 DAGs
[2025-11-23T23:55:13.929+0000] {logging_mixin.py:190} INFO - [2025-11-23T23:55:13.929+0000] {dag.py:4156} INFO - Setting next_dagrun for daily_stock_price_forecasting to 2025-11-23 00:30:00+00:00, run_after=2025-11-24 00:30:00+00:00
[2025-11-23T23:55:13.958+0000] {processor.py:208} INFO - Processing /opt/airflow/dags/train_forecast_stock_prices.py took 0.695 seconds
[2025-11-23T23:55:44.144+0000] {processor.py:186} INFO - Started process (PID=753) to work on /opt/airflow/dags/train_forecast_stock_prices.py
[2025-11-23T23:55:44.146+0000] {processor.py:914} INFO - Processing file /opt/airflow/dags/train_forecast_stock_prices.py for tasks to queue
[2025-11-23T23:55:44.150+0000] {logging_mixin.py:190} INFO - [2025-11-23T23:55:44.149+0000] {dagbag.py:587} INFO - Filling up the DagBag from /opt/airflow/dags/train_forecast_stock_prices.py
[2025-11-23T23:55:44.224+0000] {logging_mixin.py:190} INFO - [2025-11-23T23:55:44.224+0000] {base.py:84} INFO - Retrieving connection 'snowflake_conn'
[2025-11-23T23:55:44.227+0000] {logging_mixin.py:190} INFO - [2025-11-23T23:55:44.227+0000] {connection.py:413} INFO - Snowflake Connector for Python Version: 3.12.1, Python Version: 3.12.5, Platform: Linux-5.15.167.4-microsoft-standard-WSL2-x86_64-with-glibc2.36
[2025-11-23T23:55:44.230+0000] {logging_mixin.py:190} INFO - [2025-11-23T23:55:44.230+0000] {connection.py:1196} INFO - Connecting to GLOBAL Snowflake domain
[2025-11-23T23:55:44.231+0000] {logging_mixin.py:190} INFO - [2025-11-23T23:55:44.231+0000] {connection.py:1277} INFO - This connection is in OCSP Fail Open Mode. TLS Certificates would be checked for validity and revocation status. Any other Certificate Revocation related exceptions or OCSP Responder failures would be disregarded in favor of connectivity.
[2025-11-23T23:55:44.593+0000] {processor.py:925} INFO - DAG(s) 'daily_stock_price_forecasting' retrieved from /opt/airflow/dags/train_forecast_stock_prices.py
[2025-11-23T23:55:44.711+0000] {logging_mixin.py:190} INFO - [2025-11-23T23:55:44.711+0000] {dag.py:3229} INFO - Sync 1 DAGs
[2025-11-23T23:55:44.734+0000] {logging_mixin.py:190} INFO - [2025-11-23T23:55:44.734+0000] {dag.py:4156} INFO - Setting next_dagrun for daily_stock_price_forecasting to 2025-11-23 00:30:00+00:00, run_after=2025-11-24 00:30:00+00:00
[2025-11-23T23:55:44.754+0000] {processor.py:208} INFO - Processing /opt/airflow/dags/train_forecast_stock_prices.py took 0.618 seconds
[2025-11-23T23:56:15.371+0000] {processor.py:186} INFO - Started process (PID=775) to work on /opt/airflow/dags/train_forecast_stock_prices.py
[2025-11-23T23:56:15.373+0000] {processor.py:914} INFO - Processing file /opt/airflow/dags/train_forecast_stock_prices.py for tasks to queue
[2025-11-23T23:56:15.376+0000] {logging_mixin.py:190} INFO - [2025-11-23T23:56:15.375+0000] {dagbag.py:587} INFO - Filling up the DagBag from /opt/airflow/dags/train_forecast_stock_prices.py
[2025-11-23T23:56:15.422+0000] {logging_mixin.py:190} INFO - [2025-11-23T23:56:15.422+0000] {base.py:84} INFO - Retrieving connection 'snowflake_conn'
[2025-11-23T23:56:15.424+0000] {logging_mixin.py:190} INFO - [2025-11-23T23:56:15.424+0000] {connection.py:413} INFO - Snowflake Connector for Python Version: 3.12.1, Python Version: 3.12.5, Platform: Linux-5.15.167.4-microsoft-standard-WSL2-x86_64-with-glibc2.36
[2025-11-23T23:56:15.425+0000] {logging_mixin.py:190} INFO - [2025-11-23T23:56:15.425+0000] {connection.py:1196} INFO - Connecting to GLOBAL Snowflake domain
[2025-11-23T23:56:15.427+0000] {logging_mixin.py:190} INFO - [2025-11-23T23:56:15.426+0000] {connection.py:1277} INFO - This connection is in OCSP Fail Open Mode. TLS Certificates would be checked for validity and revocation status. Any other Certificate Revocation related exceptions or OCSP Responder failures would be disregarded in favor of connectivity.
[2025-11-23T23:56:16.415+0000] {processor.py:925} INFO - DAG(s) 'daily_stock_price_forecasting' retrieved from /opt/airflow/dags/train_forecast_stock_prices.py
[2025-11-23T23:56:16.531+0000] {logging_mixin.py:190} INFO - [2025-11-23T23:56:16.530+0000] {dag.py:3229} INFO - Sync 1 DAGs
[2025-11-23T23:56:16.556+0000] {logging_mixin.py:190} INFO - [2025-11-23T23:56:16.556+0000] {dag.py:4156} INFO - Setting next_dagrun for daily_stock_price_forecasting to 2025-11-23 00:30:00+00:00, run_after=2025-11-24 00:30:00+00:00
[2025-11-23T23:56:16.589+0000] {processor.py:208} INFO - Processing /opt/airflow/dags/train_forecast_stock_prices.py took 0.628 seconds
[2025-11-23T23:56:47.444+0000] {processor.py:186} INFO - Started process (PID=796) to work on /opt/airflow/dags/train_forecast_stock_prices.py
[2025-11-23T23:56:47.445+0000] {processor.py:914} INFO - Processing file /opt/airflow/dags/train_forecast_stock_prices.py for tasks to queue
[2025-11-23T23:56:47.448+0000] {logging_mixin.py:190} INFO - [2025-11-23T23:56:47.447+0000] {dagbag.py:587} INFO - Filling up the DagBag from /opt/airflow/dags/train_forecast_stock_prices.py
[2025-11-23T23:56:47.508+0000] {logging_mixin.py:190} INFO - [2025-11-23T23:56:47.507+0000] {base.py:84} INFO - Retrieving connection 'snowflake_conn'
[2025-11-23T23:56:47.510+0000] {logging_mixin.py:190} INFO - [2025-11-23T23:56:47.510+0000] {connection.py:413} INFO - Snowflake Connector for Python Version: 3.12.1, Python Version: 3.12.5, Platform: Linux-5.15.167.4-microsoft-standard-WSL2-x86_64-with-glibc2.36
[2025-11-23T23:56:47.511+0000] {logging_mixin.py:190} INFO - [2025-11-23T23:56:47.511+0000] {connection.py:1196} INFO - Connecting to GLOBAL Snowflake domain
[2025-11-23T23:56:47.512+0000] {logging_mixin.py:190} INFO - [2025-11-23T23:56:47.512+0000] {connection.py:1277} INFO - This connection is in OCSP Fail Open Mode. TLS Certificates would be checked for validity and revocation status. Any other Certificate Revocation related exceptions or OCSP Responder failures would be disregarded in favor of connectivity.
[2025-11-23T23:56:47.822+0000] {processor.py:925} INFO - DAG(s) 'daily_stock_price_forecasting' retrieved from /opt/airflow/dags/train_forecast_stock_prices.py
[2025-11-23T23:56:47.978+0000] {logging_mixin.py:190} INFO - [2025-11-23T23:56:47.977+0000] {dag.py:3229} INFO - Sync 1 DAGs
[2025-11-23T23:56:48.006+0000] {logging_mixin.py:190} INFO - [2025-11-23T23:56:48.006+0000] {dag.py:4156} INFO - Setting next_dagrun for daily_stock_price_forecasting to 2025-11-23 00:30:00+00:00, run_after=2025-11-24 00:30:00+00:00
[2025-11-23T23:56:48.031+0000] {processor.py:208} INFO - Processing /opt/airflow/dags/train_forecast_stock_prices.py took 0.594 seconds
[2025-11-23T23:57:18.804+0000] {processor.py:186} INFO - Started process (PID=818) to work on /opt/airflow/dags/train_forecast_stock_prices.py
[2025-11-23T23:57:18.806+0000] {processor.py:914} INFO - Processing file /opt/airflow/dags/train_forecast_stock_prices.py for tasks to queue
[2025-11-23T23:57:18.810+0000] {logging_mixin.py:190} INFO - [2025-11-23T23:57:18.810+0000] {dagbag.py:587} INFO - Filling up the DagBag from /opt/airflow/dags/train_forecast_stock_prices.py
[2025-11-23T23:57:18.894+0000] {logging_mixin.py:190} INFO - [2025-11-23T23:57:18.894+0000] {base.py:84} INFO - Retrieving connection 'snowflake_conn'
[2025-11-23T23:57:18.897+0000] {logging_mixin.py:190} INFO - [2025-11-23T23:57:18.896+0000] {connection.py:413} INFO - Snowflake Connector for Python Version: 3.12.1, Python Version: 3.12.5, Platform: Linux-5.15.167.4-microsoft-standard-WSL2-x86_64-with-glibc2.36
[2025-11-23T23:57:18.899+0000] {logging_mixin.py:190} INFO - [2025-11-23T23:57:18.898+0000] {connection.py:1196} INFO - Connecting to GLOBAL Snowflake domain
[2025-11-23T23:57:18.900+0000] {logging_mixin.py:190} INFO - [2025-11-23T23:57:18.899+0000] {connection.py:1277} INFO - This connection is in OCSP Fail Open Mode. TLS Certificates would be checked for validity and revocation status. Any other Certificate Revocation related exceptions or OCSP Responder failures would be disregarded in favor of connectivity.
[2025-11-23T23:57:19.243+0000] {processor.py:925} INFO - DAG(s) 'daily_stock_price_forecasting' retrieved from /opt/airflow/dags/train_forecast_stock_prices.py
[2025-11-23T23:57:19.385+0000] {logging_mixin.py:190} INFO - [2025-11-23T23:57:19.384+0000] {dag.py:3229} INFO - Sync 1 DAGs
[2025-11-23T23:57:19.413+0000] {logging_mixin.py:190} INFO - [2025-11-23T23:57:19.413+0000] {dag.py:4156} INFO - Setting next_dagrun for daily_stock_price_forecasting to 2025-11-23 00:30:00+00:00, run_after=2025-11-24 00:30:00+00:00
[2025-11-23T23:57:19.450+0000] {processor.py:208} INFO - Processing /opt/airflow/dags/train_forecast_stock_prices.py took 0.656 seconds
[2025-11-23T23:57:50.122+0000] {processor.py:186} INFO - Started process (PID=849) to work on /opt/airflow/dags/train_forecast_stock_prices.py
[2025-11-23T23:57:50.124+0000] {processor.py:914} INFO - Processing file /opt/airflow/dags/train_forecast_stock_prices.py for tasks to queue
[2025-11-23T23:57:50.129+0000] {logging_mixin.py:190} INFO - [2025-11-23T23:57:50.129+0000] {dagbag.py:587} INFO - Filling up the DagBag from /opt/airflow/dags/train_forecast_stock_prices.py
[2025-11-23T23:57:50.211+0000] {logging_mixin.py:190} INFO - [2025-11-23T23:57:50.211+0000] {base.py:84} INFO - Retrieving connection 'snowflake_conn'
[2025-11-23T23:57:50.213+0000] {logging_mixin.py:190} INFO - [2025-11-23T23:57:50.213+0000] {connection.py:413} INFO - Snowflake Connector for Python Version: 3.12.1, Python Version: 3.12.5, Platform: Linux-5.15.167.4-microsoft-standard-WSL2-x86_64-with-glibc2.36
[2025-11-23T23:57:50.215+0000] {logging_mixin.py:190} INFO - [2025-11-23T23:57:50.215+0000] {connection.py:1196} INFO - Connecting to GLOBAL Snowflake domain
[2025-11-23T23:57:50.216+0000] {logging_mixin.py:190} INFO - [2025-11-23T23:57:50.216+0000] {connection.py:1277} INFO - This connection is in OCSP Fail Open Mode. TLS Certificates would be checked for validity and revocation status. Any other Certificate Revocation related exceptions or OCSP Responder failures would be disregarded in favor of connectivity.
[2025-11-23T23:57:50.542+0000] {processor.py:925} INFO - DAG(s) 'daily_stock_price_forecasting' retrieved from /opt/airflow/dags/train_forecast_stock_prices.py
[2025-11-23T23:57:50.681+0000] {logging_mixin.py:190} INFO - [2025-11-23T23:57:50.680+0000] {dag.py:3229} INFO - Sync 1 DAGs
[2025-11-23T23:57:50.713+0000] {logging_mixin.py:190} INFO - [2025-11-23T23:57:50.713+0000] {dag.py:4156} INFO - Setting next_dagrun for daily_stock_price_forecasting to 2025-11-23 00:30:00+00:00, run_after=2025-11-24 00:30:00+00:00
[2025-11-23T23:57:50.741+0000] {processor.py:208} INFO - Processing /opt/airflow/dags/train_forecast_stock_prices.py took 0.632 seconds
[2025-11-23T23:58:21.433+0000] {processor.py:186} INFO - Started process (PID=870) to work on /opt/airflow/dags/train_forecast_stock_prices.py
[2025-11-23T23:58:21.435+0000] {processor.py:914} INFO - Processing file /opt/airflow/dags/train_forecast_stock_prices.py for tasks to queue
[2025-11-23T23:58:21.439+0000] {logging_mixin.py:190} INFO - [2025-11-23T23:58:21.438+0000] {dagbag.py:587} INFO - Filling up the DagBag from /opt/airflow/dags/train_forecast_stock_prices.py
[2025-11-23T23:58:21.516+0000] {logging_mixin.py:190} INFO - [2025-11-23T23:58:21.515+0000] {base.py:84} INFO - Retrieving connection 'snowflake_conn'
[2025-11-23T23:58:21.518+0000] {logging_mixin.py:190} INFO - [2025-11-23T23:58:21.517+0000] {connection.py:413} INFO - Snowflake Connector for Python Version: 3.12.1, Python Version: 3.12.5, Platform: Linux-5.15.167.4-microsoft-standard-WSL2-x86_64-with-glibc2.36
[2025-11-23T23:58:21.519+0000] {logging_mixin.py:190} INFO - [2025-11-23T23:58:21.519+0000] {connection.py:1196} INFO - Connecting to GLOBAL Snowflake domain
[2025-11-23T23:58:21.520+0000] {logging_mixin.py:190} INFO - [2025-11-23T23:58:21.520+0000] {connection.py:1277} INFO - This connection is in OCSP Fail Open Mode. TLS Certificates would be checked for validity and revocation status. Any other Certificate Revocation related exceptions or OCSP Responder failures would be disregarded in favor of connectivity.
[2025-11-23T23:58:21.987+0000] {processor.py:925} INFO - DAG(s) 'daily_stock_price_forecasting' retrieved from /opt/airflow/dags/train_forecast_stock_prices.py
[2025-11-23T23:58:22.121+0000] {logging_mixin.py:190} INFO - [2025-11-23T23:58:22.120+0000] {dag.py:3229} INFO - Sync 1 DAGs
[2025-11-23T23:58:22.154+0000] {logging_mixin.py:190} INFO - [2025-11-23T23:58:22.153+0000] {dag.py:4156} INFO - Setting next_dagrun for daily_stock_price_forecasting to 2025-11-23 00:30:00+00:00, run_after=2025-11-24 00:30:00+00:00
[2025-11-23T23:58:22.191+0000] {processor.py:208} INFO - Processing /opt/airflow/dags/train_forecast_stock_prices.py took 0.766 seconds
[2025-11-23T23:58:52.551+0000] {processor.py:186} INFO - Started process (PID=891) to work on /opt/airflow/dags/train_forecast_stock_prices.py
[2025-11-23T23:58:52.552+0000] {processor.py:914} INFO - Processing file /opt/airflow/dags/train_forecast_stock_prices.py for tasks to queue
[2025-11-23T23:58:52.556+0000] {logging_mixin.py:190} INFO - [2025-11-23T23:58:52.555+0000] {dagbag.py:587} INFO - Filling up the DagBag from /opt/airflow/dags/train_forecast_stock_prices.py
[2025-11-23T23:58:52.624+0000] {logging_mixin.py:190} INFO - [2025-11-23T23:58:52.623+0000] {base.py:84} INFO - Retrieving connection 'snowflake_conn'
[2025-11-23T23:58:52.626+0000] {logging_mixin.py:190} INFO - [2025-11-23T23:58:52.625+0000] {connection.py:413} INFO - Snowflake Connector for Python Version: 3.12.1, Python Version: 3.12.5, Platform: Linux-5.15.167.4-microsoft-standard-WSL2-x86_64-with-glibc2.36
[2025-11-23T23:58:52.627+0000] {logging_mixin.py:190} INFO - [2025-11-23T23:58:52.627+0000] {connection.py:1196} INFO - Connecting to GLOBAL Snowflake domain
[2025-11-23T23:58:52.628+0000] {logging_mixin.py:190} INFO - [2025-11-23T23:58:52.628+0000] {connection.py:1277} INFO - This connection is in OCSP Fail Open Mode. TLS Certificates would be checked for validity and revocation status. Any other Certificate Revocation related exceptions or OCSP Responder failures would be disregarded in favor of connectivity.
[2025-11-23T23:58:52.977+0000] {processor.py:925} INFO - DAG(s) 'daily_stock_price_forecasting' retrieved from /opt/airflow/dags/train_forecast_stock_prices.py
[2025-11-23T23:58:53.115+0000] {logging_mixin.py:190} INFO - [2025-11-23T23:58:53.114+0000] {dag.py:3229} INFO - Sync 1 DAGs
[2025-11-23T23:58:53.145+0000] {logging_mixin.py:190} INFO - [2025-11-23T23:58:53.145+0000] {dag.py:4156} INFO - Setting next_dagrun for daily_stock_price_forecasting to 2025-11-23 00:30:00+00:00, run_after=2025-11-24 00:30:00+00:00
[2025-11-23T23:58:53.174+0000] {processor.py:208} INFO - Processing /opt/airflow/dags/train_forecast_stock_prices.py took 0.634 seconds
[2025-11-23T23:59:23.931+0000] {processor.py:186} INFO - Started process (PID=917) to work on /opt/airflow/dags/train_forecast_stock_prices.py
[2025-11-23T23:59:23.932+0000] {processor.py:914} INFO - Processing file /opt/airflow/dags/train_forecast_stock_prices.py for tasks to queue
[2025-11-23T23:59:23.936+0000] {logging_mixin.py:190} INFO - [2025-11-23T23:59:23.936+0000] {dagbag.py:587} INFO - Filling up the DagBag from /opt/airflow/dags/train_forecast_stock_prices.py
[2025-11-23T23:59:24.029+0000] {logging_mixin.py:190} INFO - [2025-11-23T23:59:24.029+0000] {base.py:84} INFO - Retrieving connection 'snowflake_conn'
[2025-11-23T23:59:24.031+0000] {logging_mixin.py:190} INFO - [2025-11-23T23:59:24.031+0000] {connection.py:413} INFO - Snowflake Connector for Python Version: 3.12.1, Python Version: 3.12.5, Platform: Linux-5.15.167.4-microsoft-standard-WSL2-x86_64-with-glibc2.36
[2025-11-23T23:59:24.033+0000] {logging_mixin.py:190} INFO - [2025-11-23T23:59:24.033+0000] {connection.py:1196} INFO - Connecting to GLOBAL Snowflake domain
[2025-11-23T23:59:24.035+0000] {logging_mixin.py:190} INFO - [2025-11-23T23:59:24.034+0000] {connection.py:1277} INFO - This connection is in OCSP Fail Open Mode. TLS Certificates would be checked for validity and revocation status. Any other Certificate Revocation related exceptions or OCSP Responder failures would be disregarded in favor of connectivity.
[2025-11-23T23:59:24.453+0000] {processor.py:925} INFO - DAG(s) 'daily_stock_price_forecasting' retrieved from /opt/airflow/dags/train_forecast_stock_prices.py
[2025-11-23T23:59:24.598+0000] {logging_mixin.py:190} INFO - [2025-11-23T23:59:24.597+0000] {dag.py:3229} INFO - Sync 1 DAGs
[2025-11-23T23:59:24.622+0000] {logging_mixin.py:190} INFO - [2025-11-23T23:59:24.622+0000] {dag.py:4156} INFO - Setting next_dagrun for daily_stock_price_forecasting to 2025-11-23 00:30:00+00:00, run_after=2025-11-24 00:30:00+00:00
[2025-11-23T23:59:24.648+0000] {processor.py:208} INFO - Processing /opt/airflow/dags/train_forecast_stock_prices.py took 0.726 seconds
[2025-11-23T23:59:55.177+0000] {processor.py:186} INFO - Started process (PID=938) to work on /opt/airflow/dags/train_forecast_stock_prices.py
[2025-11-23T23:59:55.178+0000] {processor.py:914} INFO - Processing file /opt/airflow/dags/train_forecast_stock_prices.py for tasks to queue
[2025-11-23T23:59:55.182+0000] {logging_mixin.py:190} INFO - [2025-11-23T23:59:55.182+0000] {dagbag.py:587} INFO - Filling up the DagBag from /opt/airflow/dags/train_forecast_stock_prices.py
[2025-11-23T23:59:55.253+0000] {logging_mixin.py:190} INFO - [2025-11-23T23:59:55.252+0000] {base.py:84} INFO - Retrieving connection 'snowflake_conn'
[2025-11-23T23:59:55.255+0000] {logging_mixin.py:190} INFO - [2025-11-23T23:59:55.255+0000] {connection.py:413} INFO - Snowflake Connector for Python Version: 3.12.1, Python Version: 3.12.5, Platform: Linux-5.15.167.4-microsoft-standard-WSL2-x86_64-with-glibc2.36
[2025-11-23T23:59:55.257+0000] {logging_mixin.py:190} INFO - [2025-11-23T23:59:55.257+0000] {connection.py:1196} INFO - Connecting to GLOBAL Snowflake domain
[2025-11-23T23:59:55.258+0000] {logging_mixin.py:190} INFO - [2025-11-23T23:59:55.258+0000] {connection.py:1277} INFO - This connection is in OCSP Fail Open Mode. TLS Certificates would be checked for validity and revocation status. Any other Certificate Revocation related exceptions or OCSP Responder failures would be disregarded in favor of connectivity.
[2025-11-23T23:59:55.625+0000] {processor.py:925} INFO - DAG(s) 'daily_stock_price_forecasting' retrieved from /opt/airflow/dags/train_forecast_stock_prices.py
[2025-11-23T23:59:55.761+0000] {logging_mixin.py:190} INFO - [2025-11-23T23:59:55.760+0000] {dag.py:3229} INFO - Sync 1 DAGs
[2025-11-23T23:59:55.787+0000] {logging_mixin.py:190} INFO - [2025-11-23T23:59:55.787+0000] {dag.py:4156} INFO - Setting next_dagrun for daily_stock_price_forecasting to 2025-11-23 00:30:00+00:00, run_after=2025-11-24 00:30:00+00:00
[2025-11-23T23:59:55.813+0000] {processor.py:208} INFO - Processing /opt/airflow/dags/train_forecast_stock_prices.py took 0.645 seconds
