[2025-10-05T02:06:58.804+0000] {local_task_job_runner.py:123} INFO - ::group::Pre task execution logs
[2025-10-05T02:06:58.828+0000] {taskinstance.py:2612} INFO - Dependencies all met for dep_context=non-requeueable deps ti=<TaskInstance: daily_stock_price_forecasting.predict manual__2025-10-05T02:05:16.110839+00:00 [queued]>
[2025-10-05T02:06:58.841+0000] {taskinstance.py:2612} INFO - Dependencies all met for dep_context=requeueable deps ti=<TaskInstance: daily_stock_price_forecasting.predict manual__2025-10-05T02:05:16.110839+00:00 [queued]>
[2025-10-05T02:06:58.842+0000] {taskinstance.py:2865} INFO - Starting attempt 1 of 1
[2025-10-05T02:06:58.862+0000] {taskinstance.py:2888} INFO - Executing <Task(_PythonDecoratedOperator): predict> on 2025-10-05 02:05:16.110839+00:00
[2025-10-05T02:06:58.877+0000] {logging_mixin.py:190} WARNING - /home/***/.local/lib/python3.12/site-packages/***/task/task_runner/standard_task_runner.py:70 DeprecationWarning: This process (pid=1892) is multi-threaded, use of fork() may lead to deadlocks in the child.
[2025-10-05T02:06:58.878+0000] {standard_task_runner.py:104} INFO - Running: ['***', 'tasks', 'run', 'daily_stock_price_forecasting', 'predict', 'manual__2025-10-05T02:05:16.110839+00:00', '--job-id', '12', '--raw', '--subdir', 'DAGS_FOLDER/train-forecast-stock-prices.py', '--cfg-path', '/tmp/tmpt9ntd0_9']
[2025-10-05T02:06:58.879+0000] {standard_task_runner.py:72} INFO - Started process 1895 to run task
[2025-10-05T02:06:58.880+0000] {standard_task_runner.py:105} INFO - Job 12: Subtask predict
[2025-10-05T02:06:58.955+0000] {task_command.py:467} INFO - Running <TaskInstance: daily_stock_price_forecasting.predict manual__2025-10-05T02:05:16.110839+00:00 [running]> on host 3c693694ef07
[2025-10-05T02:06:59.077+0000] {taskinstance.py:3131} INFO - Exporting env vars: AIRFLOW_CTX_DAG_OWNER='***' AIRFLOW_CTX_DAG_ID='daily_stock_price_forecasting' AIRFLOW_CTX_TASK_ID='predict' AIRFLOW_CTX_EXECUTION_DATE='2025-10-05T02:05:16.110839+00:00' AIRFLOW_CTX_TRY_NUMBER='1' AIRFLOW_CTX_DAG_RUN_ID='manual__2025-10-05T02:05:16.110839+00:00'
[2025-10-05T02:06:59.079+0000] {taskinstance.py:731} INFO - ::endgroup::
[2025-10-05T02:07:21.341+0000] {cursor.py:1156} INFO - Number of results in first chunk: 14
[2025-10-05T02:07:22.544+0000] {cursor.py:1156} INFO - Number of results in first chunk: 1
[2025-10-05T02:07:23.863+0000] {cursor.py:1156} INFO - Number of results in first chunk: 1
[2025-10-05T02:07:23.864+0000] {python.py:240} INFO - Done. Returned value was: None
[2025-10-05T02:07:23.884+0000] {taskinstance.py:340} INFO - ::group::Post task execution logs
[2025-10-05T02:07:23.886+0000] {taskinstance.py:352} INFO - Marking task as SUCCESS. dag_id=daily_stock_price_forecasting, task_id=predict, run_id=manual__2025-10-05T02:05:16.110839+00:00, execution_date=20251005T020516, start_date=20251005T020658, end_date=20251005T020723
[2025-10-05T02:07:23.922+0000] {local_task_job_runner.py:266} INFO - Task exited with return code 0
[2025-10-05T02:07:23.947+0000] {taskinstance.py:3900} INFO - 0 downstream tasks scheduled from follow-on schedule check
[2025-10-05T02:07:23.952+0000] {local_task_job_runner.py:245} INFO - ::endgroup::
