[2025-11-23T23:50:52.184+0000] {local_task_job_runner.py:123} INFO - ::group::Pre task execution logs
[2025-11-23T23:50:52.205+0000] {taskinstance.py:2612} INFO - Dependencies all met for dep_context=non-requeueable deps ti=<TaskInstance: daily_stock_price_forecasting.predict scheduled__2025-11-22T00:30:00+00:00 [queued]>
[2025-11-23T23:50:52.216+0000] {taskinstance.py:2612} INFO - Dependencies all met for dep_context=requeueable deps ti=<TaskInstance: daily_stock_price_forecasting.predict scheduled__2025-11-22T00:30:00+00:00 [queued]>
[2025-11-23T23:50:52.217+0000] {taskinstance.py:2865} INFO - Starting attempt 1 of 1
[2025-11-23T23:50:52.231+0000] {taskinstance.py:2888} INFO - Executing <Task(_PythonDecoratedOperator): predict> on 2025-11-22 00:30:00+00:00
[2025-11-23T23:50:52.239+0000] {logging_mixin.py:190} WARNING - /home/***/.local/lib/python3.12/site-packages/***/task/task_runner/standard_task_runner.py:70 DeprecationWarning: This process (pid=522) is multi-threaded, use of fork() may lead to deadlocks in the child.
[2025-11-23T23:50:52.241+0000] {standard_task_runner.py:72} INFO - Started process 531 to run task
[2025-11-23T23:50:52.242+0000] {standard_task_runner.py:104} INFO - Running: ['***', 'tasks', 'run', 'daily_stock_price_forecasting', 'predict', 'scheduled__2025-11-22T00:30:00+00:00', '--job-id', '172', '--raw', '--subdir', 'DAGS_FOLDER/train_forecast_stock_prices.py', '--cfg-path', '/tmp/tmpxnzyqtk2']
[2025-11-23T23:50:52.243+0000] {standard_task_runner.py:105} INFO - Job 172: Subtask predict
[2025-11-23T23:50:52.280+0000] {task_command.py:467} INFO - Running <TaskInstance: daily_stock_price_forecasting.predict scheduled__2025-11-22T00:30:00+00:00 [running]> on host 5080658c6a7c
[2025-11-23T23:50:52.422+0000] {taskinstance.py:3131} INFO - Exporting env vars: AIRFLOW_CTX_DAG_OWNER='***' AIRFLOW_CTX_DAG_ID='daily_stock_price_forecasting' AIRFLOW_CTX_TASK_ID='predict' AIRFLOW_CTX_EXECUTION_DATE='2025-11-22T00:30:00+00:00' AIRFLOW_CTX_TRY_NUMBER='1' AIRFLOW_CTX_DAG_RUN_ID='scheduled__2025-11-22T00:30:00+00:00'
[2025-11-23T23:50:52.426+0000] {taskinstance.py:731} INFO - ::endgroup::
[2025-11-23T23:51:22.450+0000] {cursor.py:1156} INFO - Number of results in first chunk: 14
[2025-11-23T23:51:23.223+0000] {cursor.py:1156} INFO - Number of results in first chunk: 1
[2025-11-23T23:51:23.922+0000] {cursor.py:1156} INFO - Number of results in first chunk: 1
[2025-11-23T23:51:23.923+0000] {logging_mixin.py:190} INFO - Forecasting and storing results completed successfully.
[2025-11-23T23:51:23.925+0000] {python.py:240} INFO - Done. Returned value was: None
[2025-11-23T23:51:23.938+0000] {taskinstance.py:340} INFO - ::group::Post task execution logs
[2025-11-23T23:51:23.940+0000] {taskinstance.py:352} INFO - Marking task as SUCCESS. dag_id=daily_stock_price_forecasting, task_id=predict, run_id=scheduled__2025-11-22T00:30:00+00:00, execution_date=20251122T003000, start_date=20251123T235052, end_date=20251123T235123
[2025-11-23T23:51:23.979+0000] {local_task_job_runner.py:266} INFO - Task exited with return code 0
[2025-11-23T23:51:24.004+0000] {taskinstance.py:3900} INFO - 0 downstream tasks scheduled from follow-on schedule check
[2025-11-23T23:51:24.007+0000] {local_task_job_runner.py:245} INFO - ::endgroup::
