[2025-11-24T19:14:07.098+0000] {local_task_job_runner.py:123} INFO - ::group::Pre task execution logs
[2025-11-24T19:14:07.126+0000] {taskinstance.py:2612} INFO - Dependencies all met for dep_context=non-requeueable deps ti=<TaskInstance: dbt_elt_pipeline.dbt_snapshot manual__2025-11-24T19:13:36.954690+00:00 [queued]>
[2025-11-24T19:14:07.143+0000] {taskinstance.py:2612} INFO - Dependencies all met for dep_context=requeueable deps ti=<TaskInstance: dbt_elt_pipeline.dbt_snapshot manual__2025-11-24T19:13:36.954690+00:00 [queued]>
[2025-11-24T19:14:07.146+0000] {taskinstance.py:2865} INFO - Starting attempt 1 of 1
[2025-11-24T19:14:07.167+0000] {taskinstance.py:2888} INFO - Executing <Task(BashOperator): dbt_snapshot> on 2025-11-24 19:13:36.954690+00:00
[2025-11-24T19:14:07.177+0000] {standard_task_runner.py:104} INFO - Running: ['***', 'tasks', 'run', 'dbt_elt_pipeline', 'dbt_snapshot', 'manual__2025-11-24T19:13:36.954690+00:00', '--job-id', '240', '--raw', '--subdir', 'DAGS_FOLDER/elt_dbt_stock_pipeline.py', '--cfg-path', '/tmp/tmphywd6n5x']
[2025-11-24T19:14:07.181+0000] {standard_task_runner.py:105} INFO - Job 240: Subtask dbt_snapshot
[2025-11-24T19:14:07.183+0000] {logging_mixin.py:190} WARNING - /home/***/.local/lib/python3.12/site-packages/***/task/task_runner/standard_task_runner.py:70 DeprecationWarning: This process (pid=583) is multi-threaded, use of fork() may lead to deadlocks in the child.
[2025-11-24T19:14:07.184+0000] {standard_task_runner.py:72} INFO - Started process 584 to run task
[2025-11-24T19:14:07.235+0000] {task_command.py:467} INFO - Running <TaskInstance: dbt_elt_pipeline.dbt_snapshot manual__2025-11-24T19:13:36.954690+00:00 [running]> on host 70570c35513f
[2025-11-24T19:14:07.319+0000] {taskinstance.py:3131} INFO - Exporting env vars: AIRFLOW_CTX_DAG_OWNER='***' AIRFLOW_CTX_DAG_ID='dbt_elt_pipeline' AIRFLOW_CTX_TASK_ID='dbt_snapshot' AIRFLOW_CTX_EXECUTION_DATE='2025-11-24T19:13:36.954690+00:00' AIRFLOW_CTX_TRY_NUMBER='1' AIRFLOW_CTX_DAG_RUN_ID='manual__2025-11-24T19:13:36.954690+00:00'
[2025-11-24T19:14:07.321+0000] {taskinstance.py:731} INFO - ::endgroup::
[2025-11-24T19:14:07.342+0000] {subprocess.py:63} INFO - Tmp dir root location: /tmp
[2025-11-24T19:14:07.344+0000] {subprocess.py:75} INFO - Running command: ['/usr/bin/bash', '-c', 'cd /opt/***/dbt/stock_analytics && dbt snapshot --profiles-dir .']
[2025-11-24T19:14:07.356+0000] {subprocess.py:86} INFO - Output:
[2025-11-24T19:14:09.676+0000] {subprocess.py:93} INFO - [0m19:14:09  Running with dbt=1.8.7
[2025-11-24T19:14:10.804+0000] {subprocess.py:93} INFO - [0m19:14:10  Registered adapter: snowflake=1.8.4
[2025-11-24T19:14:11.737+0000] {subprocess.py:93} INFO - [0m19:14:11  Found 2 models, 1 snapshot, 9 data tests, 1 source, 460 macros
[2025-11-24T19:14:11.742+0000] {subprocess.py:93} INFO - [0m19:14:11
[2025-11-24T19:14:13.215+0000] {subprocess.py:93} INFO - [0m19:14:13  Concurrency: 1 threads (target='dev')
[2025-11-24T19:14:13.219+0000] {subprocess.py:93} INFO - [0m19:14:13
[2025-11-24T19:14:13.246+0000] {subprocess.py:93} INFO - [0m19:14:13  1 of 1 START snapshot ANALYTICS.stg_prices_test_snapshot ....................... [RUN]
[2025-11-24T19:14:18.081+0000] {subprocess.py:93} INFO - [0m19:14:18  1 of 1 OK snapshotted ANALYTICS.stg_prices_test_snapshot ....................... [[32mSUCCESS 0[0m in 4.82s]
[2025-11-24T19:14:18.088+0000] {subprocess.py:93} INFO - [0m19:14:18
[2025-11-24T19:14:18.090+0000] {subprocess.py:93} INFO - [0m19:14:18  Finished running 1 snapshot in 0 hours 0 minutes and 6.34 seconds (6.34s).
[2025-11-24T19:14:18.175+0000] {subprocess.py:93} INFO - [0m19:14:18
[2025-11-24T19:14:18.177+0000] {subprocess.py:93} INFO - [0m19:14:18  [32mCompleted successfully[0m
[2025-11-24T19:14:18.178+0000] {subprocess.py:93} INFO - [0m19:14:18
[2025-11-24T19:14:18.179+0000] {subprocess.py:93} INFO - [0m19:14:18  Done. PASS=1 WARN=0 ERROR=0 SKIP=0 TOTAL=1
[2025-11-24T19:14:18.979+0000] {subprocess.py:97} INFO - Command exited with return code 0
[2025-11-24T19:14:19.007+0000] {taskinstance.py:340} INFO - ::group::Post task execution logs
[2025-11-24T19:14:19.008+0000] {taskinstance.py:352} INFO - Marking task as SUCCESS. dag_id=dbt_elt_pipeline, task_id=dbt_snapshot, run_id=manual__2025-11-24T19:13:36.954690+00:00, execution_date=20251124T191336, start_date=20251124T191407, end_date=20251124T191419
[2025-11-24T19:14:19.044+0000] {local_task_job_runner.py:266} INFO - Task exited with return code 0
[2025-11-24T19:14:19.061+0000] {taskinstance.py:3900} INFO - 0 downstream tasks scheduled from follow-on schedule check
[2025-11-24T19:14:19.063+0000] {local_task_job_runner.py:245} INFO - ::endgroup::
