[2025-10-31T23:20:25.964+0000] {local_task_job_runner.py:123} INFO - ::group::Pre task execution logs
[2025-10-31T23:20:25.983+0000] {taskinstance.py:2612} INFO - Dependencies all met for dep_context=non-requeueable deps ti=<TaskInstance: daily_yfinance_stock_ingestion.extract_stock_prices scheduled__2025-10-28T00:00:00+00:00 [queued]>
[2025-10-31T23:20:25.995+0000] {taskinstance.py:2612} INFO - Dependencies all met for dep_context=requeueable deps ti=<TaskInstance: daily_yfinance_stock_ingestion.extract_stock_prices scheduled__2025-10-28T00:00:00+00:00 [queued]>
[2025-10-31T23:20:25.996+0000] {taskinstance.py:2865} INFO - Starting attempt 1 of 1
[2025-10-31T23:20:26.168+0000] {taskinstance.py:2888} INFO - Executing <Task(_PythonDecoratedOperator): extract_stock_prices> on 2025-10-28 00:00:00+00:00
[2025-10-31T23:20:26.179+0000] {logging_mixin.py:190} WARNING - /home/***/.local/lib/python3.12/site-packages/***/task/task_runner/standard_task_runner.py:70 DeprecationWarning: This process (pid=212) is multi-threaded, use of fork() may lead to deadlocks in the child.
[2025-10-31T23:20:26.181+0000] {standard_task_runner.py:72} INFO - Started process 246 to run task
[2025-10-31T23:20:26.180+0000] {standard_task_runner.py:104} INFO - Running: ['***', 'tasks', 'run', 'daily_yfinance_stock_ingestion', 'extract_stock_prices', 'scheduled__2025-10-28T00:00:00+00:00', '--job-id', '104', '--raw', '--subdir', 'DAGS_FOLDER/daily_stock_ingestion.py', '--cfg-path', '/tmp/tmp1diueq7g']
[2025-10-31T23:20:26.182+0000] {standard_task_runner.py:105} INFO - Job 104: Subtask extract_stock_prices
[2025-10-31T23:20:26.238+0000] {task_command.py:467} INFO - Running <TaskInstance: daily_yfinance_stock_ingestion.extract_stock_prices scheduled__2025-10-28T00:00:00+00:00 [running]> on host 5080658c6a7c
[2025-10-31T23:20:26.332+0000] {taskinstance.py:3131} INFO - Exporting env vars: AIRFLOW_CTX_DAG_OWNER='***' AIRFLOW_CTX_DAG_ID='daily_yfinance_stock_ingestion' AIRFLOW_CTX_TASK_ID='extract_stock_prices' AIRFLOW_CTX_EXECUTION_DATE='2025-10-28T00:00:00+00:00' AIRFLOW_CTX_TRY_NUMBER='1' AIRFLOW_CTX_DAG_RUN_ID='scheduled__2025-10-28T00:00:00+00:00'
[2025-10-31T23:20:26.333+0000] {taskinstance.py:731} INFO - ::endgroup::
[2025-10-31T23:20:26.346+0000] {logging_mixin.py:190} WARNING - /opt/***/dags/daily_stock_ingestion.py:34 FutureWarning: YF.download() has changed argument auto_adjust default to True
[2025-10-31T23:20:26.615+0000] {logging_mixin.py:190} WARNING - [                       0%                       ]
[2025-10-31T23:20:26.617+0000] {logging_mixin.py:190} WARNING - [*********************100%***********************]  2 of 2 completed
[2025-10-31T23:20:26.623+0000] {python.py:240} INFO - Done. Returned value was: Ticker            AMZN              ...        GOOG          
Price             Open        High  ...       Close    Volume
Date                                ...                      
2025-02-14  229.199997  229.889999  ...  186.266769  12714200
2025-02-18  228.820007  229.300003  ...  185.200226  19796000
2025-02-19  225.520004  226.830002  ...  186.525925  13120500
2025-02-20  224.779999  225.130005  ...  186.037521  12063800
2025-02-21  223.279999  223.309998  ...  180.993851  19520800
...                ...         ...  ...         ...       ...
2025-10-27  227.660004  228.399994  ...  269.929993  22987700
2025-10-28  228.220001  231.490005  ...  268.429993  20101200
2025-10-29  231.669998  232.820007  ...  275.170013  26287900
2025-10-30  227.059998  228.440002  ...  281.899994  48570000
2025-10-31  250.199997  250.500000  ...  281.820007  29889113

[180 rows x 10 columns]
[2025-10-31T23:20:26.725+0000] {taskinstance.py:340} INFO - ::group::Post task execution logs
[2025-10-31T23:20:26.726+0000] {taskinstance.py:352} INFO - Marking task as SUCCESS. dag_id=daily_yfinance_stock_ingestion, task_id=extract_stock_prices, run_id=scheduled__2025-10-28T00:00:00+00:00, execution_date=20251028T000000, start_date=20251031T232025, end_date=20251031T232026
[2025-10-31T23:20:26.758+0000] {local_task_job_runner.py:266} INFO - Task exited with return code 0
[2025-10-31T23:20:26.796+0000] {taskinstance.py:3900} INFO - 1 downstream tasks scheduled from follow-on schedule check
[2025-10-31T23:20:26.819+0000] {local_task_job_runner.py:245} INFO - ::endgroup::
