[2025-11-06T20:49:38.666+0000] {local_task_job_runner.py:123} INFO - ::group::Pre task execution logs
[2025-11-06T20:49:38.681+0000] {taskinstance.py:2612} INFO - Dependencies all met for dep_context=non-requeueable deps ti=<TaskInstance: daily_yfinance_stock_ingestion.trigger_forecast_dag scheduled__2025-11-01T00:00:00+00:00 [queued]>
[2025-11-06T20:49:38.690+0000] {taskinstance.py:2612} INFO - Dependencies all met for dep_context=requeueable deps ti=<TaskInstance: daily_yfinance_stock_ingestion.trigger_forecast_dag scheduled__2025-11-01T00:00:00+00:00 [queued]>
[2025-11-06T20:49:38.691+0000] {taskinstance.py:2865} INFO - Starting attempt 1 of 1
[2025-11-06T20:49:38.827+0000] {taskinstance.py:2888} INFO - Executing <Task(TriggerDagRunOperator): trigger_forecast_dag> on 2025-11-01 00:00:00+00:00
[2025-11-06T20:49:38.840+0000] {standard_task_runner.py:104} INFO - Running: ['***', 'tasks', 'run', 'daily_yfinance_stock_ingestion', 'trigger_forecast_dag', 'scheduled__2025-11-01T00:00:00+00:00', '--job-id', '143', '--raw', '--subdir', 'DAGS_FOLDER/daily_stock_ingestion.py', '--cfg-path', '/tmp/tmpt5nkwsju']
[2025-11-06T20:49:38.842+0000] {logging_mixin.py:190} WARNING - /home/***/.local/lib/python3.12/site-packages/***/task/task_runner/standard_task_runner.py:70 DeprecationWarning: This process (pid=552) is multi-threaded, use of fork() may lead to deadlocks in the child.
[2025-11-06T20:49:38.844+0000] {standard_task_runner.py:105} INFO - Job 143: Subtask trigger_forecast_dag
[2025-11-06T20:49:38.845+0000] {standard_task_runner.py:72} INFO - Started process 555 to run task
[2025-11-06T20:49:38.897+0000] {task_command.py:467} INFO - Running <TaskInstance: daily_yfinance_stock_ingestion.trigger_forecast_dag scheduled__2025-11-01T00:00:00+00:00 [running]> on host 5080658c6a7c
[2025-11-06T20:49:38.981+0000] {taskinstance.py:3131} INFO - Exporting env vars: AIRFLOW_CTX_DAG_OWNER='***' AIRFLOW_CTX_DAG_ID='daily_yfinance_stock_ingestion' AIRFLOW_CTX_TASK_ID='trigger_forecast_dag' AIRFLOW_CTX_EXECUTION_DATE='2025-11-01T00:00:00+00:00' AIRFLOW_CTX_TRY_NUMBER='1' AIRFLOW_CTX_DAG_RUN_ID='scheduled__2025-11-01T00:00:00+00:00'
[2025-11-06T20:49:38.983+0000] {taskinstance.py:731} INFO - ::endgroup::
[2025-11-06T20:49:39.055+0000] {trigger_dagrun.py:257} INFO - Waiting for daily_stock_price_forecasting on 2025-11-06 20:49:38.985944+00:00 to become allowed state ['success'] ...
[2025-11-06T20:50:42.858+0000] {trigger_dagrun.py:257} INFO - Waiting for daily_stock_price_forecasting on 2025-11-06 20:49:38.985944+00:00 to become allowed state ['success'] ...
[2025-11-06T20:51:46.539+0000] {trigger_dagrun.py:271} INFO - daily_stock_price_forecasting finished with allowed state success
[2025-11-06T20:51:46.552+0000] {taskinstance.py:340} INFO - ::group::Post task execution logs
[2025-11-06T20:51:46.554+0000] {taskinstance.py:352} INFO - Marking task as SUCCESS. dag_id=daily_yfinance_stock_ingestion, task_id=trigger_forecast_dag, run_id=scheduled__2025-11-01T00:00:00+00:00, execution_date=20251101T000000, start_date=20251106T204938, end_date=20251106T205146
[2025-11-06T20:51:46.611+0000] {local_task_job_runner.py:266} INFO - Task exited with return code 0
[2025-11-06T20:51:46.629+0000] {taskinstance.py:3900} INFO - 0 downstream tasks scheduled from follow-on schedule check
[2025-11-06T20:51:46.633+0000] {local_task_job_runner.py:245} INFO - ::endgroup::
