[2025-11-24T20:46:53.038+0000] {local_task_job_runner.py:123} INFO - ::group::Pre task execution logs
[2025-11-24T20:46:53.058+0000] {taskinstance.py:2612} INFO - Dependencies all met for dep_context=non-requeueable deps ti=<TaskInstance: dbt_elt_pipeline.dbt_run manual__2025-11-24T20:46:52.640267+00:00 [queued]>
[2025-11-24T20:46:53.067+0000] {taskinstance.py:2612} INFO - Dependencies all met for dep_context=requeueable deps ti=<TaskInstance: dbt_elt_pipeline.dbt_run manual__2025-11-24T20:46:52.640267+00:00 [queued]>
[2025-11-24T20:46:53.068+0000] {taskinstance.py:2865} INFO - Starting attempt 1 of 1
[2025-11-24T20:46:53.085+0000] {taskinstance.py:2888} INFO - Executing <Task(BashOperator): dbt_run> on 2025-11-24 20:46:52.640267+00:00
[2025-11-24T20:46:53.096+0000] {logging_mixin.py:190} WARNING - /home/***/.local/lib/python3.12/site-packages/***/task/task_runner/standard_task_runner.py:70 DeprecationWarning: This process (pid=4731) is multi-threaded, use of fork() may lead to deadlocks in the child.
[2025-11-24T20:46:53.095+0000] {standard_task_runner.py:104} INFO - Running: ['***', 'tasks', 'run', 'dbt_elt_pipeline', 'dbt_run', 'manual__2025-11-24T20:46:52.640267+00:00', '--job-id', '277', '--raw', '--subdir', 'DAGS_FOLDER/elt_dbt_stock_pipeline.py', '--cfg-path', '/tmp/tmp8nak_igh']
[2025-11-24T20:46:53.097+0000] {standard_task_runner.py:72} INFO - Started process 4734 to run task
[2025-11-24T20:46:53.098+0000] {standard_task_runner.py:105} INFO - Job 277: Subtask dbt_run
[2025-11-24T20:46:53.147+0000] {task_command.py:467} INFO - Running <TaskInstance: dbt_elt_pipeline.dbt_run manual__2025-11-24T20:46:52.640267+00:00 [running]> on host 70570c35513f
[2025-11-24T20:46:53.248+0000] {taskinstance.py:3131} INFO - Exporting env vars: AIRFLOW_CTX_DAG_OWNER='***' AIRFLOW_CTX_DAG_ID='dbt_elt_pipeline' AIRFLOW_CTX_TASK_ID='dbt_run' AIRFLOW_CTX_EXECUTION_DATE='2025-11-24T20:46:52.640267+00:00' AIRFLOW_CTX_TRY_NUMBER='1' AIRFLOW_CTX_DAG_RUN_ID='manual__2025-11-24T20:46:52.640267+00:00'
[2025-11-24T20:46:53.249+0000] {taskinstance.py:731} INFO - ::endgroup::
[2025-11-24T20:46:53.269+0000] {subprocess.py:63} INFO - Tmp dir root location: /tmp
[2025-11-24T20:46:53.271+0000] {subprocess.py:75} INFO - Running command: ['/usr/bin/bash', '-c', 'cd /opt/***/dbt/stock_analytics && dbt run --profiles-dir .']
[2025-11-24T20:46:53.283+0000] {subprocess.py:86} INFO - Output:
[2025-11-24T20:46:55.595+0000] {subprocess.py:93} INFO - [0m20:46:55  Running with dbt=1.8.7
[2025-11-24T20:46:56.830+0000] {subprocess.py:93} INFO - [0m20:46:56  Registered adapter: snowflake=1.8.4
[2025-11-24T20:46:57.744+0000] {subprocess.py:93} INFO - [0m20:46:57  Found 2 models, 1 snapshot, 9 data tests, 1 source, 460 macros
[2025-11-24T20:46:57.748+0000] {subprocess.py:93} INFO - [0m20:46:57
[2025-11-24T20:46:59.216+0000] {subprocess.py:93} INFO - [0m20:46:59  Concurrency: 1 threads (target='dev')
[2025-11-24T20:46:59.217+0000] {subprocess.py:93} INFO - [0m20:46:59
[2025-11-24T20:46:59.235+0000] {subprocess.py:93} INFO - [0m20:46:59  1 of 2 START sql view model ANALYTICS.stg_prices ............................... [RUN]
[2025-11-24T20:47:01.090+0000] {subprocess.py:93} INFO - [0m20:47:01  1 of 2 OK created sql view model ANALYTICS.stg_prices .......................... [[32mSUCCESS 1[0m in 1.85s]
[2025-11-24T20:47:01.098+0000] {subprocess.py:93} INFO - [0m20:47:01  2 of 2 START sql table model ANALYTICS.fact_indicators ......................... [RUN]
[2025-11-24T20:47:04.710+0000] {subprocess.py:93} INFO - [0m20:47:04  2 of 2 OK created sql table model ANALYTICS.fact_indicators .................... [[32mSUCCESS 1[0m in 3.61s]
[2025-11-24T20:47:04.717+0000] {subprocess.py:93} INFO - [0m20:47:04
[2025-11-24T20:47:04.718+0000] {subprocess.py:93} INFO - [0m20:47:04  Finished running 1 view model, 1 table model in 0 hours 0 minutes and 6.97 seconds (6.97s).
[2025-11-24T20:47:04.830+0000] {subprocess.py:93} INFO - [0m20:47:04
[2025-11-24T20:47:04.831+0000] {subprocess.py:93} INFO - [0m20:47:04  [32mCompleted successfully[0m
[2025-11-24T20:47:04.832+0000] {subprocess.py:93} INFO - [0m20:47:04
[2025-11-24T20:47:04.834+0000] {subprocess.py:93} INFO - [0m20:47:04  Done. PASS=2 WARN=0 ERROR=0 SKIP=0 TOTAL=2
[2025-11-24T20:47:05.711+0000] {subprocess.py:97} INFO - Command exited with return code 0
[2025-11-24T20:47:05.739+0000] {taskinstance.py:340} INFO - ::group::Post task execution logs
[2025-11-24T20:47:05.740+0000] {taskinstance.py:352} INFO - Marking task as SUCCESS. dag_id=dbt_elt_pipeline, task_id=dbt_run, run_id=manual__2025-11-24T20:46:52.640267+00:00, execution_date=20251124T204652, start_date=20251124T204653, end_date=20251124T204705
[2025-11-24T20:47:05.773+0000] {local_task_job_runner.py:266} INFO - Task exited with return code 0
[2025-11-24T20:47:05.804+0000] {taskinstance.py:3900} INFO - 1 downstream tasks scheduled from follow-on schedule check
[2025-11-24T20:47:05.808+0000] {local_task_job_runner.py:245} INFO - ::endgroup::
