[2025-10-28T00:00:03.976+0000] {local_task_job_runner.py:123} INFO - ::group::Pre task execution logs
[2025-10-28T00:00:03.987+0000] {taskinstance.py:2612} INFO - Dependencies all met for dep_context=non-requeueable deps ti=<TaskInstance: daily_yfinance_stock_ingestion.transform_stock_data scheduled__2025-10-27T00:00:00+00:00 [queued]>
[2025-10-28T00:00:03.992+0000] {taskinstance.py:2612} INFO - Dependencies all met for dep_context=requeueable deps ti=<TaskInstance: daily_yfinance_stock_ingestion.transform_stock_data scheduled__2025-10-27T00:00:00+00:00 [queued]>
[2025-10-28T00:00:03.993+0000] {taskinstance.py:2865} INFO - Starting attempt 1 of 1
[2025-10-28T00:00:04.096+0000] {taskinstance.py:2888} INFO - Executing <Task(_PythonDecoratedOperator): transform_stock_data> on 2025-10-27 00:00:00+00:00
[2025-10-28T00:00:04.104+0000] {logging_mixin.py:190} WARNING - /home/***/.local/lib/python3.12/site-packages/***/task/task_runner/standard_task_runner.py:70 DeprecationWarning: This process (pid=8298) is multi-threaded, use of fork() may lead to deadlocks in the child.
[2025-10-28T00:00:04.105+0000] {standard_task_runner.py:72} INFO - Started process 8301 to run task
[2025-10-28T00:00:04.104+0000] {standard_task_runner.py:104} INFO - Running: ['***', 'tasks', 'run', 'daily_yfinance_stock_ingestion', 'transform_stock_data', 'scheduled__2025-10-27T00:00:00+00:00', '--job-id', '95', '--raw', '--subdir', 'DAGS_FOLDER/daily_stock_ingestion.py', '--cfg-path', '/tmp/tmpijgvzpxv']
[2025-10-28T00:00:04.106+0000] {standard_task_runner.py:105} INFO - Job 95: Subtask transform_stock_data
[2025-10-28T00:00:04.136+0000] {task_command.py:467} INFO - Running <TaskInstance: daily_yfinance_stock_ingestion.transform_stock_data scheduled__2025-10-27T00:00:00+00:00 [running]> on host 5080658c6a7c
[2025-10-28T00:00:04.275+0000] {taskinstance.py:3131} INFO - Exporting env vars: AIRFLOW_CTX_DAG_OWNER='***' AIRFLOW_CTX_DAG_ID='daily_yfinance_stock_ingestion' AIRFLOW_CTX_TASK_ID='transform_stock_data' AIRFLOW_CTX_EXECUTION_DATE='2025-10-27T00:00:00+00:00' AIRFLOW_CTX_TRY_NUMBER='1' AIRFLOW_CTX_DAG_RUN_ID='scheduled__2025-10-27T00:00:00+00:00'
[2025-10-28T00:00:04.277+0000] {taskinstance.py:731} INFO - ::endgroup::
[2025-10-28T00:00:04.284+0000] {python.py:240} INFO - Done. Returned value was:     StockSymbol       Date        Open  ...         Min         Max    Volume
0          GOOG 2025-02-10  188.449693  ...  187.004376  189.376698  16606000
1          AMZN 2025-02-10  230.550003  ...  229.199997  233.919998  35419900
2          GOOG 2025-02-11  186.231883  ...  185.479316  188.190537  13028100
3          AMZN 2025-02-11  231.919998  ...  230.130005  233.440002  23713700
4          GOOG 2025-02-12  184.632054  ...  183.037228  186.226895  17632300
..          ...        ...         ...  ...         ...         ...       ...
355        AMZN 2025-10-23  219.000000  ...  218.179993  221.300003  31540000
356        GOOG 2025-10-24  257.299988  ...  256.100006  262.510010  18375100
357        AMZN 2025-10-24  221.970001  ...  221.899994  225.399994  38620200
358        GOOG 2025-10-27  265.364990  ...  264.940002  270.700012  22903490
359        AMZN 2025-10-27  227.809998  ...  225.539993  228.399994  36218592

[360 rows x 7 columns]
[2025-10-28T00:00:04.309+0000] {taskinstance.py:340} INFO - ::group::Post task execution logs
[2025-10-28T00:00:04.310+0000] {taskinstance.py:352} INFO - Marking task as SUCCESS. dag_id=daily_yfinance_stock_ingestion, task_id=transform_stock_data, run_id=scheduled__2025-10-27T00:00:00+00:00, execution_date=20251027T000000, start_date=20251028T000003, end_date=20251028T000004
[2025-10-28T00:00:04.359+0000] {local_task_job_runner.py:266} INFO - Task exited with return code 0
[2025-10-28T00:00:04.376+0000] {taskinstance.py:3900} INFO - 1 downstream tasks scheduled from follow-on schedule check
[2025-10-28T00:00:04.379+0000] {local_task_job_runner.py:245} INFO - ::endgroup::
