[2025-10-31T23:20:25.963+0000] {local_task_job_runner.py:123} INFO - ::group::Pre task execution logs
[2025-10-31T23:20:25.984+0000] {taskinstance.py:2612} INFO - Dependencies all met for dep_context=non-requeueable deps ti=<TaskInstance: daily_yfinance_stock_ingestion.extract_stock_prices scheduled__2025-10-30T00:00:00+00:00 [queued]>
[2025-10-31T23:20:25.996+0000] {taskinstance.py:2612} INFO - Dependencies all met for dep_context=requeueable deps ti=<TaskInstance: daily_yfinance_stock_ingestion.extract_stock_prices scheduled__2025-10-30T00:00:00+00:00 [queued]>
[2025-10-31T23:20:25.998+0000] {taskinstance.py:2865} INFO - Starting attempt 1 of 1
[2025-10-31T23:20:26.178+0000] {taskinstance.py:2888} INFO - Executing <Task(_PythonDecoratedOperator): extract_stock_prices> on 2025-10-30 00:00:00+00:00
[2025-10-31T23:20:26.188+0000] {logging_mixin.py:190} WARNING - /home/***/.local/lib/python3.12/site-packages/***/task/task_runner/standard_task_runner.py:70 DeprecationWarning: This process (pid=213) is multi-threaded, use of fork() may lead to deadlocks in the child.
[2025-10-31T23:20:26.189+0000] {standard_task_runner.py:72} INFO - Started process 248 to run task
[2025-10-31T23:20:26.190+0000] {standard_task_runner.py:104} INFO - Running: ['***', 'tasks', 'run', 'daily_yfinance_stock_ingestion', 'extract_stock_prices', 'scheduled__2025-10-30T00:00:00+00:00', '--job-id', '103', '--raw', '--subdir', 'DAGS_FOLDER/daily_stock_ingestion.py', '--cfg-path', '/tmp/tmpcaypjuvj']
[2025-10-31T23:20:26.193+0000] {standard_task_runner.py:105} INFO - Job 103: Subtask extract_stock_prices
[2025-10-31T23:20:26.249+0000] {task_command.py:467} INFO - Running <TaskInstance: daily_yfinance_stock_ingestion.extract_stock_prices scheduled__2025-10-30T00:00:00+00:00 [running]> on host 5080658c6a7c
[2025-10-31T23:20:26.345+0000] {taskinstance.py:3131} INFO - Exporting env vars: AIRFLOW_CTX_DAG_OWNER='***' AIRFLOW_CTX_DAG_ID='daily_yfinance_stock_ingestion' AIRFLOW_CTX_TASK_ID='extract_stock_prices' AIRFLOW_CTX_EXECUTION_DATE='2025-10-30T00:00:00+00:00' AIRFLOW_CTX_TRY_NUMBER='1' AIRFLOW_CTX_DAG_RUN_ID='scheduled__2025-10-30T00:00:00+00:00'
[2025-10-31T23:20:26.347+0000] {taskinstance.py:731} INFO - ::endgroup::
[2025-10-31T23:20:26.361+0000] {logging_mixin.py:190} WARNING - /opt/***/dags/daily_stock_ingestion.py:34 FutureWarning: YF.download() has changed argument auto_adjust default to True
[2025-10-31T23:20:26.614+0000] {logging_mixin.py:190} WARNING - [                       0%                       ]
[2025-10-31T23:20:26.620+0000] {logging_mixin.py:190} WARNING - [*********************100%***********************]  2 of 2 completed
[2025-10-31T23:20:26.626+0000] {python.py:240} INFO - Done. Returned value was: Ticker            GOOG              ...        AMZN           
Price             Open        High  ...       Close     Volume
Date                                ...                       
2025-02-14  186.226905  187.542636  ...  228.679993   27031100
2025-02-18  186.834931  187.173830  ...  226.649994   42975100
2025-02-19  185.583968  186.755178  ...  226.630005   28566700
2025-02-20  185.897974  186.515968  ...  222.880005   30001700
2025-02-21  186.685410  186.864837  ...  216.580002   55323900
...                ...         ...  ...         ...        ...
2025-10-27  265.359985  270.799988  ...  226.970001   38267000
2025-10-28  270.200012  271.380005  ...  229.250000   47100000
2025-10-29  268.609985  275.970001  ...  230.300003   52036200
2025-10-30  291.720001  291.929993  ...  222.860001  102252900
2025-10-31  283.204987  286.285004  ...  244.220001  166088899

[180 rows x 10 columns]
[2025-10-31T23:20:26.727+0000] {taskinstance.py:340} INFO - ::group::Post task execution logs
[2025-10-31T23:20:26.728+0000] {taskinstance.py:352} INFO - Marking task as SUCCESS. dag_id=daily_yfinance_stock_ingestion, task_id=extract_stock_prices, run_id=scheduled__2025-10-30T00:00:00+00:00, execution_date=20251030T000000, start_date=20251031T232025, end_date=20251031T232026
[2025-10-31T23:20:26.767+0000] {local_task_job_runner.py:266} INFO - Task exited with return code 0
[2025-10-31T23:20:26.821+0000] {taskinstance.py:3900} INFO - 1 downstream tasks scheduled from follow-on schedule check
[2025-10-31T23:20:26.834+0000] {local_task_job_runner.py:245} INFO - ::endgroup::
