[2025-10-05T02:23:34.990+0000] {local_task_job_runner.py:123} INFO - ::group::Pre task execution logs
[2025-10-05T02:23:35.012+0000] {taskinstance.py:2612} INFO - Dependencies all met for dep_context=non-requeueable deps ti=<TaskInstance: daily_yfinance_stock_ingestion.trigger_forecast_dag manual__2025-10-05T02:18:03.575796+00:00 [queued]>
[2025-10-05T02:23:35.026+0000] {taskinstance.py:2612} INFO - Dependencies all met for dep_context=requeueable deps ti=<TaskInstance: daily_yfinance_stock_ingestion.trigger_forecast_dag manual__2025-10-05T02:18:03.575796+00:00 [queued]>
[2025-10-05T02:23:35.028+0000] {taskinstance.py:2865} INFO - Starting attempt 1 of 1
[2025-10-05T02:23:35.051+0000] {taskinstance.py:2888} INFO - Executing <Task(TriggerDagRunOperator): trigger_forecast_dag> on 2025-10-05 02:18:03.575796+00:00
[2025-10-05T02:23:35.068+0000] {logging_mixin.py:190} WARNING - /home/***/.local/lib/python3.12/site-packages/***/task/task_runner/standard_task_runner.py:70 DeprecationWarning: This process (pid=2469) is multi-threaded, use of fork() may lead to deadlocks in the child.
[2025-10-05T02:23:35.072+0000] {standard_task_runner.py:72} INFO - Started process 2472 to run task
[2025-10-05T02:23:35.069+0000] {standard_task_runner.py:104} INFO - Running: ['***', 'tasks', 'run', 'daily_yfinance_stock_ingestion', 'trigger_forecast_dag', 'manual__2025-10-05T02:18:03.575796+00:00', '--job-id', '16', '--raw', '--subdir', 'DAGS_FOLDER/daily_stock_ingestion.py', '--cfg-path', '/tmp/tmp8d5o7d46']
[2025-10-05T02:23:35.074+0000] {standard_task_runner.py:105} INFO - Job 16: Subtask trigger_forecast_dag
[2025-10-05T02:23:35.152+0000] {task_command.py:467} INFO - Running <TaskInstance: daily_yfinance_stock_ingestion.trigger_forecast_dag manual__2025-10-05T02:18:03.575796+00:00 [running]> on host 3c693694ef07
[2025-10-05T02:23:35.303+0000] {taskinstance.py:3131} INFO - Exporting env vars: AIRFLOW_CTX_DAG_OWNER='***' AIRFLOW_CTX_DAG_ID='daily_yfinance_stock_ingestion' AIRFLOW_CTX_TASK_ID='trigger_forecast_dag' AIRFLOW_CTX_EXECUTION_DATE='2025-10-05T02:18:03.575796+00:00' AIRFLOW_CTX_TRY_NUMBER='1' AIRFLOW_CTX_DAG_RUN_ID='manual__2025-10-05T02:18:03.575796+00:00'
[2025-10-05T02:23:35.306+0000] {taskinstance.py:731} INFO - ::endgroup::
[2025-10-05T02:23:35.411+0000] {trigger_dagrun.py:257} INFO - Waiting for daily_stock_price_forecasting on 2025-10-05 02:23:35.310902+00:00 to become allowed state ['success'] ...
[2025-10-05T02:24:31.818+0000] {trigger_dagrun.py:257} INFO - Waiting for daily_stock_price_forecasting on 2025-10-05 02:23:35.310902+00:00 to become allowed state ['success'] ...
[2025-10-05T02:25:28.170+0000] {trigger_dagrun.py:257} INFO - Waiting for daily_stock_price_forecasting on 2025-10-05 02:23:35.310902+00:00 to become allowed state ['success'] ...
[2025-10-05T02:26:24.454+0000] {trigger_dagrun.py:271} INFO - daily_stock_price_forecasting finished with allowed state success
[2025-10-05T02:26:24.471+0000] {taskinstance.py:340} INFO - ::group::Post task execution logs
[2025-10-05T02:26:24.473+0000] {taskinstance.py:352} INFO - Marking task as SUCCESS. dag_id=daily_yfinance_stock_ingestion, task_id=trigger_forecast_dag, run_id=manual__2025-10-05T02:18:03.575796+00:00, execution_date=20251005T021803, start_date=20251005T022335, end_date=20251005T022624
[2025-10-05T02:26:24.524+0000] {local_task_job_runner.py:266} INFO - Task exited with return code 0
[2025-10-05T02:26:24.555+0000] {taskinstance.py:3900} INFO - 0 downstream tasks scheduled from follow-on schedule check
[2025-10-05T02:26:24.561+0000] {local_task_job_runner.py:245} INFO - ::endgroup::
