[2025-10-07T00:22:18.831+0000] {local_task_job_runner.py:123} INFO - ::group::Pre task execution logs
[2025-10-07T00:22:18.843+0000] {taskinstance.py:2612} INFO - Dependencies all met for dep_context=non-requeueable deps ti=<TaskInstance: daily_yfinance_stock_ingestion.trigger_forecast_dag manual__2025-10-05T02:59:09.292850+00:00 [queued]>
[2025-10-07T00:22:18.850+0000] {taskinstance.py:2612} INFO - Dependencies all met for dep_context=requeueable deps ti=<TaskInstance: daily_yfinance_stock_ingestion.trigger_forecast_dag manual__2025-10-05T02:59:09.292850+00:00 [queued]>
[2025-10-07T00:22:18.851+0000] {taskinstance.py:2865} INFO - Starting attempt 3 of 1
[2025-10-07T00:22:18.979+0000] {taskinstance.py:2888} INFO - Executing <Task(TriggerDagRunOperator): trigger_forecast_dag> on 2025-10-05 02:59:09.292850+00:00
[2025-10-07T00:22:18.990+0000] {standard_task_runner.py:104} INFO - Running: ['***', 'tasks', 'run', 'daily_yfinance_stock_ingestion', 'trigger_forecast_dag', 'manual__2025-10-05T02:59:09.292850+00:00', '--job-id', '46', '--raw', '--subdir', 'DAGS_FOLDER/daily_stock_ingestion.py', '--cfg-path', '/tmp/tmpfhzq7ppo']
[2025-10-07T00:22:18.990+0000] {logging_mixin.py:190} WARNING - /home/***/.local/lib/python3.12/site-packages/***/task/task_runner/standard_task_runner.py:70 DeprecationWarning: This process (pid=408) is multi-threaded, use of fork() may lead to deadlocks in the child.
[2025-10-07T00:22:18.993+0000] {standard_task_runner.py:105} INFO - Job 46: Subtask trigger_forecast_dag
[2025-10-07T00:22:18.993+0000] {standard_task_runner.py:72} INFO - Started process 419 to run task
[2025-10-07T00:22:19.032+0000] {task_command.py:467} INFO - Running <TaskInstance: daily_yfinance_stock_ingestion.trigger_forecast_dag manual__2025-10-05T02:59:09.292850+00:00 [running]> on host 3c693694ef07
[2025-10-07T00:22:19.099+0000] {taskinstance.py:3131} INFO - Exporting env vars: AIRFLOW_CTX_DAG_OWNER='***' AIRFLOW_CTX_DAG_ID='daily_yfinance_stock_ingestion' AIRFLOW_CTX_TASK_ID='trigger_forecast_dag' AIRFLOW_CTX_EXECUTION_DATE='2025-10-05T02:59:09.292850+00:00' AIRFLOW_CTX_TRY_NUMBER='3' AIRFLOW_CTX_DAG_RUN_ID='manual__2025-10-05T02:59:09.292850+00:00'
[2025-10-07T00:22:19.100+0000] {taskinstance.py:731} INFO - ::endgroup::
[2025-10-07T00:22:19.162+0000] {trigger_dagrun.py:257} INFO - Waiting for daily_stock_price_forecasting on 2025-10-07 00:22:19.102934+00:00 to become allowed state ['success'] ...
[2025-10-07T00:23:19.111+0000] {trigger_dagrun.py:257} INFO - Waiting for daily_stock_price_forecasting on 2025-10-07 00:22:19.102934+00:00 to become allowed state ['success'] ...
[2025-10-07T00:24:19.062+0000] {trigger_dagrun.py:257} INFO - Waiting for daily_stock_price_forecasting on 2025-10-07 00:22:19.102934+00:00 to become allowed state ['success'] ...
[2025-10-07T00:25:19.026+0000] {trigger_dagrun.py:271} INFO - daily_stock_price_forecasting finished with allowed state success
[2025-10-07T00:25:19.032+0000] {taskinstance.py:340} INFO - ::group::Post task execution logs
[2025-10-07T00:25:19.033+0000] {taskinstance.py:352} INFO - Marking task as SUCCESS. dag_id=daily_yfinance_stock_ingestion, task_id=trigger_forecast_dag, run_id=manual__2025-10-05T02:59:09.292850+00:00, execution_date=20251005T025909, start_date=20251007T002218, end_date=20251007T002519
[2025-10-07T00:25:19.075+0000] {local_task_job_runner.py:266} INFO - Task exited with return code 0
[2025-10-07T00:25:19.086+0000] {taskinstance.py:3900} INFO - 0 downstream tasks scheduled from follow-on schedule check
[2025-10-07T00:25:19.087+0000] {local_task_job_runner.py:245} INFO - ::endgroup::
