[2025-11-24T20:38:28.418+0000] {local_task_job_runner.py:123} INFO - ::group::Pre task execution logs
[2025-11-24T20:38:28.436+0000] {taskinstance.py:2612} INFO - Dependencies all met for dep_context=non-requeueable deps ti=<TaskInstance: daily_yfinance_stock_ingestion.trigger_forecast_dag manual__2025-11-24T20:33:16.956039+00:00 [queued]>
[2025-11-24T20:38:28.445+0000] {taskinstance.py:2612} INFO - Dependencies all met for dep_context=requeueable deps ti=<TaskInstance: daily_yfinance_stock_ingestion.trigger_forecast_dag manual__2025-11-24T20:33:16.956039+00:00 [queued]>
[2025-11-24T20:38:28.447+0000] {taskinstance.py:2865} INFO - Starting attempt 1 of 1
[2025-11-24T20:38:28.463+0000] {taskinstance.py:2888} INFO - Executing <Task(TriggerDagRunOperator): trigger_forecast_dag> on 2025-11-24 20:33:16.956039+00:00
[2025-11-24T20:38:28.474+0000] {logging_mixin.py:190} WARNING - /home/***/.local/lib/python3.12/site-packages/***/task/task_runner/standard_task_runner.py:70 DeprecationWarning: This process (pid=4223) is multi-threaded, use of fork() may lead to deadlocks in the child.
[2025-11-24T20:38:28.476+0000] {standard_task_runner.py:72} INFO - Started process 4235 to run task
[2025-11-24T20:38:28.475+0000] {standard_task_runner.py:104} INFO - Running: ['***', 'tasks', 'run', 'daily_yfinance_stock_ingestion', 'trigger_forecast_dag', 'manual__2025-11-24T20:33:16.956039+00:00', '--job-id', '266', '--raw', '--subdir', 'DAGS_FOLDER/daily_stock_ingestion.py', '--cfg-path', '/tmp/tmphoe_45a2']
[2025-11-24T20:38:28.478+0000] {standard_task_runner.py:105} INFO - Job 266: Subtask trigger_forecast_dag
[2025-11-24T20:38:28.800+0000] {task_command.py:467} INFO - Running <TaskInstance: daily_yfinance_stock_ingestion.trigger_forecast_dag manual__2025-11-24T20:33:16.956039+00:00 [running]> on host 70570c35513f
[2025-11-24T20:38:28.898+0000] {taskinstance.py:3131} INFO - Exporting env vars: AIRFLOW_CTX_DAG_OWNER='***' AIRFLOW_CTX_DAG_ID='daily_yfinance_stock_ingestion' AIRFLOW_CTX_TASK_ID='trigger_forecast_dag' AIRFLOW_CTX_EXECUTION_DATE='2025-11-24T20:33:16.956039+00:00' AIRFLOW_CTX_TRY_NUMBER='1' AIRFLOW_CTX_DAG_RUN_ID='manual__2025-11-24T20:33:16.956039+00:00'
[2025-11-24T20:38:28.899+0000] {taskinstance.py:731} INFO - ::endgroup::
[2025-11-24T20:38:28.982+0000] {trigger_dagrun.py:257} INFO - Waiting for daily_stock_price_forecasting on 2025-11-24 20:38:28.902158+00:00 to become allowed state ['success'] ...
[2025-11-24T20:39:32.748+0000] {trigger_dagrun.py:257} INFO - Waiting for daily_stock_price_forecasting on 2025-11-24 20:38:28.902158+00:00 to become allowed state ['success'] ...
[2025-11-24T20:40:36.554+0000] {trigger_dagrun.py:271} INFO - daily_stock_price_forecasting finished with allowed state success
[2025-11-24T20:40:36.568+0000] {taskinstance.py:340} INFO - ::group::Post task execution logs
[2025-11-24T20:40:36.569+0000] {taskinstance.py:352} INFO - Marking task as SUCCESS. dag_id=daily_yfinance_stock_ingestion, task_id=trigger_forecast_dag, run_id=manual__2025-11-24T20:33:16.956039+00:00, execution_date=20251124T203316, start_date=20251124T203828, end_date=20251124T204036
[2025-11-24T20:40:36.610+0000] {local_task_job_runner.py:266} INFO - Task exited with return code 0
[2025-11-24T20:40:36.631+0000] {taskinstance.py:3900} INFO - 0 downstream tasks scheduled from follow-on schedule check
[2025-11-24T20:40:36.635+0000] {local_task_job_runner.py:245} INFO - ::endgroup::
