[2025-11-14T18:15:49.286+0000] {processor.py:186} INFO - Started process (PID=224) to work on /opt/airflow/dags/daily_stock_ingestion.py
[2025-11-14T18:15:49.288+0000] {processor.py:914} INFO - Processing file /opt/airflow/dags/daily_stock_ingestion.py for tasks to queue
[2025-11-14T18:15:49.292+0000] {logging_mixin.py:190} INFO - [2025-11-14T18:15:49.291+0000] {dagbag.py:587} INFO - Filling up the DagBag from /opt/airflow/dags/daily_stock_ingestion.py
[2025-11-14T18:15:49.978+0000] {processor.py:925} INFO - DAG(s) 'daily_yfinance_stock_ingestion' retrieved from /opt/airflow/dags/daily_stock_ingestion.py
[2025-11-14T18:15:50.006+0000] {logging_mixin.py:190} INFO - [2025-11-14T18:15:50.005+0000] {dag.py:3229} INFO - Sync 1 DAGs
[2025-11-14T18:15:50.048+0000] {logging_mixin.py:190} INFO - [2025-11-14T18:15:50.048+0000] {dag.py:4156} INFO - Setting next_dagrun for daily_yfinance_stock_ingestion to 2025-11-14 00:00:00+00:00, run_after=2025-11-15 00:00:00+00:00
[2025-11-14T18:15:50.079+0000] {processor.py:208} INFO - Processing /opt/airflow/dags/daily_stock_ingestion.py took 0.803 seconds
[2025-11-14T18:16:20.321+0000] {processor.py:186} INFO - Started process (PID=367) to work on /opt/airflow/dags/daily_stock_ingestion.py
[2025-11-14T18:16:20.322+0000] {processor.py:914} INFO - Processing file /opt/airflow/dags/daily_stock_ingestion.py for tasks to queue
[2025-11-14T18:16:20.324+0000] {logging_mixin.py:190} INFO - [2025-11-14T18:16:20.324+0000] {dagbag.py:587} INFO - Filling up the DagBag from /opt/airflow/dags/daily_stock_ingestion.py
[2025-11-14T18:16:20.658+0000] {processor.py:925} INFO - DAG(s) 'daily_yfinance_stock_ingestion' retrieved from /opt/airflow/dags/daily_stock_ingestion.py
[2025-11-14T18:16:20.678+0000] {logging_mixin.py:190} INFO - [2025-11-14T18:16:20.677+0000] {dag.py:3229} INFO - Sync 1 DAGs
[2025-11-14T18:16:20.703+0000] {logging_mixin.py:190} INFO - [2025-11-14T18:16:20.703+0000] {dag.py:4156} INFO - Setting next_dagrun for daily_yfinance_stock_ingestion to 2025-11-14 00:00:00+00:00, run_after=2025-11-15 00:00:00+00:00
[2025-11-14T18:16:20.741+0000] {processor.py:208} INFO - Processing /opt/airflow/dags/daily_stock_ingestion.py took 0.423 seconds
[2025-11-14T18:16:51.238+0000] {processor.py:186} INFO - Started process (PID=383) to work on /opt/airflow/dags/daily_stock_ingestion.py
[2025-11-14T18:16:51.239+0000] {processor.py:914} INFO - Processing file /opt/airflow/dags/daily_stock_ingestion.py for tasks to queue
[2025-11-14T18:16:51.242+0000] {logging_mixin.py:190} INFO - [2025-11-14T18:16:51.241+0000] {dagbag.py:587} INFO - Filling up the DagBag from /opt/airflow/dags/daily_stock_ingestion.py
[2025-11-14T18:16:51.535+0000] {processor.py:925} INFO - DAG(s) 'daily_yfinance_stock_ingestion' retrieved from /opt/airflow/dags/daily_stock_ingestion.py
[2025-11-14T18:16:51.697+0000] {logging_mixin.py:190} INFO - [2025-11-14T18:16:51.546+0000] {dag.py:3229} INFO - Sync 1 DAGs
[2025-11-14T18:16:51.713+0000] {logging_mixin.py:190} INFO - [2025-11-14T18:16:51.712+0000] {dag.py:4156} INFO - Setting next_dagrun for daily_yfinance_stock_ingestion to 2025-11-14 00:00:00+00:00, run_after=2025-11-15 00:00:00+00:00
[2025-11-14T18:16:51.732+0000] {processor.py:208} INFO - Processing /opt/airflow/dags/daily_stock_ingestion.py took 0.499 seconds
[2025-11-14T18:17:22.654+0000] {processor.py:186} INFO - Started process (PID=399) to work on /opt/airflow/dags/daily_stock_ingestion.py
[2025-11-14T18:17:22.655+0000] {processor.py:914} INFO - Processing file /opt/airflow/dags/daily_stock_ingestion.py for tasks to queue
[2025-11-14T18:17:22.656+0000] {logging_mixin.py:190} INFO - [2025-11-14T18:17:22.656+0000] {dagbag.py:587} INFO - Filling up the DagBag from /opt/airflow/dags/daily_stock_ingestion.py
[2025-11-14T18:17:23.108+0000] {processor.py:925} INFO - DAG(s) 'daily_yfinance_stock_ingestion' retrieved from /opt/airflow/dags/daily_stock_ingestion.py
[2025-11-14T18:17:23.117+0000] {logging_mixin.py:190} INFO - [2025-11-14T18:17:23.116+0000] {dag.py:3229} INFO - Sync 1 DAGs
[2025-11-14T18:17:23.132+0000] {logging_mixin.py:190} INFO - [2025-11-14T18:17:23.132+0000] {dag.py:4156} INFO - Setting next_dagrun for daily_yfinance_stock_ingestion to 2025-11-14 00:00:00+00:00, run_after=2025-11-15 00:00:00+00:00
[2025-11-14T18:17:23.152+0000] {processor.py:208} INFO - Processing /opt/airflow/dags/daily_stock_ingestion.py took 0.503 seconds
