[2025-11-01T01:24:50.547+0000] {local_task_job_runner.py:123} INFO - ::group::Pre task execution logs
[2025-11-01T01:24:50.567+0000] {taskinstance.py:2612} INFO - Dependencies all met for dep_context=non-requeueable deps ti=<TaskInstance: daily_stock_price_forecasting.predict scheduled__2025-10-31T00:30:00+00:00 [queued]>
[2025-11-01T01:24:50.578+0000] {taskinstance.py:2612} INFO - Dependencies all met for dep_context=requeueable deps ti=<TaskInstance: daily_stock_price_forecasting.predict scheduled__2025-10-31T00:30:00+00:00 [queued]>
[2025-11-01T01:24:50.581+0000] {taskinstance.py:2865} INFO - Starting attempt 1 of 1
[2025-11-01T01:24:50.598+0000] {taskinstance.py:2888} INFO - Executing <Task(_PythonDecoratedOperator): predict> on 2025-10-31 00:30:00+00:00
[2025-11-01T01:24:50.611+0000] {logging_mixin.py:190} WARNING - /home/***/.local/lib/python3.12/site-packages/***/task/task_runner/standard_task_runner.py:70 DeprecationWarning: This process (pid=2460) is multi-threaded, use of fork() may lead to deadlocks in the child.
[2025-11-01T01:24:50.612+0000] {standard_task_runner.py:104} INFO - Running: ['***', 'tasks', 'run', 'daily_stock_price_forecasting', 'predict', 'scheduled__2025-10-31T00:30:00+00:00', '--job-id', '131', '--raw', '--subdir', 'DAGS_FOLDER/train_forecast_stock_prices.py', '--cfg-path', '/tmp/tmpq3t6eb5m']
[2025-11-01T01:24:50.613+0000] {standard_task_runner.py:72} INFO - Started process 2463 to run task
[2025-11-01T01:24:50.614+0000] {standard_task_runner.py:105} INFO - Job 131: Subtask predict
[2025-11-01T01:24:50.673+0000] {task_command.py:467} INFO - Running <TaskInstance: daily_stock_price_forecasting.predict scheduled__2025-10-31T00:30:00+00:00 [running]> on host 5080658c6a7c
[2025-11-01T01:24:50.781+0000] {taskinstance.py:3131} INFO - Exporting env vars: AIRFLOW_CTX_DAG_OWNER='***' AIRFLOW_CTX_DAG_ID='daily_stock_price_forecasting' AIRFLOW_CTX_TASK_ID='predict' AIRFLOW_CTX_EXECUTION_DATE='2025-10-31T00:30:00+00:00' AIRFLOW_CTX_TRY_NUMBER='1' AIRFLOW_CTX_DAG_RUN_ID='scheduled__2025-10-31T00:30:00+00:00'
[2025-11-01T01:24:50.783+0000] {taskinstance.py:731} INFO - ::endgroup::
[2025-11-01T01:25:07.529+0000] {cursor.py:1156} INFO - Number of results in first chunk: 14
[2025-11-01T01:25:09.125+0000] {cursor.py:1156} INFO - Number of results in first chunk: 1
[2025-11-01T01:25:10.491+0000] {cursor.py:1156} INFO - Number of results in first chunk: 1
[2025-11-01T01:25:10.493+0000] {logging_mixin.py:190} INFO - Forecasting and storing results completed successfully.
[2025-11-01T01:25:10.494+0000] {python.py:240} INFO - Done. Returned value was: None
[2025-11-01T01:25:10.522+0000] {taskinstance.py:340} INFO - ::group::Post task execution logs
[2025-11-01T01:25:10.524+0000] {taskinstance.py:352} INFO - Marking task as SUCCESS. dag_id=daily_stock_price_forecasting, task_id=predict, run_id=scheduled__2025-10-31T00:30:00+00:00, execution_date=20251031T003000, start_date=20251101T012450, end_date=20251101T012510
[2025-11-01T01:25:10.808+0000] {local_task_job_runner.py:266} INFO - Task exited with return code 0
[2025-11-01T01:25:10.832+0000] {taskinstance.py:3900} INFO - 0 downstream tasks scheduled from follow-on schedule check
[2025-11-01T01:25:10.836+0000] {local_task_job_runner.py:245} INFO - ::endgroup::
