[2025-10-07T00:15:15.837+0000] {local_task_job_runner.py:123} INFO - ::group::Pre task execution logs
[2025-10-07T00:15:15.851+0000] {taskinstance.py:2612} INFO - Dependencies all met for dep_context=non-requeueable deps ti=<TaskInstance: daily_yfinance_stock_ingestion.transform_stock_data scheduled__2025-10-06T00:00:00+00:00 [queued]>
[2025-10-07T00:15:15.858+0000] {taskinstance.py:2612} INFO - Dependencies all met for dep_context=requeueable deps ti=<TaskInstance: daily_yfinance_stock_ingestion.transform_stock_data scheduled__2025-10-06T00:00:00+00:00 [queued]>
[2025-10-07T00:15:15.859+0000] {taskinstance.py:2865} INFO - Starting attempt 1 of 1
[2025-10-07T00:15:15.994+0000] {taskinstance.py:2888} INFO - Executing <Task(_PythonDecoratedOperator): transform_stock_data> on 2025-10-06 00:00:00+00:00
[2025-10-07T00:15:16.003+0000] {logging_mixin.py:190} WARNING - /home/***/.local/lib/python3.12/site-packages/***/task/task_runner/standard_task_runner.py:70 DeprecationWarning: This process (pid=277) is multi-threaded, use of fork() may lead to deadlocks in the child.
[2025-10-07T00:15:16.006+0000] {standard_task_runner.py:72} INFO - Started process 288 to run task
[2025-10-07T00:15:16.004+0000] {standard_task_runner.py:104} INFO - Running: ['***', 'tasks', 'run', 'daily_yfinance_stock_ingestion', 'transform_stock_data', 'scheduled__2025-10-06T00:00:00+00:00', '--job-id', '41', '--raw', '--subdir', 'DAGS_FOLDER/daily_stock_ingestion.py', '--cfg-path', '/tmp/tmpzg9pusl1']
[2025-10-07T00:15:16.007+0000] {standard_task_runner.py:105} INFO - Job 41: Subtask transform_stock_data
[2025-10-07T00:15:16.050+0000] {task_command.py:467} INFO - Running <TaskInstance: daily_yfinance_stock_ingestion.transform_stock_data scheduled__2025-10-06T00:00:00+00:00 [running]> on host 3c693694ef07
[2025-10-07T00:15:16.214+0000] {taskinstance.py:3131} INFO - Exporting env vars: AIRFLOW_CTX_DAG_OWNER='***' AIRFLOW_CTX_DAG_ID='daily_yfinance_stock_ingestion' AIRFLOW_CTX_TASK_ID='transform_stock_data' AIRFLOW_CTX_EXECUTION_DATE='2025-10-06T00:00:00+00:00' AIRFLOW_CTX_TRY_NUMBER='1' AIRFLOW_CTX_DAG_RUN_ID='scheduled__2025-10-06T00:00:00+00:00'
[2025-10-07T00:15:16.215+0000] {taskinstance.py:731} INFO - ::endgroup::
[2025-10-07T00:15:16.221+0000] {python.py:240} INFO - Done. Returned value was:     StockSymbol       Date        Open  ...         Min         Max    Volume
0          GOOG 2025-01-17  197.410694  ...  194.679533  198.168235  22109100
1          AMZN 2025-01-17  225.839996  ...  223.080002  226.509995  42370100
2          GOOG 2025-01-21  199.862729  ...  198.796191  203.181982  19005200
3          AMZN 2025-01-21  228.899994  ...  226.940002  231.779999  39951500
4          GOOG 2025-01-22  199.902618  ...  198.556970  201.467542  15477400
..          ...        ...         ...  ...         ...         ...       ...
355        AMZN 2025-10-02  221.009995  ...  218.949997  222.809998  41258600
356        GOOG 2025-10-03  245.229996  ...  242.470001  247.117996  19935800
357        AMZN 2025-10-03  223.440002  ...  219.339996  224.199997  43572100
358        GOOG 2025-10-06  246.139999  ...  245.690002  252.199997  18277351
359        AMZN 2025-10-06  220.919998  ...  216.029999  221.729996  42459136

[360 rows x 7 columns]
[2025-10-07T00:15:16.245+0000] {taskinstance.py:340} INFO - ::group::Post task execution logs
[2025-10-07T00:15:16.245+0000] {taskinstance.py:352} INFO - Marking task as SUCCESS. dag_id=daily_yfinance_stock_ingestion, task_id=transform_stock_data, run_id=scheduled__2025-10-06T00:00:00+00:00, execution_date=20251006T000000, start_date=20251007T001515, end_date=20251007T001516
[2025-10-07T00:15:16.260+0000] {local_task_job_runner.py:266} INFO - Task exited with return code 0
[2025-10-07T00:15:16.278+0000] {taskinstance.py:3900} INFO - 1 downstream tasks scheduled from follow-on schedule check
[2025-10-07T00:15:16.279+0000] {local_task_job_runner.py:245} INFO - ::endgroup::
